#! /c/Source/iverilog-install/bin/vvp
:ivl_version "12.0 (devel)" "(s20150603-1539-g2693dd32b)";
:ivl_delay_selection "TYPICAL";
:vpi_time_precision - 9;
:vpi_module "C:\iverilog\lib\ivl\system.vpi";
:vpi_module "C:\iverilog\lib\ivl\vhdl_sys.vpi";
:vpi_module "C:\iverilog\lib\ivl\vhdl_textio.vpi";
:vpi_module "C:\iverilog\lib\ivl\v2005_math.vpi";
:vpi_module "C:\iverilog\lib\ivl\va_math.vpi";
S_000002473c509050 .scope module, "four_bit_counter_tb" "four_bit_counter_tb" 2 4;
 .timescale -9 -9;
v000002473c393150_0 .var "clk", 0 0;
v000002473c50bef0_0 .var "clr", 0 0;
v000002473c50bf90_0 .var "in", 3 0;
v000002473c50c030_0 .var "ld", 0 0;
v000002473c50c0d0_0 .net "out", 3 0, L_000002473c509c50;  1 drivers
S_000002473c392d40 .scope module, "uut" "four_bit_counter" 2 10, 3 1 0, S_000002473c509050;
 .timescale -9 -9;
    .port_info 0 /INPUT 1 "clk";
    .port_info 1 /INPUT 1 "clr";
    .port_info 2 /INPUT 1 "ld";
    .port_info 3 /INPUT 4 "in";
    .port_info 4 /OUTPUT 4 "out";
L_000002473c509c50 .functor BUFZ 4, v000002473c392ed0_0, C4<0000>, C4<0000>, C4<0000>;
v000002473c5091e0_0 .net "clk", 0 0, v000002473c393150_0;  1 drivers
v000002473c50a990_0 .net "clr", 0 0, v000002473c50bef0_0;  1 drivers
v000002473c392ed0_0 .var "count", 3 0;
v000002473c392f70_0 .net "in", 3 0, v000002473c50bf90_0;  1 drivers
v000002473c393010_0 .net "ld", 0 0, v000002473c50c030_0;  1 drivers
v000002473c3930b0_0 .net "out", 3 0, L_000002473c509c50;  alias, 1 drivers
E_000002473c3ca1c0 .event posedge, v000002473c5091e0_0;
    .scope S_000002473c392d40;
T_0 ;
    %wait E_000002473c3ca1c0;
    %load/vec4 v000002473c50a990_0;
    %flag_set/vec4 8;
    %jmp/0xz  T_0.0, 8;
    %pushi/vec4 0, 0, 4;
    %assign/vec4 v000002473c392ed0_0, 0;
    %jmp T_0.1;
T_0.0 ;
    %load/vec4 v000002473c393010_0;
    %flag_set/vec4 8;
    %jmp/0xz  T_0.2, 8;
    %load/vec4 v000002473c392f70_0;
    %assign/vec4 v000002473c392ed0_0, 0;
    %jmp T_0.3;
T_0.2 ;
    %load/vec4 v000002473c392ed0_0;
    %addi 1, 0, 4;
    %assign/vec4 v000002473c392ed0_0, 0;
T_0.3 ;
T_0.1 ;
    %jmp T_0;
    .thread T_0;
    .scope S_000002473c509050;
T_1 ;
    %vpi_call 2 13 "$dumpfile", "four_bit_counter.vcd" {0 0 0};
    %vpi_call 2 14 "$dumpvars", 32'sb00000000000000000000000000000000, S_000002473c509050 {0 0 0};
    %pushi/vec4 0, 0, 1;
    %store/vec4 v000002473c393150_0, 0, 1;
    %pushi/vec4 10, 0, 4;
    %store/vec4 v000002473c50bf90_0, 0, 4;
    %vpi_call 2 19 "$monitor", "time: %0t || clk: %0d || ld: %0b || clr: %0b || in: %04b || out: %04b", $time, v000002473c393150_0, v000002473c50c030_0, v000002473c50bef0_0, v000002473c50bf90_0, v000002473c50c0d0_0 {0 0 0};
    %delay 3, 0;
    %pushi/vec4 1, 0, 1;
    %store/vec4 v000002473c50c030_0, 0, 1;
    %pushi/vec4 0, 0, 1;
    %store/vec4 v000002473c50bef0_0, 0, 1;
    %delay 10, 0;
    %pushi/vec4 0, 0, 1;
    %store/vec4 v000002473c50c030_0, 0, 1;
    %delay 10, 0;
    %pushi/vec4 15, 0, 4;
    %store/vec4 v000002473c50bf90_0, 0, 4;
    %delay 10, 0;
    %pushi/vec4 1, 0, 1;
    %store/vec4 v000002473c50bef0_0, 0, 1;
    %delay 10, 0;
    %pushi/vec4 0, 0, 1;
    %store/vec4 v000002473c50bef0_0, 0, 1;
    %delay 10, 0;
    %pushi/vec4 1, 0, 1;
    %store/vec4 v000002473c50c030_0, 0, 1;
    %delay 30, 0;
    %vpi_call 2 28 "$finish" {0 0 0};
    %end;
    .thread T_1;
    .scope S_000002473c509050;
T_2 ;
    %delay 5, 0;
    %load/vec4 v000002473c393150_0;
    %inv;
    %store/vec4 v000002473c393150_0, 0, 1;
    %jmp T_2;
    .thread T_2;
# The file index is used to find the file name in the following table.
:file_names 4;
    "N/A";
    "<interactive>";
    "four_bit_counter_tb.v";
    "./four_bit_counter.v";
