#! /c/Source/iverilog-install/bin/vvp
:ivl_version "12.0 (devel)" "(s20150603-1539-g2693dd32b)";
:ivl_delay_selection "TYPICAL";
:vpi_time_precision + 0;
:vpi_module "C:\iverilog\lib\ivl\system.vpi";
:vpi_module "C:\iverilog\lib\ivl\vhdl_sys.vpi";
:vpi_module "C:\iverilog\lib\ivl\vhdl_textio.vpi";
:vpi_module "C:\iverilog\lib\ivl\v2005_math.vpi";
:vpi_module "C:\iverilog\lib\ivl\va_math.vpi";
S_000002150ffe2ce0 .scope module, "four_bit_counter" "four_bit_counter" 2 1;
 .timescale 0 0;
    .port_info 0 /INPUT 1 "clk";
    .port_info 1 /INPUT 1 "clr";
    .port_info 2 /INPUT 1 "ld";
    .port_info 3 /INPUT 4 "in";
    .port_info 4 /OUTPUT 4 "out";
L_000002150ffe3780 .functor BUFZ 4, v000002150ffe2fb0_0, C4<0000>, C4<0000>, C4<0000>;
o0000021510016fd8 .functor BUFZ 1, C4<z>; HiZ drive
v000002150ffe2e70_0 .net "clk", 0 0, o0000021510016fd8;  0 drivers
o0000021510017008 .functor BUFZ 1, C4<z>; HiZ drive
v000002150ffe2f10_0 .net "clr", 0 0, o0000021510017008;  0 drivers
v000002150ffe2fb0_0 .var "count", 3 0;
o0000021510017068 .functor BUFZ 4, C4<zzzz>; HiZ drive
v000002150ffe3050_0 .net "in", 3 0, o0000021510017068;  0 drivers
o0000021510017098 .functor BUFZ 1, C4<z>; HiZ drive
v000002150ffe30f0_0 .net "ld", 0 0, o0000021510017098;  0 drivers
v000002151012ed10_0 .net "out", 3 0, L_000002150ffe3780;  1 drivers
E_0000021510128d10 .event posedge, v000002150ffe2e70_0;
    .scope S_000002150ffe2ce0;
T_0 ;
    %wait E_0000021510128d10;
    %load/vec4 v000002150ffe2f10_0;
    %flag_set/vec4 8;
    %jmp/0xz  T_0.0, 8;
    %pushi/vec4 0, 0, 4;
    %assign/vec4 v000002150ffe2fb0_0, 0;
    %jmp T_0.1;
T_0.0 ;
    %load/vec4 v000002150ffe30f0_0;
    %flag_set/vec4 8;
    %jmp/0xz  T_0.2, 8;
    %load/vec4 v000002150ffe3050_0;
    %assign/vec4 v000002150ffe2fb0_0, 0;
    %jmp T_0.3;
T_0.2 ;
    %load/vec4 v000002150ffe2fb0_0;
    %addi 1, 0, 4;
    %assign/vec4 v000002150ffe2fb0_0, 0;
T_0.3 ;
T_0.1 ;
    %jmp T_0;
    .thread T_0;
# The file index is used to find the file name in the following table.
:file_names 3;
    "N/A";
    "<interactive>";
    "four_bit_counter.v";
