#! /c/Source/iverilog-install/bin/vvp
:ivl_version "12.0 (devel)" "(s20150603-1539-g2693dd32b)";
:ivl_delay_selection "TYPICAL";
:vpi_time_precision + 0;
:vpi_module "C:\iverilog\lib\ivl\system.vpi";
:vpi_module "C:\iverilog\lib\ivl\vhdl_sys.vpi";
:vpi_module "C:\iverilog\lib\ivl\vhdl_textio.vpi";
:vpi_module "C:\iverilog\lib\ivl\v2005_math.vpi";
:vpi_module "C:\iverilog\lib\ivl\va_math.vpi";
S_000001c7e28d2ce0 .scope module, "decoder" "decoder" 2 1;
 .timescale 0 0;
    .port_info 0 /INPUT 2 "a";
    .port_info 1 /OUTPUT 4 "out";
L_000001c7e28d3550 .functor NOT 1, L_000001c7e29cc400, C4<0>, C4<0>, C4<0>;
L_000001c7e28d37a0 .functor NOT 1, L_000001c7e29cc2c0, C4<0>, C4<0>, C4<0>;
L_000001c7e29c8b70 .functor AND 1, L_000001c7e28d3550, L_000001c7e28d37a0, C4<1>, C4<1>;
L_000001c7e28d2e70 .functor NOT 1, L_000001c7e29ccfe0, C4<0>, C4<0>, C4<0>;
L_000001c7e28d2ee0 .functor AND 1, L_000001c7e28d2e70, L_000001c7e29cc540, C4<1>, C4<1>;
L_000001c7e28d2f50 .functor NOT 1, L_000001c7e294f9c0, C4<0>, C4<0>, C4<0>;
L_000001c7e28d2fc0 .functor AND 1, L_000001c7e28d2f50, L_000001c7e294f920, C4<1>, C4<1>;
L_000001c7e2950c60 .functor AND 1, L_000001c7e2950460, L_000001c7e294eca0, C4<1>, C4<1>;
v000001c7e29cca40_0 .net *"_ivl_10", 0 0, L_000001c7e29c8b70;  1 drivers
v000001c7e29cc180_0 .net *"_ivl_15", 0 0, L_000001c7e29ccfe0;  1 drivers
v000001c7e29ccea0_0 .net *"_ivl_16", 0 0, L_000001c7e28d2e70;  1 drivers
v000001c7e29cc720_0 .net *"_ivl_19", 0 0, L_000001c7e29cc540;  1 drivers
v000001c7e29cd080_0 .net *"_ivl_20", 0 0, L_000001c7e28d2ee0;  1 drivers
v000001c7e29cc4a0_0 .net *"_ivl_25", 0 0, L_000001c7e294f9c0;  1 drivers
v000001c7e29ccf40_0 .net *"_ivl_26", 0 0, L_000001c7e28d2f50;  1 drivers
v000001c7e29cc360_0 .net *"_ivl_29", 0 0, L_000001c7e294f920;  1 drivers
v000001c7e29ccd60_0 .net *"_ivl_3", 0 0, L_000001c7e29cc400;  1 drivers
v000001c7e29cc7c0_0 .net *"_ivl_30", 0 0, L_000001c7e28d2fc0;  1 drivers
v000001c7e29ccc20_0 .net *"_ivl_36", 0 0, L_000001c7e2950460;  1 drivers
v000001c7e29cc900_0 .net *"_ivl_38", 0 0, L_000001c7e294eca0;  1 drivers
v000001c7e29cc9a0_0 .net *"_ivl_39", 0 0, L_000001c7e2950c60;  1 drivers
v000001c7e29ccae0_0 .net *"_ivl_4", 0 0, L_000001c7e28d3550;  1 drivers
v000001c7e29cc220_0 .net *"_ivl_7", 0 0, L_000001c7e29cc2c0;  1 drivers
v000001c7e29ccb80_0 .net *"_ivl_8", 0 0, L_000001c7e28d37a0;  1 drivers
o000001c7e29072b8 .functor BUFZ 2, C4<zz>; HiZ drive
v000001c7e29cccc0_0 .net "a", 1 0, o000001c7e29072b8;  0 drivers
v000001c7e29cce00_0 .net "out", 3 0, L_000001c7e294f560;  1 drivers
L_000001c7e29cc400 .part o000001c7e29072b8, 1, 1;
L_000001c7e29cc2c0 .part o000001c7e29072b8, 0, 1;
L_000001c7e29ccfe0 .part o000001c7e29072b8, 1, 1;
L_000001c7e29cc540 .part o000001c7e29072b8, 0, 1;
L_000001c7e294f9c0 .part o000001c7e29072b8, 1, 1;
L_000001c7e294f920 .part o000001c7e29072b8, 0, 1;
L_000001c7e294f560 .concat8 [ 1 1 1 1], L_000001c7e29c8b70, L_000001c7e28d2ee0, L_000001c7e28d2fc0, L_000001c7e2950c60;
L_000001c7e2950460 .part o000001c7e29072b8, 1, 1;
L_000001c7e294eca0 .part o000001c7e29072b8, 0, 1;
# The file index is used to find the file name in the following table.
:file_names 3;
    "N/A";
    "<interactive>";
    "decoder.v";
