#! /c/Source/iverilog-install/bin/vvp
:ivl_version "12.0 (devel)" "(s20150603-1539-g2693dd32b)";
:ivl_delay_selection "TYPICAL";
:vpi_time_precision - 9;
:vpi_module "C:\iverilog\lib\ivl\system.vpi";
:vpi_module "C:\iverilog\lib\ivl\vhdl_sys.vpi";
:vpi_module "C:\iverilog\lib\ivl\vhdl_textio.vpi";
:vpi_module "C:\iverilog\lib\ivl\v2005_math.vpi";
:vpi_module "C:\iverilog\lib\ivl\va_math.vpi";
S_00000214d260a360 .scope module, "decoder_tb" "decoder_tb" 2 4;
 .timescale -9 -9;
v00000214d2608470_0 .var "a", 1 0;
v00000214d2608dd0_0 .net "out", 3 0, L_00000214d2660f90;  1 drivers
S_00000214d25e2d20 .scope module, "uut" "decoder" 2 9, 3 1 0, S_00000214d260a360;
 .timescale -9 -9;
    .port_info 0 /INPUT 2 "a";
    .port_info 1 /OUTPUT 4 "out";
L_00000214d260a4f0 .functor NOT 1, L_00000214d2608790, C4<0>, C4<0>, C4<0>;
L_00000214d25e35b0 .functor NOT 1, L_00000214d26088d0, C4<0>, C4<0>, C4<0>;
L_00000214d25c9c00 .functor AND 1, L_00000214d260a4f0, L_00000214d25e35b0, C4<1>, C4<1>;
L_00000214d25ceee0 .functor NOT 1, L_00000214d2660c70, C4<0>, C4<0>, C4<0>;
L_00000214d25cef50 .functor AND 1, L_00000214d25ceee0, L_00000214d2661df0, C4<1>, C4<1>;
L_00000214d25cc100 .functor NOT 1, L_00000214d2661850, C4<0>, C4<0>, C4<0>;
L_00000214d26626c0 .functor AND 1, L_00000214d2660ef0, L_00000214d25cc100, C4<1>, C4<1>;
L_00000214d2662490 .functor AND 1, L_00000214d26610d0, L_00000214d2661030, C4<1>, C4<1>;
v00000214d26086f0_0 .net *"_ivl_10", 0 0, L_00000214d25c9c00;  1 drivers
v00000214d26083d0_0 .net *"_ivl_15", 0 0, L_00000214d2660c70;  1 drivers
v00000214d2608a10_0 .net *"_ivl_16", 0 0, L_00000214d25ceee0;  1 drivers
v00000214d2608830_0 .net *"_ivl_19", 0 0, L_00000214d2661df0;  1 drivers
v00000214d26081f0_0 .net *"_ivl_20", 0 0, L_00000214d25cef50;  1 drivers
v00000214d2608510_0 .net *"_ivl_25", 0 0, L_00000214d2660ef0;  1 drivers
v00000214d2608e70_0 .net *"_ivl_27", 0 0, L_00000214d2661850;  1 drivers
v00000214d2608b50_0 .net *"_ivl_28", 0 0, L_00000214d25cc100;  1 drivers
v00000214d2608bf0_0 .net *"_ivl_3", 0 0, L_00000214d2608790;  1 drivers
v00000214d2608d30_0 .net *"_ivl_30", 0 0, L_00000214d26626c0;  1 drivers
v00000214d26080b0_0 .net *"_ivl_36", 0 0, L_00000214d26610d0;  1 drivers
v00000214d2608f10_0 .net *"_ivl_38", 0 0, L_00000214d2661030;  1 drivers
v00000214d2608290_0 .net *"_ivl_39", 0 0, L_00000214d2662490;  1 drivers
v00000214d2608150_0 .net *"_ivl_4", 0 0, L_00000214d260a4f0;  1 drivers
v00000214d26085b0_0 .net *"_ivl_7", 0 0, L_00000214d26088d0;  1 drivers
v00000214d2608970_0 .net *"_ivl_8", 0 0, L_00000214d25e35b0;  1 drivers
v00000214d2608c90_0 .net "a", 1 0, v00000214d2608470_0;  1 drivers
v00000214d2608fb0_0 .net "out", 3 0, L_00000214d2660f90;  alias, 1 drivers
L_00000214d2608790 .part v00000214d2608470_0, 1, 1;
L_00000214d26088d0 .part v00000214d2608470_0, 0, 1;
L_00000214d2660c70 .part v00000214d2608470_0, 1, 1;
L_00000214d2661df0 .part v00000214d2608470_0, 0, 1;
L_00000214d2660ef0 .part v00000214d2608470_0, 1, 1;
L_00000214d2661850 .part v00000214d2608470_0, 0, 1;
L_00000214d2660f90 .concat8 [ 1 1 1 1], L_00000214d25c9c00, L_00000214d25cef50, L_00000214d26626c0, L_00000214d2662490;
L_00000214d26610d0 .part v00000214d2608470_0, 1, 1;
L_00000214d2661030 .part v00000214d2608470_0, 0, 1;
    .scope S_00000214d260a360;
T_0 ;
    %vpi_call 2 13 "$dumpfile", "decoder.vcd" {0 0 0};
    %vpi_call 2 14 "$dumpvars", 32'sb00000000000000000000000000000000, S_00000214d260a360 {0 0 0};
    %vpi_call 2 16 "$monitor", "a: %b || out: %b", v00000214d2608470_0, v00000214d2608dd0_0 {0 0 0};
    %pushi/vec4 0, 0, 2;
    %store/vec4 v00000214d2608470_0, 0, 2;
    %delay 10, 0;
    %pushi/vec4 0, 0, 2;
    %store/vec4 v00000214d2608470_0, 0, 2;
    %delay 10, 0;
    %pushi/vec4 1, 0, 2;
    %store/vec4 v00000214d2608470_0, 0, 2;
    %delay 10, 0;
    %pushi/vec4 2, 0, 2;
    %store/vec4 v00000214d2608470_0, 0, 2;
    %delay 10, 0;
    %pushi/vec4 3, 0, 2;
    %store/vec4 v00000214d2608470_0, 0, 2;
    %delay 10, 0;
    %vpi_call 2 25 "$finish" {0 0 0};
    %end;
    .thread T_0;
# The file index is used to find the file name in the following table.
:file_names 4;
    "N/A";
    "<interactive>";
    "decoder_tb.v";
    "./decoder.v";
