#! /c/Source/iverilog-install/bin/vvp
:ivl_version "12.0 (devel)" "(s20150603-1539-g2693dd32b)";
:ivl_delay_selection "TYPICAL";
:vpi_time_precision + 0;
:vpi_module "C:\iverilog\lib\ivl\system.vpi";
:vpi_module "C:\iverilog\lib\ivl\vhdl_sys.vpi";
:vpi_module "C:\iverilog\lib\ivl\vhdl_textio.vpi";
:vpi_module "C:\iverilog\lib\ivl\v2005_math.vpi";
:vpi_module "C:\iverilog\lib\ivl\va_math.vpi";
S_000001497ca5eca0 .scope module, "full_adder" "full_adder" 2 1;
 .timescale 0 0;
    .port_info 0 /INPUT 1 "a";
    .port_info 1 /INPUT 1 "b";
    .port_info 2 /INPUT 1 "cin";
    .port_info 3 /OUTPUT 1 "sum";
    .port_info 4 /OUTPUT 1 "cout";
o000001497caa6fb8 .functor BUFZ 1, C4<z>; HiZ drive
o000001497caa6fe8 .functor BUFZ 1, C4<z>; HiZ drive
L_000001497ca73600 .functor XOR 1, o000001497caa6fb8, o000001497caa6fe8, C4<0>, C4<0>;
o000001497caa7018 .functor BUFZ 1, C4<z>; HiZ drive
L_000001497ca73760 .functor XOR 1, L_000001497ca73600, o000001497caa7018, C4<0>, C4<0>;
L_000001497ca5b710 .functor AND 1, o000001497caa6fb8, o000001497caa6fe8, C4<1>, C4<1>;
L_000001497ca5b780 .functor AND 1, o000001497caa6fe8, o000001497caa7018, C4<1>, C4<1>;
L_000001497ca5b7f0 .functor AND 1, o000001497caa7018, o000001497caa6fb8, C4<1>, C4<1>;
L_000001497ca5b860 .functor OR 1, L_000001497ca5b710, L_000001497ca5b780, L_000001497ca5b7f0, C4<0>;
v000001497ca5ee30_0 .net "a", 0 0, o000001497caa6fb8;  0 drivers
v000001497ca730e0_0 .net "b", 0 0, o000001497caa6fe8;  0 drivers
v000001497ca5eed0_0 .net "cin", 0 0, o000001497caa7018;  0 drivers
v000001497caebc20_0 .net "cout", 0 0, L_000001497ca5b860;  1 drivers
v000001497caebcc0_0 .net "sum", 0 0, L_000001497ca73760;  1 drivers
v000001497caebd60_0 .net "w1", 0 0, L_000001497ca73600;  1 drivers
v000001497caebe00_0 .net "w2", 0 0, L_000001497ca5b710;  1 drivers
v000001497caebea0_0 .net "w3", 0 0, L_000001497ca5b780;  1 drivers
v000001497ca5b670_0 .net "w4", 0 0, L_000001497ca5b7f0;  1 drivers
# The file index is used to find the file name in the following table.
:file_names 3;
    "N/A";
    "<interactive>";
    "full_adder.v";
