#! /c/Source/iverilog-install/bin/vvp
:ivl_version "12.0 (devel)" "(s20150603-1539-g2693dd32b)";
:ivl_delay_selection "TYPICAL";
:vpi_time_precision - 9;
:vpi_module "C:\iverilog\lib\ivl\system.vpi";
:vpi_module "C:\iverilog\lib\ivl\vhdl_sys.vpi";
:vpi_module "C:\iverilog\lib\ivl\vhdl_textio.vpi";
:vpi_module "C:\iverilog\lib\ivl\v2005_math.vpi";
:vpi_module "C:\iverilog\lib\ivl\va_math.vpi";
S_0000027805196900 .scope module, "counter_ten_tb" "counter_ten_tb" 2 4;
 .timescale -9 -9;
v00000278052daf90_0 .var "clk", 0 0;
v00000278052db030_0 .net "counter", 3 0, v0000027805163120_0;  1 drivers
v00000278052db0d0_0 .var "rst", 0 0;
S_0000027805196a90 .scope module, "uut" "counter_ten" 2 9, 3 1 0, S_0000027805196900;
 .timescale -9 -9;
    .port_info 0 /INPUT 1 "clk";
    .port_info 1 /INPUT 1 "rst";
    .port_info 2 /OUTPUT 4 "counter";
v0000027805196c20_0 .net "clk", 0 0, v00000278052daf90_0;  1 drivers
v0000027805163120_0 .var "counter", 3 0;
v0000027805196cc0_0 .net "rst", 0 0, v00000278052db0d0_0;  1 drivers
E_00000278052dcd60 .event posedge, v0000027805196cc0_0, v0000027805196c20_0;
    .scope S_0000027805196a90;
T_0 ;
    %wait E_00000278052dcd60;
    %load/vec4 v0000027805196cc0_0;
    %flag_set/vec4 8;
    %jmp/0xz  T_0.0, 8;
    %pushi/vec4 0, 0, 4;
    %assign/vec4 v0000027805163120_0, 0;
    %jmp T_0.1;
T_0.0 ;
    %load/vec4 v0000027805163120_0;
    %cmpi/e 9, 0, 4;
    %jmp/0xz  T_0.2, 4;
    %pushi/vec4 0, 0, 4;
    %assign/vec4 v0000027805163120_0, 0;
    %jmp T_0.3;
T_0.2 ;
    %load/vec4 v0000027805163120_0;
    %addi 1, 0, 4;
    %assign/vec4 v0000027805163120_0, 0;
T_0.3 ;
T_0.1 ;
    %jmp T_0;
    .thread T_0;
    .scope S_0000027805196900;
T_1 ;
    %vpi_call 2 12 "$dumpfile", "counter_ten.vcd" {0 0 0};
    %vpi_call 2 13 "$dumpvars", 32'sb00000000000000000000000000000000, S_0000027805196900 {0 0 0};
    %vpi_call 2 15 "$monitor", "Time: %0t || clk: %0b || rst: %0b || counter: %0b", $time, v00000278052daf90_0, v00000278052db0d0_0, v00000278052db030_0 {0 0 0};
    %pushi/vec4 0, 0, 1;
    %store/vec4 v00000278052daf90_0, 0, 1;
    %pushi/vec4 1, 0, 1;
    %store/vec4 v00000278052db0d0_0, 0, 1;
    %delay 3, 0;
    %pushi/vec4 0, 0, 1;
    %store/vec4 v00000278052db0d0_0, 0, 1;
    %delay 40, 0;
    %pushi/vec4 1, 0, 1;
    %store/vec4 v00000278052db0d0_0, 0, 1;
    %delay 10, 0;
    %vpi_call 2 23 "$finish" {0 0 0};
    %end;
    .thread T_1;
# The file index is used to find the file name in the following table.
:file_names 4;
    "N/A";
    "<interactive>";
    "counter_ten_tb.v";
    "./counter_ten.v";
