#! /c/Source/iverilog-install/bin/vvp
:ivl_version "12.0 (devel)" "(s20150603-1539-g2693dd32b)";
:ivl_delay_selection "TYPICAL";
:vpi_time_precision - 9;
:vpi_module "C:\iverilog\lib\ivl\system.vpi";
:vpi_module "C:\iverilog\lib\ivl\vhdl_sys.vpi";
:vpi_module "C:\iverilog\lib\ivl\vhdl_textio.vpi";
:vpi_module "C:\iverilog\lib\ivl\v2005_math.vpi";
:vpi_module "C:\iverilog\lib\ivl\va_math.vpi";
S_0000019edb23d0f0 .scope module, "moore_fsm_tb" "moore_fsm_tb" 2 4;
 .timescale -9 -9;
v0000019edb23b7b0_0 .var "clk", 0 0;
v0000019edb23b850_0 .var "in", 0 0;
v0000019edb23b8f0_0 .net "out", 0 0, v0000019edb23d410_0;  1 drivers
v0000019edb23b990_0 .var "rst", 0 0;
S_0000019edb23d280 .scope module, "fsm" "moore_fsm" 2 9, 3 1 0, S_0000019edb23d0f0;
 .timescale -9 -9;
    .port_info 0 /INPUT 1 "clk";
    .port_info 1 /INPUT 1 "rst";
    .port_info 2 /INPUT 1 "in";
    .port_info 3 /OUTPUT 1 "out";
P_0000019edb0635e0 .param/l "ACTIVE" 0 3 9, C4<1>;
P_0000019edb063618 .param/l "IDLE" 0 3 8, C4<0>;
v0000019edb23b4c0_0 .net "clk", 0 0, v0000019edb23b7b0_0;  1 drivers
v0000019edb063140_0 .net "in", 0 0, v0000019edb23b850_0;  1 drivers
v0000019edb23d410_0 .var "out", 0 0;
v0000019edb23d4b0_0 .net "rst", 0 0, v0000019edb23b990_0;  1 drivers
v0000019edb23b710_0 .var "state", 0 0;
E_0000019edb238cc0 .event anyedge, v0000019edb23b710_0;
E_0000019edb237e80 .event posedge, v0000019edb23d4b0_0, v0000019edb23b4c0_0;
    .scope S_0000019edb23d280;
T_0 ;
    %wait E_0000019edb237e80;
    %load/vec4 v0000019edb23d4b0_0;
    %flag_set/vec4 8;
    %jmp/0xz  T_0.0, 8;
    %pushi/vec4 0, 0, 1;
    %assign/vec4 v0000019edb23b710_0, 0;
    %jmp T_0.1;
T_0.0 ;
    %load/vec4 v0000019edb23b710_0;
    %cmpi/e 0, 0, 1;
    %flag_get/vec4 4;
    %jmp/0 T_0.4, 4;
    %load/vec4 v0000019edb063140_0;
    %and;
T_0.4;
    %flag_set/vec4 8;
    %jmp/0xz  T_0.2, 8;
    %pushi/vec4 1, 0, 1;
    %assign/vec4 v0000019edb23b710_0, 0;
    %jmp T_0.3;
T_0.2 ;
    %load/vec4 v0000019edb23b710_0;
    %assign/vec4 v0000019edb23b710_0, 0;
T_0.3 ;
T_0.1 ;
    %jmp T_0;
    .thread T_0;
    .scope S_0000019edb23d280;
T_1 ;
    %wait E_0000019edb238cc0;
    %load/vec4 v0000019edb23b710_0;
    %cmpi/e 0, 0, 1;
    %jmp/0xz  T_1.0, 4;
    %pushi/vec4 0, 0, 1;
    %store/vec4 v0000019edb23d410_0, 0, 1;
    %jmp T_1.1;
T_1.0 ;
    %pushi/vec4 1, 0, 1;
    %store/vec4 v0000019edb23d410_0, 0, 1;
T_1.1 ;
    %jmp T_1;
    .thread T_1, $push;
    .scope S_0000019edb23d0f0;
T_2 ;
    %delay 5, 0;
    %load/vec4 v0000019edb23b7b0_0;
    %inv;
    %store/vec4 v0000019edb23b7b0_0, 0, 1;
    %jmp T_2;
    .thread T_2;
    .scope S_0000019edb23d0f0;
T_3 ;
    %vpi_call 2 15 "$dumpfile", "moore_fsm.vcd" {0 0 0};
    %vpi_call 2 16 "$dumpvars", 32'sb00000000000000000000000000000000, S_0000019edb23d0f0 {0 0 0};
    %vpi_call 2 18 "$monitor", "Time: %0t || rst: %0b || in: %0b || out: %0b", $time, v0000019edb23b990_0, v0000019edb23b850_0, v0000019edb23b8f0_0 {0 0 0};
    %pushi/vec4 0, 0, 1;
    %store/vec4 v0000019edb23b7b0_0, 0, 1;
    %pushi/vec4 1, 0, 1;
    %store/vec4 v0000019edb23b990_0, 0, 1;
    %pushi/vec4 0, 0, 1;
    %store/vec4 v0000019edb23b850_0, 0, 1;
    %delay 10, 0;
    %pushi/vec4 0, 0, 1;
    %store/vec4 v0000019edb23b990_0, 0, 1;
    %delay 10, 0;
    %pushi/vec4 0, 0, 1;
    %store/vec4 v0000019edb23b850_0, 0, 1;
    %delay 10, 0;
    %pushi/vec4 1, 0, 1;
    %store/vec4 v0000019edb23b850_0, 0, 1;
    %delay 20, 0;
    %pushi/vec4 0, 0, 1;
    %store/vec4 v0000019edb23b850_0, 0, 1;
    %delay 10, 0;
    %pushi/vec4 1, 0, 1;
    %store/vec4 v0000019edb23b990_0, 0, 1;
    %delay 10, 0;
    %pushi/vec4 0, 0, 1;
    %store/vec4 v0000019edb23b990_0, 0, 1;
    %pushi/vec4 0, 0, 1;
    %store/vec4 v0000019edb23b850_0, 0, 1;
    %delay 10, 0;
    %vpi_call 2 30 "$finish" {0 0 0};
    %end;
    .thread T_3;
# The file index is used to find the file name in the following table.
:file_names 4;
    "N/A";
    "<interactive>";
    "moore_fsm_tb.v";
    "./moore_fsm.v";
