#! /c/Source/iverilog-install/bin/vvp
:ivl_version "12.0 (devel)" "(s20150603-1539-g2693dd32b)";
:ivl_delay_selection "TYPICAL";
:vpi_time_precision + 0;
:vpi_module "C:\iverilog\lib\ivl\system.vpi";
:vpi_module "C:\iverilog\lib\ivl\vhdl_sys.vpi";
:vpi_module "C:\iverilog\lib\ivl\vhdl_textio.vpi";
:vpi_module "C:\iverilog\lib\ivl\v2005_math.vpi";
:vpi_module "C:\iverilog\lib\ivl\va_math.vpi";
S_0000015ccbd3ece0 .scope module, "moore_fsm" "moore_fsm" 2 1;
 .timescale 0 0;
    .port_info 0 /INPUT 1 "clk";
    .port_info 1 /INPUT 1 "rst";
    .port_info 2 /INPUT 1 "in";
    .port_info 3 /OUTPUT 1 "out";
P_0000015ccbd53580 .param/l "ACTIVE" 0 2 10, C4<1>;
P_0000015ccbd535b8 .param/l "IDLE" 0 2 9, C4<0>;
o0000015ccbd86f98 .functor BUFZ 1, C4<z>; HiZ drive
v0000015ccbd3ee70_0 .net "clk", 0 0, o0000015ccbd86f98;  0 drivers
o0000015ccbd86fc8 .functor BUFZ 1, C4<z>; HiZ drive
v0000015ccbd530e0_0 .net "in", 0 0, o0000015ccbd86fc8;  0 drivers
v0000015ccbd3ef10_0 .var "out", 0 0;
o0000015ccbd87028 .functor BUFZ 1, C4<z>; HiZ drive
v0000015ccbd3ba10_0 .net "rst", 0 0, o0000015ccbd87028;  0 drivers
v0000015ccbd3bab0_0 .var "state", 0 0;
E_0000015ccbd3cce0 .event anyedge, v0000015ccbd3bab0_0;
E_0000015ccbd3c2a0 .event posedge, v0000015ccbd3ba10_0, v0000015ccbd3ee70_0;
    .scope S_0000015ccbd3ece0;
T_0 ;
    %wait E_0000015ccbd3c2a0;
    %load/vec4 v0000015ccbd3ba10_0;
    %flag_set/vec4 8;
    %jmp/0xz  T_0.0, 8;
    %pushi/vec4 0, 0, 1;
    %assign/vec4 v0000015ccbd3bab0_0, 0;
    %jmp T_0.1;
T_0.0 ;
    %load/vec4 v0000015ccbd3bab0_0;
    %cmpi/e 0, 0, 1;
    %flag_get/vec4 4;
    %jmp/0 T_0.4, 4;
    %load/vec4 v0000015ccbd530e0_0;
    %and;
T_0.4;
    %flag_set/vec4 8;
    %jmp/0xz  T_0.2, 8;
    %pushi/vec4 1, 0, 1;
    %assign/vec4 v0000015ccbd3bab0_0, 0;
    %jmp T_0.3;
T_0.2 ;
    %load/vec4 v0000015ccbd3bab0_0;
    %assign/vec4 v0000015ccbd3bab0_0, 0;
T_0.3 ;
T_0.1 ;
    %jmp T_0;
    .thread T_0;
    .scope S_0000015ccbd3ece0;
T_1 ;
    %wait E_0000015ccbd3cce0;
    %load/vec4 v0000015ccbd3bab0_0;
    %cmpi/e 0, 0, 1;
    %jmp/0xz  T_1.0, 4;
    %pushi/vec4 0, 0, 1;
    %store/vec4 v0000015ccbd3ef10_0, 0, 1;
    %jmp T_1.1;
T_1.0 ;
    %pushi/vec4 1, 0, 1;
    %store/vec4 v0000015ccbd3ef10_0, 0, 1;
T_1.1 ;
    %jmp T_1;
    .thread T_1, $push;
# The file index is used to find the file name in the following table.
:file_names 3;
    "N/A";
    "<interactive>";
    "moore_fsm.v";
