#! /c/Source/iverilog-install/bin/vvp
:ivl_version "12.0 (devel)" "(s20150603-1539-g2693dd32b)";
:ivl_delay_selection "TYPICAL";
:vpi_time_precision - 9;
:vpi_module "C:\iverilog\lib\ivl\system.vpi";
:vpi_module "C:\iverilog\lib\ivl\vhdl_sys.vpi";
:vpi_module "C:\iverilog\lib\ivl\vhdl_textio.vpi";
:vpi_module "C:\iverilog\lib\ivl\v2005_math.vpi";
:vpi_module "C:\iverilog\lib\ivl\va_math.vpi";
S_000001e65c8cbbb0 .scope module, "risingedgedetector_tb" "risingedgedetector_tb" 2 4;
 .timescale -9 -9;
v000001e65c8cb840_0 .var "clk", 0 0;
v000001e65cb32d20_0 .var "d", 0 0;
v000001e65cb32dc0_0 .net "out", 0 0, v000001e65cb64ef0_0;  1 drivers
v000001e65cb32e60_0 .var "rst", 0 0;
S_000001e65c8cb610 .scope module, "uut" "risingedgedetector" 2 9, 3 1 0, S_000001e65c8cbbb0;
 .timescale -9 -9;
    .port_info 0 /INPUT 1 "clk";
    .port_info 1 /INPUT 1 "d";
    .port_info 2 /INPUT 1 "rst";
    .port_info 3 /OUTPUT 1 "out";
v000001e65c8cb100_0 .net "clk", 0 0, v000001e65c8cb840_0;  1 drivers
v000001e65c8cbd40_0 .net "d", 0 0, v000001e65cb32d20_0;  1 drivers
v000001e65cb64ef0_0 .var "out", 0 0;
v000001e65cb64f90_0 .var "q", 0 0;
v000001e65c8cb7a0_0 .net "rst", 0 0, v000001e65cb32e60_0;  1 drivers
E_000001e65c8cac00 .event posedge, v000001e65c8cb7a0_0, v000001e65c8cb100_0;
    .scope S_000001e65c8cb610;
T_0 ;
    %wait E_000001e65c8cac00;
    %load/vec4 v000001e65c8cb7a0_0;
    %flag_set/vec4 8;
    %jmp/0xz  T_0.0, 8;
    %pushi/vec4 0, 0, 1;
    %assign/vec4 v000001e65cb64f90_0, 0;
    %pushi/vec4 0, 0, 1;
    %assign/vec4 v000001e65cb64ef0_0, 0;
    %jmp T_0.1;
T_0.0 ;
    %load/vec4 v000001e65c8cbd40_0;
    %load/vec4 v000001e65cb64f90_0;
    %inv;
    %and;
    %assign/vec4 v000001e65cb64ef0_0, 0;
    %load/vec4 v000001e65c8cbd40_0;
    %assign/vec4 v000001e65cb64f90_0, 0;
T_0.1 ;
    %jmp T_0;
    .thread T_0;
    .scope S_000001e65c8cbbb0;
T_1 ;
    %delay 5, 0;
    %load/vec4 v000001e65c8cb840_0;
    %inv;
    %store/vec4 v000001e65c8cb840_0, 0, 1;
    %jmp T_1;
    .thread T_1;
    .scope S_000001e65c8cbbb0;
T_2 ;
    %vpi_call 2 14 "$dumpfile", "risingedgedetector.vcd" {0 0 0};
    %vpi_call 2 15 "$dumpvars", 32'sb00000000000000000000000000000000, S_000001e65c8cbbb0 {0 0 0};
    %pushi/vec4 0, 0, 1;
    %store/vec4 v000001e65c8cb840_0, 0, 1;
    %pushi/vec4 1, 0, 1;
    %store/vec4 v000001e65cb32e60_0, 0, 1;
    %pushi/vec4 0, 0, 1;
    %store/vec4 v000001e65cb32d20_0, 0, 1;
    %vpi_call 2 21 "$monitor", "Time: %0t || clk: %0d || rst: %0b || d: %0b || out: %0b", $time, v000001e65c8cb840_0, v000001e65cb32e60_0, v000001e65cb32d20_0, v000001e65cb32dc0_0 {0 0 0};
    %delay 8, 0;
    %pushi/vec4 0, 0, 1;
    %store/vec4 v000001e65cb32e60_0, 0, 1;
    %delay 3, 0;
    %pushi/vec4 1, 0, 1;
    %store/vec4 v000001e65cb32d20_0, 0, 1;
    %delay 10, 0;
    %pushi/vec4 0, 0, 1;
    %store/vec4 v000001e65cb32d20_0, 0, 1;
    %delay 10, 0;
    %pushi/vec4 0, 0, 1;
    %store/vec4 v000001e65cb32d20_0, 0, 1;
    %delay 10, 0;
    %pushi/vec4 1, 0, 1;
    %store/vec4 v000001e65cb32d20_0, 0, 1;
    %delay 10, 0;
    %vpi_call 2 29 "$finish" {0 0 0};
    %end;
    .thread T_2;
# The file index is used to find the file name in the following table.
:file_names 4;
    "N/A";
    "<interactive>";
    "risingedgedetector_tb.v";
    "./risingedgedetector.v";
