#! /c/Source/iverilog-install/bin/vvp
:ivl_version "12.0 (devel)" "(s20150603-1539-g2693dd32b)";
:ivl_delay_selection "TYPICAL";
:vpi_time_precision + 0;
:vpi_module "C:\iverilog\lib\ivl\system.vpi";
:vpi_module "C:\iverilog\lib\ivl\vhdl_sys.vpi";
:vpi_module "C:\iverilog\lib\ivl\vhdl_textio.vpi";
:vpi_module "C:\iverilog\lib\ivl\v2005_math.vpi";
:vpi_module "C:\iverilog\lib\ivl\va_math.vpi";
S_000001e710b82ce0 .scope module, "d_ff" "d_ff" 2 1;
 .timescale 0 0;
    .port_info 0 /OUTPUT 1 "q";
    .port_info 1 /INPUT 1 "clk";
    .port_info 2 /INPUT 1 "d";
    .port_info 3 /INPUT 1 "rst";
o000001e710bb6fd8 .functor BUFZ 1, C4<z>; HiZ drive
v000001e710bb6f20_0 .net "clk", 0 0, o000001e710bb6fd8;  0 drivers
o000001e710bb7008 .functor BUFZ 1, C4<z>; HiZ drive
v000001e710b6ee80_0 .net "d", 0 0, o000001e710bb7008;  0 drivers
v000001e710b6ef20_0 .var "q", 0 0;
o000001e710bb7068 .functor BUFZ 1, C4<z>; HiZ drive
v000001e710b82e70_0 .net "rst", 0 0, o000001e710bb7068;  0 drivers
E_000001e710bb5480 .event posedge, v000001e710b82e70_0, v000001e710bb6f20_0;
    .scope S_000001e710b82ce0;
T_0 ;
    %wait E_000001e710bb5480;
    %load/vec4 v000001e710b82e70_0;
    %flag_set/vec4 8;
    %jmp/0xz  T_0.0, 8;
    %pushi/vec4 0, 0, 1;
    %assign/vec4 v000001e710b6ef20_0, 0;
    %jmp T_0.1;
T_0.0 ;
    %load/vec4 v000001e710b6ee80_0;
    %assign/vec4 v000001e710b6ef20_0, 0;
T_0.1 ;
    %jmp T_0;
    .thread T_0;
# The file index is used to find the file name in the following table.
:file_names 3;
    "N/A";
    "<interactive>";
    "d_ff.v";
