#! /c/Source/iverilog-install/bin/vvp
:ivl_version "12.0 (devel)" "(s20150603-1539-g2693dd32b)";
:ivl_delay_selection "TYPICAL";
:vpi_time_precision + 0;
:vpi_module "C:\iverilog\lib\ivl\system.vpi";
:vpi_module "C:\iverilog\lib\ivl\vhdl_sys.vpi";
:vpi_module "C:\iverilog\lib\ivl\vhdl_textio.vpi";
:vpi_module "C:\iverilog\lib\ivl\v2005_math.vpi";
:vpi_module "C:\iverilog\lib\ivl\va_math.vpi";
S_00000288ed885f90 .scope module, "eta6" "eta6" 2 3;
 .timescale 0 0;
    .port_info 0 /INPUT 6 "A";
    .port_info 1 /INPUT 6 "B";
    .port_info 2 /OUTPUT 6 "SUM";
    .port_info 3 /OUTPUT 1 "COUT";
L_00000288ed87c9a0 .functor XOR 1, L_00000288ed8dc9a0, L_00000288ed8dbb40, C4<0>, C4<0>;
L_00000288ed87ca80 .functor XOR 1, L_00000288ed8dcae0, L_00000288ed8dcb80, C4<0>, C4<0>;
L_00000288ed87c380 .functor XOR 1, L_00000288ed8dbbe0, L_00000288ed8dace0, C4<0>, C4<0>;
L_00000288ed8dfdb0 .functor BUFZ 1, L_00000288ed8df6b0, C4<0>, C4<0>, C4<0>;
o00000288ed88b7c8 .functor BUFZ 6, C4<zzzzzz>; HiZ drive
v00000288ed8db140_0 .net "A", 5 0, o00000288ed88b7c8;  0 drivers
o00000288ed88b7f8 .functor BUFZ 6, C4<zzzzzz>; HiZ drive
v00000288ed8dbaa0_0 .net "B", 5 0, o00000288ed88b7f8;  0 drivers
v00000288ed8dbdc0_0 .net "COUT", 0 0, L_00000288ed8dfdb0;  1 drivers
v00000288ed8db280_0 .net "SUM", 5 0, L_00000288ed8e1d20;  1 drivers
v00000288ed8dc4a0_0 .net *"_ivl_1", 0 0, L_00000288ed8dc9a0;  1 drivers
v00000288ed8dc360_0 .net *"_ivl_13", 0 0, L_00000288ed8dbbe0;  1 drivers
v00000288ed8dc180_0 .net *"_ivl_15", 0 0, L_00000288ed8dace0;  1 drivers
v00000288ed8db320_0 .net *"_ivl_3", 0 0, L_00000288ed8dbb40;  1 drivers
v00000288ed8db3c0_0 .net *"_ivl_7", 0 0, L_00000288ed8dcae0;  1 drivers
v00000288ed8dc860_0 .net *"_ivl_9", 0 0, L_00000288ed8dcb80;  1 drivers
v00000288ed8db960_0 .net "carry_3", 0 0, L_00000288ed8df480;  1 drivers
v00000288ed8dc540_0 .net "carry_4", 0 0, L_00000288ed8df9c0;  1 drivers
v00000288ed8dc5e0_0 .net "carry_5", 0 0, L_00000288ed8df6b0;  1 drivers
v00000288ed8dc720_0 .net "sum_0", 0 0, L_00000288ed87c9a0;  1 drivers
v00000288ed8db460_0 .net "sum_1", 0 0, L_00000288ed87ca80;  1 drivers
v00000288ed8db500_0 .net "sum_2", 0 0, L_00000288ed87c380;  1 drivers
v00000288ed8dc7c0_0 .net "sum_3", 0 0, L_00000288ed87c620;  1 drivers
v00000288ed8db640_0 .net "sum_4", 0 0, L_00000288ed8df640;  1 drivers
v00000288ed8dbc80_0 .net "sum_5", 0 0, L_00000288ed8df950;  1 drivers
L_00000288ed8dc9a0 .part o00000288ed88b7c8, 0, 1;
L_00000288ed8dbb40 .part o00000288ed88b7f8, 0, 1;
L_00000288ed8dcae0 .part o00000288ed88b7c8, 1, 1;
L_00000288ed8dcb80 .part o00000288ed88b7f8, 1, 1;
L_00000288ed8dbbe0 .part o00000288ed88b7c8, 2, 1;
L_00000288ed8dace0 .part o00000288ed88b7f8, 3, 1;
L_00000288ed8e01a0 .part o00000288ed88b7c8, 3, 1;
L_00000288ed8e1a00 .part o00000288ed88b7f8, 3, 1;
L_00000288ed8e02e0 .part o00000288ed88b7c8, 4, 1;
L_00000288ed8e0560 .part o00000288ed88b7f8, 4, 1;
L_00000288ed8e11e0 .part o00000288ed88b7c8, 5, 1;
L_00000288ed8e0b00 .part o00000288ed88b7f8, 5, 1;
LS_00000288ed8e1d20_0_0 .concat [ 1 1 1 1], L_00000288ed87c9a0, L_00000288ed87ca80, L_00000288ed87c380, L_00000288ed87c620;
LS_00000288ed8e1d20_0_4 .concat [ 1 1 0 0], L_00000288ed8df640, L_00000288ed8df950;
L_00000288ed8e1d20 .concat [ 4 2 0 0], LS_00000288ed8e1d20_0_0, LS_00000288ed8e1d20_0_4;
S_00000288ed886120 .scope module, "F1" "full_adder" 2 16, 3 1 0, S_00000288ed885f90;
 .timescale 0 0;
    .port_info 0 /INPUT 1 "a";
    .port_info 1 /INPUT 1 "b";
    .port_info 2 /INPUT 1 "cin";
    .port_info 3 /OUTPUT 1 "sum";
    .port_info 4 /OUTPUT 1 "cout";
L_00000288ed87c3f0 .functor XOR 1, L_00000288ed8e01a0, L_00000288ed8e1a00, C4<0>, C4<0>;
L_00000288ed8e1f88 .functor BUFT 1, C4<0>, C4<0>, C4<0>, C4<0>;
L_00000288ed87c620 .functor XOR 1, L_00000288ed87c3f0, L_00000288ed8e1f88, C4<0>, C4<0>;
L_00000288ed87c690 .functor AND 1, L_00000288ed8e01a0, L_00000288ed8e1a00, C4<1>, C4<1>;
L_00000288ed87c700 .functor AND 1, L_00000288ed8e1a00, L_00000288ed8e1f88, C4<1>, C4<1>;
L_00000288ed8df4f0 .functor OR 1, L_00000288ed87c690, L_00000288ed87c700, C4<0>, C4<0>;
L_00000288ed8df560 .functor AND 1, L_00000288ed8e01a0, L_00000288ed8e1f88, C4<1>, C4<1>;
L_00000288ed8df480 .functor OR 1, L_00000288ed8df4f0, L_00000288ed8df560, C4<0>, C4<0>;
v00000288ed87b5f0_0 .net *"_ivl_0", 0 0, L_00000288ed87c3f0;  1 drivers
v00000288ed87b230_0 .net *"_ivl_10", 0 0, L_00000288ed8df560;  1 drivers
v00000288ed87b370_0 .net *"_ivl_4", 0 0, L_00000288ed87c690;  1 drivers
v00000288ed87b2d0_0 .net *"_ivl_6", 0 0, L_00000288ed87c700;  1 drivers
v00000288ed87b690_0 .net *"_ivl_8", 0 0, L_00000288ed8df4f0;  1 drivers
v00000288ed8db5a0_0 .net "a", 0 0, L_00000288ed8e01a0;  1 drivers
v00000288ed8dbf00_0 .net "b", 0 0, L_00000288ed8e1a00;  1 drivers
v00000288ed8dca40_0 .net "cin", 0 0, L_00000288ed8e1f88;  1 drivers
v00000288ed8dc220_0 .net "cout", 0 0, L_00000288ed8df480;  alias, 1 drivers
v00000288ed8db0a0_0 .net "sum", 0 0, L_00000288ed87c620;  alias, 1 drivers
S_00000288ed8dcca0 .scope module, "F2" "full_adder" 2 17, 3 1 0, S_00000288ed885f90;
 .timescale 0 0;
    .port_info 0 /INPUT 1 "a";
    .port_info 1 /INPUT 1 "b";
    .port_info 2 /INPUT 1 "cin";
    .port_info 3 /OUTPUT 1 "sum";
    .port_info 4 /OUTPUT 1 "cout";
L_00000288ed8dfbf0 .functor XOR 1, L_00000288ed8e02e0, L_00000288ed8e0560, C4<0>, C4<0>;
L_00000288ed8df640 .functor XOR 1, L_00000288ed8dfbf0, L_00000288ed8df480, C4<0>, C4<0>;
L_00000288ed8df720 .functor AND 1, L_00000288ed8e02e0, L_00000288ed8e0560, C4<1>, C4<1>;
L_00000288ed8df100 .functor AND 1, L_00000288ed8e0560, L_00000288ed8df480, C4<1>, C4<1>;
L_00000288ed8df020 .functor OR 1, L_00000288ed8df720, L_00000288ed8df100, C4<0>, C4<0>;
L_00000288ed8df3a0 .functor AND 1, L_00000288ed8e02e0, L_00000288ed8df480, C4<1>, C4<1>;
L_00000288ed8df9c0 .functor OR 1, L_00000288ed8df020, L_00000288ed8df3a0, C4<0>, C4<0>;
v00000288ed8dad80_0 .net *"_ivl_0", 0 0, L_00000288ed8dfbf0;  1 drivers
v00000288ed8db6e0_0 .net *"_ivl_10", 0 0, L_00000288ed8df3a0;  1 drivers
v00000288ed8daec0_0 .net *"_ivl_4", 0 0, L_00000288ed8df720;  1 drivers
v00000288ed8dbd20_0 .net *"_ivl_6", 0 0, L_00000288ed8df100;  1 drivers
v00000288ed8daf60_0 .net *"_ivl_8", 0 0, L_00000288ed8df020;  1 drivers
v00000288ed8dc400_0 .net "a", 0 0, L_00000288ed8e02e0;  1 drivers
v00000288ed8db780_0 .net "b", 0 0, L_00000288ed8e0560;  1 drivers
v00000288ed8dbfa0_0 .net "cin", 0 0, L_00000288ed8df480;  alias, 1 drivers
v00000288ed8db820_0 .net "cout", 0 0, L_00000288ed8df9c0;  alias, 1 drivers
v00000288ed8dc680_0 .net "sum", 0 0, L_00000288ed8df640;  alias, 1 drivers
S_00000288ed884c40 .scope module, "F3" "full_adder" 2 18, 3 1 0, S_00000288ed885f90;
 .timescale 0 0;
    .port_info 0 /INPUT 1 "a";
    .port_info 1 /INPUT 1 "b";
    .port_info 2 /INPUT 1 "cin";
    .port_info 3 /OUTPUT 1 "sum";
    .port_info 4 /OUTPUT 1 "cout";
L_00000288ed8dfa30 .functor XOR 1, L_00000288ed8e11e0, L_00000288ed8e0b00, C4<0>, C4<0>;
L_00000288ed8df950 .functor XOR 1, L_00000288ed8dfa30, L_00000288ed8df9c0, C4<0>, C4<0>;
L_00000288ed8dfaa0 .functor AND 1, L_00000288ed8e11e0, L_00000288ed8e0b00, C4<1>, C4<1>;
L_00000288ed8dfd40 .functor AND 1, L_00000288ed8e0b00, L_00000288ed8df9c0, C4<1>, C4<1>;
L_00000288ed8df5d0 .functor OR 1, L_00000288ed8dfaa0, L_00000288ed8dfd40, C4<0>, C4<0>;
L_00000288ed8defb0 .functor AND 1, L_00000288ed8e11e0, L_00000288ed8df9c0, C4<1>, C4<1>;
L_00000288ed8df6b0 .functor OR 1, L_00000288ed8df5d0, L_00000288ed8defb0, C4<0>, C4<0>;
v00000288ed8db000_0 .net *"_ivl_0", 0 0, L_00000288ed8dfa30;  1 drivers
v00000288ed8dc900_0 .net *"_ivl_10", 0 0, L_00000288ed8defb0;  1 drivers
v00000288ed8dc040_0 .net *"_ivl_4", 0 0, L_00000288ed8dfaa0;  1 drivers
v00000288ed8dbe60_0 .net *"_ivl_6", 0 0, L_00000288ed8dfd40;  1 drivers
v00000288ed8dc0e0_0 .net *"_ivl_8", 0 0, L_00000288ed8df5d0;  1 drivers
v00000288ed8dba00_0 .net "a", 0 0, L_00000288ed8e11e0;  1 drivers
v00000288ed8dae20_0 .net "b", 0 0, L_00000288ed8e0b00;  1 drivers
v00000288ed8dc2c0_0 .net "cin", 0 0, L_00000288ed8df9c0;  alias, 1 drivers
v00000288ed8db8c0_0 .net "cout", 0 0, L_00000288ed8df6b0;  alias, 1 drivers
v00000288ed8db1e0_0 .net "sum", 0 0, L_00000288ed8df950;  alias, 1 drivers
# The file index is used to find the file name in the following table.
:file_names 4;
    "N/A";
    "<interactive>";
    "eta6.v";
    "./full_adder.v";
