#! /c/Source/iverilog-install/bin/vvp
:ivl_version "12.0 (devel)" "(s20150603-1539-g2693dd32b)";
:ivl_delay_selection "TYPICAL";
:vpi_time_precision - 9;
:vpi_module "C:\iverilog\lib\ivl\system.vpi";
:vpi_module "C:\iverilog\lib\ivl\vhdl_sys.vpi";
:vpi_module "C:\iverilog\lib\ivl\vhdl_textio.vpi";
:vpi_module "C:\iverilog\lib\ivl\v2005_math.vpi";
:vpi_module "C:\iverilog\lib\ivl\va_math.vpi";
S_000002393e079d00 .scope module, "full_adder_tb" "full_adder_tb" 2 4;
 .timescale -9 -9;
v000002393e271f80_0 .var "a", 0 0;
v000002393e2719e0_0 .var "b", 0 0;
v000002393e271bc0_0 .var "cin", 0 0;
v000002393e272340_0 .net "cout", 0 0, L_000002393e07a5c0;  1 drivers
v000002393e272660_0 .net "sum", 0 0, L_000002393e07a780;  1 drivers
S_000002393e07ba10 .scope module, "uut" "full_adder" 2 9, 3 1 0, S_000002393e079d00;
 .timescale -9 -9;
    .port_info 0 /INPUT 1 "a";
    .port_info 1 /INPUT 1 "b";
    .port_info 2 /INPUT 1 "cin";
    .port_info 3 /OUTPUT 1 "sum";
    .port_info 4 /OUTPUT 1 "cout";
L_000002393e07a160 .functor XOR 1, v000002393e271f80_0, v000002393e2719e0_0, C4<0>, C4<0>;
L_000002393e07a780 .functor XOR 1, L_000002393e07a160, v000002393e271bc0_0, C4<0>, C4<0>;
L_000002393e07a4e0 .functor AND 1, v000002393e271f80_0, v000002393e2719e0_0, C4<1>, C4<1>;
L_000002393e07a320 .functor AND 1, v000002393e2719e0_0, v000002393e271bc0_0, C4<1>, C4<1>;
L_000002393e07a7f0 .functor OR 1, L_000002393e07a4e0, L_000002393e07a320, C4<0>, C4<0>;
L_000002393e07a550 .functor AND 1, v000002393e271f80_0, v000002393e271bc0_0, C4<1>, C4<1>;
L_000002393e07a5c0 .functor OR 1, L_000002393e07a7f0, L_000002393e07a550, C4<0>, C4<0>;
v000002393e079ad0_0 .net *"_ivl_0", 0 0, L_000002393e07a160;  1 drivers
v000002393e07bba0_0 .net *"_ivl_10", 0 0, L_000002393e07a550;  1 drivers
v000002393e07bc40_0 .net *"_ivl_4", 0 0, L_000002393e07a4e0;  1 drivers
v000002393e07bce0_0 .net *"_ivl_6", 0 0, L_000002393e07a320;  1 drivers
v000002393e1f2d40_0 .net *"_ivl_8", 0 0, L_000002393e07a7f0;  1 drivers
v000002393e1f2de0_0 .net "a", 0 0, v000002393e271f80_0;  1 drivers
v000002393e1f2e80_0 .net "b", 0 0, v000002393e2719e0_0;  1 drivers
v000002393e1f2f20_0 .net "cin", 0 0, v000002393e271bc0_0;  1 drivers
v000002393e1f2fc0_0 .net "cout", 0 0, L_000002393e07a5c0;  alias, 1 drivers
v000002393e1f3060_0 .net "sum", 0 0, L_000002393e07a780;  alias, 1 drivers
    .scope S_000002393e079d00;
T_0 ;
    %vpi_call 2 12 "$dumpfile", "full_adder.vcd" {0 0 0};
    %vpi_call 2 13 "$dumpvars", 32'sb00000000000000000000000000000000, S_000002393e079d00 {0 0 0};
    %vpi_call 2 15 "$monitor", "a: %0b || b: %0b || cin: %0b || sum: %0b || cout: %0b", v000002393e271f80_0, v000002393e2719e0_0, v000002393e271bc0_0, v000002393e272660_0, v000002393e272340_0 {0 0 0};
    %pushi/vec4 0, 0, 1;
    %store/vec4 v000002393e271f80_0, 0, 1;
    %pushi/vec4 0, 0, 1;
    %store/vec4 v000002393e2719e0_0, 0, 1;
    %pushi/vec4 0, 0, 1;
    %store/vec4 v000002393e271bc0_0, 0, 1;
    %delay 10, 0;
    %pushi/vec4 0, 0, 1;
    %store/vec4 v000002393e271f80_0, 0, 1;
    %pushi/vec4 0, 0, 1;
    %store/vec4 v000002393e2719e0_0, 0, 1;
    %pushi/vec4 0, 0, 1;
    %store/vec4 v000002393e271bc0_0, 0, 1;
    %delay 10, 0;
    %pushi/vec4 0, 0, 1;
    %store/vec4 v000002393e271f80_0, 0, 1;
    %pushi/vec4 0, 0, 1;
    %store/vec4 v000002393e2719e0_0, 0, 1;
    %pushi/vec4 1, 0, 1;
    %store/vec4 v000002393e271bc0_0, 0, 1;
    %delay 10, 0;
    %pushi/vec4 0, 0, 1;
    %store/vec4 v000002393e271f80_0, 0, 1;
    %pushi/vec4 1, 0, 1;
    %store/vec4 v000002393e2719e0_0, 0, 1;
    %pushi/vec4 0, 0, 1;
    %store/vec4 v000002393e271bc0_0, 0, 1;
    %delay 10, 0;
    %pushi/vec4 0, 0, 1;
    %store/vec4 v000002393e271f80_0, 0, 1;
    %pushi/vec4 1, 0, 1;
    %store/vec4 v000002393e2719e0_0, 0, 1;
    %pushi/vec4 1, 0, 1;
    %store/vec4 v000002393e271bc0_0, 0, 1;
    %delay 10, 0;
    %pushi/vec4 1, 0, 1;
    %store/vec4 v000002393e271f80_0, 0, 1;
    %pushi/vec4 0, 0, 1;
    %store/vec4 v000002393e2719e0_0, 0, 1;
    %pushi/vec4 0, 0, 1;
    %store/vec4 v000002393e271bc0_0, 0, 1;
    %delay 10, 0;
    %pushi/vec4 1, 0, 1;
    %store/vec4 v000002393e271f80_0, 0, 1;
    %pushi/vec4 1, 0, 1;
    %store/vec4 v000002393e2719e0_0, 0, 1;
    %pushi/vec4 1, 0, 1;
    %store/vec4 v000002393e271bc0_0, 0, 1;
    %delay 10, 0;
    %vpi_call 2 26 "$finish" {0 0 0};
    %end;
    .thread T_0;
# The file index is used to find the file name in the following table.
:file_names 4;
    "N/A";
    "<interactive>";
    "full_adder_tb.v";
    "./full_adder.v";
