#! /c/Source/iverilog-install/bin/vvp
:ivl_version "12.0 (devel)" "(s20150603-1539-g2693dd32b)";
:ivl_delay_selection "TYPICAL";
:vpi_time_precision + 0;
:vpi_module "C:\iverilog\lib\ivl\system.vpi";
:vpi_module "C:\iverilog\lib\ivl\vhdl_sys.vpi";
:vpi_module "C:\iverilog\lib\ivl\vhdl_textio.vpi";
:vpi_module "C:\iverilog\lib\ivl\v2005_math.vpi";
:vpi_module "C:\iverilog\lib\ivl\va_math.vpi";
S_00000275343e2ce0 .scope module, "full_adder" "full_adder" 2 1;
 .timescale 0 0;
    .port_info 0 /INPUT 1 "a";
    .port_info 1 /INPUT 1 "b";
    .port_info 2 /INPUT 1 "cin";
    .port_info 3 /OUTPUT 1 "sum";
    .port_info 4 /OUTPUT 1 "cout";
o0000027534417078 .functor BUFZ 1, C4<z>; HiZ drive
o00000275344170a8 .functor BUFZ 1, C4<z>; HiZ drive
L_00000275344fef50 .functor XOR 1, o0000027534417078, o00000275344170a8, C4<0>, C4<0>;
o00000275344170d8 .functor BUFZ 1, C4<z>; HiZ drive
L_00000275344fac10 .functor XOR 1, L_00000275344fef50, o00000275344170d8, C4<0>, C4<0>;
L_00000275343e3620 .functor AND 1, o0000027534417078, o00000275344170a8, C4<1>, C4<1>;
L_00000275343e3780 .functor AND 1, o00000275344170a8, o00000275344170d8, C4<1>, C4<1>;
L_0000027534411270 .functor OR 1, L_00000275343e3620, L_00000275343e3780, C4<0>, C4<0>;
L_00000275344112e0 .functor AND 1, o0000027534417078, o00000275344170d8, C4<1>, C4<1>;
L_0000027534411350 .functor OR 1, L_0000027534411270, L_00000275344112e0, C4<0>, C4<0>;
v00000275344fab70_0 .net *"_ivl_0", 0 0, L_00000275344fef50;  1 drivers
v00000275344fee10_0 .net *"_ivl_10", 0 0, L_00000275344112e0;  1 drivers
v00000275344feeb0_0 .net *"_ivl_4", 0 0, L_00000275343e3620;  1 drivers
v00000275343e2e70_0 .net *"_ivl_6", 0 0, L_00000275343e3780;  1 drivers
v00000275343e2f10_0 .net *"_ivl_8", 0 0, L_0000027534411270;  1 drivers
v00000275343e2fb0_0 .net "a", 0 0, o0000027534417078;  0 drivers
v00000275343e3050_0 .net "b", 0 0, o00000275344170a8;  0 drivers
v00000275343e30f0_0 .net "cin", 0 0, o00000275344170d8;  0 drivers
v00000275344110a0_0 .net "cout", 0 0, L_0000027534411350;  1 drivers
v00000275344111d0_0 .net "sum", 0 0, L_00000275344fac10;  1 drivers
# The file index is used to find the file name in the following table.
:file_names 3;
    "N/A";
    "<interactive>";
    "full_adder.v";
