#! /c/Source/iverilog-install/bin/vvp
:ivl_version "12.0 (devel)" "(s20150603-1539-g2693dd32b)";
:ivl_delay_selection "TYPICAL";
:vpi_time_precision + 0;
:vpi_module "C:\iverilog\lib\ivl\system.vpi";
:vpi_module "C:\iverilog\lib\ivl\vhdl_sys.vpi";
:vpi_module "C:\iverilog\lib\ivl\vhdl_textio.vpi";
:vpi_module "C:\iverilog\lib\ivl\v2005_math.vpi";
:vpi_module "C:\iverilog\lib\ivl\va_math.vpi";
S_00000202d8762df0 .scope module, "one_hot_encoder" "one_hot_encoder" 2 1;
 .timescale 0 0;
    .port_info 0 /INPUT 3 "a";
    .port_info 1 /OUTPUT 8 "out";
o00000202d8796fd8 .functor BUFZ 3, C4<zzz>; HiZ drive
v00000202d8762f80_0 .net "a", 2 0, o00000202d8796fd8;  0 drivers
v00000202d8763020_0 .var "out", 7 0;
E_00000202d8748450 .event anyedge, v00000202d8762f80_0;
    .scope S_00000202d8762df0;
T_0 ;
    %wait E_00000202d8748450;
    %load/vec4 v00000202d8762f80_0;
    %dup/vec4;
    %pushi/vec4 0, 0, 3;
    %cmp/u;
    %jmp/1 T_0.0, 6;
    %dup/vec4;
    %pushi/vec4 1, 0, 3;
    %cmp/u;
    %jmp/1 T_0.1, 6;
    %dup/vec4;
    %pushi/vec4 2, 0, 3;
    %cmp/u;
    %jmp/1 T_0.2, 6;
    %dup/vec4;
    %pushi/vec4 3, 0, 3;
    %cmp/u;
    %jmp/1 T_0.3, 6;
    %dup/vec4;
    %pushi/vec4 4, 0, 3;
    %cmp/u;
    %jmp/1 T_0.4, 6;
    %dup/vec4;
    %pushi/vec4 5, 0, 3;
    %cmp/u;
    %jmp/1 T_0.5, 6;
    %dup/vec4;
    %pushi/vec4 6, 0, 3;
    %cmp/u;
    %jmp/1 T_0.6, 6;
    %dup/vec4;
    %pushi/vec4 7, 0, 3;
    %cmp/u;
    %jmp/1 T_0.7, 6;
    %jmp T_0.8;
T_0.0 ;
    %pushi/vec4 1, 0, 8;
    %store/vec4 v00000202d8763020_0, 0, 8;
    %jmp T_0.8;
T_0.1 ;
    %pushi/vec4 2, 0, 8;
    %store/vec4 v00000202d8763020_0, 0, 8;
    %jmp T_0.8;
T_0.2 ;
    %pushi/vec4 4, 0, 8;
    %store/vec4 v00000202d8763020_0, 0, 8;
    %jmp T_0.8;
T_0.3 ;
    %pushi/vec4 8, 0, 8;
    %store/vec4 v00000202d8763020_0, 0, 8;
    %jmp T_0.8;
T_0.4 ;
    %pushi/vec4 16, 0, 8;
    %store/vec4 v00000202d8763020_0, 0, 8;
    %jmp T_0.8;
T_0.5 ;
    %pushi/vec4 32, 0, 8;
    %store/vec4 v00000202d8763020_0, 0, 8;
    %jmp T_0.8;
T_0.6 ;
    %pushi/vec4 64, 0, 8;
    %store/vec4 v00000202d8763020_0, 0, 8;
    %jmp T_0.8;
T_0.7 ;
    %pushi/vec4 128, 0, 8;
    %store/vec4 v00000202d8763020_0, 0, 8;
    %jmp T_0.8;
T_0.8 ;
    %pop/vec4 1;
    %jmp T_0;
    .thread T_0, $push;
# The file index is used to find the file name in the following table.
:file_names 3;
    "N/A";
    "<interactive>";
    "one_hot_encoder.v";
