#! /c/Source/iverilog-install/bin/vvp
:ivl_version "12.0 (devel)" "(s20150603-1539-g2693dd32b)";
:ivl_delay_selection "TYPICAL";
:vpi_time_precision + 0;
:vpi_module "C:\iverilog\lib\ivl\system.vpi";
:vpi_module "C:\iverilog\lib\ivl\vhdl_sys.vpi";
:vpi_module "C:\iverilog\lib\ivl\vhdl_textio.vpi";
:vpi_module "C:\iverilog\lib\ivl\v2005_math.vpi";
:vpi_module "C:\iverilog\lib\ivl\va_math.vpi";
S_0000024a39932ce0 .scope module, "full_adder" "full_adder" 2 1;
 .timescale 0 0;
    .port_info 0 /INPUT 1 "a";
    .port_info 1 /INPUT 1 "b";
    .port_info 2 /INPUT 1 "cin";
    .port_info 3 /OUTPUT 1 "sum";
    .port_info 4 /OUTPUT 1 "cout";
o0000024a39967078 .functor BUFZ 1, C4<z>; HiZ drive
o0000024a399670a8 .functor BUFZ 1, C4<z>; HiZ drive
L_0000024a3991aba0 .functor XOR 1, o0000024a39967078, o0000024a399670a8, C4<0>, C4<0>;
o0000024a399670d8 .functor BUFZ 1, C4<z>; HiZ drive
L_0000024a39933600 .functor XOR 1, L_0000024a3991aba0, o0000024a399670d8, C4<0>, C4<0>;
L_0000024a39933760 .functor AND 1, o0000024a39967078, o0000024a399670a8, C4<1>, C4<1>;
L_0000024a399611e0 .functor AND 1, o0000024a399670a8, o0000024a399670d8, C4<1>, C4<1>;
L_0000024a39961250 .functor OR 1, L_0000024a39933760, L_0000024a399611e0, C4<0>, C4<0>;
L_0000024a399612c0 .functor AND 1, o0000024a399670d8, o0000024a39967078, C4<1>, C4<1>;
L_0000024a39961330 .functor OR 1, L_0000024a39961250, L_0000024a399612c0, C4<0>, C4<0>;
v0000024a3991ab00_0 .net *"_ivl_0", 0 0, L_0000024a3991aba0;  1 drivers
v0000024a3991eda0_0 .net *"_ivl_10", 0 0, L_0000024a399612c0;  1 drivers
v0000024a3991ee40_0 .net *"_ivl_4", 0 0, L_0000024a39933760;  1 drivers
v0000024a3991eee0_0 .net *"_ivl_6", 0 0, L_0000024a399611e0;  1 drivers
v0000024a39932e70_0 .net *"_ivl_8", 0 0, L_0000024a39961250;  1 drivers
v0000024a39932f10_0 .net "a", 0 0, o0000024a39967078;  0 drivers
v0000024a39932fb0_0 .net "b", 0 0, o0000024a399670a8;  0 drivers
v0000024a39933050_0 .net "cin", 0 0, o0000024a399670d8;  0 drivers
v0000024a399610a0_0 .net "cout", 0 0, L_0000024a39961330;  1 drivers
v0000024a39961140_0 .net "sum", 0 0, L_0000024a39933600;  1 drivers
# The file index is used to find the file name in the following table.
:file_names 3;
    "N/A";
    "<interactive>";
    "full_adder.v";
