#! /c/Source/iverilog-install/bin/vvp
:ivl_version "12.0 (devel)" "(s20150603-1539-g2693dd32b)";
:ivl_delay_selection "TYPICAL";
:vpi_time_precision + 0;
:vpi_module "C:\iverilog\lib\ivl\system.vpi";
:vpi_module "C:\iverilog\lib\ivl\vhdl_sys.vpi";
:vpi_module "C:\iverilog\lib\ivl\vhdl_textio.vpi";
:vpi_module "C:\iverilog\lib\ivl\v2005_math.vpi";
:vpi_module "C:\iverilog\lib\ivl\va_math.vpi";
S_0000016a117c5e80 .scope module, "new_four" "new_four" 2 4;
 .timescale 0 0;
    .port_info 0 /INPUT 32 "a";
    .port_info 1 /INPUT 32 "b";
    .port_info 2 /OUTPUT 33 "sum";
L_0000016a117fce70 .functor OR 15, L_0000016a11862120, L_0000016a118621c0, C4<000000000000000>, C4<000000000000000>;
L_0000016a117fd880 .functor AND 1, L_0000016a11861680, L_0000016a118612c0, C4<1>, C4<1>;
L_0000016a117fcfc0 .functor OR 1, L_0000016a118617c0, L_0000016a118614a0, C4<0>, C4<0>;
v0000016a1185e920_0 .net *"_ivl_11", 0 0, L_0000016a118612c0;  1 drivers
L_0000016a11880088 .functor BUFT 1, C4<0>, C4<0>, C4<0>, C4<0>;
v0000016a11862300_0 .net/2u *"_ivl_16", 0 0, L_0000016a11880088;  1 drivers
v0000016a118623a0_0 .net *"_ivl_19", 0 0, L_0000016a118617c0;  1 drivers
v0000016a11861fe0_0 .net *"_ivl_21", 0 0, L_0000016a118614a0;  1 drivers
v0000016a11862940_0 .net *"_ivl_22", 0 0, L_0000016a117fcfc0;  1 drivers
v0000016a11861c20_0 .net *"_ivl_24", 0 0, L_0000016a118626c0;  1 drivers
v0000016a11862e40_0 .net *"_ivl_3", 14 0, L_0000016a11862120;  1 drivers
v0000016a11862ee0_0 .net *"_ivl_5", 14 0, L_0000016a118621c0;  1 drivers
v0000016a118629e0_0 .net *"_ivl_6", 14 0, L_0000016a117fce70;  1 drivers
v0000016a11861400_0 .net *"_ivl_9", 0 0, L_0000016a11861680;  1 drivers
o0000016a118080c8 .functor BUFZ 32, C4<zzzzzzzzzzzzzzzzzzzzzzzzzzzzzzzz>; HiZ drive
v0000016a11861b80_0 .net "a", 31 0, o0000016a118080c8;  0 drivers
o0000016a118080f8 .functor BUFZ 32, C4<zzzzzzzzzzzzzzzzzzzzzzzzzzzzzzzz>; HiZ drive
v0000016a11862080_0 .net "b", 31 0, o0000016a118080f8;  0 drivers
v0000016a11861ae0_0 .net "cmsp", 0 0, L_0000016a117fd880;  1 drivers
v0000016a11861220_0 .net "sum", 32 0, L_0000016a11867d00;  1 drivers
L_0000016a11862120 .part o0000016a118080c8, 0, 15;
L_0000016a118621c0 .part o0000016a118080f8, 0, 15;
L_0000016a11861680 .part o0000016a118080c8, 15, 1;
L_0000016a118612c0 .part o0000016a118080f8, 15, 1;
L_0000016a118617c0 .part o0000016a118080c8, 15, 1;
L_0000016a118614a0 .part o0000016a118080f8, 15, 1;
L_0000016a118626c0 .functor MUXZ 1, L_0000016a117fcfc0, L_0000016a11880088, L_0000016a117fd880, C4<>;
L_0000016a11867580 .part o0000016a118080c8, 16, 16;
L_0000016a118674e0 .part o0000016a118080f8, 16, 16;
L_0000016a11867d00 .concat8 [ 15 1 16 1], L_0000016a117fce70, L_0000016a118626c0, L_0000016a11867a80, L_0000016a11867440;
S_0000016a117c6010 .scope module, "r1" "ripple_carry_adder" 2 14, 3 3 0, S_0000016a117c5e80;
 .timescale 0 0;
    .port_info 0 /INPUT 16 "a";
    .port_info 1 /INPUT 16 "b";
    .port_info 2 /INPUT 1 "cin";
    .port_info 3 /OUTPUT 16 "sum";
    .port_info 4 /OUTPUT 1 "cout";
v0000016a1185e380_0 .net "a", 15 0, L_0000016a11867580;  1 drivers
v0000016a1185e420_0 .net "b", 15 0, L_0000016a118674e0;  1 drivers
v0000016a1185ece0_0 .net "carry", 15 0, L_0000016a11869060;  1 drivers
v0000016a1185e4c0_0 .net "cin", 0 0, L_0000016a117fd880;  alias, 1 drivers
v0000016a1185e6a0_0 .net "cout", 0 0, L_0000016a11867440;  1 drivers
v0000016a1185e740_0 .net "sum", 15 0, L_0000016a11867a80;  1 drivers
L_0000016a11861720 .part L_0000016a11867580, 1, 1;
L_0000016a11861540 .part L_0000016a118674e0, 1, 1;
L_0000016a11861cc0 .part L_0000016a11869060, 0, 1;
L_0000016a11862260 .part L_0000016a11867580, 2, 1;
L_0000016a11862f80 .part L_0000016a118674e0, 2, 1;
L_0000016a11863020 .part L_0000016a11869060, 1, 1;
L_0000016a11861860 .part L_0000016a11867580, 3, 1;
L_0000016a118615e0 .part L_0000016a118674e0, 3, 1;
L_0000016a118630c0 .part L_0000016a11869060, 2, 1;
L_0000016a11861900 .part L_0000016a11867580, 4, 1;
L_0000016a11861a40 .part L_0000016a118674e0, 4, 1;
L_0000016a11861d60 .part L_0000016a11869060, 3, 1;
L_0000016a11862da0 .part L_0000016a11867580, 5, 1;
L_0000016a11861e00 .part L_0000016a118674e0, 5, 1;
L_0000016a11861360 .part L_0000016a11869060, 4, 1;
L_0000016a11862440 .part L_0000016a11867580, 6, 1;
L_0000016a118624e0 .part L_0000016a118674e0, 6, 1;
L_0000016a11862800 .part L_0000016a11869060, 5, 1;
L_0000016a11862620 .part L_0000016a11867580, 7, 1;
L_0000016a11862b20 .part L_0000016a118674e0, 7, 1;
L_0000016a11862580 .part L_0000016a11869060, 6, 1;
L_0000016a11861ea0 .part L_0000016a11867580, 8, 1;
L_0000016a11862d00 .part L_0000016a118674e0, 8, 1;
L_0000016a11862760 .part L_0000016a11869060, 7, 1;
L_0000016a118628a0 .part L_0000016a11867580, 9, 1;
L_0000016a118619a0 .part L_0000016a118674e0, 9, 1;
L_0000016a11861f40 .part L_0000016a11869060, 8, 1;
L_0000016a11862a80 .part L_0000016a11867580, 10, 1;
L_0000016a11862bc0 .part L_0000016a118674e0, 10, 1;
L_0000016a11862c60 .part L_0000016a11869060, 9, 1;
L_0000016a11868160 .part L_0000016a11867580, 11, 1;
L_0000016a11867f80 .part L_0000016a118674e0, 11, 1;
L_0000016a11868a20 .part L_0000016a11869060, 10, 1;
L_0000016a11867c60 .part L_0000016a11867580, 12, 1;
L_0000016a11868020 .part L_0000016a118674e0, 12, 1;
L_0000016a118680c0 .part L_0000016a11869060, 11, 1;
L_0000016a11867b20 .part L_0000016a11867580, 13, 1;
L_0000016a11867260 .part L_0000016a118674e0, 13, 1;
L_0000016a11867bc0 .part L_0000016a11869060, 12, 1;
L_0000016a118687a0 .part L_0000016a11867580, 14, 1;
L_0000016a11868200 .part L_0000016a118674e0, 14, 1;
L_0000016a118682a0 .part L_0000016a11869060, 13, 1;
L_0000016a11868c00 .part L_0000016a11867580, 15, 1;
L_0000016a11867300 .part L_0000016a118674e0, 15, 1;
L_0000016a118673a0 .part L_0000016a11869060, 14, 1;
L_0000016a118688e0 .part L_0000016a11867580, 0, 1;
L_0000016a11867e40 .part L_0000016a118674e0, 0, 1;
LS_0000016a11867a80_0_0 .concat8 [ 1 1 1 1], L_0000016a1186b910, L_0000016a117fd420, L_0000016a117fd3b0, L_0000016a117fdab0;
LS_0000016a11867a80_0_4 .concat8 [ 1 1 1 1], L_0000016a11863c40, L_0000016a11863770, L_0000016a118640a0, L_0000016a11863620;
LS_0000016a11867a80_0_8 .concat8 [ 1 1 1 1], L_0000016a11863310, L_0000016a118669c0, L_0000016a11866f70, L_0000016a11867130;
LS_0000016a11867a80_0_12 .concat8 [ 1 1 1 1], L_0000016a11866bf0, L_0000016a11866f00, L_0000016a1186b600, L_0000016a1186c080;
L_0000016a11867a80 .concat8 [ 4 4 4 4], LS_0000016a11867a80_0_0, LS_0000016a11867a80_0_4, LS_0000016a11867a80_0_8, LS_0000016a11867a80_0_12;
LS_0000016a11869060_0_0 .concat8 [ 1 1 1 1], L_0000016a1186b980, L_0000016a117fd5e0, L_0000016a117fd2d0, L_0000016a11863460;
LS_0000016a11869060_0_4 .concat8 [ 1 1 1 1], L_0000016a11863d20, L_0000016a11863230, L_0000016a11863690, L_0000016a11863fc0;
LS_0000016a11869060_0_8 .concat8 [ 1 1 1 1], L_0000016a11866950, L_0000016a118666b0, L_0000016a118665d0, L_0000016a118668e0;
LS_0000016a11869060_0_12 .concat8 [ 1 1 1 1], L_0000016a11866cd0, L_0000016a1186b280, L_0000016a1186c010, L_0000016a1186c160;
L_0000016a11869060 .concat8 [ 4 4 4 4], LS_0000016a11869060_0_0, LS_0000016a11869060_0_4, LS_0000016a11869060_0_8, LS_0000016a11869060_0_12;
L_0000016a11867440 .part L_0000016a11869060, 15, 1;
S_0000016a117c77c0 .scope module, "fa0" "full_adder" 3 11, 4 1 0, S_0000016a117c6010;
 .timescale 0 0;
    .port_info 0 /INPUT 1 "a";
    .port_info 1 /INPUT 1 "b";
    .port_info 2 /INPUT 1 "cin";
    .port_info 3 /OUTPUT 1 "sum";
    .port_info 4 /OUTPUT 1 "cout";
L_0000016a1186b2f0 .functor XOR 1, L_0000016a118688e0, L_0000016a11867e40, C4<0>, C4<0>;
L_0000016a1186b910 .functor XOR 1, L_0000016a1186b2f0, L_0000016a117fd880, C4<0>, C4<0>;
L_0000016a1186b7c0 .functor AND 1, L_0000016a118688e0, L_0000016a11867e40, C4<1>, C4<1>;
L_0000016a1186b9f0 .functor AND 1, L_0000016a11867e40, L_0000016a117fd880, C4<1>, C4<1>;
L_0000016a1186b750 .functor OR 1, L_0000016a1186b7c0, L_0000016a1186b9f0, C4<0>, C4<0>;
L_0000016a1186b4b0 .functor AND 1, L_0000016a117fd880, L_0000016a118688e0, C4<1>, C4<1>;
L_0000016a1186b980 .functor OR 1, L_0000016a1186b750, L_0000016a1186b4b0, C4<0>, C4<0>;
v0000016a11800d80_0 .net *"_ivl_0", 0 0, L_0000016a1186b2f0;  1 drivers
v0000016a11802220_0 .net *"_ivl_10", 0 0, L_0000016a1186b4b0;  1 drivers
v0000016a118022c0_0 .net *"_ivl_4", 0 0, L_0000016a1186b7c0;  1 drivers
v0000016a11802360_0 .net *"_ivl_6", 0 0, L_0000016a1186b9f0;  1 drivers
v0000016a11802400_0 .net *"_ivl_8", 0 0, L_0000016a1186b750;  1 drivers
v0000016a11802540_0 .net "a", 0 0, L_0000016a118688e0;  1 drivers
v0000016a11801320_0 .net "b", 0 0, L_0000016a11867e40;  1 drivers
v0000016a11800a60_0 .net "cin", 0 0, L_0000016a117fd880;  alias, 1 drivers
v0000016a11801000_0 .net "cout", 0 0, L_0000016a1186b980;  1 drivers
v0000016a11801500_0 .net "sum", 0 0, L_0000016a1186b910;  1 drivers
S_0000016a117c7950 .scope generate, "fa_loop[1]" "fa_loop[1]" 3 15, 3 15 0, S_0000016a117c6010;
 .timescale 0 0;
P_0000016a117fb7b0 .param/l "i" 0 3 15, +C4<01>;
S_0000016a11857d30 .scope module, "fa" "full_adder" 3 16, 4 1 0, S_0000016a117c7950;
 .timescale 0 0;
    .port_info 0 /INPUT 1 "a";
    .port_info 1 /INPUT 1 "b";
    .port_info 2 /INPUT 1 "cin";
    .port_info 3 /OUTPUT 1 "sum";
    .port_info 4 /OUTPUT 1 "cout";
L_0000016a117fd110 .functor XOR 1, L_0000016a11861720, L_0000016a11861540, C4<0>, C4<0>;
L_0000016a117fd420 .functor XOR 1, L_0000016a117fd110, L_0000016a11861cc0, C4<0>, C4<0>;
L_0000016a117fd030 .functor AND 1, L_0000016a11861720, L_0000016a11861540, C4<1>, C4<1>;
L_0000016a117fdc70 .functor AND 1, L_0000016a11861540, L_0000016a11861cc0, C4<1>, C4<1>;
L_0000016a117fdce0 .functor OR 1, L_0000016a117fd030, L_0000016a117fdc70, C4<0>, C4<0>;
L_0000016a117fd180 .functor AND 1, L_0000016a11861cc0, L_0000016a11861720, C4<1>, C4<1>;
L_0000016a117fd5e0 .functor OR 1, L_0000016a117fdce0, L_0000016a117fd180, C4<0>, C4<0>;
v0000016a118020e0_0 .net *"_ivl_0", 0 0, L_0000016a117fd110;  1 drivers
v0000016a11801fa0_0 .net *"_ivl_10", 0 0, L_0000016a117fd180;  1 drivers
v0000016a118006a0_0 .net *"_ivl_4", 0 0, L_0000016a117fd030;  1 drivers
v0000016a11802040_0 .net *"_ivl_6", 0 0, L_0000016a117fdc70;  1 drivers
v0000016a11800740_0 .net *"_ivl_8", 0 0, L_0000016a117fdce0;  1 drivers
v0000016a118007e0_0 .net "a", 0 0, L_0000016a11861720;  1 drivers
v0000016a11801140_0 .net "b", 0 0, L_0000016a11861540;  1 drivers
v0000016a118018c0_0 .net "cin", 0 0, L_0000016a11861cc0;  1 drivers
v0000016a11801280_0 .net "cout", 0 0, L_0000016a117fd5e0;  1 drivers
v0000016a11801780_0 .net "sum", 0 0, L_0000016a117fd420;  1 drivers
S_0000016a11857ec0 .scope generate, "fa_loop[2]" "fa_loop[2]" 3 15, 3 15 0, S_0000016a117c6010;
 .timescale 0 0;
P_0000016a117fb8b0 .param/l "i" 0 3 15, +C4<010>;
S_0000016a11858050 .scope module, "fa" "full_adder" 3 16, 4 1 0, S_0000016a11857ec0;
 .timescale 0 0;
    .port_info 0 /INPUT 1 "a";
    .port_info 1 /INPUT 1 "b";
    .port_info 2 /INPUT 1 "cin";
    .port_info 3 /OUTPUT 1 "sum";
    .port_info 4 /OUTPUT 1 "cout";
L_0000016a117fd730 .functor XOR 1, L_0000016a11862260, L_0000016a11862f80, C4<0>, C4<0>;
L_0000016a117fd3b0 .functor XOR 1, L_0000016a117fd730, L_0000016a11863020, C4<0>, C4<0>;
L_0000016a117fd1f0 .functor AND 1, L_0000016a11862260, L_0000016a11862f80, C4<1>, C4<1>;
L_0000016a117fd7a0 .functor AND 1, L_0000016a11862f80, L_0000016a11863020, C4<1>, C4<1>;
L_0000016a117fda40 .functor OR 1, L_0000016a117fd1f0, L_0000016a117fd7a0, C4<0>, C4<0>;
L_0000016a117fd260 .functor AND 1, L_0000016a11863020, L_0000016a11862260, C4<1>, C4<1>;
L_0000016a117fd2d0 .functor OR 1, L_0000016a117fda40, L_0000016a117fd260, C4<0>, C4<0>;
v0000016a11801a00_0 .net *"_ivl_0", 0 0, L_0000016a117fd730;  1 drivers
v0000016a118024a0_0 .net *"_ivl_10", 0 0, L_0000016a117fd260;  1 drivers
v0000016a11800ce0_0 .net *"_ivl_4", 0 0, L_0000016a117fd1f0;  1 drivers
v0000016a11800880_0 .net *"_ivl_6", 0 0, L_0000016a117fd7a0;  1 drivers
v0000016a11801be0_0 .net *"_ivl_8", 0 0, L_0000016a117fda40;  1 drivers
v0000016a118015a0_0 .net "a", 0 0, L_0000016a11862260;  1 drivers
v0000016a11800920_0 .net "b", 0 0, L_0000016a11862f80;  1 drivers
v0000016a11800b00_0 .net "cin", 0 0, L_0000016a11863020;  1 drivers
v0000016a11801820_0 .net "cout", 0 0, L_0000016a117fd2d0;  1 drivers
v0000016a11800ba0_0 .net "sum", 0 0, L_0000016a117fd3b0;  1 drivers
S_0000016a118581e0 .scope generate, "fa_loop[3]" "fa_loop[3]" 3 15, 3 15 0, S_0000016a117c6010;
 .timescale 0 0;
P_0000016a117fb930 .param/l "i" 0 3 15, +C4<011>;
S_0000016a11858370 .scope module, "fa" "full_adder" 3 16, 4 1 0, S_0000016a118581e0;
 .timescale 0 0;
    .port_info 0 /INPUT 1 "a";
    .port_info 1 /INPUT 1 "b";
    .port_info 2 /INPUT 1 "cin";
    .port_info 3 /OUTPUT 1 "sum";
    .port_info 4 /OUTPUT 1 "cout";
L_0000016a117fd960 .functor XOR 1, L_0000016a11861860, L_0000016a118615e0, C4<0>, C4<0>;
L_0000016a117fdab0 .functor XOR 1, L_0000016a117fd960, L_0000016a118630c0, C4<0>, C4<0>;
L_0000016a117fd340 .functor AND 1, L_0000016a11861860, L_0000016a118615e0, C4<1>, C4<1>;
L_0000016a117fd810 .functor AND 1, L_0000016a118615e0, L_0000016a118630c0, C4<1>, C4<1>;
L_0000016a117fd8f0 .functor OR 1, L_0000016a117fd340, L_0000016a117fd810, C4<0>, C4<0>;
L_0000016a11863e70 .functor AND 1, L_0000016a118630c0, L_0000016a11861860, C4<1>, C4<1>;
L_0000016a11863460 .functor OR 1, L_0000016a117fd8f0, L_0000016a11863e70, C4<0>, C4<0>;
v0000016a11800c40_0 .net *"_ivl_0", 0 0, L_0000016a117fd960;  1 drivers
v0000016a11801960_0 .net *"_ivl_10", 0 0, L_0000016a11863e70;  1 drivers
v0000016a11800ec0_0 .net *"_ivl_4", 0 0, L_0000016a117fd340;  1 drivers
v0000016a11801c80_0 .net *"_ivl_6", 0 0, L_0000016a117fd810;  1 drivers
v0000016a118011e0_0 .net *"_ivl_8", 0 0, L_0000016a117fd8f0;  1 drivers
v0000016a11801d20_0 .net "a", 0 0, L_0000016a11861860;  1 drivers
v0000016a11801e60_0 .net "b", 0 0, L_0000016a118615e0;  1 drivers
v0000016a11801f00_0 .net "cin", 0 0, L_0000016a118630c0;  1 drivers
v0000016a117f4340_0 .net "cout", 0 0, L_0000016a11863460;  1 drivers
v0000016a117f4480_0 .net "sum", 0 0, L_0000016a117fdab0;  1 drivers
S_0000016a11858500 .scope generate, "fa_loop[4]" "fa_loop[4]" 3 15, 3 15 0, S_0000016a117c6010;
 .timescale 0 0;
P_0000016a117fb070 .param/l "i" 0 3 15, +C4<0100>;
S_0000016a11858690 .scope module, "fa" "full_adder" 3 16, 4 1 0, S_0000016a11858500;
 .timescale 0 0;
    .port_info 0 /INPUT 1 "a";
    .port_info 1 /INPUT 1 "b";
    .port_info 2 /INPUT 1 "cin";
    .port_info 3 /OUTPUT 1 "sum";
    .port_info 4 /OUTPUT 1 "cout";
L_0000016a118633f0 .functor XOR 1, L_0000016a11861900, L_0000016a11861a40, C4<0>, C4<0>;
L_0000016a11863c40 .functor XOR 1, L_0000016a118633f0, L_0000016a11861d60, C4<0>, C4<0>;
L_0000016a11863380 .functor AND 1, L_0000016a11861900, L_0000016a11861a40, C4<1>, C4<1>;
L_0000016a11863e00 .functor AND 1, L_0000016a11861a40, L_0000016a11861d60, C4<1>, C4<1>;
L_0000016a118638c0 .functor OR 1, L_0000016a11863380, L_0000016a11863e00, C4<0>, C4<0>;
L_0000016a11863850 .functor AND 1, L_0000016a11861d60, L_0000016a11861900, C4<1>, C4<1>;
L_0000016a11863d20 .functor OR 1, L_0000016a118638c0, L_0000016a11863850, C4<0>, C4<0>;
v0000016a117f3e40_0 .net *"_ivl_0", 0 0, L_0000016a118633f0;  1 drivers
v0000016a117f52e0_0 .net *"_ivl_10", 0 0, L_0000016a11863850;  1 drivers
v0000016a117f47a0_0 .net *"_ivl_4", 0 0, L_0000016a11863380;  1 drivers
v0000016a117f48e0_0 .net *"_ivl_6", 0 0, L_0000016a11863e00;  1 drivers
v0000016a117f4980_0 .net *"_ivl_8", 0 0, L_0000016a118638c0;  1 drivers
v0000016a117f4de0_0 .net "a", 0 0, L_0000016a11861900;  1 drivers
v0000016a117f4e80_0 .net "b", 0 0, L_0000016a11861a40;  1 drivers
v0000016a117d9980_0 .net "cin", 0 0, L_0000016a11861d60;  1 drivers
v0000016a117d9b60_0 .net "cout", 0 0, L_0000016a11863d20;  1 drivers
v0000016a117d9ca0_0 .net "sum", 0 0, L_0000016a11863c40;  1 drivers
S_0000016a11859830 .scope generate, "fa_loop[5]" "fa_loop[5]" 3 15, 3 15 0, S_0000016a117c6010;
 .timescale 0 0;
P_0000016a117fb430 .param/l "i" 0 3 15, +C4<0101>;
S_0000016a118599c0 .scope module, "fa" "full_adder" 3 16, 4 1 0, S_0000016a11859830;
 .timescale 0 0;
    .port_info 0 /INPUT 1 "a";
    .port_info 1 /INPUT 1 "b";
    .port_info 2 /INPUT 1 "cin";
    .port_info 3 /OUTPUT 1 "sum";
    .port_info 4 /OUTPUT 1 "cout";
L_0000016a11863cb0 .functor XOR 1, L_0000016a11862da0, L_0000016a11861e00, C4<0>, C4<0>;
L_0000016a11863770 .functor XOR 1, L_0000016a11863cb0, L_0000016a11861360, C4<0>, C4<0>;
L_0000016a11864030 .functor AND 1, L_0000016a11862da0, L_0000016a11861e00, C4<1>, C4<1>;
L_0000016a11863f50 .functor AND 1, L_0000016a11861e00, L_0000016a11861360, C4<1>, C4<1>;
L_0000016a118637e0 .functor OR 1, L_0000016a11864030, L_0000016a11863f50, C4<0>, C4<0>;
L_0000016a11863540 .functor AND 1, L_0000016a11861360, L_0000016a11862da0, C4<1>, C4<1>;
L_0000016a11863230 .functor OR 1, L_0000016a118637e0, L_0000016a11863540, C4<0>, C4<0>;
v0000016a117d9de0_0 .net *"_ivl_0", 0 0, L_0000016a11863cb0;  1 drivers
v0000016a117da420_0 .net *"_ivl_10", 0 0, L_0000016a11863540;  1 drivers
v0000016a117da600_0 .net *"_ivl_4", 0 0, L_0000016a11864030;  1 drivers
v0000016a117da7e0_0 .net *"_ivl_6", 0 0, L_0000016a11863f50;  1 drivers
v0000016a117da880_0 .net *"_ivl_8", 0 0, L_0000016a118637e0;  1 drivers
v0000016a117e5f60_0 .net "a", 0 0, L_0000016a11862da0;  1 drivers
v0000016a117e51a0_0 .net "b", 0 0, L_0000016a11861e00;  1 drivers
v0000016a117e4980_0 .net "cin", 0 0, L_0000016a11861360;  1 drivers
v0000016a117e4c00_0 .net "cout", 0 0, L_0000016a11863230;  1 drivers
v0000016a117e5560_0 .net "sum", 0 0, L_0000016a11863770;  1 drivers
S_0000016a11859b50 .scope generate, "fa_loop[6]" "fa_loop[6]" 3 15, 3 15 0, S_0000016a117c6010;
 .timescale 0 0;
P_0000016a117fb6f0 .param/l "i" 0 3 15, +C4<0110>;
S_0000016a11859ce0 .scope module, "fa" "full_adder" 3 16, 4 1 0, S_0000016a11859b50;
 .timescale 0 0;
    .port_info 0 /INPUT 1 "a";
    .port_info 1 /INPUT 1 "b";
    .port_info 2 /INPUT 1 "cin";
    .port_info 3 /OUTPUT 1 "sum";
    .port_info 4 /OUTPUT 1 "cout";
L_0000016a11864110 .functor XOR 1, L_0000016a11862440, L_0000016a118624e0, C4<0>, C4<0>;
L_0000016a118640a0 .functor XOR 1, L_0000016a11864110, L_0000016a11862800, C4<0>, C4<0>;
L_0000016a11863930 .functor AND 1, L_0000016a11862440, L_0000016a118624e0, C4<1>, C4<1>;
L_0000016a118639a0 .functor AND 1, L_0000016a118624e0, L_0000016a11862800, C4<1>, C4<1>;
L_0000016a11863ee0 .functor OR 1, L_0000016a11863930, L_0000016a118639a0, C4<0>, C4<0>;
L_0000016a11863d90 .functor AND 1, L_0000016a11862800, L_0000016a11862440, C4<1>, C4<1>;
L_0000016a11863690 .functor OR 1, L_0000016a11863ee0, L_0000016a11863d90, C4<0>, C4<0>;
v0000016a117e57e0_0 .net *"_ivl_0", 0 0, L_0000016a11864110;  1 drivers
v0000016a117e59c0_0 .net *"_ivl_10", 0 0, L_0000016a11863d90;  1 drivers
v0000016a117e5a60_0 .net *"_ivl_4", 0 0, L_0000016a11863930;  1 drivers
v0000016a117d22b0_0 .net *"_ivl_6", 0 0, L_0000016a118639a0;  1 drivers
v0000016a117d2a30_0 .net *"_ivl_8", 0 0, L_0000016a11863ee0;  1 drivers
v0000016a117d23f0_0 .net "a", 0 0, L_0000016a11862440;  1 drivers
v0000016a117d2530_0 .net "b", 0 0, L_0000016a118624e0;  1 drivers
v0000016a1185b900_0 .net "cin", 0 0, L_0000016a11862800;  1 drivers
v0000016a1185a460_0 .net "cout", 0 0, L_0000016a11863690;  1 drivers
v0000016a1185b9a0_0 .net "sum", 0 0, L_0000016a118640a0;  1 drivers
S_0000016a1185be80 .scope generate, "fa_loop[7]" "fa_loop[7]" 3 15, 3 15 0, S_0000016a117c6010;
 .timescale 0 0;
P_0000016a117fb330 .param/l "i" 0 3 15, +C4<0111>;
S_0000016a1185c010 .scope module, "fa" "full_adder" 3 16, 4 1 0, S_0000016a1185be80;
 .timescale 0 0;
    .port_info 0 /INPUT 1 "a";
    .port_info 1 /INPUT 1 "b";
    .port_info 2 /INPUT 1 "cin";
    .port_info 3 /OUTPUT 1 "sum";
    .port_info 4 /OUTPUT 1 "cout";
L_0000016a118634d0 .functor XOR 1, L_0000016a11862620, L_0000016a11862b20, C4<0>, C4<0>;
L_0000016a11863620 .functor XOR 1, L_0000016a118634d0, L_0000016a11862580, C4<0>, C4<0>;
L_0000016a11863bd0 .functor AND 1, L_0000016a11862620, L_0000016a11862b20, C4<1>, C4<1>;
L_0000016a11863a80 .functor AND 1, L_0000016a11862b20, L_0000016a11862580, C4<1>, C4<1>;
L_0000016a11863af0 .functor OR 1, L_0000016a11863bd0, L_0000016a11863a80, C4<0>, C4<0>;
L_0000016a11863b60 .functor AND 1, L_0000016a11862580, L_0000016a11862620, C4<1>, C4<1>;
L_0000016a11863fc0 .functor OR 1, L_0000016a11863af0, L_0000016a11863b60, C4<0>, C4<0>;
v0000016a1185b0e0_0 .net *"_ivl_0", 0 0, L_0000016a118634d0;  1 drivers
v0000016a1185bb80_0 .net *"_ivl_10", 0 0, L_0000016a11863b60;  1 drivers
v0000016a1185ba40_0 .net *"_ivl_4", 0 0, L_0000016a11863bd0;  1 drivers
v0000016a1185b7c0_0 .net *"_ivl_6", 0 0, L_0000016a11863a80;  1 drivers
v0000016a1185b720_0 .net *"_ivl_8", 0 0, L_0000016a11863af0;  1 drivers
v0000016a1185a280_0 .net "a", 0 0, L_0000016a11862620;  1 drivers
v0000016a1185aaa0_0 .net "b", 0 0, L_0000016a11862b20;  1 drivers
v0000016a1185ae60_0 .net "cin", 0 0, L_0000016a11862580;  1 drivers
v0000016a1185bc20_0 .net "cout", 0 0, L_0000016a11863fc0;  1 drivers
v0000016a1185b860_0 .net "sum", 0 0, L_0000016a11863620;  1 drivers
S_0000016a1185c1f0 .scope generate, "fa_loop[8]" "fa_loop[8]" 3 15, 3 15 0, S_0000016a117c6010;
 .timescale 0 0;
P_0000016a117fb130 .param/l "i" 0 3 15, +C4<01000>;
S_0000016a1185c6a0 .scope module, "fa" "full_adder" 3 16, 4 1 0, S_0000016a1185c1f0;
 .timescale 0 0;
    .port_info 0 /INPUT 1 "a";
    .port_info 1 /INPUT 1 "b";
    .port_info 2 /INPUT 1 "cin";
    .port_info 3 /OUTPUT 1 "sum";
    .port_info 4 /OUTPUT 1 "cout";
L_0000016a118632a0 .functor XOR 1, L_0000016a11861ea0, L_0000016a11862d00, C4<0>, C4<0>;
L_0000016a11863310 .functor XOR 1, L_0000016a118632a0, L_0000016a11862760, C4<0>, C4<0>;
L_0000016a11863700 .functor AND 1, L_0000016a11861ea0, L_0000016a11862d00, C4<1>, C4<1>;
L_0000016a118635b0 .functor AND 1, L_0000016a11862d00, L_0000016a11862760, C4<1>, C4<1>;
L_0000016a11863a10 .functor OR 1, L_0000016a11863700, L_0000016a118635b0, C4<0>, C4<0>;
L_0000016a11866b10 .functor AND 1, L_0000016a11862760, L_0000016a11861ea0, C4<1>, C4<1>;
L_0000016a11866950 .functor OR 1, L_0000016a11863a10, L_0000016a11866b10, C4<0>, C4<0>;
v0000016a1185bcc0_0 .net *"_ivl_0", 0 0, L_0000016a118632a0;  1 drivers
v0000016a1185a500_0 .net *"_ivl_10", 0 0, L_0000016a11866b10;  1 drivers
v0000016a1185a000_0 .net *"_ivl_4", 0 0, L_0000016a11863700;  1 drivers
v0000016a1185a8c0_0 .net *"_ivl_6", 0 0, L_0000016a118635b0;  1 drivers
v0000016a1185ab40_0 .net *"_ivl_8", 0 0, L_0000016a11863a10;  1 drivers
v0000016a1185a820_0 .net "a", 0 0, L_0000016a11861ea0;  1 drivers
v0000016a1185abe0_0 .net "b", 0 0, L_0000016a11862d00;  1 drivers
v0000016a1185b680_0 .net "cin", 0 0, L_0000016a11862760;  1 drivers
v0000016a1185bd60_0 .net "cout", 0 0, L_0000016a11866950;  1 drivers
v0000016a1185a1e0_0 .net "sum", 0 0, L_0000016a11863310;  1 drivers
S_0000016a1185c9c0 .scope generate, "fa_loop[9]" "fa_loop[9]" 3 15, 3 15 0, S_0000016a117c6010;
 .timescale 0 0;
P_0000016a117fb2b0 .param/l "i" 0 3 15, +C4<01001>;
S_0000016a1185cb50 .scope module, "fa" "full_adder" 3 16, 4 1 0, S_0000016a1185c9c0;
 .timescale 0 0;
    .port_info 0 /INPUT 1 "a";
    .port_info 1 /INPUT 1 "b";
    .port_info 2 /INPUT 1 "cin";
    .port_info 3 /OUTPUT 1 "sum";
    .port_info 4 /OUTPUT 1 "cout";
L_0000016a11866870 .functor XOR 1, L_0000016a118628a0, L_0000016a118619a0, C4<0>, C4<0>;
L_0000016a118669c0 .functor XOR 1, L_0000016a11866870, L_0000016a11861f40, C4<0>, C4<0>;
L_0000016a11866aa0 .functor AND 1, L_0000016a118628a0, L_0000016a118619a0, C4<1>, C4<1>;
L_0000016a11866a30 .functor AND 1, L_0000016a118619a0, L_0000016a11861f40, C4<1>, C4<1>;
L_0000016a11866330 .functor OR 1, L_0000016a11866aa0, L_0000016a11866a30, C4<0>, C4<0>;
L_0000016a11866640 .functor AND 1, L_0000016a11861f40, L_0000016a118628a0, C4<1>, C4<1>;
L_0000016a118666b0 .functor OR 1, L_0000016a11866330, L_0000016a11866640, C4<0>, C4<0>;
v0000016a11859ec0_0 .net *"_ivl_0", 0 0, L_0000016a11866870;  1 drivers
v0000016a1185bae0_0 .net *"_ivl_10", 0 0, L_0000016a11866640;  1 drivers
v0000016a11859f60_0 .net *"_ivl_4", 0 0, L_0000016a11866aa0;  1 drivers
v0000016a1185b5e0_0 .net *"_ivl_6", 0 0, L_0000016a11866a30;  1 drivers
v0000016a1185b180_0 .net *"_ivl_8", 0 0, L_0000016a11866330;  1 drivers
v0000016a1185af00_0 .net "a", 0 0, L_0000016a118628a0;  1 drivers
v0000016a1185a6e0_0 .net "b", 0 0, L_0000016a118619a0;  1 drivers
v0000016a1185a3c0_0 .net "cin", 0 0, L_0000016a11861f40;  1 drivers
v0000016a1185ac80_0 .net "cout", 0 0, L_0000016a118666b0;  1 drivers
v0000016a1185a780_0 .net "sum", 0 0, L_0000016a118669c0;  1 drivers
S_0000016a1185cce0 .scope generate, "fa_loop[10]" "fa_loop[10]" 3 15, 3 15 0, S_0000016a117c6010;
 .timescale 0 0;
P_0000016a117fb970 .param/l "i" 0 3 15, +C4<01010>;
S_0000016a1185c830 .scope module, "fa" "full_adder" 3 16, 4 1 0, S_0000016a1185cce0;
 .timescale 0 0;
    .port_info 0 /INPUT 1 "a";
    .port_info 1 /INPUT 1 "b";
    .port_info 2 /INPUT 1 "cin";
    .port_info 3 /OUTPUT 1 "sum";
    .port_info 4 /OUTPUT 1 "cout";
L_0000016a11866250 .functor XOR 1, L_0000016a11862a80, L_0000016a11862bc0, C4<0>, C4<0>;
L_0000016a11866f70 .functor XOR 1, L_0000016a11866250, L_0000016a11862c60, C4<0>, C4<0>;
L_0000016a11867050 .functor AND 1, L_0000016a11862a80, L_0000016a11862bc0, C4<1>, C4<1>;
L_0000016a118670c0 .functor AND 1, L_0000016a11862bc0, L_0000016a11862c60, C4<1>, C4<1>;
L_0000016a118664f0 .functor OR 1, L_0000016a11867050, L_0000016a118670c0, C4<0>, C4<0>;
L_0000016a11866560 .functor AND 1, L_0000016a11862c60, L_0000016a11862a80, C4<1>, C4<1>;
L_0000016a118665d0 .functor OR 1, L_0000016a118664f0, L_0000016a11866560, C4<0>, C4<0>;
v0000016a1185a0a0_0 .net *"_ivl_0", 0 0, L_0000016a11866250;  1 drivers
v0000016a1185a960_0 .net *"_ivl_10", 0 0, L_0000016a11866560;  1 drivers
v0000016a1185b220_0 .net *"_ivl_4", 0 0, L_0000016a11867050;  1 drivers
v0000016a1185afa0_0 .net *"_ivl_6", 0 0, L_0000016a118670c0;  1 drivers
v0000016a1185aa00_0 .net *"_ivl_8", 0 0, L_0000016a118664f0;  1 drivers
v0000016a1185ad20_0 .net "a", 0 0, L_0000016a11862a80;  1 drivers
v0000016a1185b040_0 .net "b", 0 0, L_0000016a11862bc0;  1 drivers
v0000016a1185adc0_0 .net "cin", 0 0, L_0000016a11862c60;  1 drivers
v0000016a1185b2c0_0 .net "cout", 0 0, L_0000016a118665d0;  1 drivers
v0000016a1185b360_0 .net "sum", 0 0, L_0000016a11866f70;  1 drivers
S_0000016a1185ce70 .scope generate, "fa_loop[11]" "fa_loop[11]" 3 15, 3 15 0, S_0000016a117c6010;
 .timescale 0 0;
P_0000016a117fb230 .param/l "i" 0 3 15, +C4<01011>;
S_0000016a1185d000 .scope module, "fa" "full_adder" 3 16, 4 1 0, S_0000016a1185ce70;
 .timescale 0 0;
    .port_info 0 /INPUT 1 "a";
    .port_info 1 /INPUT 1 "b";
    .port_info 2 /INPUT 1 "cin";
    .port_info 3 /OUTPUT 1 "sum";
    .port_info 4 /OUTPUT 1 "cout";
L_0000016a11866b80 .functor XOR 1, L_0000016a11868160, L_0000016a11867f80, C4<0>, C4<0>;
L_0000016a11867130 .functor XOR 1, L_0000016a11866b80, L_0000016a11868a20, C4<0>, C4<0>;
L_0000016a11866c60 .functor AND 1, L_0000016a11868160, L_0000016a11867f80, C4<1>, C4<1>;
L_0000016a118662c0 .functor AND 1, L_0000016a11867f80, L_0000016a11868a20, C4<1>, C4<1>;
L_0000016a118663a0 .functor OR 1, L_0000016a11866c60, L_0000016a118662c0, C4<0>, C4<0>;
L_0000016a11866480 .functor AND 1, L_0000016a11868a20, L_0000016a11868160, C4<1>, C4<1>;
L_0000016a118668e0 .functor OR 1, L_0000016a118663a0, L_0000016a11866480, C4<0>, C4<0>;
v0000016a1185b400_0 .net *"_ivl_0", 0 0, L_0000016a11866b80;  1 drivers
v0000016a1185b4a0_0 .net *"_ivl_10", 0 0, L_0000016a11866480;  1 drivers
v0000016a1185a140_0 .net *"_ivl_4", 0 0, L_0000016a11866c60;  1 drivers
v0000016a1185a320_0 .net *"_ivl_6", 0 0, L_0000016a118662c0;  1 drivers
v0000016a1185a5a0_0 .net *"_ivl_8", 0 0, L_0000016a118663a0;  1 drivers
v0000016a1185a640_0 .net "a", 0 0, L_0000016a11868160;  1 drivers
v0000016a1185b540_0 .net "b", 0 0, L_0000016a11867f80;  1 drivers
v0000016a1185ef60_0 .net "cin", 0 0, L_0000016a11868a20;  1 drivers
v0000016a1185d980_0 .net "cout", 0 0, L_0000016a118668e0;  1 drivers
v0000016a1185e9c0_0 .net "sum", 0 0, L_0000016a11867130;  1 drivers
S_0000016a1185c380 .scope generate, "fa_loop[12]" "fa_loop[12]" 3 15, 3 15 0, S_0000016a117c6010;
 .timescale 0 0;
P_0000016a117fb4f0 .param/l "i" 0 3 15, +C4<01100>;
S_0000016a1185c510 .scope module, "fa" "full_adder" 3 16, 4 1 0, S_0000016a1185c380;
 .timescale 0 0;
    .port_info 0 /INPUT 1 "a";
    .port_info 1 /INPUT 1 "b";
    .port_info 2 /INPUT 1 "cin";
    .port_info 3 /OUTPUT 1 "sum";
    .port_info 4 /OUTPUT 1 "cout";
L_0000016a11866410 .functor XOR 1, L_0000016a11867c60, L_0000016a11868020, C4<0>, C4<0>;
L_0000016a11866bf0 .functor XOR 1, L_0000016a11866410, L_0000016a118680c0, C4<0>, C4<0>;
L_0000016a11866720 .functor AND 1, L_0000016a11867c60, L_0000016a11868020, C4<1>, C4<1>;
L_0000016a11866e90 .functor AND 1, L_0000016a11868020, L_0000016a118680c0, C4<1>, C4<1>;
L_0000016a11866790 .functor OR 1, L_0000016a11866720, L_0000016a11866e90, C4<0>, C4<0>;
L_0000016a11866800 .functor AND 1, L_0000016a118680c0, L_0000016a11867c60, C4<1>, C4<1>;
L_0000016a11866cd0 .functor OR 1, L_0000016a11866790, L_0000016a11866800, C4<0>, C4<0>;
v0000016a1185ec40_0 .net *"_ivl_0", 0 0, L_0000016a11866410;  1 drivers
v0000016a1185e560_0 .net *"_ivl_10", 0 0, L_0000016a11866800;  1 drivers
v0000016a1185d520_0 .net *"_ivl_4", 0 0, L_0000016a11866720;  1 drivers
v0000016a1185d340_0 .net *"_ivl_6", 0 0, L_0000016a11866e90;  1 drivers
v0000016a1185d3e0_0 .net *"_ivl_8", 0 0, L_0000016a11866790;  1 drivers
v0000016a1185dac0_0 .net "a", 0 0, L_0000016a11867c60;  1 drivers
v0000016a1185db60_0 .net "b", 0 0, L_0000016a11868020;  1 drivers
v0000016a1185d7a0_0 .net "cin", 0 0, L_0000016a118680c0;  1 drivers
v0000016a1185ea60_0 .net "cout", 0 0, L_0000016a11866cd0;  1 drivers
v0000016a1185f000_0 .net "sum", 0 0, L_0000016a11866bf0;  1 drivers
S_0000016a1185fb70 .scope generate, "fa_loop[13]" "fa_loop[13]" 3 15, 3 15 0, S_0000016a117c6010;
 .timescale 0 0;
P_0000016a117fb3b0 .param/l "i" 0 3 15, +C4<01101>;
S_0000016a1185f210 .scope module, "fa" "full_adder" 3 16, 4 1 0, S_0000016a1185fb70;
 .timescale 0 0;
    .port_info 0 /INPUT 1 "a";
    .port_info 1 /INPUT 1 "b";
    .port_info 2 /INPUT 1 "cin";
    .port_info 3 /OUTPUT 1 "sum";
    .port_info 4 /OUTPUT 1 "cout";
L_0000016a11866d40 .functor XOR 1, L_0000016a11867b20, L_0000016a11867260, C4<0>, C4<0>;
L_0000016a11866f00 .functor XOR 1, L_0000016a11866d40, L_0000016a11867bc0, C4<0>, C4<0>;
L_0000016a11866db0 .functor AND 1, L_0000016a11867b20, L_0000016a11867260, C4<1>, C4<1>;
L_0000016a11866e20 .functor AND 1, L_0000016a11867260, L_0000016a11867bc0, C4<1>, C4<1>;
L_0000016a11866fe0 .functor OR 1, L_0000016a11866db0, L_0000016a11866e20, C4<0>, C4<0>;
L_0000016a1186b670 .functor AND 1, L_0000016a11867bc0, L_0000016a11867b20, C4<1>, C4<1>;
L_0000016a1186b280 .functor OR 1, L_0000016a11866fe0, L_0000016a1186b670, C4<0>, C4<0>;
v0000016a1185e880_0 .net *"_ivl_0", 0 0, L_0000016a11866d40;  1 drivers
v0000016a1185d700_0 .net *"_ivl_10", 0 0, L_0000016a1186b670;  1 drivers
v0000016a1185ed80_0 .net *"_ivl_4", 0 0, L_0000016a11866db0;  1 drivers
v0000016a1185e060_0 .net *"_ivl_6", 0 0, L_0000016a11866e20;  1 drivers
v0000016a1185d840_0 .net *"_ivl_8", 0 0, L_0000016a11866fe0;  1 drivers
v0000016a1185d480_0 .net "a", 0 0, L_0000016a11867b20;  1 drivers
v0000016a1185e100_0 .net "b", 0 0, L_0000016a11867260;  1 drivers
v0000016a1185dc00_0 .net "cin", 0 0, L_0000016a11867bc0;  1 drivers
v0000016a1185d8e0_0 .net "cout", 0 0, L_0000016a1186b280;  1 drivers
v0000016a1185d5c0_0 .net "sum", 0 0, L_0000016a11866f00;  1 drivers
S_0000016a11860fc0 .scope generate, "fa_loop[14]" "fa_loop[14]" 3 15, 3 15 0, S_0000016a117c6010;
 .timescale 0 0;
P_0000016a117fb530 .param/l "i" 0 3 15, +C4<01110>;
S_0000016a11860340 .scope module, "fa" "full_adder" 3 16, 4 1 0, S_0000016a11860fc0;
 .timescale 0 0;
    .port_info 0 /INPUT 1 "a";
    .port_info 1 /INPUT 1 "b";
    .port_info 2 /INPUT 1 "cin";
    .port_info 3 /OUTPUT 1 "sum";
    .port_info 4 /OUTPUT 1 "cout";
L_0000016a1186b830 .functor XOR 1, L_0000016a118687a0, L_0000016a11868200, C4<0>, C4<0>;
L_0000016a1186b600 .functor XOR 1, L_0000016a1186b830, L_0000016a118682a0, C4<0>, C4<0>;
L_0000016a1186bf30 .functor AND 1, L_0000016a118687a0, L_0000016a11868200, C4<1>, C4<1>;
L_0000016a1186b6e0 .functor AND 1, L_0000016a11868200, L_0000016a118682a0, C4<1>, C4<1>;
L_0000016a1186bfa0 .functor OR 1, L_0000016a1186bf30, L_0000016a1186b6e0, C4<0>, C4<0>;
L_0000016a1186be50 .functor AND 1, L_0000016a118682a0, L_0000016a118687a0, C4<1>, C4<1>;
L_0000016a1186c010 .functor OR 1, L_0000016a1186bfa0, L_0000016a1186be50, C4<0>, C4<0>;
v0000016a1185e600_0 .net *"_ivl_0", 0 0, L_0000016a1186b830;  1 drivers
v0000016a1185da20_0 .net *"_ivl_10", 0 0, L_0000016a1186be50;  1 drivers
v0000016a1185d660_0 .net *"_ivl_4", 0 0, L_0000016a1186bf30;  1 drivers
v0000016a1185f0a0_0 .net *"_ivl_6", 0 0, L_0000016a1186b6e0;  1 drivers
v0000016a1185eb00_0 .net *"_ivl_8", 0 0, L_0000016a1186bfa0;  1 drivers
v0000016a1185d200_0 .net "a", 0 0, L_0000016a118687a0;  1 drivers
v0000016a1185df20_0 .net "b", 0 0, L_0000016a11868200;  1 drivers
v0000016a1185e7e0_0 .net "cin", 0 0, L_0000016a118682a0;  1 drivers
v0000016a1185ee20_0 .net "cout", 0 0, L_0000016a1186c010;  1 drivers
v0000016a1185dca0_0 .net "sum", 0 0, L_0000016a1186b600;  1 drivers
S_0000016a1185fd00 .scope generate, "fa_loop[15]" "fa_loop[15]" 3 15, 3 15 0, S_0000016a117c6010;
 .timescale 0 0;
P_0000016a117fb5f0 .param/l "i" 0 3 15, +C4<01111>;
S_0000016a1185f3a0 .scope module, "fa" "full_adder" 3 16, 4 1 0, S_0000016a1185fd00;
 .timescale 0 0;
    .port_info 0 /INPUT 1 "a";
    .port_info 1 /INPUT 1 "b";
    .port_info 2 /INPUT 1 "cin";
    .port_info 3 /OUTPUT 1 "sum";
    .port_info 4 /OUTPUT 1 "cout";
L_0000016a1186bde0 .functor XOR 1, L_0000016a11868c00, L_0000016a11867300, C4<0>, C4<0>;
L_0000016a1186c080 .functor XOR 1, L_0000016a1186bde0, L_0000016a118673a0, C4<0>, C4<0>;
L_0000016a1186b520 .functor AND 1, L_0000016a11868c00, L_0000016a11867300, C4<1>, C4<1>;
L_0000016a1186bec0 .functor AND 1, L_0000016a11867300, L_0000016a118673a0, C4<1>, C4<1>;
L_0000016a1186b440 .functor OR 1, L_0000016a1186b520, L_0000016a1186bec0, C4<0>, C4<0>;
L_0000016a1186c0f0 .functor AND 1, L_0000016a118673a0, L_0000016a11868c00, C4<1>, C4<1>;
L_0000016a1186c160 .functor OR 1, L_0000016a1186b440, L_0000016a1186c0f0, C4<0>, C4<0>;
v0000016a1185eba0_0 .net *"_ivl_0", 0 0, L_0000016a1186bde0;  1 drivers
v0000016a1185dd40_0 .net *"_ivl_10", 0 0, L_0000016a1186c0f0;  1 drivers
v0000016a1185e240_0 .net *"_ivl_4", 0 0, L_0000016a1186b520;  1 drivers
v0000016a1185eec0_0 .net *"_ivl_6", 0 0, L_0000016a1186bec0;  1 drivers
v0000016a1185dde0_0 .net *"_ivl_8", 0 0, L_0000016a1186b440;  1 drivers
v0000016a1185e2e0_0 .net "a", 0 0, L_0000016a11868c00;  1 drivers
v0000016a1185de80_0 .net "b", 0 0, L_0000016a11867300;  1 drivers
v0000016a1185e1a0_0 .net "cin", 0 0, L_0000016a118673a0;  1 drivers
v0000016a1185d2a0_0 .net "cout", 0 0, L_0000016a1186c160;  1 drivers
v0000016a1185dfc0_0 .net "sum", 0 0, L_0000016a1186c080;  1 drivers
# The file index is used to find the file name in the following table.
:file_names 5;
    "N/A";
    "<interactive>";
    "new_four.v";
    "./ripple_carry_adder.v";
    "./full_adder.v";
