#! /c/Source/iverilog-install/bin/vvp
:ivl_version "12.0 (devel)" "(s20150603-1539-g2693dd32b)";
:ivl_delay_selection "TYPICAL";
:vpi_time_precision + 0;
:vpi_module "C:\iverilog\lib\ivl\system.vpi";
:vpi_module "C:\iverilog\lib\ivl\vhdl_sys.vpi";
:vpi_module "C:\iverilog\lib\ivl\vhdl_textio.vpi";
:vpi_module "C:\iverilog\lib\ivl\v2005_math.vpi";
:vpi_module "C:\iverilog\lib\ivl\va_math.vpi";
S_00000232917a2ce0 .scope module, "siso" "siso" 2 1;
 .timescale 0 0;
    .port_info 0 /INPUT 1 "clk";
    .port_info 1 /INPUT 1 "rst";
    .port_info 2 /INPUT 1 "sin";
    .port_info 3 /OUTPUT 1 "sout";
o00000232917d6fd8 .functor BUFZ 1, C4<z>; HiZ drive
v00000232917a2e70_0 .net "clk", 0 0, o00000232917d6fd8;  0 drivers
o00000232917d7008 .functor BUFZ 1, C4<z>; HiZ drive
v00000232917a2f10_0 .net "rst", 0 0, o00000232917d7008;  0 drivers
v00000232917a2fb0_0 .var "shift_reg", 3 0;
o00000232917d7068 .functor BUFZ 1, C4<z>; HiZ drive
v00000232917a3050_0 .net "sin", 0 0, o00000232917d7068;  0 drivers
v000002329181bc40_0 .net "sout", 0 0, L_000002329181bce0;  1 drivers
E_0000023291918330 .event posedge, v00000232917a2f10_0, v00000232917a2e70_0;
L_000002329181bce0 .part v00000232917a2fb0_0, 3, 1;
    .scope S_00000232917a2ce0;
T_0 ;
    %wait E_0000023291918330;
    %load/vec4 v00000232917a2f10_0;
    %flag_set/vec4 8;
    %jmp/0xz  T_0.0, 8;
    %pushi/vec4 0, 0, 4;
    %assign/vec4 v00000232917a2fb0_0, 0;
    %jmp T_0.1;
T_0.0 ;
    %load/vec4 v00000232917a2fb0_0;
    %parti/s 3, 0, 2;
    %load/vec4 v00000232917a3050_0;
    %concat/vec4; draw_concat_vec4
    %assign/vec4 v00000232917a2fb0_0, 0;
T_0.1 ;
    %jmp T_0;
    .thread T_0;
# The file index is used to find the file name in the following table.
:file_names 3;
    "N/A";
    "<interactive>";
    "siso.v";
