#! /c/Source/iverilog-install/bin/vvp
:ivl_version "12.0 (devel)" "(s20150603-1539-g2693dd32b)";
:ivl_delay_selection "TYPICAL";
:vpi_time_precision - 9;
:vpi_module "C:\iverilog\lib\ivl\system.vpi";
:vpi_module "C:\iverilog\lib\ivl\vhdl_sys.vpi";
:vpi_module "C:\iverilog\lib\ivl\vhdl_textio.vpi";
:vpi_module "C:\iverilog\lib\ivl\v2005_math.vpi";
:vpi_module "C:\iverilog\lib\ivl\va_math.vpi";
S_00000179b97e68c0 .scope module, "siso_tb" "siso_tb" 2 4;
 .timescale -9 -9;
v00000179b956a920_0 .var "clk", 0 0;
v00000179b956a9c0_0 .var "rst", 0 0;
v00000179b956aa60_0 .var "sin", 0 0;
v00000179b956ab00_0 .net "sout", 0 0, L_00000179b956aba0;  1 drivers
S_00000179b97e6a50 .scope module, "uut" "siso" 2 9, 3 1 0, S_00000179b97e68c0;
 .timescale -9 -9;
    .port_info 0 /INPUT 1 "clk";
    .port_info 1 /INPUT 1 "rst";
    .port_info 2 /INPUT 1 "sin";
    .port_info 3 /OUTPUT 1 "sout";
v00000179b956a6d0_0 .net "clk", 0 0, v00000179b956a920_0;  1 drivers
v00000179b97b3140_0 .net "rst", 0 0, v00000179b956a9c0_0;  1 drivers
v00000179b97e6be0_0 .var "shift_reg", 3 0;
v00000179b97e6c80_0 .net "sin", 0 0, v00000179b956aa60_0;  1 drivers
v00000179b956a880_0 .net "sout", 0 0, L_00000179b956aba0;  alias, 1 drivers
E_00000179b95689b0 .event posedge, v00000179b97b3140_0, v00000179b956a6d0_0;
L_00000179b956aba0 .part v00000179b97e6be0_0, 3, 1;
    .scope S_00000179b97e6a50;
T_0 ;
    %wait E_00000179b95689b0;
    %load/vec4 v00000179b97b3140_0;
    %flag_set/vec4 8;
    %jmp/0xz  T_0.0, 8;
    %pushi/vec4 0, 0, 4;
    %assign/vec4 v00000179b97e6be0_0, 0;
    %jmp T_0.1;
T_0.0 ;
    %load/vec4 v00000179b97e6be0_0;
    %parti/s 3, 0, 2;
    %load/vec4 v00000179b97e6c80_0;
    %concat/vec4; draw_concat_vec4
    %assign/vec4 v00000179b97e6be0_0, 0;
T_0.1 ;
    %jmp T_0;
    .thread T_0;
    .scope S_00000179b97e68c0;
T_1 ;
    %vpi_call 2 12 "$dumpfile", "siso.vcd" {0 0 0};
    %vpi_call 2 13 "$dumpvars", 32'sb00000000000000000000000000000000, S_00000179b97e68c0 {0 0 0};
    %vpi_call 2 15 "$monitor", "Time: %0t || clk: %b || rst: %b || sin: %b || sout: %b", $time, v00000179b956a920_0, v00000179b956a9c0_0, v00000179b956aa60_0, v00000179b956ab00_0 {0 0 0};
    %pushi/vec4 0, 0, 1;
    %store/vec4 v00000179b956a920_0, 0, 1;
    %pushi/vec4 1, 0, 1;
    %store/vec4 v00000179b956a9c0_0, 0, 1;
    %pushi/vec4 0, 0, 1;
    %store/vec4 v00000179b956aa60_0, 0, 1;
    %delay 10, 0;
    %pushi/vec4 0, 0, 1;
    %store/vec4 v00000179b956a9c0_0, 0, 1;
    %pushi/vec4 1, 0, 1;
    %store/vec4 v00000179b956aa60_0, 0, 1;
    %delay 10, 0;
    %pushi/vec4 0, 0, 1;
    %store/vec4 v00000179b956aa60_0, 0, 1;
    %delay 10, 0;
    %pushi/vec4 1, 0, 1;
    %store/vec4 v00000179b956aa60_0, 0, 1;
    %delay 10, 0;
    %pushi/vec4 1, 0, 1;
    %store/vec4 v00000179b956aa60_0, 0, 1;
    %delay 10, 0;
    %delay 50, 0;
    %vpi_call 2 27 "$finish" {0 0 0};
    %end;
    .thread T_1;
    .scope S_00000179b97e68c0;
T_2 ;
    %delay 5, 0;
    %load/vec4 v00000179b956a920_0;
    %inv;
    %store/vec4 v00000179b956a920_0, 0, 1;
    %jmp T_2;
    .thread T_2;
# The file index is used to find the file name in the following table.
:file_names 4;
    "N/A";
    "<interactive>";
    "siso_tb.v";
    "./siso.v";
