#! /c/Source/iverilog-install/bin/vvp
:ivl_version "12.0 (devel)" "(s20150603-1539-g2693dd32b)";
:ivl_delay_selection "TYPICAL";
:vpi_time_precision - 12;
:vpi_module "C:\iverilog\lib\ivl\system.vpi";
:vpi_module "C:\iverilog\lib\ivl\vhdl_sys.vpi";
:vpi_module "C:\iverilog\lib\ivl\vhdl_textio.vpi";
:vpi_module "C:\iverilog\lib\ivl\v2005_math.vpi";
:vpi_module "C:\iverilog\lib\ivl\va_math.vpi";
S_0000022046ddcda0 .scope module, "tb_full_adder_16bit" "tb_full_adder_16bit" 2 4;
 .timescale -12 -12;
v0000022046e76a60_0 .var "A", 15 0;
v0000022046e75a20_0 .var "B", 15 0;
v0000022046e76380_0 .var "Cin", 0 0;
v0000022046e75de0_0 .net "Cout", 0 0, L_0000022046e7f5a0;  1 drivers
v0000022046e76e20_0 .net "Sum", 15 0, L_0000022046e7b020;  1 drivers
S_0000022046ddcf30 .scope module, "uut" "full_adder_16bit" 2 14, 3 1 0, S_0000022046ddcda0;
 .timescale -12 -12;
    .port_info 0 /INPUT 16 "A";
    .port_info 1 /INPUT 16 "B";
    .port_info 2 /INPUT 1 "Cin";
    .port_info 3 /OUTPUT 16 "Sum";
    .port_info 4 /OUTPUT 1 "Cout";
v0000022046e76ec0_0 .net "A", 15 0, v0000022046e76a60_0;  1 drivers
v0000022046e762e0_0 .net "B", 15 0, v0000022046e75a20_0;  1 drivers
v0000022046e761a0_0 .net "Cin", 0 0, v0000022046e76380_0;  1 drivers
v0000022046e75e80_0 .net "Cout", 0 0, L_0000022046e7f5a0;  alias, 1 drivers
v0000022046e76560_0 .net "Sum", 15 0, L_0000022046e7b020;  alias, 1 drivers
v0000022046e752a0_0 .net "c12", 0 0, L_0000022046e7ebb0;  1 drivers
v0000022046e76920_0 .net "c4", 0 0, L_0000022046e7b5e0;  1 drivers
v0000022046e77140_0 .net "c8", 0 0, L_0000022046e7b2d0;  1 drivers
L_0000022046e79fe0 .part v0000022046e76a60_0, 0, 4;
L_0000022046e7a580 .part v0000022046e75a20_0, 0, 4;
L_0000022046e79e00 .part v0000022046e76a60_0, 4, 4;
L_0000022046e7a4e0 .part v0000022046e75a20_0, 4, 4;
L_0000022046e79ea0 .part v0000022046e76a60_0, 8, 4;
L_0000022046e79a40 .part v0000022046e75a20_0, 8, 4;
L_0000022046e79f40 .part v0000022046e76a60_0, 12, 4;
L_0000022046e79c20 .part v0000022046e75a20_0, 12, 4;
L_0000022046e7b020 .concat8 [ 4 4 4 4], L_0000022046e799a0, L_0000022046e7a6c0, L_0000022046e7b160, L_0000022046e7ad00;
S_0000022046d8dda0 .scope module, "fa1" "full_adder_4bit" 3 13, 3 21 0, S_0000022046ddcf30;
 .timescale -12 -12;
    .port_info 0 /INPUT 4 "A";
    .port_info 1 /INPUT 4 "B";
    .port_info 2 /INPUT 1 "Cin";
    .port_info 3 /OUTPUT 4 "Sum";
    .port_info 4 /OUTPUT 1 "Cout";
v0000022046df1200_0 .net "A", 3 0, L_0000022046e79fe0;  1 drivers
v0000022046deff40_0 .net "B", 3 0, L_0000022046e7a580;  1 drivers
v0000022046df0300_0 .net "Carry", 3 0, L_0000022046e808b0;  1 drivers
v0000022046dea960_0 .net "Cin", 0 0, v0000022046e76380_0;  alias, 1 drivers
v0000022046de9a60_0 .net "Cout", 0 0, L_0000022046e7b5e0;  alias, 1 drivers
v0000022046de9c40_0 .net "Sum", 3 0, L_0000022046e799a0;  1 drivers
o0000022046e17af8 .functor BUFZ 1, C4<z>; HiZ drive
; Elide local net with no drivers, v0000022046e6eae0_0 name=_ivl_39
L_0000022046e75340 .part L_0000022046e79fe0, 0, 1;
L_0000022046e75480 .part L_0000022046e7a580, 0, 1;
L_0000022046e76240 .part L_0000022046e79fe0, 1, 1;
L_0000022046e75520 .part L_0000022046e7a580, 1, 1;
L_0000022046e75840 .part L_0000022046e808b0, 0, 1;
L_0000022046e75ac0 .part L_0000022046e79fe0, 2, 1;
L_0000022046e75b60 .part L_0000022046e7a580, 2, 1;
L_0000022046e7a260 .part L_0000022046e808b0, 1, 1;
L_0000022046e7ada0 .part L_0000022046e79fe0, 3, 1;
L_0000022046e7a080 .part L_0000022046e7a580, 3, 1;
L_0000022046e79540 .part L_0000022046e808b0, 2, 1;
L_0000022046e799a0 .concat8 [ 1 1 1 1], L_0000022046e0ebb0, L_0000022046e0eb40, L_0000022046e0f080, L_0000022046e0e440;
L_0000022046e808b0 .concat [ 1 1 1 1], L_0000022046e0e8a0, L_0000022046e0e980, L_0000022046e0ee50, o0000022046e17af8;
S_0000022046d8df30 .scope module, "fa0" "full_adder" 3 32, 3 40 0, S_0000022046d8dda0;
 .timescale -12 -12;
    .port_info 0 /INPUT 1 "A";
    .port_info 1 /INPUT 1 "B";
    .port_info 2 /INPUT 1 "Cin";
    .port_info 3 /OUTPUT 1 "Sum";
    .port_info 4 /OUTPUT 1 "Cout";
L_0000022046e0ec90 .functor XOR 1, L_0000022046e75340, L_0000022046e75480, C4<0>, C4<0>;
L_0000022046e0ebb0 .functor XOR 1, L_0000022046e0ec90, v0000022046e76380_0, C4<0>, C4<0>;
L_0000022046e0e7c0 .functor AND 1, L_0000022046e75340, L_0000022046e75480, C4<1>, C4<1>;
L_0000022046e0ea60 .functor XOR 1, L_0000022046e75340, L_0000022046e75480, C4<0>, C4<0>;
L_0000022046e0e830 .functor AND 1, v0000022046e76380_0, L_0000022046e0ea60, C4<1>, C4<1>;
L_0000022046e0e8a0 .functor OR 1, L_0000022046e0e7c0, L_0000022046e0e830, C4<0>, C4<0>;
v0000022046e0fae0_0 .net "A", 0 0, L_0000022046e75340;  1 drivers
v0000022046e10f80_0 .net "B", 0 0, L_0000022046e75480;  1 drivers
v0000022046e0ff40_0 .net "Cin", 0 0, v0000022046e76380_0;  alias, 1 drivers
v0000022046e10620_0 .net "Cout", 0 0, L_0000022046e0e8a0;  1 drivers
v0000022046e103a0_0 .net "Sum", 0 0, L_0000022046e0ebb0;  1 drivers
v0000022046e10760_0 .net *"_ivl_0", 0 0, L_0000022046e0ec90;  1 drivers
v0000022046e0f900_0 .net *"_ivl_4", 0 0, L_0000022046e0e7c0;  1 drivers
v0000022046e108a0_0 .net *"_ivl_6", 0 0, L_0000022046e0ea60;  1 drivers
v0000022046e0f540_0 .net *"_ivl_8", 0 0, L_0000022046e0e830;  1 drivers
S_0000022046da2d20 .scope module, "fa1" "full_adder" 3 33, 3 40 0, S_0000022046d8dda0;
 .timescale -12 -12;
    .port_info 0 /INPUT 1 "A";
    .port_info 1 /INPUT 1 "B";
    .port_info 2 /INPUT 1 "Cin";
    .port_info 3 /OUTPUT 1 "Sum";
    .port_info 4 /OUTPUT 1 "Cout";
L_0000022046e0e210 .functor XOR 1, L_0000022046e76240, L_0000022046e75520, C4<0>, C4<0>;
L_0000022046e0eb40 .functor XOR 1, L_0000022046e0e210, L_0000022046e75840, C4<0>, C4<0>;
L_0000022046e0ed00 .functor AND 1, L_0000022046e76240, L_0000022046e75520, C4<1>, C4<1>;
L_0000022046e0eec0 .functor XOR 1, L_0000022046e76240, L_0000022046e75520, C4<0>, C4<0>;
L_0000022046e0e910 .functor AND 1, L_0000022046e75840, L_0000022046e0eec0, C4<1>, C4<1>;
L_0000022046e0e980 .functor OR 1, L_0000022046e0ed00, L_0000022046e0e910, C4<0>, C4<0>;
v0000022046e0f720_0 .net "A", 0 0, L_0000022046e76240;  1 drivers
v0000022046e10120_0 .net "B", 0 0, L_0000022046e75520;  1 drivers
v0000022046e0fb80_0 .net "Cin", 0 0, L_0000022046e75840;  1 drivers
v0000022046e0ffe0_0 .net "Cout", 0 0, L_0000022046e0e980;  1 drivers
v0000022046e10bc0_0 .net "Sum", 0 0, L_0000022046e0eb40;  1 drivers
v0000022046e10940_0 .net *"_ivl_0", 0 0, L_0000022046e0e210;  1 drivers
v0000022046e0fc20_0 .net *"_ivl_4", 0 0, L_0000022046e0ed00;  1 drivers
v0000022046e0fe00_0 .net *"_ivl_6", 0 0, L_0000022046e0eec0;  1 drivers
v0000022046e0f7c0_0 .net *"_ivl_8", 0 0, L_0000022046e0e910;  1 drivers
S_0000022046da2eb0 .scope module, "fa2" "full_adder" 3 34, 3 40 0, S_0000022046d8dda0;
 .timescale -12 -12;
    .port_info 0 /INPUT 1 "A";
    .port_info 1 /INPUT 1 "B";
    .port_info 2 /INPUT 1 "Cin";
    .port_info 3 /OUTPUT 1 "Sum";
    .port_info 4 /OUTPUT 1 "Cout";
L_0000022046e0ead0 .functor XOR 1, L_0000022046e75ac0, L_0000022046e75b60, C4<0>, C4<0>;
L_0000022046e0f080 .functor XOR 1, L_0000022046e0ead0, L_0000022046e7a260, C4<0>, C4<0>;
L_0000022046e0ed70 .functor AND 1, L_0000022046e75ac0, L_0000022046e75b60, C4<1>, C4<1>;
L_0000022046e0e2f0 .functor XOR 1, L_0000022046e75ac0, L_0000022046e75b60, C4<0>, C4<0>;
L_0000022046e0ede0 .functor AND 1, L_0000022046e7a260, L_0000022046e0e2f0, C4<1>, C4<1>;
L_0000022046e0ee50 .functor OR 1, L_0000022046e0ed70, L_0000022046e0ede0, C4<0>, C4<0>;
v0000022046e10a80_0 .net "A", 0 0, L_0000022046e75ac0;  1 drivers
v0000022046e10c60_0 .net "B", 0 0, L_0000022046e75b60;  1 drivers
v0000022046e10260_0 .net "Cin", 0 0, L_0000022046e7a260;  1 drivers
v0000022046e0fd60_0 .net "Cout", 0 0, L_0000022046e0ee50;  1 drivers
v0000022046e0fea0_0 .net "Sum", 0 0, L_0000022046e0f080;  1 drivers
v0000022046e10d00_0 .net *"_ivl_0", 0 0, L_0000022046e0ead0;  1 drivers
v0000022046e10b20_0 .net *"_ivl_4", 0 0, L_0000022046e0ed70;  1 drivers
v0000022046e101c0_0 .net *"_ivl_6", 0 0, L_0000022046e0e2f0;  1 drivers
v0000022046e10080_0 .net *"_ivl_8", 0 0, L_0000022046e0ede0;  1 drivers
S_0000022046da3040 .scope module, "fa3" "full_adder" 3 35, 3 40 0, S_0000022046d8dda0;
 .timescale -12 -12;
    .port_info 0 /INPUT 1 "A";
    .port_info 1 /INPUT 1 "B";
    .port_info 2 /INPUT 1 "Cin";
    .port_info 3 /OUTPUT 1 "Sum";
    .port_info 4 /OUTPUT 1 "Cout";
L_0000022046e0e360 .functor XOR 1, L_0000022046e7ada0, L_0000022046e7a080, C4<0>, C4<0>;
L_0000022046e0e440 .functor XOR 1, L_0000022046e0e360, L_0000022046e79540, C4<0>, C4<0>;
L_0000022046e0e4b0 .functor AND 1, L_0000022046e7ada0, L_0000022046e7a080, C4<1>, C4<1>;
L_0000022046e7bdc0 .functor XOR 1, L_0000022046e7ada0, L_0000022046e7a080, C4<0>, C4<0>;
L_0000022046e7b880 .functor AND 1, L_0000022046e79540, L_0000022046e7bdc0, C4<1>, C4<1>;
L_0000022046e7b5e0 .functor OR 1, L_0000022046e0e4b0, L_0000022046e7b880, C4<0>, C4<0>;
v0000022046e10300_0 .net "A", 0 0, L_0000022046e7ada0;  1 drivers
v0000022046e10e40_0 .net "B", 0 0, L_0000022046e7a080;  1 drivers
v0000022046e01a60_0 .net "Cin", 0 0, L_0000022046e79540;  1 drivers
v0000022046e02140_0 .net "Cout", 0 0, L_0000022046e7b5e0;  alias, 1 drivers
v0000022046e016a0_0 .net "Sum", 0 0, L_0000022046e0e440;  1 drivers
v0000022046e00de0_0 .net *"_ivl_0", 0 0, L_0000022046e0e360;  1 drivers
v0000022046e01100_0 .net *"_ivl_4", 0 0, L_0000022046e0e4b0;  1 drivers
v0000022046e01880_0 .net *"_ivl_6", 0 0, L_0000022046e7bdc0;  1 drivers
v0000022046defb80_0 .net *"_ivl_8", 0 0, L_0000022046e7b880;  1 drivers
S_0000022046e15f80 .scope module, "fa2" "full_adder_4bit" 3 14, 3 21 0, S_0000022046ddcf30;
 .timescale -12 -12;
    .port_info 0 /INPUT 4 "A";
    .port_info 1 /INPUT 4 "B";
    .port_info 2 /INPUT 1 "Cin";
    .port_info 3 /OUTPUT 4 "Sum";
    .port_info 4 /OUTPUT 1 "Cout";
v0000022046e6f940_0 .net "A", 3 0, L_0000022046e79e00;  1 drivers
v0000022046e6ff80_0 .net "B", 3 0, L_0000022046e7a4e0;  1 drivers
v0000022046e6f4e0_0 .net "Carry", 3 0, L_0000022046e80f90;  1 drivers
v0000022046e6f580_0 .net "Cin", 0 0, L_0000022046e7b5e0;  alias, 1 drivers
v0000022046e6f9e0_0 .net "Cout", 0 0, L_0000022046e7b2d0;  alias, 1 drivers
v0000022046e6eb80_0 .net "Sum", 3 0, L_0000022046e7a6c0;  1 drivers
o0000022046e18728 .functor BUFZ 1, C4<z>; HiZ drive
; Elide local net with no drivers, v0000022046e6f080_0 name=_ivl_39
L_0000022046e79d60 .part L_0000022046e79e00, 0, 1;
L_0000022046e79900 .part L_0000022046e7a4e0, 0, 1;
L_0000022046e79cc0 .part L_0000022046e79e00, 1, 1;
L_0000022046e7a300 .part L_0000022046e7a4e0, 1, 1;
L_0000022046e795e0 .part L_0000022046e80f90, 0, 1;
L_0000022046e794a0 .part L_0000022046e79e00, 2, 1;
L_0000022046e7ae40 .part L_0000022046e7a4e0, 2, 1;
L_0000022046e7b0c0 .part L_0000022046e80f90, 1, 1;
L_0000022046e7a620 .part L_0000022046e79e00, 3, 1;
L_0000022046e7a760 .part L_0000022046e7a4e0, 3, 1;
L_0000022046e79720 .part L_0000022046e80f90, 2, 1;
L_0000022046e7a6c0 .concat8 [ 1 1 1 1], L_0000022046e7b6c0, L_0000022046e7bc00, L_0000022046e7bce0, L_0000022046e7bb20;
L_0000022046e80f90 .concat [ 1 1 1 1], L_0000022046e7ba40, L_0000022046e7bb90, L_0000022046e7bab0, o0000022046e18728;
S_0000022046e16110 .scope module, "fa0" "full_adder" 3 32, 3 40 0, S_0000022046e15f80;
 .timescale -12 -12;
    .port_info 0 /INPUT 1 "A";
    .port_info 1 /INPUT 1 "B";
    .port_info 2 /INPUT 1 "Cin";
    .port_info 3 /OUTPUT 1 "Sum";
    .port_info 4 /OUTPUT 1 "Cout";
L_0000022046e7b810 .functor XOR 1, L_0000022046e79d60, L_0000022046e79900, C4<0>, C4<0>;
L_0000022046e7b6c0 .functor XOR 1, L_0000022046e7b810, L_0000022046e7b5e0, C4<0>, C4<0>;
L_0000022046e7b650 .functor AND 1, L_0000022046e79d60, L_0000022046e79900, C4<1>, C4<1>;
L_0000022046e7b490 .functor XOR 1, L_0000022046e79d60, L_0000022046e79900, C4<0>, C4<0>;
L_0000022046e7b3b0 .functor AND 1, L_0000022046e7b5e0, L_0000022046e7b490, C4<1>, C4<1>;
L_0000022046e7ba40 .functor OR 1, L_0000022046e7b650, L_0000022046e7b3b0, C4<0>, C4<0>;
v0000022046e70160_0 .net "A", 0 0, L_0000022046e79d60;  1 drivers
v0000022046e6eea0_0 .net "B", 0 0, L_0000022046e79900;  1 drivers
v0000022046e6fb20_0 .net "Cin", 0 0, L_0000022046e7b5e0;  alias, 1 drivers
v0000022046e70480_0 .net "Cout", 0 0, L_0000022046e7ba40;  1 drivers
v0000022046e6f6c0_0 .net "Sum", 0 0, L_0000022046e7b6c0;  1 drivers
v0000022046e70340_0 .net *"_ivl_0", 0 0, L_0000022046e7b810;  1 drivers
v0000022046e6ecc0_0 .net *"_ivl_4", 0 0, L_0000022046e7b650;  1 drivers
v0000022046e6ed60_0 .net *"_ivl_6", 0 0, L_0000022046e7b490;  1 drivers
v0000022046e6f300_0 .net *"_ivl_8", 0 0, L_0000022046e7b3b0;  1 drivers
S_0000022046e162a0 .scope module, "fa1" "full_adder" 3 33, 3 40 0, S_0000022046e15f80;
 .timescale -12 -12;
    .port_info 0 /INPUT 1 "A";
    .port_info 1 /INPUT 1 "B";
    .port_info 2 /INPUT 1 "Cin";
    .port_info 3 /OUTPUT 1 "Sum";
    .port_info 4 /OUTPUT 1 "Cout";
L_0000022046e7be30 .functor XOR 1, L_0000022046e79cc0, L_0000022046e7a300, C4<0>, C4<0>;
L_0000022046e7bc00 .functor XOR 1, L_0000022046e7be30, L_0000022046e795e0, C4<0>, C4<0>;
L_0000022046e7b730 .functor AND 1, L_0000022046e79cc0, L_0000022046e7a300, C4<1>, C4<1>;
L_0000022046e7c1b0 .functor XOR 1, L_0000022046e79cc0, L_0000022046e7a300, C4<0>, C4<0>;
L_0000022046e7b8f0 .functor AND 1, L_0000022046e795e0, L_0000022046e7c1b0, C4<1>, C4<1>;
L_0000022046e7bb90 .functor OR 1, L_0000022046e7b730, L_0000022046e7b8f0, C4<0>, C4<0>;
v0000022046e70520_0 .net "A", 0 0, L_0000022046e79cc0;  1 drivers
v0000022046e6f260_0 .net "B", 0 0, L_0000022046e7a300;  1 drivers
v0000022046e702a0_0 .net "Cin", 0 0, L_0000022046e795e0;  1 drivers
v0000022046e707a0_0 .net "Cout", 0 0, L_0000022046e7bb90;  1 drivers
v0000022046e703e0_0 .net "Sum", 0 0, L_0000022046e7bc00;  1 drivers
v0000022046e6ec20_0 .net *"_ivl_0", 0 0, L_0000022046e7be30;  1 drivers
v0000022046e6fee0_0 .net *"_ivl_4", 0 0, L_0000022046e7b730;  1 drivers
v0000022046e6ef40_0 .net *"_ivl_6", 0 0, L_0000022046e7c1b0;  1 drivers
v0000022046e70700_0 .net *"_ivl_8", 0 0, L_0000022046e7b8f0;  1 drivers
S_0000022046e16430 .scope module, "fa2" "full_adder" 3 34, 3 40 0, S_0000022046e15f80;
 .timescale -12 -12;
    .port_info 0 /INPUT 1 "A";
    .port_info 1 /INPUT 1 "B";
    .port_info 2 /INPUT 1 "Cin";
    .port_info 3 /OUTPUT 1 "Sum";
    .port_info 4 /OUTPUT 1 "Cout";
L_0000022046e7b960 .functor XOR 1, L_0000022046e794a0, L_0000022046e7ae40, C4<0>, C4<0>;
L_0000022046e7bce0 .functor XOR 1, L_0000022046e7b960, L_0000022046e7b0c0, C4<0>, C4<0>;
L_0000022046e7b7a0 .functor AND 1, L_0000022046e794a0, L_0000022046e7ae40, C4<1>, C4<1>;
L_0000022046e7b420 .functor XOR 1, L_0000022046e794a0, L_0000022046e7ae40, C4<0>, C4<0>;
L_0000022046e7b9d0 .functor AND 1, L_0000022046e7b0c0, L_0000022046e7b420, C4<1>, C4<1>;
L_0000022046e7bab0 .functor OR 1, L_0000022046e7b7a0, L_0000022046e7b9d0, C4<0>, C4<0>;
v0000022046e6f760_0 .net "A", 0 0, L_0000022046e794a0;  1 drivers
v0000022046e705c0_0 .net "B", 0 0, L_0000022046e7ae40;  1 drivers
v0000022046e6f3a0_0 .net "Cin", 0 0, L_0000022046e7b0c0;  1 drivers
v0000022046e70660_0 .net "Cout", 0 0, L_0000022046e7bab0;  1 drivers
v0000022046e6e900_0 .net "Sum", 0 0, L_0000022046e7bce0;  1 drivers
v0000022046e6e9a0_0 .net *"_ivl_0", 0 0, L_0000022046e7b960;  1 drivers
v0000022046e6ee00_0 .net *"_ivl_4", 0 0, L_0000022046e7b7a0;  1 drivers
v0000022046e70020_0 .net *"_ivl_6", 0 0, L_0000022046e7b420;  1 drivers
v0000022046e6efe0_0 .net *"_ivl_8", 0 0, L_0000022046e7b9d0;  1 drivers
S_0000022046e708c0 .scope module, "fa3" "full_adder" 3 35, 3 40 0, S_0000022046e15f80;
 .timescale -12 -12;
    .port_info 0 /INPUT 1 "A";
    .port_info 1 /INPUT 1 "B";
    .port_info 2 /INPUT 1 "Cin";
    .port_info 3 /OUTPUT 1 "Sum";
    .port_info 4 /OUTPUT 1 "Cout";
L_0000022046e7bea0 .functor XOR 1, L_0000022046e7a620, L_0000022046e7a760, C4<0>, C4<0>;
L_0000022046e7bb20 .functor XOR 1, L_0000022046e7bea0, L_0000022046e79720, C4<0>, C4<0>;
L_0000022046e7bd50 .functor AND 1, L_0000022046e7a620, L_0000022046e7a760, C4<1>, C4<1>;
L_0000022046e7bf10 .functor XOR 1, L_0000022046e7a620, L_0000022046e7a760, C4<0>, C4<0>;
L_0000022046e7bf80 .functor AND 1, L_0000022046e79720, L_0000022046e7bf10, C4<1>, C4<1>;
L_0000022046e7b2d0 .functor OR 1, L_0000022046e7bd50, L_0000022046e7bf80, C4<0>, C4<0>;
v0000022046e6f800_0 .net "A", 0 0, L_0000022046e7a620;  1 drivers
v0000022046e6fbc0_0 .net "B", 0 0, L_0000022046e7a760;  1 drivers
v0000022046e6f620_0 .net "Cin", 0 0, L_0000022046e79720;  1 drivers
v0000022046e6fa80_0 .net "Cout", 0 0, L_0000022046e7b2d0;  alias, 1 drivers
v0000022046e6f440_0 .net "Sum", 0 0, L_0000022046e7bb20;  1 drivers
v0000022046e6fc60_0 .net *"_ivl_0", 0 0, L_0000022046e7bea0;  1 drivers
v0000022046e6f8a0_0 .net *"_ivl_4", 0 0, L_0000022046e7bd50;  1 drivers
v0000022046e6fd00_0 .net *"_ivl_6", 0 0, L_0000022046e7bf10;  1 drivers
v0000022046e6ea40_0 .net *"_ivl_8", 0 0, L_0000022046e7bf80;  1 drivers
S_0000022046e70a50 .scope module, "fa3" "full_adder_4bit" 3 15, 3 21 0, S_0000022046ddcf30;
 .timescale -12 -12;
    .port_info 0 /INPUT 4 "A";
    .port_info 1 /INPUT 4 "B";
    .port_info 2 /INPUT 1 "Cin";
    .port_info 3 /OUTPUT 4 "Sum";
    .port_info 4 /OUTPUT 1 "Cout";
v0000022046e72730_0 .net "A", 3 0, L_0000022046e79ea0;  1 drivers
v0000022046e73bd0_0 .net "B", 3 0, L_0000022046e79a40;  1 drivers
v0000022046e72a50_0 .net "Carry", 3 0, L_0000022046e80950;  1 drivers
v0000022046e72f50_0 .net "Cin", 0 0, L_0000022046e7b2d0;  alias, 1 drivers
v0000022046e73950_0 .net "Cout", 0 0, L_0000022046e7ebb0;  alias, 1 drivers
v0000022046e72ff0_0 .net "Sum", 3 0, L_0000022046e7b160;  1 drivers
o0000022046e19358 .functor BUFZ 1, C4<z>; HiZ drive
; Elide local net with no drivers, v0000022046e73c70_0 name=_ivl_39
L_0000022046e79680 .part L_0000022046e79ea0, 0, 1;
L_0000022046e797c0 .part L_0000022046e79a40, 0, 1;
L_0000022046e7aee0 .part L_0000022046e79ea0, 1, 1;
L_0000022046e79860 .part L_0000022046e79a40, 1, 1;
L_0000022046e7a800 .part L_0000022046e80950, 0, 1;
L_0000022046e7a3a0 .part L_0000022046e79ea0, 2, 1;
L_0000022046e7a440 .part L_0000022046e79a40, 2, 1;
L_0000022046e7a8a0 .part L_0000022046e80950, 1, 1;
L_0000022046e79400 .part L_0000022046e79ea0, 3, 1;
L_0000022046e7a9e0 .part L_0000022046e79a40, 3, 1;
L_0000022046e7a940 .part L_0000022046e80950, 2, 1;
L_0000022046e7b160 .concat8 [ 1 1 1 1], L_0000022046e7c0d0, L_0000022046e7e8a0, L_0000022046e7e440, L_0000022046e7ed00;
L_0000022046e80950 .concat [ 1 1 1 1], L_0000022046e7b570, L_0000022046e7e670, L_0000022046e7eb40, o0000022046e19358;
S_0000022046e71bf0 .scope module, "fa0" "full_adder" 3 32, 3 40 0, S_0000022046e70a50;
 .timescale -12 -12;
    .port_info 0 /INPUT 1 "A";
    .port_info 1 /INPUT 1 "B";
    .port_info 2 /INPUT 1 "Cin";
    .port_info 3 /OUTPUT 1 "Sum";
    .port_info 4 /OUTPUT 1 "Cout";
L_0000022046e7c060 .functor XOR 1, L_0000022046e79680, L_0000022046e797c0, C4<0>, C4<0>;
L_0000022046e7c0d0 .functor XOR 1, L_0000022046e7c060, L_0000022046e7b2d0, C4<0>, C4<0>;
L_0000022046e7c140 .functor AND 1, L_0000022046e79680, L_0000022046e797c0, C4<1>, C4<1>;
L_0000022046e7b340 .functor XOR 1, L_0000022046e79680, L_0000022046e797c0, C4<0>, C4<0>;
L_0000022046e7b500 .functor AND 1, L_0000022046e7b2d0, L_0000022046e7b340, C4<1>, C4<1>;
L_0000022046e7b570 .functor OR 1, L_0000022046e7c140, L_0000022046e7b500, C4<0>, C4<0>;
v0000022046e6fda0_0 .net "A", 0 0, L_0000022046e79680;  1 drivers
v0000022046e700c0_0 .net "B", 0 0, L_0000022046e797c0;  1 drivers
v0000022046e6f120_0 .net "Cin", 0 0, L_0000022046e7b2d0;  alias, 1 drivers
v0000022046e70200_0 .net "Cout", 0 0, L_0000022046e7b570;  1 drivers
v0000022046e6fe40_0 .net "Sum", 0 0, L_0000022046e7c0d0;  1 drivers
v0000022046e6f1c0_0 .net *"_ivl_0", 0 0, L_0000022046e7c060;  1 drivers
v0000022046e72af0_0 .net *"_ivl_4", 0 0, L_0000022046e7c140;  1 drivers
v0000022046e73270_0 .net *"_ivl_6", 0 0, L_0000022046e7b340;  1 drivers
v0000022046e72e10_0 .net *"_ivl_8", 0 0, L_0000022046e7b500;  1 drivers
S_0000022046e73d90 .scope module, "fa1" "full_adder" 3 33, 3 40 0, S_0000022046e70a50;
 .timescale -12 -12;
    .port_info 0 /INPUT 1 "A";
    .port_info 1 /INPUT 1 "B";
    .port_info 2 /INPUT 1 "Cin";
    .port_info 3 /OUTPUT 1 "Sum";
    .port_info 4 /OUTPUT 1 "Cout";
L_0000022046e7f080 .functor XOR 1, L_0000022046e7aee0, L_0000022046e79860, C4<0>, C4<0>;
L_0000022046e7e8a0 .functor XOR 1, L_0000022046e7f080, L_0000022046e7a800, C4<0>, C4<0>;
L_0000022046e7f0f0 .functor AND 1, L_0000022046e7aee0, L_0000022046e79860, C4<1>, C4<1>;
L_0000022046e7e590 .functor XOR 1, L_0000022046e7aee0, L_0000022046e79860, C4<0>, C4<0>;
L_0000022046e7ead0 .functor AND 1, L_0000022046e7a800, L_0000022046e7e590, C4<1>, C4<1>;
L_0000022046e7e670 .functor OR 1, L_0000022046e7f0f0, L_0000022046e7ead0, C4<0>, C4<0>;
v0000022046e724b0_0 .net "A", 0 0, L_0000022046e7aee0;  1 drivers
v0000022046e72b90_0 .net "B", 0 0, L_0000022046e79860;  1 drivers
v0000022046e736d0_0 .net "Cin", 0 0, L_0000022046e7a800;  1 drivers
v0000022046e727d0_0 .net "Cout", 0 0, L_0000022046e7e670;  1 drivers
v0000022046e72870_0 .net "Sum", 0 0, L_0000022046e7e8a0;  1 drivers
v0000022046e72690_0 .net *"_ivl_0", 0 0, L_0000022046e7f080;  1 drivers
v0000022046e72c30_0 .net *"_ivl_4", 0 0, L_0000022046e7f0f0;  1 drivers
v0000022046e73450_0 .net *"_ivl_6", 0 0, L_0000022046e7e590;  1 drivers
v0000022046e72230_0 .net *"_ivl_8", 0 0, L_0000022046e7ead0;  1 drivers
S_0000022046e73f20 .scope module, "fa2" "full_adder" 3 34, 3 40 0, S_0000022046e70a50;
 .timescale -12 -12;
    .port_info 0 /INPUT 1 "A";
    .port_info 1 /INPUT 1 "B";
    .port_info 2 /INPUT 1 "Cin";
    .port_info 3 /OUTPUT 1 "Sum";
    .port_info 4 /OUTPUT 1 "Cout";
L_0000022046e7f160 .functor XOR 1, L_0000022046e7a3a0, L_0000022046e7a440, C4<0>, C4<0>;
L_0000022046e7e440 .functor XOR 1, L_0000022046e7f160, L_0000022046e7a8a0, C4<0>, C4<0>;
L_0000022046e7e600 .functor AND 1, L_0000022046e7a3a0, L_0000022046e7a440, C4<1>, C4<1>;
L_0000022046e7e6e0 .functor XOR 1, L_0000022046e7a3a0, L_0000022046e7a440, C4<0>, C4<0>;
L_0000022046e7e750 .functor AND 1, L_0000022046e7a8a0, L_0000022046e7e6e0, C4<1>, C4<1>;
L_0000022046e7eb40 .functor OR 1, L_0000022046e7e600, L_0000022046e7e750, C4<0>, C4<0>;
v0000022046e72eb0_0 .net "A", 0 0, L_0000022046e7a3a0;  1 drivers
v0000022046e73090_0 .net "B", 0 0, L_0000022046e7a440;  1 drivers
v0000022046e739f0_0 .net "Cin", 0 0, L_0000022046e7a8a0;  1 drivers
v0000022046e72910_0 .net "Cout", 0 0, L_0000022046e7eb40;  1 drivers
v0000022046e73770_0 .net "Sum", 0 0, L_0000022046e7e440;  1 drivers
v0000022046e72cd0_0 .net *"_ivl_0", 0 0, L_0000022046e7f160;  1 drivers
v0000022046e729b0_0 .net *"_ivl_4", 0 0, L_0000022046e7e600;  1 drivers
v0000022046e72d70_0 .net *"_ivl_6", 0 0, L_0000022046e7e6e0;  1 drivers
v0000022046e71dd0_0 .net *"_ivl_8", 0 0, L_0000022046e7e750;  1 drivers
S_0000022046e740b0 .scope module, "fa3" "full_adder" 3 35, 3 40 0, S_0000022046e70a50;
 .timescale -12 -12;
    .port_info 0 /INPUT 1 "A";
    .port_info 1 /INPUT 1 "B";
    .port_info 2 /INPUT 1 "Cin";
    .port_info 3 /OUTPUT 1 "Sum";
    .port_info 4 /OUTPUT 1 "Cout";
L_0000022046e7efa0 .functor XOR 1, L_0000022046e79400, L_0000022046e7a9e0, C4<0>, C4<0>;
L_0000022046e7ed00 .functor XOR 1, L_0000022046e7efa0, L_0000022046e7a940, C4<0>, C4<0>;
L_0000022046e7f1d0 .functor AND 1, L_0000022046e79400, L_0000022046e7a9e0, C4<1>, C4<1>;
L_0000022046e7f010 .functor XOR 1, L_0000022046e79400, L_0000022046e7a9e0, C4<0>, C4<0>;
L_0000022046e7e910 .functor AND 1, L_0000022046e7a940, L_0000022046e7f010, C4<1>, C4<1>;
L_0000022046e7ebb0 .functor OR 1, L_0000022046e7f1d0, L_0000022046e7e910, C4<0>, C4<0>;
v0000022046e72370_0 .net "A", 0 0, L_0000022046e79400;  1 drivers
v0000022046e72410_0 .net "B", 0 0, L_0000022046e7a9e0;  1 drivers
v0000022046e722d0_0 .net "Cin", 0 0, L_0000022046e7a940;  1 drivers
v0000022046e725f0_0 .net "Cout", 0 0, L_0000022046e7ebb0;  alias, 1 drivers
v0000022046e73130_0 .net "Sum", 0 0, L_0000022046e7ed00;  1 drivers
v0000022046e73a90_0 .net *"_ivl_0", 0 0, L_0000022046e7efa0;  1 drivers
v0000022046e73b30_0 .net *"_ivl_4", 0 0, L_0000022046e7f1d0;  1 drivers
v0000022046e731d0_0 .net *"_ivl_6", 0 0, L_0000022046e7f010;  1 drivers
v0000022046e72550_0 .net *"_ivl_8", 0 0, L_0000022046e7e910;  1 drivers
S_0000022046e74bf0 .scope module, "fa4" "full_adder_4bit" 3 16, 3 21 0, S_0000022046ddcf30;
 .timescale -12 -12;
    .port_info 0 /INPUT 4 "A";
    .port_info 1 /INPUT 4 "B";
    .port_info 2 /INPUT 1 "Cin";
    .port_info 3 /OUTPUT 4 "Sum";
    .port_info 4 /OUTPUT 1 "Cout";
v0000022046e76600_0 .net "A", 3 0, L_0000022046e79f40;  1 drivers
v0000022046e76740_0 .net "B", 3 0, L_0000022046e79c20;  1 drivers
v0000022046e757a0_0 .net "Carry", 3 0, L_0000022046e81710;  1 drivers
v0000022046e770a0_0 .net "Cin", 0 0, L_0000022046e7ebb0;  alias, 1 drivers
v0000022046e75ca0_0 .net "Cout", 0 0, L_0000022046e7f5a0;  alias, 1 drivers
v0000022046e75d40_0 .net "Sum", 3 0, L_0000022046e7ad00;  1 drivers
o0000022046e19f88 .functor BUFZ 1, C4<z>; HiZ drive
; Elide local net with no drivers, v0000022046e76880_0 name=_ivl_39
L_0000022046e7aa80 .part L_0000022046e79f40, 0, 1;
L_0000022046e7a120 .part L_0000022046e79c20, 0, 1;
L_0000022046e7a1c0 .part L_0000022046e79f40, 1, 1;
L_0000022046e7ab20 .part L_0000022046e79c20, 1, 1;
L_0000022046e7abc0 .part L_0000022046e81710, 0, 1;
L_0000022046e79ae0 .part L_0000022046e79f40, 2, 1;
L_0000022046e792c0 .part L_0000022046e79c20, 2, 1;
L_0000022046e79b80 .part L_0000022046e81710, 1, 1;
L_0000022046e7af80 .part L_0000022046e79f40, 3, 1;
L_0000022046e7ac60 .part L_0000022046e79c20, 3, 1;
L_0000022046e79360 .part L_0000022046e81710, 2, 1;
L_0000022046e7ad00 .concat8 [ 1 1 1 1], L_0000022046e7e2f0, L_0000022046e7e4b0, L_0000022046e7eec0, L_0000022046e801e0;
L_0000022046e81710 .concat [ 1 1 1 1], L_0000022046e7e9f0, L_0000022046e7ef30, L_0000022046e7f450, o0000022046e19f88;
S_0000022046e745b0 .scope module, "fa0" "full_adder" 3 32, 3 40 0, S_0000022046e74bf0;
 .timescale -12 -12;
    .port_info 0 /INPUT 1 "A";
    .port_info 1 /INPUT 1 "B";
    .port_info 2 /INPUT 1 "Cin";
    .port_info 3 /OUTPUT 1 "Sum";
    .port_info 4 /OUTPUT 1 "Cout";
L_0000022046e7ec90 .functor XOR 1, L_0000022046e7aa80, L_0000022046e7a120, C4<0>, C4<0>;
L_0000022046e7e2f0 .functor XOR 1, L_0000022046e7ec90, L_0000022046e7ebb0, C4<0>, C4<0>;
L_0000022046e7e7c0 .functor AND 1, L_0000022046e7aa80, L_0000022046e7a120, C4<1>, C4<1>;
L_0000022046e7e830 .functor XOR 1, L_0000022046e7aa80, L_0000022046e7a120, C4<0>, C4<0>;
L_0000022046e7e980 .functor AND 1, L_0000022046e7ebb0, L_0000022046e7e830, C4<1>, C4<1>;
L_0000022046e7e9f0 .functor OR 1, L_0000022046e7e7c0, L_0000022046e7e980, C4<0>, C4<0>;
v0000022046e71e70_0 .net "A", 0 0, L_0000022046e7aa80;  1 drivers
v0000022046e73310_0 .net "B", 0 0, L_0000022046e7a120;  1 drivers
v0000022046e733b0_0 .net "Cin", 0 0, L_0000022046e7ebb0;  alias, 1 drivers
v0000022046e734f0_0 .net "Cout", 0 0, L_0000022046e7e9f0;  1 drivers
v0000022046e73590_0 .net "Sum", 0 0, L_0000022046e7e2f0;  1 drivers
v0000022046e71f10_0 .net *"_ivl_0", 0 0, L_0000022046e7ec90;  1 drivers
v0000022046e73630_0 .net *"_ivl_4", 0 0, L_0000022046e7e7c0;  1 drivers
v0000022046e71fb0_0 .net *"_ivl_6", 0 0, L_0000022046e7e830;  1 drivers
v0000022046e73810_0 .net *"_ivl_8", 0 0, L_0000022046e7e980;  1 drivers
S_0000022046e74a60 .scope module, "fa1" "full_adder" 3 33, 3 40 0, S_0000022046e74bf0;
 .timescale -12 -12;
    .port_info 0 /INPUT 1 "A";
    .port_info 1 /INPUT 1 "B";
    .port_info 2 /INPUT 1 "Cin";
    .port_info 3 /OUTPUT 1 "Sum";
    .port_info 4 /OUTPUT 1 "Cout";
L_0000022046e7ea60 .functor XOR 1, L_0000022046e7a1c0, L_0000022046e7ab20, C4<0>, C4<0>;
L_0000022046e7e4b0 .functor XOR 1, L_0000022046e7ea60, L_0000022046e7abc0, C4<0>, C4<0>;
L_0000022046e7e360 .functor AND 1, L_0000022046e7a1c0, L_0000022046e7ab20, C4<1>, C4<1>;
L_0000022046e7ed70 .functor XOR 1, L_0000022046e7a1c0, L_0000022046e7ab20, C4<0>, C4<0>;
L_0000022046e7ede0 .functor AND 1, L_0000022046e7abc0, L_0000022046e7ed70, C4<1>, C4<1>;
L_0000022046e7ef30 .functor OR 1, L_0000022046e7e360, L_0000022046e7ede0, C4<0>, C4<0>;
v0000022046e738b0_0 .net "A", 0 0, L_0000022046e7a1c0;  1 drivers
v0000022046e72050_0 .net "B", 0 0, L_0000022046e7ab20;  1 drivers
v0000022046e720f0_0 .net "Cin", 0 0, L_0000022046e7abc0;  1 drivers
v0000022046e72190_0 .net "Cout", 0 0, L_0000022046e7ef30;  1 drivers
v0000022046e76f60_0 .net "Sum", 0 0, L_0000022046e7e4b0;  1 drivers
v0000022046e76420_0 .net *"_ivl_0", 0 0, L_0000022046e7ea60;  1 drivers
v0000022046e758e0_0 .net *"_ivl_4", 0 0, L_0000022046e7e360;  1 drivers
v0000022046e76b00_0 .net *"_ivl_6", 0 0, L_0000022046e7ed70;  1 drivers
v0000022046e75660_0 .net *"_ivl_8", 0 0, L_0000022046e7ede0;  1 drivers
S_0000022046e74420 .scope module, "fa2" "full_adder" 3 34, 3 40 0, S_0000022046e74bf0;
 .timescale -12 -12;
    .port_info 0 /INPUT 1 "A";
    .port_info 1 /INPUT 1 "B";
    .port_info 2 /INPUT 1 "Cin";
    .port_info 3 /OUTPUT 1 "Sum";
    .port_info 4 /OUTPUT 1 "Cout";
L_0000022046e7ee50 .functor XOR 1, L_0000022046e79ae0, L_0000022046e792c0, C4<0>, C4<0>;
L_0000022046e7eec0 .functor XOR 1, L_0000022046e7ee50, L_0000022046e79b80, C4<0>, C4<0>;
L_0000022046e7e3d0 .functor AND 1, L_0000022046e79ae0, L_0000022046e792c0, C4<1>, C4<1>;
L_0000022046e7e520 .functor XOR 1, L_0000022046e79ae0, L_0000022046e792c0, C4<0>, C4<0>;
L_0000022046e80170 .functor AND 1, L_0000022046e79b80, L_0000022046e7e520, C4<1>, C4<1>;
L_0000022046e7f450 .functor OR 1, L_0000022046e7e3d0, L_0000022046e80170, C4<0>, C4<0>;
v0000022046e766a0_0 .net "A", 0 0, L_0000022046e79ae0;  1 drivers
v0000022046e75fc0_0 .net "B", 0 0, L_0000022046e792c0;  1 drivers
v0000022046e75c00_0 .net "Cin", 0 0, L_0000022046e79b80;  1 drivers
v0000022046e75700_0 .net "Cout", 0 0, L_0000022046e7f450;  1 drivers
v0000022046e76ba0_0 .net "Sum", 0 0, L_0000022046e7eec0;  1 drivers
v0000022046e76060_0 .net *"_ivl_0", 0 0, L_0000022046e7ee50;  1 drivers
v0000022046e755c0_0 .net *"_ivl_4", 0 0, L_0000022046e7e3d0;  1 drivers
v0000022046e76100_0 .net *"_ivl_6", 0 0, L_0000022046e7e520;  1 drivers
v0000022046e767e0_0 .net *"_ivl_8", 0 0, L_0000022046e80170;  1 drivers
S_0000022046e74d80 .scope module, "fa3" "full_adder" 3 35, 3 40 0, S_0000022046e74bf0;
 .timescale -12 -12;
    .port_info 0 /INPUT 1 "A";
    .port_info 1 /INPUT 1 "B";
    .port_info 2 /INPUT 1 "Cin";
    .port_info 3 /OUTPUT 1 "Sum";
    .port_info 4 /OUTPUT 1 "Cout";
L_0000022046e7f4c0 .functor XOR 1, L_0000022046e7af80, L_0000022046e7ac60, C4<0>, C4<0>;
L_0000022046e801e0 .functor XOR 1, L_0000022046e7f4c0, L_0000022046e79360, C4<0>, C4<0>;
L_0000022046e7ffb0 .functor AND 1, L_0000022046e7af80, L_0000022046e7ac60, C4<1>, C4<1>;
L_0000022046e7fae0 .functor XOR 1, L_0000022046e7af80, L_0000022046e7ac60, C4<0>, C4<0>;
L_0000022046e80020 .functor AND 1, L_0000022046e79360, L_0000022046e7fae0, C4<1>, C4<1>;
L_0000022046e7f5a0 .functor OR 1, L_0000022046e7ffb0, L_0000022046e80020, C4<0>, C4<0>;
v0000022046e76c40_0 .net "A", 0 0, L_0000022046e7af80;  1 drivers
v0000022046e75f20_0 .net "B", 0 0, L_0000022046e7ac60;  1 drivers
v0000022046e75980_0 .net "Cin", 0 0, L_0000022046e79360;  1 drivers
v0000022046e753e0_0 .net "Cout", 0 0, L_0000022046e7f5a0;  alias, 1 drivers
v0000022046e76ce0_0 .net "Sum", 0 0, L_0000022046e801e0;  1 drivers
v0000022046e77000_0 .net *"_ivl_0", 0 0, L_0000022046e7f4c0;  1 drivers
v0000022046e764c0_0 .net *"_ivl_4", 0 0, L_0000022046e7ffb0;  1 drivers
v0000022046e769c0_0 .net *"_ivl_6", 0 0, L_0000022046e7fae0;  1 drivers
v0000022046e76d80_0 .net *"_ivl_8", 0 0, L_0000022046e80020;  1 drivers
    .scope S_0000022046ddcda0;
T_0 ;
    %pushi/vec4 0, 0, 16;
    %store/vec4 v0000022046e76a60_0, 0, 16;
    %pushi/vec4 0, 0, 16;
    %store/vec4 v0000022046e75a20_0, 0, 16;
    %pushi/vec4 0, 0, 1;
    %store/vec4 v0000022046e76380_0, 0, 1;
    %delay 10, 0;
    %pushi/vec4 1, 0, 16;
    %store/vec4 v0000022046e76a60_0, 0, 16;
    %pushi/vec4 1, 0, 16;
    %store/vec4 v0000022046e75a20_0, 0, 16;
    %pushi/vec4 0, 0, 1;
    %store/vec4 v0000022046e76380_0, 0, 1;
    %delay 10, 0;
    %pushi/vec4 65535, 0, 16;
    %store/vec4 v0000022046e76a60_0, 0, 16;
    %pushi/vec4 1, 0, 16;
    %store/vec4 v0000022046e75a20_0, 0, 16;
    %pushi/vec4 0, 0, 1;
    %store/vec4 v0000022046e76380_0, 0, 1;
    %delay 10, 0;
    %pushi/vec4 4660, 0, 16;
    %store/vec4 v0000022046e76a60_0, 0, 16;
    %pushi/vec4 22136, 0, 16;
    %store/vec4 v0000022046e75a20_0, 0, 16;
    %pushi/vec4 1, 0, 1;
    %store/vec4 v0000022046e76380_0, 0, 1;
    %delay 10, 0;
    %pushi/vec4 43690, 0, 16;
    %store/vec4 v0000022046e76a60_0, 0, 16;
    %pushi/vec4 21845, 0, 16;
    %store/vec4 v0000022046e75a20_0, 0, 16;
    %pushi/vec4 0, 0, 1;
    %store/vec4 v0000022046e76380_0, 0, 1;
    %delay 10, 0;
    %pushi/vec4 32768, 0, 16;
    %store/vec4 v0000022046e76a60_0, 0, 16;
    %pushi/vec4 32767, 0, 16;
    %store/vec4 v0000022046e75a20_0, 0, 16;
    %pushi/vec4 1, 0, 1;
    %store/vec4 v0000022046e76380_0, 0, 1;
    %delay 10, 0;
    %pushi/vec4 65535, 0, 16;
    %store/vec4 v0000022046e76a60_0, 0, 16;
    %pushi/vec4 65535, 0, 16;
    %store/vec4 v0000022046e75a20_0, 0, 16;
    %pushi/vec4 1, 0, 1;
    %store/vec4 v0000022046e76380_0, 0, 1;
    %delay 10, 0;
    %vpi_call 2 53 "$finish" {0 0 0};
    %end;
    .thread T_0;
    .scope S_0000022046ddcda0;
T_1 ;
    %vpi_call 2 58 "$monitor", "Time: %0t | A: %h | B: %h | Cin: %b | Sum: %h | Cout: %b", $time, v0000022046e76a60_0, v0000022046e75a20_0, v0000022046e76380_0, v0000022046e76e20_0, v0000022046e75de0_0 {0 0 0};
    %end;
    .thread T_1;
# The file index is used to find the file name in the following table.
:file_names 4;
    "N/A";
    "<interactive>";
    "16_bit_FA_tb.v";
    "./16_bit_FA.v";
