#! /c/Source/iverilog-install/bin/vvp
:ivl_version "12.0 (devel)" "(s20150603-1539-g2693dd32b)";
:ivl_delay_selection "TYPICAL";
:vpi_time_precision - 9;
:vpi_module "C:\iverilog\lib\ivl\system.vpi";
:vpi_module "C:\iverilog\lib\ivl\vhdl_sys.vpi";
:vpi_module "C:\iverilog\lib\ivl\vhdl_textio.vpi";
:vpi_module "C:\iverilog\lib\ivl\v2005_math.vpi";
:vpi_module "C:\iverilog\lib\ivl\va_math.vpi";
S_0000011cd9f76890 .scope module, "parity_tb" "parity_tb" 2 4;
 .timescale -9 -9;
v0000011cd9fbd830_0 .var "in", 3 0;
v0000011cd9fbd8d0_0 .net "out", 0 0, v0000011cd9f76c50_0;  1 drivers
S_0000011cd9f76a20 .scope module, "uut" "parity_generator" 2 9, 3 1 0, S_0000011cd9f76890;
 .timescale -9 -9;
    .port_info 0 /INPUT 4 "in";
    .port_info 1 /OUTPUT 1 "out";
v0000011cd9f2b920_0 .var/i "count", 31 0;
v0000011cd9f43140_0 .var/i "i", 31 0;
v0000011cd9f76bb0_0 .net "in", 3 0, v0000011cd9fbd830_0;  1 drivers
v0000011cd9f76c50_0 .var "out", 0 0;
E_0000011cd9f65620 .event anyedge, v0000011cd9f76bb0_0, v0000011cd9f2b920_0;
    .scope S_0000011cd9f76a20;
T_0 ;
    %wait E_0000011cd9f65620;
    %pushi/vec4 0, 0, 32;
    %store/vec4 v0000011cd9f2b920_0, 0, 32;
    %pushi/vec4 0, 0, 32;
    %store/vec4 v0000011cd9f43140_0, 0, 32;
T_0.0 ;
    %load/vec4 v0000011cd9f43140_0;
    %cmpi/s 4, 0, 32;
    %jmp/0xz T_0.1, 5;
    %load/vec4 v0000011cd9f76bb0_0;
    %load/vec4 v0000011cd9f43140_0;
    %part/s 1;
    %pad/u 32;
    %cmpi/e 1, 0, 32;
    %jmp/0xz  T_0.2, 4;
    %load/vec4 v0000011cd9f2b920_0;
    %addi 1, 0, 32;
    %store/vec4 v0000011cd9f2b920_0, 0, 32;
T_0.2 ;
    %load/vec4 v0000011cd9f43140_0;
    %addi 1, 0, 32;
    %store/vec4 v0000011cd9f43140_0, 0, 32;
    %jmp T_0.0;
T_0.1 ;
    %load/vec4 v0000011cd9f2b920_0;
    %pushi/vec4 2, 0, 32;
    %mod/s;
    %cmpi/e 0, 0, 32;
    %jmp/0xz  T_0.4, 4;
    %pushi/vec4 1, 0, 1;
    %store/vec4 v0000011cd9f76c50_0, 0, 1;
    %jmp T_0.5;
T_0.4 ;
    %pushi/vec4 0, 0, 1;
    %store/vec4 v0000011cd9f76c50_0, 0, 1;
T_0.5 ;
    %jmp T_0;
    .thread T_0, $push;
    .scope S_0000011cd9f76890;
T_1 ;
    %vpi_call 2 12 "$monitor", "input: %0b || output: %0d", v0000011cd9fbd830_0, v0000011cd9fbd8d0_0 {0 0 0};
    %delay 2, 0;
    %pushi/vec4 13, 0, 4;
    %store/vec4 v0000011cd9fbd830_0, 0, 4;
    %delay 2, 0;
    %pushi/vec4 15, 0, 4;
    %store/vec4 v0000011cd9fbd830_0, 0, 4;
    %delay 2, 0;
    %pushi/vec4 9, 0, 4;
    %store/vec4 v0000011cd9fbd830_0, 0, 4;
    %delay 2, 0;
    %pushi/vec4 8, 0, 4;
    %store/vec4 v0000011cd9fbd830_0, 0, 4;
    %end;
    .thread T_1;
    .scope S_0000011cd9f76890;
T_2 ;
    %vpi_call 2 21 "$dumpfile", "parity.vcd" {0 0 0};
    %vpi_call 2 22 "$dumpvars", 32'sb00000000000000000000000000000000, S_0000011cd9f76890 {0 0 0};
    %end;
    .thread T_2;
# The file index is used to find the file name in the following table.
:file_names 4;
    "N/A";
    "<interactive>";
    "parity_tb.v";
    "./parity.v";
