#! /c/Source/iverilog-install/bin/vvp
:ivl_version "12.0 (devel)" "(s20150603-1539-g2693dd32b)";
:ivl_delay_selection "TYPICAL";
:vpi_time_precision - 9;
:vpi_module "C:\iverilog\lib\ivl\system.vpi";
:vpi_module "C:\iverilog\lib\ivl\vhdl_sys.vpi";
:vpi_module "C:\iverilog\lib\ivl\vhdl_textio.vpi";
:vpi_module "C:\iverilog\lib\ivl\v2005_math.vpi";
:vpi_module "C:\iverilog\lib\ivl\va_math.vpi";
S_000002806bbde8e0 .scope module, "mood_tb" "mood_tb" 2 4;
 .timescale -9 -9;
v000002806bc24a20_0 .net "blink", 0 0, v000002806bbdec00_0;  1 drivers
v000002806bc24ac0_0 .var "brain_wave", 1 0;
v000002806bc24b60_0 .var "clk", 0 0;
v000002806bc24c00_0 .net "rgb", 2 0, v000002806bbdbdc0_0;  1 drivers
v000002806bc24ca0_0 .var "rst", 0 0;
S_000002806bbdea70 .scope module, "uut" "mood" 2 11, 3 1 0, S_000002806bbde8e0;
 .timescale -9 -9;
    .port_info 0 /INPUT 2 "brain_wave";
    .port_info 1 /INPUT 1 "clk";
    .port_info 2 /INPUT 1 "rst";
    .port_info 3 /OUTPUT 3 "rgb";
    .port_info 4 /OUTPUT 1 "blink";
v000002806bbdec00_0 .var "blink", 0 0;
v000002806bbf3140_0 .net "brain_wave", 1 0, v000002806bc24ac0_0;  1 drivers
v000002806bbdeca0_0 .net "clk", 0 0, v000002806bc24b60_0;  1 drivers
v000002806bbdbdc0_0 .var "rgb", 2 0;
v000002806bc24980_0 .net "rst", 0 0, v000002806bc24ca0_0;  1 drivers
E_000002806bc29970 .event posedge, v000002806bc24980_0, v000002806bbdeca0_0;
    .scope S_000002806bbdea70;
T_0 ;
    %wait E_000002806bc29970;
    %load/vec4 v000002806bc24980_0;
    %flag_set/vec4 8;
    %jmp/0xz  T_0.0, 8;
    %pushi/vec4 0, 0, 3;
    %store/vec4 v000002806bbdbdc0_0, 0, 3;
    %pushi/vec4 0, 0, 1;
    %store/vec4 v000002806bbdec00_0, 0, 1;
    %jmp T_0.1;
T_0.0 ;
    %load/vec4 v000002806bbf3140_0;
    %dup/vec4;
    %pushi/vec4 0, 0, 2;
    %cmp/u;
    %jmp/1 T_0.2, 6;
    %dup/vec4;
    %pushi/vec4 1, 0, 2;
    %cmp/u;
    %jmp/1 T_0.3, 6;
    %dup/vec4;
    %pushi/vec4 2, 0, 2;
    %cmp/u;
    %jmp/1 T_0.4, 6;
    %dup/vec4;
    %pushi/vec4 3, 0, 2;
    %cmp/u;
    %jmp/1 T_0.5, 6;
    %jmp T_0.6;
T_0.2 ;
    %pushi/vec4 0, 0, 3;
    %store/vec4 v000002806bbdbdc0_0, 0, 3;
    %pushi/vec4 0, 0, 1;
    %store/vec4 v000002806bbdec00_0, 0, 1;
    %jmp T_0.6;
T_0.3 ;
    %pushi/vec4 2, 0, 3;
    %store/vec4 v000002806bbdbdc0_0, 0, 3;
    %pushi/vec4 0, 0, 1;
    %store/vec4 v000002806bbdec00_0, 0, 1;
    %jmp T_0.6;
T_0.4 ;
    %pushi/vec4 4, 0, 3;
    %store/vec4 v000002806bbdbdc0_0, 0, 3;
    %pushi/vec4 1, 0, 1;
    %store/vec4 v000002806bbdec00_0, 0, 1;
    %jmp T_0.6;
T_0.5 ;
    %pushi/vec4 5, 0, 3;
    %store/vec4 v000002806bbdbdc0_0, 0, 3;
    %pushi/vec4 1, 0, 1;
    %store/vec4 v000002806bbdec00_0, 0, 1;
    %jmp T_0.6;
T_0.6 ;
    %pop/vec4 1;
T_0.1 ;
    %jmp T_0;
    .thread T_0;
    .scope S_000002806bbde8e0;
T_1 ;
    %vpi_call 2 14 "$dumpfile", "mood.vcd" {0 0 0};
    %vpi_call 2 15 "$dumpvars", 32'sb00000000000000000000000000000000, S_000002806bbde8e0 {0 0 0};
    %vpi_call 2 17 "$monitor", "Time: %0t || rst: %0b || brain_wave: %02b || rgb: %03b || blink: %0b", $time, v000002806bc24ca0_0, v000002806bc24ac0_0, v000002806bc24c00_0, v000002806bc24a20_0 {0 0 0};
    %pushi/vec4 0, 0, 1;
    %store/vec4 v000002806bc24b60_0, 0, 1;
    %pushi/vec4 1, 0, 1;
    %store/vec4 v000002806bc24ca0_0, 0, 1;
    %pushi/vec4 0, 0, 2;
    %store/vec4 v000002806bc24ac0_0, 0, 2;
    %delay 5, 0;
    %pushi/vec4 0, 0, 1;
    %store/vec4 v000002806bc24ca0_0, 0, 1;
    %delay 8, 0;
    %pushi/vec4 0, 0, 2;
    %store/vec4 v000002806bc24ac0_0, 0, 2;
    %delay 10, 0;
    %pushi/vec4 0, 0, 2;
    %store/vec4 v000002806bc24ac0_0, 0, 2;
    %delay 10, 0;
    %pushi/vec4 1, 0, 2;
    %store/vec4 v000002806bc24ac0_0, 0, 2;
    %delay 10, 0;
    %pushi/vec4 2, 0, 2;
    %store/vec4 v000002806bc24ac0_0, 0, 2;
    %delay 10, 0;
    %pushi/vec4 3, 0, 2;
    %store/vec4 v000002806bc24ac0_0, 0, 2;
    %delay 10, 0;
    %vpi_call 2 30 "$finish" {0 0 0};
    %end;
    .thread T_1;
    .scope S_000002806bbde8e0;
T_2 ;
    %delay 5, 0;
    %load/vec4 v000002806bc24b60_0;
    %inv;
    %store/vec4 v000002806bc24b60_0, 0, 1;
    %jmp T_2;
    .thread T_2;
# The file index is used to find the file name in the following table.
:file_names 4;
    "N/A";
    "<interactive>";
    "mood_tb.v";
    "./mood.v";
