#! /c/Source/iverilog-install/bin/vvp
:ivl_version "12.0 (devel)" "(s20150603-1539-g2693dd32b)";
:ivl_delay_selection "TYPICAL";
:vpi_time_precision + 0;
:vpi_module "C:\iverilog\lib\ivl\system.vpi";
:vpi_module "C:\iverilog\lib\ivl\vhdl_sys.vpi";
:vpi_module "C:\iverilog\lib\ivl\vhdl_textio.vpi";
:vpi_module "C:\iverilog\lib\ivl\v2005_math.vpi";
:vpi_module "C:\iverilog\lib\ivl\va_math.vpi";
S_0000026a3ebb2df0 .scope module, "mood" "mood" 2 1;
 .timescale 0 0;
    .port_info 0 /INPUT 2 "brain_wave";
    .port_info 1 /INPUT 1 "clk";
    .port_info 2 /INPUT 1 "rst";
    .port_info 3 /OUTPUT 3 "rgb";
    .port_info 4 /OUTPUT 1 "blink";
v0000026a3ebb2f80_0 .var "blink", 0 0;
o0000026a3ebe7008 .functor BUFZ 2, C4<zz>; HiZ drive
v0000026a3eb9bd70_0 .net "brain_wave", 1 0, o0000026a3ebe7008;  0 drivers
o0000026a3ebe7038 .functor BUFZ 1, C4<z>; HiZ drive
v0000026a3eb9be10_0 .net "clk", 0 0, o0000026a3ebe7038;  0 drivers
v0000026a3ebb3020_0 .var "rgb", 2 0;
o0000026a3ebe7098 .functor BUFZ 1, C4<z>; HiZ drive
v0000026a3ebb30c0_0 .net "rst", 0 0, o0000026a3ebe7098;  0 drivers
E_0000026a3eb9c520 .event posedge, v0000026a3ebb30c0_0, v0000026a3eb9be10_0;
    .scope S_0000026a3ebb2df0;
T_0 ;
    %wait E_0000026a3eb9c520;
    %load/vec4 v0000026a3ebb30c0_0;
    %flag_set/vec4 8;
    %jmp/0xz  T_0.0, 8;
    %pushi/vec4 0, 0, 3;
    %store/vec4 v0000026a3ebb3020_0, 0, 3;
    %pushi/vec4 0, 0, 1;
    %store/vec4 v0000026a3ebb2f80_0, 0, 1;
    %jmp T_0.1;
T_0.0 ;
    %load/vec4 v0000026a3eb9bd70_0;
    %dup/vec4;
    %pushi/vec4 0, 0, 2;
    %cmp/u;
    %jmp/1 T_0.2, 6;
    %dup/vec4;
    %pushi/vec4 1, 0, 2;
    %cmp/u;
    %jmp/1 T_0.3, 6;
    %dup/vec4;
    %pushi/vec4 2, 0, 2;
    %cmp/u;
    %jmp/1 T_0.4, 6;
    %dup/vec4;
    %pushi/vec4 3, 0, 2;
    %cmp/u;
    %jmp/1 T_0.5, 6;
    %jmp T_0.6;
T_0.2 ;
    %pushi/vec4 0, 0, 3;
    %store/vec4 v0000026a3ebb3020_0, 0, 3;
    %pushi/vec4 0, 0, 1;
    %store/vec4 v0000026a3ebb2f80_0, 0, 1;
    %jmp T_0.6;
T_0.3 ;
    %pushi/vec4 2, 0, 3;
    %store/vec4 v0000026a3ebb3020_0, 0, 3;
    %pushi/vec4 0, 0, 1;
    %store/vec4 v0000026a3ebb2f80_0, 0, 1;
    %jmp T_0.6;
T_0.4 ;
    %pushi/vec4 4, 0, 3;
    %store/vec4 v0000026a3ebb3020_0, 0, 3;
    %pushi/vec4 1, 0, 1;
    %store/vec4 v0000026a3ebb2f80_0, 0, 1;
    %jmp T_0.6;
T_0.5 ;
    %pushi/vec4 5, 0, 3;
    %store/vec4 v0000026a3ebb3020_0, 0, 3;
    %pushi/vec4 1, 0, 1;
    %store/vec4 v0000026a3ebb2f80_0, 0, 1;
    %jmp T_0.6;
T_0.6 ;
    %pop/vec4 1;
T_0.1 ;
    %jmp T_0;
    .thread T_0;
# The file index is used to find the file name in the following table.
:file_names 3;
    "N/A";
    "<interactive>";
    "mood.v";
