#! /c/Source/iverilog-install/bin/vvp
:ivl_version "12.0 (devel)" "(s20150603-1539-g2693dd32b)";
:ivl_delay_selection "TYPICAL";
:vpi_time_precision - 9;
:vpi_module "C:\iverilog\lib\ivl\system.vpi";
:vpi_module "C:\iverilog\lib\ivl\vhdl_sys.vpi";
:vpi_module "C:\iverilog\lib\ivl\vhdl_textio.vpi";
:vpi_module "C:\iverilog\lib\ivl\v2005_math.vpi";
:vpi_module "C:\iverilog\lib\ivl\va_math.vpi";
S_000001a1fed67cd0 .scope module, "music_player_tb" "music_player_tb" 2 4;
 .timescale -9 -9;
v000001a1fed74950_0 .var "clk", 0 0;
v000001a1fed749f0_0 .net "is_playing", 0 0, v000001a1fed43120_0;  1 drivers
v000001a1fed74a90_0 .var "next", 0 0;
v000001a1fed74b30_0 .var "play_pause", 0 0;
v000001a1fed74bd0_0 .var "prev", 0 0;
v000001a1fedccc50_0 .var "rst", 0 0;
v000001a1fedccbb0_0 .net "song", 1 0, v000001a1fed74810_0;  1 drivers
S_000001a1fed68a10 .scope module, "uut" "music_player" 2 10, 3 1 0, S_000001a1fed67cd0;
 .timescale -9 -9;
    .port_info 0 /INPUT 1 "clk";
    .port_info 1 /INPUT 1 "rst";
    .port_info 2 /INPUT 1 "play_pause";
    .port_info 3 /INPUT 1 "next";
    .port_info 4 /INPUT 1 "prev";
    .port_info 5 /OUTPUT 1 "is_playing";
    .port_info 6 /OUTPUT 2 "song";
P_000001a1fed7a790 .param/l "IDLE" 0 3 13, C4<00>;
P_000001a1fed7a7c8 .param/l "NEXT" 0 3 13, C4<00>;
P_000001a1fed7a800 .param/l "PAUSE" 0 3 13, C4<10>;
P_000001a1fed7a838 .param/l "PLAYING" 0 3 13, C4<01>;
v000001a1fed68ba0_0 .net "clk", 0 0, v000001a1fed74950_0;  1 drivers
v000001a1fed43120_0 .var "is_playing", 0 0;
v000001a1fed7a880_0 .net "next", 0 0, v000001a1fed74a90_0;  1 drivers
v000001a1fed7a920_0 .var "next_state", 1 0;
v000001a1fed7a9c0_0 .net "play_pause", 0 0, v000001a1fed74b30_0;  1 drivers
v000001a1fed7aa60_0 .net "prev", 0 0, v000001a1fed74bd0_0;  1 drivers
v000001a1fed7ab00_0 .net "rst", 0 0, v000001a1fedccc50_0;  1 drivers
v000001a1fed74810_0 .var "song", 1 0;
v000001a1fed748b0_0 .var "state", 1 0;
E_000001a1fed6adf0 .event anyedge, v000001a1fed748b0_0, v000001a1fed43120_0;
E_000001a1fed6b3f0 .event posedge, v000001a1fed7ab00_0, v000001a1fed68ba0_0;
    .scope S_000001a1fed68a10;
T_0 ;
    %wait E_000001a1fed6b3f0;
    %load/vec4 v000001a1fed7ab00_0;
    %flag_set/vec4 8;
    %jmp/0xz  T_0.0, 8;
    %pushi/vec4 0, 0, 1;
    %assign/vec4 v000001a1fed43120_0, 0;
    %pushi/vec4 0, 0, 2;
    %assign/vec4 v000001a1fed74810_0, 0;
    %pushi/vec4 0, 0, 2;
    %assign/vec4 v000001a1fed748b0_0, 0;
    %jmp T_0.1;
T_0.0 ;
    %load/vec4 v000001a1fed7a920_0;
    %assign/vec4 v000001a1fed748b0_0, 0;
T_0.1 ;
    %load/vec4 v000001a1fed7a9c0_0;
    %flag_set/vec4 8;
    %jmp/0xz  T_0.2, 8;
    %load/vec4 v000001a1fed43120_0;
    %inv;
    %store/vec4 v000001a1fed43120_0, 0, 1;
T_0.2 ;
    %load/vec4 v000001a1fed43120_0;
    %flag_set/vec4 8;
    %jmp/0xz  T_0.4, 8;
    %load/vec4 v000001a1fed7a880_0;
    %flag_set/vec4 9;
    %flag_get/vec4 9;
    %jmp/0 T_0.8, 9;
    %load/vec4 v000001a1fed7aa60_0;
    %nor/r;
    %and;
T_0.8;
    %flag_set/vec4 8;
    %jmp/0xz  T_0.6, 8;
    %load/vec4 v000001a1fed74810_0;
    %cmpi/e 3, 0, 2;
    %flag_mov 8, 4;
    %jmp/0 T_0.9, 8;
    %pushi/vec4 0, 0, 2;
    %jmp/1 T_0.10, 8;
T_0.9 ; End of true expr.
    %load/vec4 v000001a1fed74810_0;
    %addi 1, 0, 2;
    %jmp/0 T_0.10, 8;
 ; End of false expr.
    %blend;
T_0.10;
    %assign/vec4 v000001a1fed74810_0, 0;
    %jmp T_0.7;
T_0.6 ;
    %load/vec4 v000001a1fed7a880_0;
    %nor/r;
    %flag_set/vec4 9;
    %flag_get/vec4 9;
    %jmp/0 T_0.13, 9;
    %load/vec4 v000001a1fed7aa60_0;
    %and;
T_0.13;
    %flag_set/vec4 8;
    %jmp/0xz  T_0.11, 8;
    %load/vec4 v000001a1fed74810_0;
    %cmpi/e 0, 0, 2;
    %flag_mov 8, 4;
    %jmp/0 T_0.14, 8;
    %pushi/vec4 3, 0, 3;
    %jmp/1 T_0.15, 8;
T_0.14 ; End of true expr.
    %load/vec4 v000001a1fed74810_0;
    %pad/u 3;
    %subi 1, 0, 3;
    %jmp/0 T_0.15, 8;
 ; End of false expr.
    %blend;
T_0.15;
    %pad/u 2;
    %assign/vec4 v000001a1fed74810_0, 0;
T_0.11 ;
T_0.7 ;
T_0.4 ;
    %jmp T_0;
    .thread T_0;
    .scope S_000001a1fed68a10;
T_1 ;
    %wait E_000001a1fed6adf0;
    %load/vec4 v000001a1fed748b0_0;
    %dup/vec4;
    %pushi/vec4 0, 0, 2;
    %cmp/u;
    %jmp/1 T_1.0, 6;
    %dup/vec4;
    %pushi/vec4 1, 0, 2;
    %cmp/u;
    %jmp/1 T_1.1, 6;
    %dup/vec4;
    %pushi/vec4 2, 0, 2;
    %cmp/u;
    %jmp/1 T_1.2, 6;
    %jmp T_1.3;
T_1.0 ;
    %load/vec4 v000001a1fed43120_0;
    %cmpi/e 1, 0, 1;
    %flag_mov 8, 4;
    %jmp/0 T_1.4, 8;
    %pushi/vec4 1, 0, 2;
    %jmp/1 T_1.5, 8;
T_1.4 ; End of true expr.
    %pushi/vec4 0, 0, 2;
    %jmp/0 T_1.5, 8;
 ; End of false expr.
    %blend;
T_1.5;
    %store/vec4 v000001a1fed7a920_0, 0, 2;
    %jmp T_1.3;
T_1.1 ;
    %load/vec4 v000001a1fed43120_0;
    %cmpi/e 1, 0, 1;
    %flag_mov 8, 4;
    %jmp/0 T_1.6, 8;
    %pushi/vec4 1, 0, 2;
    %jmp/1 T_1.7, 8;
T_1.6 ; End of true expr.
    %pushi/vec4 2, 0, 2;
    %jmp/0 T_1.7, 8;
 ; End of false expr.
    %blend;
T_1.7;
    %store/vec4 v000001a1fed7a920_0, 0, 2;
    %jmp T_1.3;
T_1.2 ;
    %load/vec4 v000001a1fed43120_0;
    %cmpi/e 1, 0, 1;
    %flag_mov 8, 4;
    %jmp/0 T_1.8, 8;
    %pushi/vec4 1, 0, 2;
    %jmp/1 T_1.9, 8;
T_1.8 ; End of true expr.
    %pushi/vec4 2, 0, 2;
    %jmp/0 T_1.9, 8;
 ; End of false expr.
    %blend;
T_1.9;
    %store/vec4 v000001a1fed7a920_0, 0, 2;
    %jmp T_1.3;
T_1.3 ;
    %pop/vec4 1;
    %jmp T_1;
    .thread T_1, $push;
    .scope S_000001a1fed67cd0;
T_2 ;
    %vpi_call 2 13 "$dumpfile", "music_player.vcd" {0 0 0};
    %vpi_call 2 14 "$dumpvars", 32'sb00000000000000000000000000000000, S_000001a1fed67cd0 {0 0 0};
    %vpi_call 2 16 "$monitor", "Time: %0t || play_pause: %0b || next: %0b || prev: %0b || is_playing: %0b || song: %0d", $time, v000001a1fed74b30_0, v000001a1fed74a90_0, v000001a1fed74bd0_0, v000001a1fed749f0_0, v000001a1fedccbb0_0 {0 0 0};
    %pushi/vec4 0, 0, 1;
    %store/vec4 v000001a1fed74950_0, 0, 1;
    %pushi/vec4 1, 0, 1;
    %store/vec4 v000001a1fedccc50_0, 0, 1;
    %pushi/vec4 0, 0, 1;
    %store/vec4 v000001a1fed74b30_0, 0, 1;
    %pushi/vec4 0, 0, 1;
    %store/vec4 v000001a1fed74a90_0, 0, 1;
    %pushi/vec4 0, 0, 1;
    %store/vec4 v000001a1fed74bd0_0, 0, 1;
    %delay 5, 0;
    %pushi/vec4 0, 0, 1;
    %store/vec4 v000001a1fedccc50_0, 0, 1;
    %delay 5, 0;
    %pushi/vec4 1, 0, 1;
    %store/vec4 v000001a1fed74b30_0, 0, 1;
    %pushi/vec4 0, 0, 1;
    %store/vec4 v000001a1fed74a90_0, 0, 1;
    %pushi/vec4 0, 0, 1;
    %store/vec4 v000001a1fed74bd0_0, 0, 1;
    %delay 10, 0;
    %pushi/vec4 0, 0, 1;
    %store/vec4 v000001a1fed74b30_0, 0, 1;
    %delay 10, 0;
    %pushi/vec4 0, 0, 1;
    %store/vec4 v000001a1fed74b30_0, 0, 1;
    %pushi/vec4 1, 0, 1;
    %store/vec4 v000001a1fed74a90_0, 0, 1;
    %pushi/vec4 0, 0, 1;
    %store/vec4 v000001a1fed74bd0_0, 0, 1;
    %delay 10, 0;
    %pushi/vec4 0, 0, 1;
    %store/vec4 v000001a1fed74a90_0, 0, 1;
    %delay 10, 0;
    %pushi/vec4 0, 0, 1;
    %store/vec4 v000001a1fed74b30_0, 0, 1;
    %pushi/vec4 1, 0, 1;
    %store/vec4 v000001a1fed74a90_0, 0, 1;
    %pushi/vec4 0, 0, 1;
    %store/vec4 v000001a1fed74bd0_0, 0, 1;
    %delay 10, 0;
    %pushi/vec4 0, 0, 1;
    %store/vec4 v000001a1fed74a90_0, 0, 1;
    %delay 10, 0;
    %pushi/vec4 0, 0, 1;
    %store/vec4 v000001a1fed74b30_0, 0, 1;
    %pushi/vec4 0, 0, 1;
    %store/vec4 v000001a1fed74a90_0, 0, 1;
    %pushi/vec4 1, 0, 1;
    %store/vec4 v000001a1fed74bd0_0, 0, 1;
    %delay 10, 0;
    %pushi/vec4 0, 0, 1;
    %store/vec4 v000001a1fed74bd0_0, 0, 1;
    %delay 10, 0;
    %pushi/vec4 1, 0, 1;
    %store/vec4 v000001a1fed74b30_0, 0, 1;
    %pushi/vec4 0, 0, 1;
    %store/vec4 v000001a1fed74a90_0, 0, 1;
    %pushi/vec4 0, 0, 1;
    %store/vec4 v000001a1fed74bd0_0, 0, 1;
    %delay 10, 0;
    %pushi/vec4 0, 0, 1;
    %store/vec4 v000001a1fed74b30_0, 0, 1;
    %delay 10, 0;
    %vpi_call 2 45 "$finish" {0 0 0};
    %end;
    .thread T_2;
    .scope S_000001a1fed67cd0;
T_3 ;
    %delay 5, 0;
    %load/vec4 v000001a1fed74950_0;
    %inv;
    %store/vec4 v000001a1fed74950_0, 0, 1;
    %jmp T_3;
    .thread T_3;
# The file index is used to find the file name in the following table.
:file_names 4;
    "N/A";
    "<interactive>";
    "music_player_tb.v";
    "./music_player.v";
