#! /c/Source/iverilog-install/bin/vvp
:ivl_version "12.0 (devel)" "(s20150603-1539-g2693dd32b)";
:ivl_delay_selection "TYPICAL";
:vpi_time_precision + 0;
:vpi_module "C:\iverilog\lib\ivl\system.vpi";
:vpi_module "C:\iverilog\lib\ivl\vhdl_sys.vpi";
:vpi_module "C:\iverilog\lib\ivl\vhdl_textio.vpi";
:vpi_module "C:\iverilog\lib\ivl\v2005_math.vpi";
:vpi_module "C:\iverilog\lib\ivl\va_math.vpi";
S_0000027ca5f12df0 .scope module, "music_player" "music_player" 2 1;
 .timescale 0 0;
    .port_info 0 /INPUT 1 "clk";
    .port_info 1 /INPUT 1 "rst";
    .port_info 2 /INPUT 1 "play_pause";
    .port_info 3 /INPUT 1 "next";
    .port_info 4 /INPUT 1 "prev";
    .port_info 5 /OUTPUT 1 "is_playing";
    .port_info 6 /OUTPUT 2 "song";
P_0000027ca5f12f80 .param/l "IDLE" 0 2 14, C4<00>;
P_0000027ca5f12fb8 .param/l "NEXT" 0 2 14, C4<00>;
P_0000027ca5f12ff0 .param/l "PAUSE" 0 2 14, C4<10>;
P_0000027ca5f13028 .param/l "PLAYING" 0 2 14, C4<01>;
o0000027ca5f49f98 .functor BUFZ 1, C4<z>; HiZ drive
v0000027ca5ebb5f0_0 .net "clk", 0 0, o0000027ca5f49f98;  0 drivers
v0000027ca5f44d00_0 .var "is_playing", 0 0;
o0000027ca5f49ff8 .functor BUFZ 1, C4<z>; HiZ drive
v0000027ca5f44da0_0 .net "next", 0 0, o0000027ca5f49ff8;  0 drivers
v0000027ca5f44e40_0 .var "next_state", 1 0;
o0000027ca5f4a058 .functor BUFZ 1, C4<z>; HiZ drive
v0000027ca5f44ee0_0 .net "play_pause", 0 0, o0000027ca5f4a058;  0 drivers
o0000027ca5f4a088 .functor BUFZ 1, C4<z>; HiZ drive
v0000027ca5f44f80_0 .net "prev", 0 0, o0000027ca5f4a088;  0 drivers
o0000027ca5f4a0b8 .functor BUFZ 1, C4<z>; HiZ drive
v0000027ca5ebb690_0 .net "rst", 0 0, o0000027ca5f4a0b8;  0 drivers
v0000027ca5ebb730_0 .var "song", 1 0;
v0000027ca5ebbbe0_0 .var "state", 1 0;
E_0000027ca5eb8590 .event anyedge, v0000027ca5ebbbe0_0, v0000027ca5f44d00_0;
E_0000027ca5eb8b10 .event posedge, v0000027ca5ebb690_0, v0000027ca5ebb5f0_0;
    .scope S_0000027ca5f12df0;
T_0 ;
    %wait E_0000027ca5eb8b10;
    %load/vec4 v0000027ca5ebb690_0;
    %flag_set/vec4 8;
    %jmp/0xz  T_0.0, 8;
    %pushi/vec4 0, 0, 1;
    %assign/vec4 v0000027ca5f44d00_0, 0;
    %pushi/vec4 0, 0, 2;
    %assign/vec4 v0000027ca5ebb730_0, 0;
    %pushi/vec4 0, 0, 2;
    %assign/vec4 v0000027ca5ebbbe0_0, 0;
    %jmp T_0.1;
T_0.0 ;
    %load/vec4 v0000027ca5f44e40_0;
    %assign/vec4 v0000027ca5ebbbe0_0, 0;
T_0.1 ;
    %load/vec4 v0000027ca5f44ee0_0;
    %flag_set/vec4 8;
    %jmp/0xz  T_0.2, 8;
    %load/vec4 v0000027ca5f44d00_0;
    %inv;
    %store/vec4 v0000027ca5f44d00_0, 0, 1;
T_0.2 ;
    %load/vec4 v0000027ca5f44d00_0;
    %flag_set/vec4 8;
    %jmp/0xz  T_0.4, 8;
    %load/vec4 v0000027ca5f44da0_0;
    %flag_set/vec4 9;
    %flag_get/vec4 9;
    %jmp/0 T_0.8, 9;
    %load/vec4 v0000027ca5f44f80_0;
    %nor/r;
    %and;
T_0.8;
    %flag_set/vec4 8;
    %jmp/0xz  T_0.6, 8;
    %load/vec4 v0000027ca5ebb730_0;
    %cmpi/e 3, 0, 2;
    %flag_mov 8, 4;
    %jmp/0 T_0.9, 8;
    %pushi/vec4 0, 0, 2;
    %jmp/1 T_0.10, 8;
T_0.9 ; End of true expr.
    %load/vec4 v0000027ca5ebb730_0;
    %addi 1, 0, 2;
    %jmp/0 T_0.10, 8;
 ; End of false expr.
    %blend;
T_0.10;
    %assign/vec4 v0000027ca5ebb730_0, 0;
    %jmp T_0.7;
T_0.6 ;
    %load/vec4 v0000027ca5f44da0_0;
    %nor/r;
    %flag_set/vec4 9;
    %flag_get/vec4 9;
    %jmp/0 T_0.13, 9;
    %load/vec4 v0000027ca5f44f80_0;
    %and;
T_0.13;
    %flag_set/vec4 8;
    %jmp/0xz  T_0.11, 8;
    %load/vec4 v0000027ca5ebb730_0;
    %cmpi/e 0, 0, 2;
    %flag_mov 8, 4;
    %jmp/0 T_0.14, 8;
    %pushi/vec4 3, 0, 3;
    %jmp/1 T_0.15, 8;
T_0.14 ; End of true expr.
    %load/vec4 v0000027ca5ebb730_0;
    %pad/u 3;
    %subi 1, 0, 3;
    %jmp/0 T_0.15, 8;
 ; End of false expr.
    %blend;
T_0.15;
    %pad/u 2;
    %assign/vec4 v0000027ca5ebb730_0, 0;
T_0.11 ;
T_0.7 ;
T_0.4 ;
    %jmp T_0;
    .thread T_0;
    .scope S_0000027ca5f12df0;
T_1 ;
    %wait E_0000027ca5eb8590;
    %load/vec4 v0000027ca5ebbbe0_0;
    %dup/vec4;
    %pushi/vec4 0, 0, 2;
    %cmp/u;
    %jmp/1 T_1.0, 6;
    %dup/vec4;
    %pushi/vec4 1, 0, 2;
    %cmp/u;
    %jmp/1 T_1.1, 6;
    %dup/vec4;
    %pushi/vec4 2, 0, 2;
    %cmp/u;
    %jmp/1 T_1.2, 6;
    %jmp T_1.3;
T_1.0 ;
    %load/vec4 v0000027ca5f44d00_0;
    %cmpi/e 1, 0, 1;
    %flag_mov 8, 4;
    %jmp/0 T_1.4, 8;
    %pushi/vec4 1, 0, 2;
    %jmp/1 T_1.5, 8;
T_1.4 ; End of true expr.
    %pushi/vec4 0, 0, 2;
    %jmp/0 T_1.5, 8;
 ; End of false expr.
    %blend;
T_1.5;
    %store/vec4 v0000027ca5f44e40_0, 0, 2;
    %jmp T_1.3;
T_1.1 ;
    %load/vec4 v0000027ca5f44d00_0;
    %cmpi/e 1, 0, 1;
    %flag_mov 8, 4;
    %jmp/0 T_1.6, 8;
    %pushi/vec4 1, 0, 2;
    %jmp/1 T_1.7, 8;
T_1.6 ; End of true expr.
    %pushi/vec4 2, 0, 2;
    %jmp/0 T_1.7, 8;
 ; End of false expr.
    %blend;
T_1.7;
    %store/vec4 v0000027ca5f44e40_0, 0, 2;
    %jmp T_1.3;
T_1.2 ;
    %load/vec4 v0000027ca5f44d00_0;
    %cmpi/e 1, 0, 1;
    %flag_mov 8, 4;
    %jmp/0 T_1.8, 8;
    %pushi/vec4 1, 0, 2;
    %jmp/1 T_1.9, 8;
T_1.8 ; End of true expr.
    %pushi/vec4 2, 0, 2;
    %jmp/0 T_1.9, 8;
 ; End of false expr.
    %blend;
T_1.9;
    %store/vec4 v0000027ca5f44e40_0, 0, 2;
    %jmp T_1.3;
T_1.3 ;
    %pop/vec4 1;
    %jmp T_1;
    .thread T_1, $push;
# The file index is used to find the file name in the following table.
:file_names 3;
    "N/A";
    "<interactive>";
    "music_player.v";
