#! /c/Source/iverilog-install/bin/vvp
:ivl_version "12.0 (devel)" "(s20150603-1539-g2693dd32b)";
:ivl_delay_selection "TYPICAL";
:vpi_time_precision + 0;
:vpi_module "C:\iverilog\lib\ivl\system.vpi";
:vpi_module "C:\iverilog\lib\ivl\vhdl_sys.vpi";
:vpi_module "C:\iverilog\lib\ivl\vhdl_textio.vpi";
:vpi_module "C:\iverilog\lib\ivl\v2005_math.vpi";
:vpi_module "C:\iverilog\lib\ivl\va_math.vpi";
S_0000029d71ad2ce0 .scope module, "clock" "clock" 2 1;
 .timescale 0 0;
    .port_info 0 /INPUT 1 "clk";
    .port_info 1 /INPUT 1 "rst";
    .port_info 2 /OUTPUT 5 "hours";
    .port_info 3 /OUTPUT 6 "minutes";
    .port_info 4 /OUTPUT 6 "seconds";
o0000029d71b07f98 .functor BUFZ 1, C4<z>; HiZ drive
v0000029d71ad2e70_0 .net "clk", 0 0, o0000029d71b07f98;  0 drivers
v0000029d71ad2f10_0 .var "count", 12 0;
v0000029d71ad2fb0_0 .var "hours", 4 0;
v0000029d71ad3050_0 .var "minutes", 5 0;
o0000029d71b08058 .functor BUFZ 1, C4<z>; HiZ drive
v0000029d71b04d00_0 .net "rst", 0 0, o0000029d71b08058;  0 drivers
v0000029d71b04da0_0 .var "seconds", 5 0;
E_0000029d71af5730 .event posedge, v0000029d71b04d00_0, v0000029d71ad2e70_0;
    .scope S_0000029d71ad2ce0;
T_0 ;
    %wait E_0000029d71af5730;
    %load/vec4 v0000029d71b04d00_0;
    %flag_set/vec4 8;
    %jmp/0xz  T_0.0, 8;
    %pushi/vec4 0, 0, 13;
    %assign/vec4 v0000029d71ad2f10_0, 0;
    %pushi/vec4 0, 0, 6;
    %assign/vec4 v0000029d71b04da0_0, 0;
    %pushi/vec4 0, 0, 6;
    %assign/vec4 v0000029d71ad3050_0, 0;
    %pushi/vec4 0, 0, 5;
    %assign/vec4 v0000029d71ad2fb0_0, 0;
    %jmp T_0.1;
T_0.0 ;
    %load/vec4 v0000029d71ad2f10_0;
    %pad/u 32;
    %cmpi/e 4999, 0, 32;
    %jmp/0xz  T_0.2, 4;
    %pushi/vec4 0, 0, 13;
    %assign/vec4 v0000029d71ad2f10_0, 0;
    %load/vec4 v0000029d71b04da0_0;
    %pad/u 32;
    %cmpi/e 59, 0, 32;
    %jmp/0xz  T_0.4, 4;
    %pushi/vec4 0, 0, 6;
    %assign/vec4 v0000029d71b04da0_0, 0;
    %load/vec4 v0000029d71ad3050_0;
    %pad/u 32;
    %cmpi/e 59, 0, 32;
    %jmp/0xz  T_0.6, 4;
    %pushi/vec4 0, 0, 6;
    %assign/vec4 v0000029d71ad3050_0, 0;
    %load/vec4 v0000029d71ad2fb0_0;
    %pad/u 32;
    %cmpi/e 23, 0, 32;
    %jmp/0xz  T_0.8, 4;
    %pushi/vec4 0, 0, 5;
    %assign/vec4 v0000029d71ad2fb0_0, 0;
    %jmp T_0.9;
T_0.8 ;
    %load/vec4 v0000029d71ad2fb0_0;
    %addi 1, 0, 5;
    %assign/vec4 v0000029d71ad2fb0_0, 0;
T_0.9 ;
    %jmp T_0.7;
T_0.6 ;
    %load/vec4 v0000029d71ad3050_0;
    %addi 1, 0, 6;
    %assign/vec4 v0000029d71ad3050_0, 0;
T_0.7 ;
    %jmp T_0.5;
T_0.4 ;
    %load/vec4 v0000029d71b04da0_0;
    %addi 1, 0, 6;
    %assign/vec4 v0000029d71b04da0_0, 0;
T_0.5 ;
    %jmp T_0.3;
T_0.2 ;
    %load/vec4 v0000029d71ad2f10_0;
    %addi 1, 0, 13;
    %assign/vec4 v0000029d71ad2f10_0, 0;
T_0.3 ;
T_0.1 ;
    %jmp T_0;
    .thread T_0;
# The file index is used to find the file name in the following table.
:file_names 3;
    "N/A";
    "<interactive>";
    "clock.v";
