#! /c/Source/iverilog-install/bin/vvp
:ivl_version "12.0 (devel)" "(s20150603-1539-g2693dd32b)";
:ivl_delay_selection "TYPICAL";
:vpi_time_precision - 6;
:vpi_module "C:\iverilog\lib\ivl\system.vpi";
:vpi_module "C:\iverilog\lib\ivl\vhdl_sys.vpi";
:vpi_module "C:\iverilog\lib\ivl\vhdl_textio.vpi";
:vpi_module "C:\iverilog\lib\ivl\v2005_math.vpi";
:vpi_module "C:\iverilog\lib\ivl\va_math.vpi";
S_000002274019e3c0 .scope module, "clock_tb" "clock_tb" 2 4;
 .timescale -3 -6;
v00000227401e4e80_0 .var "clk", 0 0;
v00000227401e4f20_0 .net "hours", 0 0, v00000227401e4a20_0;  1 drivers
v000002274019b750_0 .net "minutes", 0 0, v00000227401e4ca0_0;  1 drivers
v000002274019b7f0_0 .var "rst", 0 0;
v000002274019b890_0 .net "seconds", 0 0, v00000227401e4de0_0;  1 drivers
S_000002274019e550 .scope module, "uut" "clock" 2 9, 3 1 0, S_000002274019e3c0;
 .timescale -3 -6;
    .port_info 0 /INPUT 1 "clk";
    .port_info 1 /INPUT 1 "rst";
    .port_info 2 /OUTPUT 1 "hours";
    .port_info 3 /OUTPUT 1 "minutes";
    .port_info 4 /OUTPUT 1 "seconds";
v000002274019ad50_0 .net "clk", 0 0, v00000227401e4e80_0;  1 drivers
v00000227401b3120_0 .var/i "count", 31 0;
v00000227401e4a20_0 .var "hours", 0 0;
v00000227401e4ac0_0 .var/i "i", 31 0;
v00000227401e4b60_0 .var/i "j", 31 0;
v00000227401e4c00_0 .var/i "k", 31 0;
v00000227401e4ca0_0 .var "minutes", 0 0;
v00000227401e4d40_0 .net "rst", 0 0, v000002274019b7f0_0;  1 drivers
v00000227401e4de0_0 .var "seconds", 0 0;
E_00000227401e9230 .event posedge, v000002274019ad50_0;
    .scope S_000002274019e550;
T_0 ;
    %pushi/vec4 4999, 0, 32;
    %store/vec4 v00000227401b3120_0, 0, 32;
    %end;
    .thread T_0;
    .scope S_000002274019e550;
T_1 ;
    %wait E_00000227401e9230;
    %load/vec4 v00000227401e4d40_0;
    %flag_set/vec4 8;
    %jmp/0xz  T_1.0, 8;
    %pushi/vec4 0, 0, 1;
    %store/vec4 v00000227401e4a20_0, 0, 1;
    %pushi/vec4 0, 0, 1;
    %store/vec4 v00000227401e4ca0_0, 0, 1;
    %pushi/vec4 0, 0, 1;
    %store/vec4 v00000227401e4de0_0, 0, 1;
    %jmp T_1.1;
T_1.0 ;
    %pushi/vec4 0, 0, 32;
    %store/vec4 v00000227401e4ac0_0, 0, 32;
T_1.2 ;
    %load/vec4 v00000227401e4ac0_0;
    %load/vec4 v00000227401b3120_0;
    %cmp/s;
    %flag_or 5, 4;
    %jmp/0xz T_1.3, 5;
    %pushi/vec4 1, 0, 1;
    %store/vec4 v00000227401e4de0_0, 0, 1;
    %pushi/vec4 0, 0, 32;
    %store/vec4 v00000227401e4b60_0, 0, 32;
T_1.4 ;
    %load/vec4 v00000227401e4b60_0;
    %cmpi/s 59, 0, 32;
    %flag_or 5, 4;
    %jmp/0xz T_1.5, 5;
    %pushi/vec4 1, 0, 1;
    %store/vec4 v00000227401e4ca0_0, 0, 1;
    %pushi/vec4 0, 0, 32;
    %store/vec4 v00000227401e4c00_0, 0, 32;
T_1.6 ;
    %load/vec4 v00000227401e4c00_0;
    %cmpi/s 59, 0, 32;
    %flag_or 5, 4;
    %jmp/0xz T_1.7, 5;
    %pushi/vec4 1, 0, 1;
    %store/vec4 v00000227401e4a20_0, 0, 1;
    %load/vec4 v00000227401e4c00_0;
    %addi 1, 0, 32;
    %store/vec4 v00000227401e4c00_0, 0, 32;
    %jmp T_1.6;
T_1.7 ;
    %load/vec4 v00000227401e4b60_0;
    %addi 1, 0, 32;
    %store/vec4 v00000227401e4b60_0, 0, 32;
    %jmp T_1.4;
T_1.5 ;
    %load/vec4 v00000227401e4ac0_0;
    %addi 1, 0, 32;
    %store/vec4 v00000227401e4ac0_0, 0, 32;
    %jmp T_1.2;
T_1.3 ;
T_1.1 ;
    %jmp T_1;
    .thread T_1;
    .scope S_000002274019e3c0;
T_2 ;
    %vpi_call 2 13 "$dumpfile", "clock.vcd" {0 0 0};
    %vpi_call 2 14 "$dumpvars", 32'sb00000000000000000000000000000000, S_000002274019e3c0 {0 0 0};
    %vpi_call 2 16 "$monitor", "Time: %t || clk: %b || rst: %b || HOURS: %b || MINUTES: %b || SECONDS: %b", $time, v00000227401e4e80_0, v000002274019b7f0_0, v00000227401e4f20_0, v000002274019b750_0, v000002274019b890_0 {0 0 0};
    %pushi/vec4 0, 0, 1;
    %store/vec4 v00000227401e4e80_0, 0, 1;
    %pushi/vec4 1, 0, 1;
    %store/vec4 v000002274019b7f0_0, 0, 1;
    %delay 100, 0;
    %pushi/vec4 0, 0, 1;
    %store/vec4 v000002274019b7f0_0, 0, 1;
    %end;
    .thread T_2;
    .scope S_000002274019e3c0;
T_3 ;
    %delay 100, 0;
    %load/vec4 v00000227401e4e80_0;
    %inv;
    %store/vec4 v00000227401e4e80_0, 0, 1;
    %jmp T_3;
    .thread T_3;
# The file index is used to find the file name in the following table.
:file_names 4;
    "N/A";
    "<interactive>";
    "clock_tb.v";
    "./clock.v";
