#! /c/Source/iverilog-install/bin/vvp
:ivl_version "12.0 (devel)" "(s20150603-1539-g2693dd32b)";
:ivl_delay_selection "TYPICAL";
:vpi_time_precision + 0;
:vpi_module "C:\iverilog\lib\ivl\system.vpi";
:vpi_module "C:\iverilog\lib\ivl\vhdl_sys.vpi";
:vpi_module "C:\iverilog\lib\ivl\vhdl_textio.vpi";
:vpi_module "C:\iverilog\lib\ivl\v2005_math.vpi";
:vpi_module "C:\iverilog\lib\ivl\va_math.vpi";
S_000001856ec92df0 .scope module, "digital_lock" "digital_lock" 2 4;
 .timescale 0 0;
    .port_info 0 /INPUT 1 "clk";
    .port_info 1 /INPUT 1 "rst";
    .port_info 2 /INPUT 4 "in_seq";
    .port_info 3 /OUTPUT 1 "out";
P_000001856ec92f80 .param/l "OPEN_STATE" 0 2 11, C4<100>;
P_000001856ec92fb8 .param/l "S0" 0 2 11, C4<000>;
P_000001856ec92ff0 .param/l "S1" 0 2 11, C4<001>;
P_000001856ec93028 .param/l "S2" 0 2 11, C4<010>;
P_000001856ec93060 .param/l "S3" 0 2 11, C4<011>;
o000001856ecc8fd8 .functor BUFZ 1, C4<z>; HiZ drive
v000001856ec930a0_0 .net "clk", 0 0, o000001856ecc8fd8;  0 drivers
o000001856ecc9008 .functor BUFZ 4, C4<zzzz>; HiZ drive
v000001856ed8bbc0_0 .net "in_seq", 3 0, o000001856ecc9008;  0 drivers
v000001856ed8bc60_0 .var "next_state", 2 0;
v000001856ed8bd00_0 .var "out", 0 0;
o000001856ecc9098 .functor BUFZ 1, C4<z>; HiZ drive
v000001856ed8bda0_0 .net "rst", 0 0, o000001856ecc9098;  0 drivers
v000001856ed0d840_0 .var "state", 2 0;
E_000001856ecc57c0 .event anyedge, v000001856ed0d840_0, v000001856ed8bbc0_0;
E_000001856ecc5600 .event posedge, v000001856ed8bda0_0, v000001856ec930a0_0;
    .scope S_000001856ec92df0;
T_0 ;
    %wait E_000001856ecc5600;
    %load/vec4 v000001856ed8bda0_0;
    %flag_set/vec4 8;
    %jmp/0xz  T_0.0, 8;
    %pushi/vec4 0, 0, 3;
    %assign/vec4 v000001856ed0d840_0, 0;
    %jmp T_0.1;
T_0.0 ;
    %load/vec4 v000001856ed8bc60_0;
    %assign/vec4 v000001856ed0d840_0, 0;
T_0.1 ;
    %jmp T_0;
    .thread T_0;
    .scope S_000001856ec92df0;
T_1 ;
    %wait E_000001856ecc57c0;
    %pushi/vec4 0, 0, 1;
    %store/vec4 v000001856ed8bd00_0, 0, 1;
    %load/vec4 v000001856ed0d840_0;
    %dup/vec4;
    %pushi/vec4 0, 0, 3;
    %cmp/u;
    %jmp/1 T_1.0, 6;
    %dup/vec4;
    %pushi/vec4 1, 0, 3;
    %cmp/u;
    %jmp/1 T_1.1, 6;
    %dup/vec4;
    %pushi/vec4 2, 0, 3;
    %cmp/u;
    %jmp/1 T_1.2, 6;
    %dup/vec4;
    %pushi/vec4 3, 0, 3;
    %cmp/u;
    %jmp/1 T_1.3, 6;
    %dup/vec4;
    %pushi/vec4 4, 0, 3;
    %cmp/u;
    %jmp/1 T_1.4, 6;
    %pushi/vec4 0, 0, 3;
    %assign/vec4 v000001856ed8bc60_0, 0;
    %jmp T_1.6;
T_1.0 ;
    %load/vec4 v000001856ed8bbc0_0;
    %parti/s 1, 0, 2;
    %flag_set/vec4 8;
    %jmp/0 T_1.7, 8;
    %pushi/vec4 1, 0, 3;
    %jmp/1 T_1.8, 8;
T_1.7 ; End of true expr.
    %pushi/vec4 0, 0, 3;
    %jmp/0 T_1.8, 8;
 ; End of false expr.
    %blend;
T_1.8;
    %assign/vec4 v000001856ed8bc60_0, 0;
    %jmp T_1.6;
T_1.1 ;
    %load/vec4 v000001856ed8bbc0_0;
    %parti/s 1, 1, 2;
    %flag_set/vec4 8;
    %jmp/0 T_1.9, 8;
    %pushi/vec4 2, 0, 3;
    %jmp/1 T_1.10, 8;
T_1.9 ; End of true expr.
    %pushi/vec4 0, 0, 3;
    %jmp/0 T_1.10, 8;
 ; End of false expr.
    %blend;
T_1.10;
    %assign/vec4 v000001856ed8bc60_0, 0;
    %jmp T_1.6;
T_1.2 ;
    %load/vec4 v000001856ed8bbc0_0;
    %parti/s 1, 2, 3;
    %flag_set/vec4 8;
    %jmp/0 T_1.11, 8;
    %pushi/vec4 0, 0, 3;
    %jmp/1 T_1.12, 8;
T_1.11 ; End of true expr.
    %pushi/vec4 3, 0, 3;
    %jmp/0 T_1.12, 8;
 ; End of false expr.
    %blend;
T_1.12;
    %assign/vec4 v000001856ed8bc60_0, 0;
    %jmp T_1.6;
T_1.3 ;
    %load/vec4 v000001856ed8bbc0_0;
    %parti/s 1, 3, 3;
    %flag_set/vec4 8;
    %jmp/0 T_1.13, 8;
    %pushi/vec4 4, 0, 3;
    %jmp/1 T_1.14, 8;
T_1.13 ; End of true expr.
    %pushi/vec4 0, 0, 3;
    %jmp/0 T_1.14, 8;
 ; End of false expr.
    %blend;
T_1.14;
    %assign/vec4 v000001856ed8bc60_0, 0;
    %jmp T_1.6;
T_1.4 ;
    %pushi/vec4 1, 0, 1;
    %assign/vec4 v000001856ed8bd00_0, 0;
    %pushi/vec4 0, 0, 3;
    %assign/vec4 v000001856ed8bc60_0, 0;
    %jmp T_1.6;
T_1.6 ;
    %pop/vec4 1;
    %jmp T_1;
    .thread T_1, $push;
# The file index is used to find the file name in the following table.
:file_names 3;
    "N/A";
    "<interactive>";
    "digital_lock.v";
