#! /c/Source/iverilog-install/bin/vvp
:ivl_version "12.0 (devel)" "(s20150603-1539-g2693dd32b)";
:ivl_delay_selection "TYPICAL";
:vpi_time_precision + 0;
:vpi_module "C:\iverilog\lib\ivl\system.vpi";
:vpi_module "C:\iverilog\lib\ivl\vhdl_sys.vpi";
:vpi_module "C:\iverilog\lib\ivl\vhdl_textio.vpi";
:vpi_module "C:\iverilog\lib\ivl\v2005_math.vpi";
:vpi_module "C:\iverilog\lib\ivl\va_math.vpi";
S_000001605fb72df0 .scope module, "pulse" "pulse" 2 1;
 .timescale 0 0;
    .port_info 0 /INPUT 1 "clk";
    .port_info 1 /INPUT 1 "rst";
    .port_info 2 /INPUT 1 "in_pulse";
    .port_info 3 /OUTPUT 1 "out_pulse";
o000001605fba6fb8 .functor BUFZ 1, C4<z>; HiZ drive
v000001605fb72f80_0 .net "clk", 0 0, o000001605fba6fb8;  0 drivers
o000001605fba6fe8 .functor BUFZ 1, C4<z>; HiZ drive
v000001605fb73020_0 .net "in_pulse", 0 0, o000001605fba6fe8;  0 drivers
v000001605fb730c0_0 .var "out_pulse", 0 0;
o000001605fba7048 .functor BUFZ 1, C4<z>; HiZ drive
v000001605fd3e290_0 .net "rst", 0 0, o000001605fba7048;  0 drivers
E_000001605fba5440 .event posedge, v000001605fd3e290_0, v000001605fb72f80_0;
    .scope S_000001605fb72df0;
T_0 ;
    %wait E_000001605fba5440;
    %load/vec4 v000001605fd3e290_0;
    %flag_set/vec4 8;
    %jmp/0xz  T_0.0, 8;
    %pushi/vec4 0, 0, 1;
    %assign/vec4 v000001605fb730c0_0, 0;
    %jmp T_0.1;
T_0.0 ;
    %load/vec4 v000001605fb73020_0;
    %assign/vec4 v000001605fb730c0_0, 0;
T_0.1 ;
    %jmp T_0;
    .thread T_0;
# The file index is used to find the file name in the following table.
:file_names 3;
    "N/A";
    "<interactive>";
    "pulse.v";
