#! /c/Source/iverilog-install/bin/vvp
:ivl_version "12.0 (devel)" "(s20150603-1539-g2693dd32b)";
:ivl_delay_selection "TYPICAL";
:vpi_time_precision - 9;
:vpi_module "C:\iverilog\lib\ivl\system.vpi";
:vpi_module "C:\iverilog\lib\ivl\vhdl_sys.vpi";
:vpi_module "C:\iverilog\lib\ivl\vhdl_textio.vpi";
:vpi_module "C:\iverilog\lib\ivl\v2005_math.vpi";
:vpi_module "C:\iverilog\lib\ivl\va_math.vpi";
S_000001a8f402b9f0 .scope module, "sram_tb" "sram_tb" 2 4;
 .timescale -9 -9;
v000001a8f3ee2fa0_0 .var "addr", 7 0;
v000001a8f3ee3040_0 .var "clk", 0 0;
v000001a8f3ee30e0_0 .var "data_in", 7 0;
v000001a8f3f62030_0 .net "data_out", 7 0, v000001a8f3ee2dc0_0;  1 drivers
v000001a8f3f620d0_0 .var "w_enable", 0 0;
S_000001a8f402bb80 .scope module, "uut" "sram" 2 11, 3 1 0, S_000001a8f402b9f0;
 .timescale -9 -9;
    .port_info 0 /INPUT 1 "clk";
    .port_info 1 /INPUT 1 "w_enable";
    .port_info 2 /INPUT 8 "addr";
    .port_info 3 /INPUT 8 "data_in";
    .port_info 4 /OUTPUT 8 "data_out";
v000001a8f402bd10_0 .net "addr", 7 0, v000001a8f3ee2fa0_0;  1 drivers
v000001a8f402bdb0_0 .net "clk", 0 0, v000001a8f3ee3040_0;  1 drivers
v000001a8f3ee2d20_0 .net "data_in", 7 0, v000001a8f3ee30e0_0;  1 drivers
v000001a8f3ee2dc0_0 .var "data_out", 7 0;
v000001a8f3ee2e60 .array "mem", 255 0, 7 0;
v000001a8f3ee2f00_0 .net "w_enable", 0 0, v000001a8f3f620d0_0;  1 drivers
E_000001a8f3f1a150 .event posedge, v000001a8f402bdb0_0;
    .scope S_000001a8f402bb80;
T_0 ;
    %wait E_000001a8f3f1a150;
    %load/vec4 v000001a8f3ee2f00_0;
    %cmpi/e 1, 0, 1;
    %jmp/0xz  T_0.0, 4;
    %load/vec4 v000001a8f3ee2d20_0;
    %load/vec4 v000001a8f402bd10_0;
    %pad/u 10;
    %ix/vec4 3;
    %ix/load 4, 0, 0; Constant delay
    %assign/vec4/a/d v000001a8f3ee2e60, 0, 4;
    %jmp T_0.1;
T_0.0 ;
    %load/vec4 v000001a8f402bd10_0;
    %pad/u 10;
    %ix/vec4 4;
    %load/vec4a v000001a8f3ee2e60, 4;
    %assign/vec4 v000001a8f3ee2dc0_0, 0;
T_0.1 ;
    %jmp T_0;
    .thread T_0;
    .scope S_000001a8f402b9f0;
T_1 ;
    %vpi_call 2 14 "$dumpfile", "sram.vcd" {0 0 0};
    %vpi_call 2 15 "$dumpvars", 32'sb00000000000000000000000000000000, S_000001a8f402b9f0 {0 0 0};
    %vpi_call 2 17 "$monitor", "Time: %0t || clk: %0b || data_in: %07b || w_enable: %0b || data_out: %07b || addr: %07b", $time, v000001a8f3ee3040_0, v000001a8f3ee30e0_0, v000001a8f3f620d0_0, v000001a8f3f62030_0, v000001a8f3ee2fa0_0 {0 0 0};
    %pushi/vec4 0, 0, 1;
    %store/vec4 v000001a8f3ee3040_0, 0, 1;
    %pushi/vec4 1, 0, 1;
    %store/vec4 v000001a8f3f620d0_0, 0, 1;
    %pushi/vec4 0, 0, 8;
    %store/vec4 v000001a8f3ee2fa0_0, 0, 8;
    %pushi/vec4 0, 0, 8;
    %store/vec4 v000001a8f3ee30e0_0, 0, 8;
    %delay 10, 0;
    %pushi/vec4 0, 0, 1;
    %store/vec4 v000001a8f3f620d0_0, 0, 1;
    %pushi/vec4 1, 0, 8;
    %store/vec4 v000001a8f3ee2fa0_0, 0, 8;
    %pushi/vec4 255, 0, 8;
    %store/vec4 v000001a8f3ee30e0_0, 0, 8;
    %delay 10, 0;
    %pushi/vec4 1, 0, 1;
    %store/vec4 v000001a8f3f620d0_0, 0, 1;
    %delay 10, 0;
    %pushi/vec4 0, 0, 1;
    %store/vec4 v000001a8f3f620d0_0, 0, 1;
    %pushi/vec4 2, 0, 8;
    %store/vec4 v000001a8f3ee2fa0_0, 0, 8;
    %pushi/vec4 240, 0, 8;
    %store/vec4 v000001a8f3ee30e0_0, 0, 8;
    %delay 10, 0;
    %pushi/vec4 1, 0, 1;
    %store/vec4 v000001a8f3f620d0_0, 0, 1;
    %delay 10, 0;
    %vpi_call 2 29 "$finish" {0 0 0};
    %end;
    .thread T_1;
    .scope S_000001a8f402b9f0;
T_2 ;
    %delay 5, 0;
    %load/vec4 v000001a8f3ee3040_0;
    %inv;
    %store/vec4 v000001a8f3ee3040_0, 0, 1;
    %jmp T_2;
    .thread T_2;
# The file index is used to find the file name in the following table.
:file_names 4;
    "N/A";
    "<interactive>";
    "sram_tb.v";
    "./sram.v";
