#! /c/Source/iverilog-install/bin/vvp
:ivl_version "12.0 (devel)" "(s20150603-1539-g2693dd32b)";
:ivl_delay_selection "TYPICAL";
:vpi_time_precision + 0;
:vpi_module "C:\iverilog\lib\ivl\system.vpi";
:vpi_module "C:\iverilog\lib\ivl\vhdl_sys.vpi";
:vpi_module "C:\iverilog\lib\ivl\vhdl_textio.vpi";
:vpi_module "C:\iverilog\lib\ivl\v2005_math.vpi";
:vpi_module "C:\iverilog\lib\ivl\va_math.vpi";
S_0000024f00502df0 .scope module, "sram" "sram" 2 1;
 .timescale 0 0;
    .port_info 0 /INPUT 1 "clk";
    .port_info 1 /INPUT 1 "w_enable";
    .port_info 2 /INPUT 8 "addr";
    .port_info 3 /INPUT 8 "data_in";
    .port_info 4 /OUTPUT 8 "data_out";
o0000024f00536fd8 .functor BUFZ 8, C4<zzzzzzzz>; HiZ drive
v0000024f00502f80_0 .net "addr", 7 0, o0000024f00536fd8;  0 drivers
o0000024f00537008 .functor BUFZ 1, C4<z>; HiZ drive
v0000024f00503020_0 .net "clk", 0 0, o0000024f00537008;  0 drivers
o0000024f00537038 .functor BUFZ 8, C4<zzzzzzzz>; HiZ drive
v0000024f005030c0_0 .net "data_in", 7 0, o0000024f00537038;  0 drivers
v0000024f0057bc40_0 .var "data_out", 7 0;
v0000024f0057bce0 .array "mem", 255 0, 7 0;
o0000024f00537098 .functor BUFZ 1, C4<z>; HiZ drive
v0000024f0057bd80_0 .net "w_enable", 0 0, o0000024f00537098;  0 drivers
E_0000024f002984d0 .event posedge, v0000024f00503020_0;
    .scope S_0000024f00502df0;
T_0 ;
    %wait E_0000024f002984d0;
    %load/vec4 v0000024f0057bd80_0;
    %cmpi/e 1, 0, 1;
    %jmp/0xz  T_0.0, 4;
    %load/vec4 v0000024f005030c0_0;
    %load/vec4 v0000024f00502f80_0;
    %pad/u 10;
    %ix/vec4 3;
    %ix/load 4, 0, 0; Constant delay
    %assign/vec4/a/d v0000024f0057bce0, 0, 4;
    %jmp T_0.1;
T_0.0 ;
    %load/vec4 v0000024f00502f80_0;
    %pad/u 10;
    %ix/vec4 4;
    %load/vec4a v0000024f0057bce0, 4;
    %assign/vec4 v0000024f0057bc40_0, 0;
T_0.1 ;
    %jmp T_0;
    .thread T_0;
# The file index is used to find the file name in the following table.
:file_names 3;
    "N/A";
    "<interactive>";
    "sram.v";
