#! /c/Source/iverilog-install/bin/vvp
:ivl_version "12.0 (devel)" "(s20150603-1539-g2693dd32b)";
:ivl_delay_selection "TYPICAL";
:vpi_time_precision + 0;
:vpi_module "C:\iverilog\lib\ivl\system.vpi";
:vpi_module "C:\iverilog\lib\ivl\vhdl_sys.vpi";
:vpi_module "C:\iverilog\lib\ivl\vhdl_textio.vpi";
:vpi_module "C:\iverilog\lib\ivl\v2005_math.vpi";
:vpi_module "C:\iverilog\lib\ivl\va_math.vpi";
S_00000250a54bdb90 .scope module, "scsa" "scsa" 2 3;
 .timescale 0 0;
    .port_info 0 /INPUT 8 "a";
    .port_info 1 /INPUT 8 "b";
    .port_info 2 /OUTPUT 8 "sum";
    .port_info 3 /OUTPUT 1 "cout";
v00000250a543c2f0_0 .net *"_ivl_22", 1 0, L_00000250a543dea0;  1 drivers
v00000250a543c570_0 .net *"_ivl_40", 1 0, L_00000250a5444840;  1 drivers
v00000250a543c610_0 .net *"_ivl_59", 1 0, L_00000250a5444b60;  1 drivers
o00000250a53e39f8 .functor BUFZ 8, C4<zzzzzzzz>; HiZ drive
v00000250a543c6b0_0 .net "a", 7 0, o00000250a53e39f8;  0 drivers
o00000250a53e3a28 .functor BUFZ 8, C4<zzzzzzzz>; HiZ drive
v00000250a543c7f0_0 .net "b", 7 0, o00000250a53e3a28;  0 drivers
v00000250a543c890_0 .net "c0", 0 0, L_00000250a53de500;  1 drivers
v00000250a543ea80_0 .net "c1", 0 0, L_00000250a543e4e0;  1 drivers
v00000250a543d5e0_0 .net "c1_0", 0 0, L_00000250a53ddc40;  1 drivers
v00000250a543e120_0 .net "c1_1", 0 0, L_00000250a543f840;  1 drivers
v00000250a543d7c0_0 .net "c2", 0 0, L_00000250a5444a20;  1 drivers
v00000250a543dae0_0 .net "c2_0", 0 0, L_00000250a543f5a0;  1 drivers
v00000250a543e1c0_0 .net "c2_1", 0 0, L_00000250a5442630;  1 drivers
v00000250a543da40_0 .net "c3_0", 0 0, L_00000250a5442c50;  1 drivers
v00000250a543d400_0 .net "c3_1", 0 0, L_00000250a54429b0;  1 drivers
v00000250a543ed00_0 .net "cout", 0 0, L_00000250a5443620;  1 drivers
v00000250a543e8a0_0 .net "sum", 7 0, L_00000250a5444020;  1 drivers
v00000250a543d4a0_0 .net "sum1_0", 1 0, L_00000250a543d0e0;  1 drivers
v00000250a543d220_0 .net "sum1_1", 1 0, L_00000250a543e300;  1 drivers
v00000250a543d900_0 .net "sum2_0", 1 0, L_00000250a543eb20;  1 drivers
v00000250a543d860_0 .net "sum2_1", 1 0, L_00000250a5443da0;  1 drivers
v00000250a543cf00_0 .net "sum3_0", 1 0, L_00000250a5443e40;  1 drivers
v00000250a543db80_0 .net "sum3_1", 1 0, L_00000250a5442f40;  1 drivers
L_00000250a543e260 .part o00000250a53e39f8, 0, 2;
L_00000250a543d9a0 .part o00000250a53e3a28, 0, 2;
L_00000250a543d180 .part o00000250a53e39f8, 2, 2;
L_00000250a543dc20 .part o00000250a53e3a28, 2, 2;
L_00000250a543e080 .part o00000250a53e39f8, 2, 2;
L_00000250a543e3a0 .part o00000250a53e3a28, 2, 2;
L_00000250a543dea0 .functor MUXZ 2, L_00000250a543d0e0, L_00000250a543e300, L_00000250a53de500, C4<>;
L_00000250a543e4e0 .functor MUXZ 1, L_00000250a53ddc40, L_00000250a543f840, L_00000250a53de500, C4<>;
L_00000250a543e6c0 .part o00000250a53e39f8, 4, 2;
L_00000250a543e760 .part o00000250a53e3a28, 4, 2;
L_00000250a5444de0 .part o00000250a53e39f8, 4, 2;
L_00000250a5443b20 .part o00000250a53e3a28, 4, 2;
L_00000250a5444840 .functor MUXZ 2, L_00000250a543eb20, L_00000250a5443da0, L_00000250a543e4e0, C4<>;
L_00000250a5444a20 .functor MUXZ 1, L_00000250a543f5a0, L_00000250a5442630, L_00000250a543e4e0, C4<>;
L_00000250a54442a0 .part o00000250a53e39f8, 6, 2;
L_00000250a5443940 .part o00000250a53e3a28, 6, 2;
L_00000250a5442fe0 .part o00000250a53e39f8, 6, 2;
L_00000250a5443300 .part o00000250a53e3a28, 6, 2;
L_00000250a5444020 .concat8 [ 2 2 2 2], L_00000250a543e800, L_00000250a543dea0, L_00000250a5444840, L_00000250a5444b60;
L_00000250a5444b60 .functor MUXZ 2, L_00000250a5443e40, L_00000250a5442f40, L_00000250a5444a20, C4<>;
L_00000250a5443620 .functor MUXZ 1, L_00000250a5442c50, L_00000250a54429b0, L_00000250a5444a20, C4<>;
S_00000250a54bdd20 .scope module, "B0" "ripple_carry_two" 2 17, 3 1 0, S_00000250a54bdb90;
 .timescale 0 0;
    .port_info 0 /INPUT 2 "a";
    .port_info 1 /INPUT 2 "b";
    .port_info 2 /INPUT 1 "cin";
    .port_info 3 /OUTPUT 2 "sum";
    .port_info 4 /OUTPUT 1 "cout";
v00000250a53dd530_0 .net "a", 1 0, L_00000250a543e260;  1 drivers
v00000250a53dce50_0 .net "b", 1 0, L_00000250a543d9a0;  1 drivers
v00000250a53dc810_0 .net "c1", 0 0, L_00000250a53de260;  1 drivers
L_00000250a54c0088 .functor BUFT 1, C4<0>, C4<0>, C4<0>, C4<0>;
v00000250a53dbe10_0 .net "cin", 0 0, L_00000250a54c0088;  1 drivers
v00000250a53dc950_0 .net "cout", 0 0, L_00000250a53de500;  alias, 1 drivers
v00000250a53dc450_0 .net "sum", 1 0, L_00000250a543e800;  1 drivers
L_00000250a543d040 .part L_00000250a543e260, 0, 1;
L_00000250a543d2c0 .part L_00000250a543d9a0, 0, 1;
L_00000250a543d720 .part L_00000250a543e260, 1, 1;
L_00000250a543df40 .part L_00000250a543d9a0, 1, 1;
L_00000250a543e800 .concat8 [ 1 1 0 0], L_00000250a53ddee0, L_00000250a53de030;
S_00000250a53a6920 .scope module, "f1" "full_adder" 3 9, 4 1 0, S_00000250a54bdd20;
 .timescale 0 0;
    .port_info 0 /INPUT 1 "a";
    .port_info 1 /INPUT 1 "b";
    .port_info 2 /INPUT 1 "cin";
    .port_info 3 /OUTPUT 1 "sum";
    .port_info 4 /OUTPUT 1 "cout";
L_00000250a53de8f0 .functor XOR 1, L_00000250a543d040, L_00000250a543d2c0, C4<0>, C4<0>;
L_00000250a53ddee0 .functor XOR 1, L_00000250a53de8f0, L_00000250a54c0088, C4<0>, C4<0>;
L_00000250a53de730 .functor AND 1, L_00000250a543d040, L_00000250a543d2c0, C4<1>, C4<1>;
L_00000250a53de110 .functor AND 1, L_00000250a543d2c0, L_00000250a54c0088, C4<1>, C4<1>;
L_00000250a53de1f0 .functor OR 1, L_00000250a53de730, L_00000250a53de110, C4<0>, C4<0>;
L_00000250a53ddf50 .functor AND 1, L_00000250a54c0088, L_00000250a543d040, C4<1>, C4<1>;
L_00000250a53de260 .functor OR 1, L_00000250a53de1f0, L_00000250a53ddf50, C4<0>, C4<0>;
v00000250a53dcbd0_0 .net *"_ivl_0", 0 0, L_00000250a53de8f0;  1 drivers
v00000250a53dc130_0 .net *"_ivl_10", 0 0, L_00000250a53ddf50;  1 drivers
v00000250a53dbff0_0 .net *"_ivl_4", 0 0, L_00000250a53de730;  1 drivers
v00000250a53dd8f0_0 .net *"_ivl_6", 0 0, L_00000250a53de110;  1 drivers
v00000250a53dca90_0 .net *"_ivl_8", 0 0, L_00000250a53de1f0;  1 drivers
v00000250a53dcc70_0 .net "a", 0 0, L_00000250a543d040;  1 drivers
v00000250a53dcf90_0 .net "b", 0 0, L_00000250a543d2c0;  1 drivers
v00000250a53dc590_0 .net "cin", 0 0, L_00000250a54c0088;  alias, 1 drivers
v00000250a53dcef0_0 .net "cout", 0 0, L_00000250a53de260;  alias, 1 drivers
v00000250a53dd2b0_0 .net "sum", 0 0, L_00000250a53ddee0;  1 drivers
S_00000250a53a6ab0 .scope module, "f2" "full_adder" 3 10, 4 1 0, S_00000250a54bdd20;
 .timescale 0 0;
    .port_info 0 /INPUT 1 "a";
    .port_info 1 /INPUT 1 "b";
    .port_info 2 /INPUT 1 "cin";
    .port_info 3 /OUTPUT 1 "sum";
    .port_info 4 /OUTPUT 1 "cout";
L_00000250a53ddfc0 .functor XOR 1, L_00000250a543d720, L_00000250a543df40, C4<0>, C4<0>;
L_00000250a53de030 .functor XOR 1, L_00000250a53ddfc0, L_00000250a53de260, C4<0>, C4<0>;
L_00000250a53ddd90 .functor AND 1, L_00000250a543d720, L_00000250a543df40, C4<1>, C4<1>;
L_00000250a53de2d0 .functor AND 1, L_00000250a543df40, L_00000250a53de260, C4<1>, C4<1>;
L_00000250a53de340 .functor OR 1, L_00000250a53ddd90, L_00000250a53de2d0, C4<0>, C4<0>;
L_00000250a53de3b0 .functor AND 1, L_00000250a53de260, L_00000250a543d720, C4<1>, C4<1>;
L_00000250a53de500 .functor OR 1, L_00000250a53de340, L_00000250a53de3b0, C4<0>, C4<0>;
v00000250a53dc1d0_0 .net *"_ivl_0", 0 0, L_00000250a53ddfc0;  1 drivers
v00000250a53dc770_0 .net *"_ivl_10", 0 0, L_00000250a53de3b0;  1 drivers
v00000250a53dc8b0_0 .net *"_ivl_4", 0 0, L_00000250a53ddd90;  1 drivers
v00000250a53dc270_0 .net *"_ivl_6", 0 0, L_00000250a53de2d0;  1 drivers
v00000250a53dbcd0_0 .net *"_ivl_8", 0 0, L_00000250a53de340;  1 drivers
v00000250a53dc310_0 .net "a", 0 0, L_00000250a543d720;  1 drivers
v00000250a53dcdb0_0 .net "b", 0 0, L_00000250a543df40;  1 drivers
v00000250a53dc090_0 .net "cin", 0 0, L_00000250a53de260;  alias, 1 drivers
v00000250a53dc3b0_0 .net "cout", 0 0, L_00000250a53de500;  alias, 1 drivers
v00000250a53dd030_0 .net "sum", 0 0, L_00000250a53de030;  1 drivers
S_00000250a5433a10 .scope module, "B1_0" "ripple_carry_two" 2 20, 3 1 0, S_00000250a54bdb90;
 .timescale 0 0;
    .port_info 0 /INPUT 2 "a";
    .port_info 1 /INPUT 2 "b";
    .port_info 2 /INPUT 1 "cin";
    .port_info 3 /OUTPUT 2 "sum";
    .port_info 4 /OUTPUT 1 "cout";
v00000250a5434c30_0 .net "a", 1 0, L_00000250a543d180;  1 drivers
v00000250a5434910_0 .net "b", 1 0, L_00000250a543dc20;  1 drivers
v00000250a5435270_0 .net "c1", 0 0, L_00000250a53de650;  1 drivers
L_00000250a54c00d0 .functor BUFT 1, C4<0>, C4<0>, C4<0>, C4<0>;
v00000250a5434190_0 .net "cin", 0 0, L_00000250a54c00d0;  1 drivers
v00000250a54345f0_0 .net "cout", 0 0, L_00000250a53ddc40;  alias, 1 drivers
v00000250a5434230_0 .net "sum", 1 0, L_00000250a543d0e0;  alias, 1 drivers
L_00000250a543d540 .part L_00000250a543d180, 0, 1;
L_00000250a543d680 .part L_00000250a543dc20, 0, 1;
L_00000250a543dfe0 .part L_00000250a543d180, 1, 1;
L_00000250a543e440 .part L_00000250a543dc20, 1, 1;
L_00000250a543d0e0 .concat8 [ 1 1 0 0], L_00000250a53de420, L_00000250a53de7a0;
S_00000250a5433ba0 .scope module, "f1" "full_adder" 3 9, 4 1 0, S_00000250a5433a10;
 .timescale 0 0;
    .port_info 0 /INPUT 1 "a";
    .port_info 1 /INPUT 1 "b";
    .port_info 2 /INPUT 1 "cin";
    .port_info 3 /OUTPUT 1 "sum";
    .port_info 4 /OUTPUT 1 "cout";
L_00000250a53de5e0 .functor XOR 1, L_00000250a543d540, L_00000250a543d680, C4<0>, C4<0>;
L_00000250a53de420 .functor XOR 1, L_00000250a53de5e0, L_00000250a54c00d0, C4<0>, C4<0>;
L_00000250a53de9d0 .functor AND 1, L_00000250a543d540, L_00000250a543d680, C4<1>, C4<1>;
L_00000250a53de810 .functor AND 1, L_00000250a543d680, L_00000250a54c00d0, C4<1>, C4<1>;
L_00000250a53de490 .functor OR 1, L_00000250a53de9d0, L_00000250a53de810, C4<0>, C4<0>;
L_00000250a53de570 .functor AND 1, L_00000250a54c00d0, L_00000250a543d540, C4<1>, C4<1>;
L_00000250a53de650 .functor OR 1, L_00000250a53de490, L_00000250a53de570, C4<0>, C4<0>;
v00000250a53dd350_0 .net *"_ivl_0", 0 0, L_00000250a53de5e0;  1 drivers
v00000250a53dd5d0_0 .net *"_ivl_10", 0 0, L_00000250a53de570;  1 drivers
v00000250a53dd670_0 .net *"_ivl_4", 0 0, L_00000250a53de9d0;  1 drivers
v00000250a53dc9f0_0 .net *"_ivl_6", 0 0, L_00000250a53de810;  1 drivers
v00000250a53dd3f0_0 .net *"_ivl_8", 0 0, L_00000250a53de490;  1 drivers
v00000250a53dd7b0_0 .net "a", 0 0, L_00000250a543d540;  1 drivers
v00000250a53dd850_0 .net "b", 0 0, L_00000250a543d680;  1 drivers
v00000250a53dda30_0 .net "cin", 0 0, L_00000250a54c00d0;  alias, 1 drivers
v00000250a53ddad0_0 .net "cout", 0 0, L_00000250a53de650;  alias, 1 drivers
v00000250a53b76a0_0 .net "sum", 0 0, L_00000250a53de420;  1 drivers
S_00000250a5433d30 .scope module, "f2" "full_adder" 3 10, 4 1 0, S_00000250a5433a10;
 .timescale 0 0;
    .port_info 0 /INPUT 1 "a";
    .port_info 1 /INPUT 1 "b";
    .port_info 2 /INPUT 1 "cin";
    .port_info 3 /OUTPUT 1 "sum";
    .port_info 4 /OUTPUT 1 "cout";
L_00000250a53de6c0 .functor XOR 1, L_00000250a543dfe0, L_00000250a543e440, C4<0>, C4<0>;
L_00000250a53de7a0 .functor XOR 1, L_00000250a53de6c0, L_00000250a53de650, C4<0>, C4<0>;
L_00000250a53deb20 .functor AND 1, L_00000250a543dfe0, L_00000250a543e440, C4<1>, C4<1>;
L_00000250a53de960 .functor AND 1, L_00000250a543e440, L_00000250a53de650, C4<1>, C4<1>;
L_00000250a53dea40 .functor OR 1, L_00000250a53deb20, L_00000250a53de960, C4<0>, C4<0>;
L_00000250a53deab0 .functor AND 1, L_00000250a53de650, L_00000250a543dfe0, C4<1>, C4<1>;
L_00000250a53ddc40 .functor OR 1, L_00000250a53dea40, L_00000250a53deab0, C4<0>, C4<0>;
v00000250a53bf6c0_0 .net *"_ivl_0", 0 0, L_00000250a53de6c0;  1 drivers
v00000250a53d0250_0 .net *"_ivl_10", 0 0, L_00000250a53deab0;  1 drivers
v00000250a54359f0_0 .net *"_ivl_4", 0 0, L_00000250a53deb20;  1 drivers
v00000250a5435450_0 .net *"_ivl_6", 0 0, L_00000250a53de960;  1 drivers
v00000250a54351d0_0 .net *"_ivl_8", 0 0, L_00000250a53dea40;  1 drivers
v00000250a5435310_0 .net "a", 0 0, L_00000250a543dfe0;  1 drivers
v00000250a5434a50_0 .net "b", 0 0, L_00000250a543e440;  1 drivers
v00000250a5434410_0 .net "cin", 0 0, L_00000250a53de650;  alias, 1 drivers
v00000250a5434550_0 .net "cout", 0 0, L_00000250a53ddc40;  alias, 1 drivers
v00000250a5433fb0_0 .net "sum", 0 0, L_00000250a53de7a0;  1 drivers
S_00000250a5436ee0 .scope module, "B1_1" "ripple_carry_two" 2 21, 3 1 0, S_00000250a54bdb90;
 .timescale 0 0;
    .port_info 0 /INPUT 2 "a";
    .port_info 1 /INPUT 2 "b";
    .port_info 2 /INPUT 1 "cin";
    .port_info 3 /OUTPUT 2 "sum";
    .port_info 4 /OUTPUT 1 "cout";
v00000250a5434b90_0 .net "a", 1 0, L_00000250a543e080;  1 drivers
v00000250a5435b30_0 .net "b", 1 0, L_00000250a543e3a0;  1 drivers
v00000250a5435bd0_0 .net "c1", 0 0, L_00000250a543f300;  1 drivers
L_00000250a54c0118 .functor BUFT 1, C4<1>, C4<0>, C4<0>, C4<0>;
v00000250a5434cd0_0 .net "cin", 0 0, L_00000250a54c0118;  1 drivers
v00000250a5434d70_0 .net "cout", 0 0, L_00000250a543f840;  alias, 1 drivers
v00000250a5435c70_0 .net "sum", 1 0, L_00000250a543e300;  alias, 1 drivers
L_00000250a543dcc0 .part L_00000250a543e080, 0, 1;
L_00000250a543dd60 .part L_00000250a543e3a0, 0, 1;
L_00000250a543d360 .part L_00000250a543e080, 1, 1;
L_00000250a543de00 .part L_00000250a543e3a0, 1, 1;
L_00000250a543e300 .concat8 [ 1 1 0 0], L_00000250a53ddd20, L_00000250a543f140;
S_00000250a5437070 .scope module, "f1" "full_adder" 3 9, 4 1 0, S_00000250a5436ee0;
 .timescale 0 0;
    .port_info 0 /INPUT 1 "a";
    .port_info 1 /INPUT 1 "b";
    .port_info 2 /INPUT 1 "cin";
    .port_info 3 /OUTPUT 1 "sum";
    .port_info 4 /OUTPUT 1 "cout";
L_00000250a53ddcb0 .functor XOR 1, L_00000250a543dcc0, L_00000250a543dd60, C4<0>, C4<0>;
L_00000250a53ddd20 .functor XOR 1, L_00000250a53ddcb0, L_00000250a54c0118, C4<0>, C4<0>;
L_00000250a543f7d0 .functor AND 1, L_00000250a543dcc0, L_00000250a543dd60, C4<1>, C4<1>;
L_00000250a543f920 .functor AND 1, L_00000250a543dd60, L_00000250a54c0118, C4<1>, C4<1>;
L_00000250a543fae0 .functor OR 1, L_00000250a543f7d0, L_00000250a543f920, C4<0>, C4<0>;
L_00000250a543f220 .functor AND 1, L_00000250a54c0118, L_00000250a543dcc0, C4<1>, C4<1>;
L_00000250a543f300 .functor OR 1, L_00000250a543fae0, L_00000250a543f220, C4<0>, C4<0>;
v00000250a54353b0_0 .net *"_ivl_0", 0 0, L_00000250a53ddcb0;  1 drivers
v00000250a54354f0_0 .net *"_ivl_10", 0 0, L_00000250a543f220;  1 drivers
v00000250a5435810_0 .net *"_ivl_4", 0 0, L_00000250a543f7d0;  1 drivers
v00000250a5434690_0 .net *"_ivl_6", 0 0, L_00000250a543f920;  1 drivers
v00000250a5435770_0 .net *"_ivl_8", 0 0, L_00000250a543fae0;  1 drivers
v00000250a5435950_0 .net "a", 0 0, L_00000250a543dcc0;  1 drivers
v00000250a54358b0_0 .net "b", 0 0, L_00000250a543dd60;  1 drivers
v00000250a5434050_0 .net "cin", 0 0, L_00000250a54c0118;  alias, 1 drivers
v00000250a5435db0_0 .net "cout", 0 0, L_00000250a543f300;  alias, 1 drivers
v00000250a5434730_0 .net "sum", 0 0, L_00000250a53ddd20;  1 drivers
S_00000250a5437200 .scope module, "f2" "full_adder" 3 10, 4 1 0, S_00000250a5436ee0;
 .timescale 0 0;
    .port_info 0 /INPUT 1 "a";
    .port_info 1 /INPUT 1 "b";
    .port_info 2 /INPUT 1 "cin";
    .port_info 3 /OUTPUT 1 "sum";
    .port_info 4 /OUTPUT 1 "cout";
L_00000250a543fa70 .functor XOR 1, L_00000250a543d360, L_00000250a543de00, C4<0>, C4<0>;
L_00000250a543f140 .functor XOR 1, L_00000250a543fa70, L_00000250a543f300, C4<0>, C4<0>;
L_00000250a543f990 .functor AND 1, L_00000250a543d360, L_00000250a543de00, C4<1>, C4<1>;
L_00000250a543f4c0 .functor AND 1, L_00000250a543de00, L_00000250a543f300, C4<1>, C4<1>;
L_00000250a543f1b0 .functor OR 1, L_00000250a543f990, L_00000250a543f4c0, C4<0>, C4<0>;
L_00000250a543fca0 .functor AND 1, L_00000250a543f300, L_00000250a543d360, C4<1>, C4<1>;
L_00000250a543f840 .functor OR 1, L_00000250a543f1b0, L_00000250a543fca0, C4<0>, C4<0>;
v00000250a5435590_0 .net *"_ivl_0", 0 0, L_00000250a543fa70;  1 drivers
v00000250a54347d0_0 .net *"_ivl_10", 0 0, L_00000250a543fca0;  1 drivers
v00000250a54344b0_0 .net *"_ivl_4", 0 0, L_00000250a543f990;  1 drivers
v00000250a54356d0_0 .net *"_ivl_6", 0 0, L_00000250a543f4c0;  1 drivers
v00000250a5434870_0 .net *"_ivl_8", 0 0, L_00000250a543f1b0;  1 drivers
v00000250a5435130_0 .net "a", 0 0, L_00000250a543d360;  1 drivers
v00000250a5435630_0 .net "b", 0 0, L_00000250a543de00;  1 drivers
v00000250a54349b0_0 .net "cin", 0 0, L_00000250a543f300;  alias, 1 drivers
v00000250a5435a90_0 .net "cout", 0 0, L_00000250a543f840;  alias, 1 drivers
v00000250a5434af0_0 .net "sum", 0 0, L_00000250a543f140;  1 drivers
S_00000250a5437390 .scope module, "B2_0" "ripple_carry_two" 2 27, 3 1 0, S_00000250a54bdb90;
 .timescale 0 0;
    .port_info 0 /INPUT 2 "a";
    .port_info 1 /INPUT 2 "b";
    .port_info 2 /INPUT 1 "cin";
    .port_info 3 /OUTPUT 2 "sum";
    .port_info 4 /OUTPUT 1 "cout";
v00000250a5438330_0 .net "a", 1 0, L_00000250a543e6c0;  1 drivers
v00000250a5437bb0_0 .net "b", 1 0, L_00000250a543e760;  1 drivers
v00000250a5439730_0 .net "c1", 0 0, L_00000250a543fa00;  1 drivers
L_00000250a54c0160 .functor BUFT 1, C4<0>, C4<0>, C4<0>, C4<0>;
v00000250a5437d90_0 .net "cin", 0 0, L_00000250a54c0160;  1 drivers
v00000250a5437890_0 .net "cout", 0 0, L_00000250a543f5a0;  alias, 1 drivers
v00000250a54388d0_0 .net "sum", 1 0, L_00000250a543eb20;  alias, 1 drivers
L_00000250a543e580 .part L_00000250a543e6c0, 0, 1;
L_00000250a543e620 .part L_00000250a543e760, 0, 1;
L_00000250a543ebc0 .part L_00000250a543e6c0, 1, 1;
L_00000250a543eda0 .part L_00000250a543e760, 1, 1;
L_00000250a543eb20 .concat8 [ 1 1 0 0], L_00000250a543fd80, L_00000250a543fbc0;
S_00000250a5437520 .scope module, "f1" "full_adder" 3 9, 4 1 0, S_00000250a5437390;
 .timescale 0 0;
    .port_info 0 /INPUT 1 "a";
    .port_info 1 /INPUT 1 "b";
    .port_info 2 /INPUT 1 "cin";
    .port_info 3 /OUTPUT 1 "sum";
    .port_info 4 /OUTPUT 1 "cout";
L_00000250a543fd10 .functor XOR 1, L_00000250a543e580, L_00000250a543e620, C4<0>, C4<0>;
L_00000250a543fd80 .functor XOR 1, L_00000250a543fd10, L_00000250a54c0160, C4<0>, C4<0>;
L_00000250a543f370 .functor AND 1, L_00000250a543e580, L_00000250a543e620, C4<1>, C4<1>;
L_00000250a543f8b0 .functor AND 1, L_00000250a543e620, L_00000250a54c0160, C4<1>, C4<1>;
L_00000250a543f290 .functor OR 1, L_00000250a543f370, L_00000250a543f8b0, C4<0>, C4<0>;
L_00000250a543f3e0 .functor AND 1, L_00000250a54c0160, L_00000250a543e580, C4<1>, C4<1>;
L_00000250a543fa00 .functor OR 1, L_00000250a543f290, L_00000250a543f3e0, C4<0>, C4<0>;
v00000250a5435d10_0 .net *"_ivl_0", 0 0, L_00000250a543fd10;  1 drivers
v00000250a5434e10_0 .net *"_ivl_10", 0 0, L_00000250a543f3e0;  1 drivers
v00000250a5434eb0_0 .net *"_ivl_4", 0 0, L_00000250a543f370;  1 drivers
v00000250a54342d0_0 .net *"_ivl_6", 0 0, L_00000250a543f8b0;  1 drivers
v00000250a5433f10_0 .net *"_ivl_8", 0 0, L_00000250a543f290;  1 drivers
v00000250a5434ff0_0 .net "a", 0 0, L_00000250a543e580;  1 drivers
v00000250a5434f50_0 .net "b", 0 0, L_00000250a543e620;  1 drivers
v00000250a54340f0_0 .net "cin", 0 0, L_00000250a54c0160;  alias, 1 drivers
v00000250a5434370_0 .net "cout", 0 0, L_00000250a543fa00;  alias, 1 drivers
v00000250a5435090_0 .net "sum", 0 0, L_00000250a543fd80;  1 drivers
S_00000250a54376b0 .scope module, "f2" "full_adder" 3 10, 4 1 0, S_00000250a5437390;
 .timescale 0 0;
    .port_info 0 /INPUT 1 "a";
    .port_info 1 /INPUT 1 "b";
    .port_info 2 /INPUT 1 "cin";
    .port_info 3 /OUTPUT 1 "sum";
    .port_info 4 /OUTPUT 1 "cout";
L_00000250a543f6f0 .functor XOR 1, L_00000250a543ebc0, L_00000250a543eda0, C4<0>, C4<0>;
L_00000250a543fbc0 .functor XOR 1, L_00000250a543f6f0, L_00000250a543fa00, C4<0>, C4<0>;
L_00000250a543f450 .functor AND 1, L_00000250a543ebc0, L_00000250a543eda0, C4<1>, C4<1>;
L_00000250a543fb50 .functor AND 1, L_00000250a543eda0, L_00000250a543fa00, C4<1>, C4<1>;
L_00000250a543fc30 .functor OR 1, L_00000250a543f450, L_00000250a543fb50, C4<0>, C4<0>;
L_00000250a543f530 .functor AND 1, L_00000250a543fa00, L_00000250a543ebc0, C4<1>, C4<1>;
L_00000250a543f5a0 .functor OR 1, L_00000250a543fc30, L_00000250a543f530, C4<0>, C4<0>;
v00000250a5438970_0 .net *"_ivl_0", 0 0, L_00000250a543f6f0;  1 drivers
v00000250a5438dd0_0 .net *"_ivl_10", 0 0, L_00000250a543f530;  1 drivers
v00000250a54385b0_0 .net *"_ivl_4", 0 0, L_00000250a543f450;  1 drivers
v00000250a5437f70_0 .net *"_ivl_6", 0 0, L_00000250a543fb50;  1 drivers
v00000250a54395f0_0 .net *"_ivl_8", 0 0, L_00000250a543fc30;  1 drivers
v00000250a5438650_0 .net "a", 0 0, L_00000250a543ebc0;  1 drivers
v00000250a5438f10_0 .net "b", 0 0, L_00000250a543eda0;  1 drivers
v00000250a5437a70_0 .net "cin", 0 0, L_00000250a543fa00;  alias, 1 drivers
v00000250a5439410_0 .net "cout", 0 0, L_00000250a543f5a0;  alias, 1 drivers
v00000250a5439690_0 .net "sum", 0 0, L_00000250a543fbc0;  1 drivers
S_00000250a5439850 .scope module, "B2_1" "ripple_carry_two" 2 28, 3 1 0, S_00000250a54bdb90;
 .timescale 0 0;
    .port_info 0 /INPUT 2 "a";
    .port_info 1 /INPUT 2 "b";
    .port_info 2 /INPUT 1 "cin";
    .port_info 3 /OUTPUT 2 "sum";
    .port_info 4 /OUTPUT 1 "cout";
v00000250a54386f0_0 .net "a", 1 0, L_00000250a5444de0;  1 drivers
v00000250a5439370_0 .net "b", 1 0, L_00000250a5443b20;  1 drivers
v00000250a5438830_0 .net "c1", 0 0, L_00000250a543eff0;  1 drivers
L_00000250a54c01a8 .functor BUFT 1, C4<1>, C4<0>, C4<0>, C4<0>;
v00000250a5437e30_0 .net "cin", 0 0, L_00000250a54c01a8;  1 drivers
v00000250a5438a10_0 .net "cout", 0 0, L_00000250a5442630;  alias, 1 drivers
v00000250a54380b0_0 .net "sum", 1 0, L_00000250a5443da0;  alias, 1 drivers
L_00000250a543e940 .part L_00000250a5444de0, 0, 1;
L_00000250a543ec60 .part L_00000250a5443b20, 0, 1;
L_00000250a543e9e0 .part L_00000250a5444de0, 1, 1;
L_00000250a543cfa0 .part L_00000250a5443b20, 1, 1;
L_00000250a5443da0 .concat8 [ 1 1 0 0], L_00000250a543fdf0, L_00000250a543f0d0;
S_00000250a54399e0 .scope module, "f1" "full_adder" 3 9, 4 1 0, S_00000250a5439850;
 .timescale 0 0;
    .port_info 0 /INPUT 1 "a";
    .port_info 1 /INPUT 1 "b";
    .port_info 2 /INPUT 1 "cin";
    .port_info 3 /OUTPUT 1 "sum";
    .port_info 4 /OUTPUT 1 "cout";
L_00000250a543f060 .functor XOR 1, L_00000250a543e940, L_00000250a543ec60, C4<0>, C4<0>;
L_00000250a543fdf0 .functor XOR 1, L_00000250a543f060, L_00000250a54c01a8, C4<0>, C4<0>;
L_00000250a543f610 .functor AND 1, L_00000250a543e940, L_00000250a543ec60, C4<1>, C4<1>;
L_00000250a543f680 .functor AND 1, L_00000250a543ec60, L_00000250a54c01a8, C4<1>, C4<1>;
L_00000250a543f760 .functor OR 1, L_00000250a543f610, L_00000250a543f680, C4<0>, C4<0>;
L_00000250a543ef10 .functor AND 1, L_00000250a54c01a8, L_00000250a543e940, C4<1>, C4<1>;
L_00000250a543eff0 .functor OR 1, L_00000250a543f760, L_00000250a543ef10, C4<0>, C4<0>;
v00000250a5438470_0 .net *"_ivl_0", 0 0, L_00000250a543f060;  1 drivers
v00000250a5437930_0 .net *"_ivl_10", 0 0, L_00000250a543ef10;  1 drivers
v00000250a54394b0_0 .net *"_ivl_4", 0 0, L_00000250a543f610;  1 drivers
v00000250a5438b50_0 .net *"_ivl_6", 0 0, L_00000250a543f680;  1 drivers
v00000250a5438150_0 .net *"_ivl_8", 0 0, L_00000250a543f760;  1 drivers
v00000250a5438790_0 .net "a", 0 0, L_00000250a543e940;  1 drivers
v00000250a5438fb0_0 .net "b", 0 0, L_00000250a543ec60;  1 drivers
v00000250a54392d0_0 .net "cin", 0 0, L_00000250a54c01a8;  alias, 1 drivers
v00000250a5438510_0 .net "cout", 0 0, L_00000250a543eff0;  alias, 1 drivers
v00000250a5438e70_0 .net "sum", 0 0, L_00000250a543fdf0;  1 drivers
S_00000250a5439b70 .scope module, "f2" "full_adder" 3 10, 4 1 0, S_00000250a5439850;
 .timescale 0 0;
    .port_info 0 /INPUT 1 "a";
    .port_info 1 /INPUT 1 "b";
    .port_info 2 /INPUT 1 "cin";
    .port_info 3 /OUTPUT 1 "sum";
    .port_info 4 /OUTPUT 1 "cout";
L_00000250a543ef80 .functor XOR 1, L_00000250a543e9e0, L_00000250a543cfa0, C4<0>, C4<0>;
L_00000250a543f0d0 .functor XOR 1, L_00000250a543ef80, L_00000250a543eff0, C4<0>, C4<0>;
L_00000250a54425c0 .functor AND 1, L_00000250a543e9e0, L_00000250a543cfa0, C4<1>, C4<1>;
L_00000250a5441fa0 .functor AND 1, L_00000250a543cfa0, L_00000250a543eff0, C4<1>, C4<1>;
L_00000250a54426a0 .functor OR 1, L_00000250a54425c0, L_00000250a5441fa0, C4<0>, C4<0>;
L_00000250a5442d30 .functor AND 1, L_00000250a543eff0, L_00000250a543e9e0, C4<1>, C4<1>;
L_00000250a5442630 .functor OR 1, L_00000250a54426a0, L_00000250a5442d30, C4<0>, C4<0>;
v00000250a5439550_0 .net *"_ivl_0", 0 0, L_00000250a543ef80;  1 drivers
v00000250a5439190_0 .net *"_ivl_10", 0 0, L_00000250a5442d30;  1 drivers
v00000250a5437c50_0 .net *"_ivl_4", 0 0, L_00000250a54425c0;  1 drivers
v00000250a54379d0_0 .net *"_ivl_6", 0 0, L_00000250a5441fa0;  1 drivers
v00000250a5437b10_0 .net *"_ivl_8", 0 0, L_00000250a54426a0;  1 drivers
v00000250a5438010_0 .net "a", 0 0, L_00000250a543e9e0;  1 drivers
v00000250a5439230_0 .net "b", 0 0, L_00000250a543cfa0;  1 drivers
v00000250a5438c90_0 .net "cin", 0 0, L_00000250a543eff0;  alias, 1 drivers
v00000250a5437cf0_0 .net "cout", 0 0, L_00000250a5442630;  alias, 1 drivers
v00000250a5439050_0 .net "sum", 0 0, L_00000250a543f0d0;  1 drivers
S_00000250a5439d00 .scope module, "B3_0" "ripple_carry_two" 2 34, 3 1 0, S_00000250a54bdb90;
 .timescale 0 0;
    .port_info 0 /INPUT 2 "a";
    .port_info 1 /INPUT 2 "b";
    .port_info 2 /INPUT 1 "cin";
    .port_info 3 /OUTPUT 2 "sum";
    .port_info 4 /OUTPUT 1 "cout";
v00000250a543b5d0_0 .net "a", 1 0, L_00000250a54442a0;  1 drivers
v00000250a543c070_0 .net "b", 1 0, L_00000250a5443940;  1 drivers
v00000250a543c750_0 .net "c1", 0 0, L_00000250a5442710;  1 drivers
L_00000250a54c01f0 .functor BUFT 1, C4<0>, C4<0>, C4<0>, C4<0>;
v00000250a543b2b0_0 .net "cin", 0 0, L_00000250a54c01f0;  1 drivers
v00000250a543ca70_0 .net "cout", 0 0, L_00000250a5442c50;  alias, 1 drivers
v00000250a543ccf0_0 .net "sum", 1 0, L_00000250a5443e40;  alias, 1 drivers
L_00000250a5444200 .part L_00000250a54442a0, 0, 1;
L_00000250a5444340 .part L_00000250a5443940, 0, 1;
L_00000250a5443bc0 .part L_00000250a54442a0, 1, 1;
L_00000250a5443d00 .part L_00000250a5443940, 1, 1;
L_00000250a5443e40 .concat8 [ 1 1 0 0], L_00000250a5442550, L_00000250a5441f30;
S_00000250a543a9d0 .scope module, "f1" "full_adder" 3 9, 4 1 0, S_00000250a5439d00;
 .timescale 0 0;
    .port_info 0 /INPUT 1 "a";
    .port_info 1 /INPUT 1 "b";
    .port_info 2 /INPUT 1 "cin";
    .port_info 3 /OUTPUT 1 "sum";
    .port_info 4 /OUTPUT 1 "cout";
L_00000250a5442da0 .functor XOR 1, L_00000250a5444200, L_00000250a5444340, C4<0>, C4<0>;
L_00000250a5442550 .functor XOR 1, L_00000250a5442da0, L_00000250a54c01f0, C4<0>, C4<0>;
L_00000250a5442390 .functor AND 1, L_00000250a5444200, L_00000250a5444340, C4<1>, C4<1>;
L_00000250a5442e10 .functor AND 1, L_00000250a5444340, L_00000250a54c01f0, C4<1>, C4<1>;
L_00000250a5442be0 .functor OR 1, L_00000250a5442390, L_00000250a5442e10, C4<0>, C4<0>;
L_00000250a54421d0 .functor AND 1, L_00000250a54c01f0, L_00000250a5444200, C4<1>, C4<1>;
L_00000250a5442710 .functor OR 1, L_00000250a5442be0, L_00000250a54421d0, C4<0>, C4<0>;
v00000250a5437ed0_0 .net *"_ivl_0", 0 0, L_00000250a5442da0;  1 drivers
v00000250a5438bf0_0 .net *"_ivl_10", 0 0, L_00000250a54421d0;  1 drivers
v00000250a54390f0_0 .net *"_ivl_4", 0 0, L_00000250a5442390;  1 drivers
v00000250a5438ab0_0 .net *"_ivl_6", 0 0, L_00000250a5442e10;  1 drivers
v00000250a54381f0_0 .net *"_ivl_8", 0 0, L_00000250a5442be0;  1 drivers
v00000250a5438290_0 .net "a", 0 0, L_00000250a5444200;  1 drivers
v00000250a54383d0_0 .net "b", 0 0, L_00000250a5444340;  1 drivers
v00000250a5438d30_0 .net "cin", 0 0, L_00000250a54c01f0;  alias, 1 drivers
v00000250a543c390_0 .net "cout", 0 0, L_00000250a5442710;  alias, 1 drivers
v00000250a543b030_0 .net "sum", 0 0, L_00000250a5442550;  1 drivers
S_00000250a543a070 .scope module, "f2" "full_adder" 3 10, 4 1 0, S_00000250a5439d00;
 .timescale 0 0;
    .port_info 0 /INPUT 1 "a";
    .port_info 1 /INPUT 1 "b";
    .port_info 2 /INPUT 1 "cin";
    .port_info 3 /OUTPUT 1 "sum";
    .port_info 4 /OUTPUT 1 "cout";
L_00000250a5442160 .functor XOR 1, L_00000250a5443bc0, L_00000250a5443d00, C4<0>, C4<0>;
L_00000250a5441f30 .functor XOR 1, L_00000250a5442160, L_00000250a5442710, C4<0>, C4<0>;
L_00000250a5442b70 .functor AND 1, L_00000250a5443bc0, L_00000250a5443d00, C4<1>, C4<1>;
L_00000250a5442240 .functor AND 1, L_00000250a5443d00, L_00000250a5442710, C4<1>, C4<1>;
L_00000250a5442400 .functor OR 1, L_00000250a5442b70, L_00000250a5442240, C4<0>, C4<0>;
L_00000250a5442470 .functor AND 1, L_00000250a5442710, L_00000250a5443bc0, C4<1>, C4<1>;
L_00000250a5442c50 .functor OR 1, L_00000250a5442400, L_00000250a5442470, C4<0>, C4<0>;
v00000250a543bad0_0 .net *"_ivl_0", 0 0, L_00000250a5442160;  1 drivers
v00000250a543b490_0 .net *"_ivl_10", 0 0, L_00000250a5442470;  1 drivers
v00000250a543cd90_0 .net *"_ivl_4", 0 0, L_00000250a5442b70;  1 drivers
v00000250a543b8f0_0 .net *"_ivl_6", 0 0, L_00000250a5442240;  1 drivers
v00000250a543b170_0 .net *"_ivl_8", 0 0, L_00000250a5442400;  1 drivers
v00000250a543b0d0_0 .net "a", 0 0, L_00000250a5443bc0;  1 drivers
v00000250a543b210_0 .net "b", 0 0, L_00000250a5443d00;  1 drivers
v00000250a543b670_0 .net "cin", 0 0, L_00000250a5442710;  alias, 1 drivers
v00000250a543c110_0 .net "cout", 0 0, L_00000250a5442c50;  alias, 1 drivers
v00000250a543c430_0 .net "sum", 0 0, L_00000250a5441f30;  1 drivers
S_00000250a543a390 .scope module, "B3_1" "ripple_carry_two" 2 35, 3 1 0, S_00000250a54bdb90;
 .timescale 0 0;
    .port_info 0 /INPUT 2 "a";
    .port_info 1 /INPUT 2 "b";
    .port_info 2 /INPUT 1 "cin";
    .port_info 3 /OUTPUT 2 "sum";
    .port_info 4 /OUTPUT 1 "cout";
v00000250a543be90_0 .net "a", 1 0, L_00000250a5442fe0;  1 drivers
v00000250a543bfd0_0 .net "b", 1 0, L_00000250a5443300;  1 drivers
v00000250a543c1b0_0 .net "c1", 0 0, L_00000250a54427f0;  1 drivers
L_00000250a54c0238 .functor BUFT 1, C4<1>, C4<0>, C4<0>, C4<0>;
v00000250a543cbb0_0 .net "cin", 0 0, L_00000250a54c0238;  1 drivers
v00000250a543c250_0 .net "cout", 0 0, L_00000250a54429b0;  alias, 1 drivers
v00000250a543aef0_0 .net "sum", 1 0, L_00000250a5442f40;  alias, 1 drivers
L_00000250a5443120 .part L_00000250a5442fe0, 0, 1;
L_00000250a5443580 .part L_00000250a5443300, 0, 1;
L_00000250a5443c60 .part L_00000250a5442fe0, 1, 1;
L_00000250a5444660 .part L_00000250a5443300, 1, 1;
L_00000250a5442f40 .concat8 [ 1 1 0 0], L_00000250a54424e0, L_00000250a5442860;
S_00000250a543a520 .scope module, "f1" "full_adder" 3 9, 4 1 0, S_00000250a543a390;
 .timescale 0 0;
    .port_info 0 /INPUT 1 "a";
    .port_info 1 /INPUT 1 "b";
    .port_info 2 /INPUT 1 "cin";
    .port_info 3 /OUTPUT 1 "sum";
    .port_info 4 /OUTPUT 1 "cout";
L_00000250a5442010 .functor XOR 1, L_00000250a5443120, L_00000250a5443580, C4<0>, C4<0>;
L_00000250a54424e0 .functor XOR 1, L_00000250a5442010, L_00000250a54c0238, C4<0>, C4<0>;
L_00000250a5442cc0 .functor AND 1, L_00000250a5443120, L_00000250a5443580, C4<1>, C4<1>;
L_00000250a5442780 .functor AND 1, L_00000250a5443580, L_00000250a54c0238, C4<1>, C4<1>;
L_00000250a5442080 .functor OR 1, L_00000250a5442cc0, L_00000250a5442780, C4<0>, C4<0>;
L_00000250a54422b0 .functor AND 1, L_00000250a54c0238, L_00000250a5443120, C4<1>, C4<1>;
L_00000250a54427f0 .functor OR 1, L_00000250a5442080, L_00000250a54422b0, C4<0>, C4<0>;
v00000250a543af90_0 .net *"_ivl_0", 0 0, L_00000250a5442010;  1 drivers
v00000250a543c9d0_0 .net *"_ivl_10", 0 0, L_00000250a54422b0;  1 drivers
v00000250a543b530_0 .net *"_ivl_4", 0 0, L_00000250a5442cc0;  1 drivers
v00000250a543c4d0_0 .net *"_ivl_6", 0 0, L_00000250a5442780;  1 drivers
v00000250a543bb70_0 .net *"_ivl_8", 0 0, L_00000250a5442080;  1 drivers
v00000250a543b990_0 .net "a", 0 0, L_00000250a5443120;  1 drivers
v00000250a543b850_0 .net "b", 0 0, L_00000250a5443580;  1 drivers
v00000250a543ba30_0 .net "cin", 0 0, L_00000250a54c0238;  alias, 1 drivers
v00000250a543bf30_0 .net "cout", 0 0, L_00000250a54427f0;  alias, 1 drivers
v00000250a543c930_0 .net "sum", 0 0, L_00000250a54424e0;  1 drivers
S_00000250a543a200 .scope module, "f2" "full_adder" 3 10, 4 1 0, S_00000250a543a390;
 .timescale 0 0;
    .port_info 0 /INPUT 1 "a";
    .port_info 1 /INPUT 1 "b";
    .port_info 2 /INPUT 1 "cin";
    .port_info 3 /OUTPUT 1 "sum";
    .port_info 4 /OUTPUT 1 "cout";
L_00000250a54420f0 .functor XOR 1, L_00000250a5443c60, L_00000250a5444660, C4<0>, C4<0>;
L_00000250a5442860 .functor XOR 1, L_00000250a54420f0, L_00000250a54427f0, C4<0>, C4<0>;
L_00000250a5442320 .functor AND 1, L_00000250a5443c60, L_00000250a5444660, C4<1>, C4<1>;
L_00000250a54428d0 .functor AND 1, L_00000250a5444660, L_00000250a54427f0, C4<1>, C4<1>;
L_00000250a5442b00 .functor OR 1, L_00000250a5442320, L_00000250a54428d0, C4<0>, C4<0>;
L_00000250a5442940 .functor AND 1, L_00000250a54427f0, L_00000250a5443c60, C4<1>, C4<1>;
L_00000250a54429b0 .functor OR 1, L_00000250a5442b00, L_00000250a5442940, C4<0>, C4<0>;
v00000250a543bd50_0 .net *"_ivl_0", 0 0, L_00000250a54420f0;  1 drivers
v00000250a543b710_0 .net *"_ivl_10", 0 0, L_00000250a5442940;  1 drivers
v00000250a543bc10_0 .net *"_ivl_4", 0 0, L_00000250a5442320;  1 drivers
v00000250a543bcb0_0 .net *"_ivl_6", 0 0, L_00000250a54428d0;  1 drivers
v00000250a543b7b0_0 .net *"_ivl_8", 0 0, L_00000250a5442b00;  1 drivers
v00000250a543b350_0 .net "a", 0 0, L_00000250a5443c60;  1 drivers
v00000250a543cb10_0 .net "b", 0 0, L_00000250a5444660;  1 drivers
v00000250a543bdf0_0 .net "cin", 0 0, L_00000250a54427f0;  alias, 1 drivers
v00000250a543cc50_0 .net "cout", 0 0, L_00000250a54429b0;  alias, 1 drivers
v00000250a543b3f0_0 .net "sum", 0 0, L_00000250a5442860;  1 drivers
# The file index is used to find the file name in the following table.
:file_names 5;
    "N/A";
    "<interactive>";
    "scsa.v";
    "./ripple_carry_two.v";
    "./full_adder.v";
