#! /c/Source/iverilog-install/bin/vvp
:ivl_version "12.0 (devel)" "(s20150603-1539-g2693dd32b)";
:ivl_delay_selection "TYPICAL";
:vpi_time_precision + 0;
:vpi_module "C:\iverilog\lib\ivl\system.vpi";
:vpi_module "C:\iverilog\lib\ivl\vhdl_sys.vpi";
:vpi_module "C:\iverilog\lib\ivl\vhdl_textio.vpi";
:vpi_module "C:\iverilog\lib\ivl\v2005_math.vpi";
:vpi_module "C:\iverilog\lib\ivl\va_math.vpi";
S_00000276c58a2ce0 .scope module, "pipeline_ALU" "pipeline_ALU" 2 1;
 .timescale 0 0;
    .port_info 0 /INPUT 4 "rs1";
    .port_info 1 /INPUT 4 "rs2";
    .port_info 2 /INPUT 4 "rd";
    .port_info 3 /INPUT 4 "func";
    .port_info 4 /INPUT 8 "addr";
    .port_info 5 /INPUT 1 "clk1";
    .port_info 6 /INPUT 1 "clk2";
    .port_info 7 /OUTPUT 4 "Z";
v00000276c5a4b3d0_0 .var "L12_A", 15 0;
v00000276c5a4ad70_0 .var "L12_B", 15 0;
v00000276c58a2e70_0 .var "L12_addr", 7 0;
v00000276c58a2f10_0 .var "L12_func", 3 0;
v00000276c58a2fb0_0 .var "L12_rd", 3 0;
v00000276c58a3050_0 .var "L23_Z", 15 0;
v00000276c5929c50_0 .var "L23_addr", 7 0;
v00000276c5929cf0_0 .var "L23_rd", 3 0;
v00000276c5929d90_0 .var "L34_Z", 15 0;
v00000276c5929e30_0 .var "L34_addr", 7 0;
v00000276c5929ed0_0 .net "Z", 3 0, L_00000276c58d3dd0;  1 drivers
o00000276c58df1c8 .functor BUFZ 8, C4<zzzzzzzz>; HiZ drive
v00000276c58d4650_0 .net "addr", 7 0, o00000276c58df1c8;  0 drivers
o00000276c58df1f8 .functor BUFZ 1, C4<z>; HiZ drive
v00000276c58d46f0_0 .net "clk1", 0 0, o00000276c58df1f8;  0 drivers
o00000276c58df228 .functor BUFZ 1, C4<z>; HiZ drive
v00000276c58d4790_0 .net "clk2", 0 0, o00000276c58df228;  0 drivers
o00000276c58df258 .functor BUFZ 4, C4<zzzz>; HiZ drive
v00000276c58d3b50_0 .net "func", 3 0, o00000276c58df258;  0 drivers
v00000276c58d4190 .array "mem", 255 0, 15 0;
o00000276c58df288 .functor BUFZ 4, C4<zzzz>; HiZ drive
v00000276c58d33d0_0 .net "rd", 3 0, o00000276c58df288;  0 drivers
v00000276c58d3470 .array "regbank", 15 0, 15 0;
o00000276c58df2b8 .functor BUFZ 4, C4<zzzz>; HiZ drive
v00000276c58d3330_0 .net "rs1", 3 0, o00000276c58df2b8;  0 drivers
o00000276c58df2e8 .functor BUFZ 4, C4<zzzz>; HiZ drive
v00000276c58d3510_0 .net "rs2", 3 0, o00000276c58df2e8;  0 drivers
E_00000276c58c71d0 .event negedge, v00000276c58d4790_0;
E_00000276c58c7250 .event posedge, v00000276c58d46f0_0;
L_00000276c58d3dd0 .part v00000276c5929d90_0, 0, 4;
    .scope S_00000276c58a2ce0;
T_0 ;
    %wait E_00000276c58c7250;
    %load/vec4 v00000276c58d3330_0;
    %pad/u 6;
    %ix/vec4 4;
    %load/vec4a v00000276c58d3470, 4;
    %assign/vec4 v00000276c5a4b3d0_0, 2;
    %load/vec4 v00000276c58d3510_0;
    %pad/u 6;
    %ix/vec4 4;
    %load/vec4a v00000276c58d3470, 4;
    %assign/vec4 v00000276c5a4ad70_0, 2;
    %load/vec4 v00000276c58d3b50_0;
    %assign/vec4 v00000276c58a2f10_0, 2;
    %load/vec4 v00000276c58d4650_0;
    %assign/vec4 v00000276c58a2e70_0, 2;
    %load/vec4 v00000276c58d33d0_0;
    %assign/vec4 v00000276c58a2fb0_0, 2;
    %jmp T_0;
    .thread T_0;
    .scope S_00000276c58a2ce0;
T_1 ;
    %wait E_00000276c58c71d0;
    %load/vec4 v00000276c58d3b50_0;
    %dup/vec4;
    %pushi/vec4 0, 0, 4;
    %cmp/u;
    %jmp/1 T_1.0, 6;
    %dup/vec4;
    %pushi/vec4 1, 0, 4;
    %cmp/u;
    %jmp/1 T_1.1, 6;
    %dup/vec4;
    %pushi/vec4 2, 0, 4;
    %cmp/u;
    %jmp/1 T_1.2, 6;
    %dup/vec4;
    %pushi/vec4 3, 0, 4;
    %cmp/u;
    %jmp/1 T_1.3, 6;
    %dup/vec4;
    %pushi/vec4 4, 0, 4;
    %cmp/u;
    %jmp/1 T_1.4, 6;
    %dup/vec4;
    %pushi/vec4 5, 0, 4;
    %cmp/u;
    %jmp/1 T_1.5, 6;
    %dup/vec4;
    %pushi/vec4 6, 0, 4;
    %cmp/u;
    %jmp/1 T_1.6, 6;
    %dup/vec4;
    %pushi/vec4 7, 0, 4;
    %cmp/u;
    %jmp/1 T_1.7, 6;
    %dup/vec4;
    %pushi/vec4 8, 0, 4;
    %cmp/u;
    %jmp/1 T_1.8, 6;
    %dup/vec4;
    %pushi/vec4 9, 0, 4;
    %cmp/u;
    %jmp/1 T_1.9, 6;
    %dup/vec4;
    %pushi/vec4 10, 0, 4;
    %cmp/u;
    %jmp/1 T_1.10, 6;
    %dup/vec4;
    %pushi/vec4 11, 0, 4;
    %cmp/u;
    %jmp/1 T_1.11, 6;
    %pushi/vec4 65535, 65535, 16;
    %assign/vec4 v00000276c58a3050_0, 2;
    %jmp T_1.13;
T_1.0 ;
    %load/vec4 v00000276c5a4b3d0_0;
    %load/vec4 v00000276c5a4ad70_0;
    %add;
    %assign/vec4 v00000276c58a3050_0, 2;
    %jmp T_1.13;
T_1.1 ;
    %load/vec4 v00000276c5a4b3d0_0;
    %load/vec4 v00000276c5a4ad70_0;
    %sub;
    %assign/vec4 v00000276c58a3050_0, 2;
    %jmp T_1.13;
T_1.2 ;
    %load/vec4 v00000276c5a4b3d0_0;
    %load/vec4 v00000276c5a4ad70_0;
    %mul;
    %assign/vec4 v00000276c58a3050_0, 2;
    %jmp T_1.13;
T_1.3 ;
    %load/vec4 v00000276c5a4b3d0_0;
    %assign/vec4 v00000276c58a3050_0, 2;
    %jmp T_1.13;
T_1.4 ;
    %load/vec4 v00000276c5a4ad70_0;
    %assign/vec4 v00000276c58a3050_0, 2;
    %jmp T_1.13;
T_1.5 ;
    %load/vec4 v00000276c5a4b3d0_0;
    %load/vec4 v00000276c5a4ad70_0;
    %and;
    %assign/vec4 v00000276c58a3050_0, 2;
    %jmp T_1.13;
T_1.6 ;
    %load/vec4 v00000276c5a4b3d0_0;
    %load/vec4 v00000276c5a4ad70_0;
    %or;
    %assign/vec4 v00000276c58a3050_0, 2;
    %jmp T_1.13;
T_1.7 ;
    %load/vec4 v00000276c5a4b3d0_0;
    %load/vec4 v00000276c5a4ad70_0;
    %xor;
    %assign/vec4 v00000276c58a3050_0, 2;
    %jmp T_1.13;
T_1.8 ;
    %load/vec4 v00000276c5a4b3d0_0;
    %inv;
    %pushi/vec4 1, 0, 16;
    %add;
    %assign/vec4 v00000276c58a3050_0, 2;
    %jmp T_1.13;
T_1.9 ;
    %load/vec4 v00000276c5a4ad70_0;
    %inv;
    %pushi/vec4 1, 0, 16;
    %add;
    %assign/vec4 v00000276c58a3050_0, 2;
    %jmp T_1.13;
T_1.10 ;
    %load/vec4 v00000276c5a4b3d0_0;
    %ix/load 4, 1, 0;
    %flag_set/imm 4, 0;
    %shiftr 4;
    %assign/vec4 v00000276c58a3050_0, 2;
    %jmp T_1.13;
T_1.11 ;
    %load/vec4 v00000276c5a4b3d0_0;
    %ix/load 4, 1, 0;
    %flag_set/imm 4, 0;
    %shiftl 4;
    %assign/vec4 v00000276c58a3050_0, 2;
    %jmp T_1.13;
T_1.13 ;
    %pop/vec4 1;
    %load/vec4 v00000276c58a2e70_0;
    %assign/vec4 v00000276c5929c50_0, 2;
    %load/vec4 v00000276c58a2fb0_0;
    %assign/vec4 v00000276c5929cf0_0, 2;
    %jmp T_1;
    .thread T_1;
    .scope S_00000276c58a2ce0;
T_2 ;
    %wait E_00000276c58c7250;
    %load/vec4 v00000276c58a3050_0;
    %load/vec4 v00000276c5929cf0_0;
    %pad/u 6;
    %ix/vec4 3;
    %ix/load 4, 2, 0; Constant delay
    %assign/vec4/a/d v00000276c58d3470, 0, 4;
    %load/vec4 v00000276c58a3050_0;
    %assign/vec4 v00000276c5929d90_0, 2;
    %load/vec4 v00000276c5929c50_0;
    %assign/vec4 v00000276c5929e30_0, 2;
    %jmp T_2;
    .thread T_2;
    .scope S_00000276c58a2ce0;
T_3 ;
    %wait E_00000276c58c71d0;
    %load/vec4 v00000276c5929d90_0;
    %load/vec4 v00000276c5929e30_0;
    %pad/u 10;
    %ix/vec4 3;
    %ix/load 4, 2, 0; Constant delay
    %assign/vec4/a/d v00000276c58d4190, 0, 4;
    %jmp T_3;
    .thread T_3;
# The file index is used to find the file name in the following table.
:file_names 3;
    "N/A";
    "<interactive>";
    "pipeline_ALU.v";
