#! /c/Source/iverilog-install/bin/vvp
:ivl_version "12.0 (devel)" "(s20150603-1539-g2693dd32b)";
:ivl_delay_selection "TYPICAL";
:vpi_time_precision + 0;
:vpi_module "C:\iverilog\lib\ivl\system.vpi";
:vpi_module "C:\iverilog\lib\ivl\vhdl_sys.vpi";
:vpi_module "C:\iverilog\lib\ivl\vhdl_textio.vpi";
:vpi_module "C:\iverilog\lib\ivl\v2005_math.vpi";
:vpi_module "C:\iverilog\lib\ivl\va_math.vpi";
S_000001e0a4a32ce0 .scope module, "pwm" "pwm" 2 1;
 .timescale 0 0;
    .port_info 0 /INPUT 1 "clk";
    .port_info 1 /INPUT 1 "rst";
    .port_info 2 /INPUT 8 "duty_cycle";
    .port_info 3 /OUTPUT 1 "pwm_out";
v000001e0a4a32e70_0 .net *"_ivl_0", 0 0, L_000001e0a4aabe00;  1 drivers
L_000001e0a4aabea8 .functor BUFT 1, C4<1>, C4<0>, C4<0>, C4<0>;
v000001e0a4a1eeb0_0 .net/2u *"_ivl_2", 0 0, L_000001e0a4aabea8;  1 drivers
L_000001e0a4aabef0 .functor BUFT 1, C4<0>, C4<0>, C4<0>, C4<0>;
v000001e0a4a32f10_0 .net/2u *"_ivl_4", 0 0, L_000001e0a4aabef0;  1 drivers
o000001e0a4a67048 .functor BUFZ 1, C4<z>; HiZ drive
v000001e0a4a32fb0_0 .net "clk", 0 0, o000001e0a4a67048;  0 drivers
v000001e0a4a33050_0 .var "counter", 7 0;
o000001e0a4a670a8 .functor BUFZ 8, C4<zzzzzzzz>; HiZ drive
v000001e0a4aabc20_0 .net "duty_cycle", 7 0, o000001e0a4a670a8;  0 drivers
v000001e0a4aabcc0_0 .net "pwm_out", 0 0, L_000001e0a4af3eb0;  1 drivers
o000001e0a4a67108 .functor BUFZ 1, C4<z>; HiZ drive
v000001e0a4aabd60_0 .net "rst", 0 0, o000001e0a4a67108;  0 drivers
E_000001e0a4a18a70 .event posedge, v000001e0a4aabd60_0, v000001e0a4a32fb0_0;
L_000001e0a4aabe00 .cmp/gt 8, o000001e0a4a670a8, v000001e0a4a33050_0;
L_000001e0a4af3eb0 .functor MUXZ 1, L_000001e0a4aabef0, L_000001e0a4aabea8, L_000001e0a4aabe00, C4<>;
    .scope S_000001e0a4a32ce0;
T_0 ;
    %wait E_000001e0a4a18a70;
    %load/vec4 v000001e0a4aabd60_0;
    %flag_set/vec4 8;
    %jmp/0xz  T_0.0, 8;
    %pushi/vec4 0, 0, 8;
    %assign/vec4 v000001e0a4a33050_0, 0;
    %jmp T_0.1;
T_0.0 ;
    %load/vec4 v000001e0a4a33050_0;
    %addi 1, 0, 8;
    %assign/vec4 v000001e0a4a33050_0, 0;
T_0.1 ;
    %jmp T_0;
    .thread T_0;
# The file index is used to find the file name in the following table.
:file_names 3;
    "N/A";
    "<interactive>";
    "pwm.v";
