#! /c/Source/iverilog-install/bin/vvp
:ivl_version "12.0 (devel)" "(s20150603-1539-g2693dd32b)";
:ivl_delay_selection "TYPICAL";
:vpi_time_precision - 9;
:vpi_module "C:\iverilog\lib\ivl\system.vpi";
:vpi_module "C:\iverilog\lib\ivl\vhdl_sys.vpi";
:vpi_module "C:\iverilog\lib\ivl\vhdl_textio.vpi";
:vpi_module "C:\iverilog\lib\ivl\v2005_math.vpi";
:vpi_module "C:\iverilog\lib\ivl\va_math.vpi";
S_0000021cacdaba10 .scope module, "pwm" "pwm" 2 1;
 .timescale -9 -9;
    .port_info 0 /INPUT 1 "clk";
    .port_info 1 /INPUT 1 "rst";
    .port_info 2 /INPUT 8 "duty_cycle";
    .port_info 3 /OUTPUT 1 "pwm_out";
v0000021cacdaac20_0 .net *"_ivl_0", 0 0, L_0000021caccc0310;  1 drivers
L_0000021caccc1058 .functor BUFT 1, C4<1>, C4<0>, C4<0>, C4<0>;
v0000021cacdabd30_0 .net/2u *"_ivl_2", 0 0, L_0000021caccc1058;  1 drivers
L_0000021caccc10a0 .functor BUFT 1, C4<0>, C4<0>, C4<0>, C4<0>;
v0000021cacc42d20_0 .net/2u *"_ivl_4", 0 0, L_0000021caccc10a0;  1 drivers
o0000021cacc77038 .functor BUFZ 1, C4<z>; HiZ drive
v0000021cacc42dc0_0 .net "clk", 0 0, o0000021cacc77038;  0 drivers
v0000021cacc42e60_0 .var "counter", 7 0;
o0000021cacc77098 .functor BUFZ 8, C4<zzzzzzzz>; HiZ drive
v0000021cacc42f00_0 .net "duty_cycle", 7 0, o0000021cacc77098;  0 drivers
v0000021cacc42fa0_0 .net "pwm_out", 0 0, L_0000021caccc0590;  1 drivers
o0000021cacc770f8 .functor BUFZ 1, C4<z>; HiZ drive
v0000021cacc43040_0 .net "rst", 0 0, o0000021cacc770f8;  0 drivers
E_0000021cacc68e70 .event posedge, v0000021cacc43040_0, v0000021cacc42dc0_0;
L_0000021caccc0310 .cmp/gt 8, o0000021cacc77098, v0000021cacc42e60_0;
L_0000021caccc0590 .functor MUXZ 1, L_0000021caccc10a0, L_0000021caccc1058, L_0000021caccc0310, C4<>;
S_0000021cacdabba0 .scope module, "pwm_tb" "pwm_tb" 3 4;
 .timescale -9 -9;
v0000021cacc430e0_0 .var "clk", 0 0;
v0000021cacc74120_0 .var "duty_cycle", 7 0;
o0000021cacc77248 .functor BUFZ 1, C4<z>; HiZ drive
v0000021cacc741c0_0 .net "pwm_out", 0 0, o0000021cacc77248;  0 drivers
v0000021cacc74260_0 .var "rst", 0 0;
    .scope S_0000021cacdaba10;
T_0 ;
    %wait E_0000021cacc68e70;
    %load/vec4 v0000021cacc43040_0;
    %flag_set/vec4 8;
    %jmp/0xz  T_0.0, 8;
    %pushi/vec4 0, 0, 8;
    %assign/vec4 v0000021cacc42e60_0, 0;
    %jmp T_0.1;
T_0.0 ;
    %load/vec4 v0000021cacc42e60_0;
    %addi 1, 0, 8;
    %assign/vec4 v0000021cacc42e60_0, 0;
T_0.1 ;
    %jmp T_0;
    .thread T_0;
    .scope S_0000021cacdabba0;
T_1 ;
    %vpi_call 3 12 "$dumpfile", "pwm.vcd" {0 0 0};
    %vpi_call 3 13 "$dumpvars", 32'sb00000000000000000000000000000000, S_0000021cacdabba0 {0 0 0};
    %vpi_call 3 15 "$monitor", "Time: %0t || clk: %b || rst: %b || duty_cycle: %d || pwm_out: %b", $time, v0000021cacc430e0_0, v0000021cacc74260_0, v0000021cacc74120_0, v0000021cacc741c0_0 {0 0 0};
    %pushi/vec4 0, 0, 1;
    %store/vec4 v0000021cacc430e0_0, 0, 1;
    %pushi/vec4 0, 0, 8;
    %store/vec4 v0000021cacc74120_0, 0, 8;
    %pushi/vec4 1, 0, 1;
    %store/vec4 v0000021cacc74260_0, 0, 1;
    %delay 8, 0;
    %pushi/vec4 0, 0, 1;
    %store/vec4 v0000021cacc74260_0, 0, 1;
    %delay 5, 0;
    %pushi/vec4 60, 0, 8;
    %store/vec4 v0000021cacc74120_0, 0, 8;
    %delay 100, 0;
    %vpi_call 3 25 "$finish" {0 0 0};
    %end;
    .thread T_1;
# The file index is used to find the file name in the following table.
:file_names 4;
    "N/A";
    "<interactive>";
    "./pwm.v";
    "pwm_tb.v";
