#! /c/Source/iverilog-install/bin/vvp
:ivl_version "12.0 (devel)" "(s20150603-1539-g2693dd32b)";
:ivl_delay_selection "TYPICAL";
:vpi_time_precision - 9;
:vpi_module "C:\iverilog\lib\ivl\system.vpi";
:vpi_module "C:\iverilog\lib\ivl\vhdl_sys.vpi";
:vpi_module "C:\iverilog\lib\ivl\vhdl_textio.vpi";
:vpi_module "C:\iverilog\lib\ivl\v2005_math.vpi";
:vpi_module "C:\iverilog\lib\ivl\va_math.vpi";
S_000002f4681f8fd0 .scope module, "esa3_tb" "esa3_tb" 2 4;
 .timescale -9 -9;
v000002f468252350_0 .var "a", 7 0;
v000002f468252170_0 .var "b", 7 0;
v000002f468251d10_0 .net "sum", 8 0, L_000002f46829c1d0;  1 drivers
S_000002f4681f9160 .scope module, "uut" "esa3" 2 9, 3 1 0, S_000002f4681f8fd0;
 .timescale -9 -9;
    .port_info 0 /INPUT 8 "a";
    .port_info 1 /INPUT 8 "b";
    .port_info 2 /OUTPUT 9 "sum";
L_000002f4681f6aa0 .functor XOR 3, L_000002f468251db0, L_000002f468251a90, C4<000>, C4<000>;
L_000002f4681f6950 .functor XOR 3, L_000002f468252210, L_000002f468251bd0, C4<000>, C4<000>;
v000002f4681f92f0_0 .net *"_ivl_1", 2 0, L_000002f468251db0;  1 drivers
L_000002f468252878 .functor BUFT 1, C4<0>, C4<0>, C4<0>, C4<0>;
v000002f4682c9ea0_0 .net/2u *"_ivl_15", 0 0, L_000002f468252878;  1 drivers
v000002f4682cb060_0 .net *"_ivl_18", 1 0, L_000002f468251f90;  1 drivers
v000002f4681d2d40_0 .net *"_ivl_19", 2 0, L_000002f468252490;  1 drivers
L_000002f4682528c0 .functor BUFT 1, C4<0>, C4<0>, C4<0>, C4<0>;
v000002f4681d2de0_0 .net/2u *"_ivl_21", 0 0, L_000002f4682528c0;  1 drivers
v000002f4682522b0_0 .net *"_ivl_24", 1 0, L_000002f468252030;  1 drivers
v000002f468251ef0_0 .net *"_ivl_25", 2 0, L_000002f46829b4b0;  1 drivers
v000002f4682518b0_0 .net *"_ivl_27", 2 0, L_000002f46829afb0;  1 drivers
v000002f468252530_0 .net *"_ivl_3", 2 0, L_000002f468251a90;  1 drivers
v000002f4682520d0_0 .net *"_ivl_7", 2 0, L_000002f468252210;  1 drivers
v000002f4682523f0_0 .net *"_ivl_9", 2 0, L_000002f468251bd0;  1 drivers
v000002f4682519f0_0 .net "a", 7 0, v000002f468252350_0;  1 drivers
v000002f468251c70_0 .net "b", 7 0, v000002f468252170_0;  1 drivers
v000002f468251b30_0 .net "carry_3", 0 0, L_000002f468251e50;  1 drivers
v000002f4682525d0_0 .net "sum", 8 0, L_000002f46829c1d0;  alias, 1 drivers
v000002f468252670_0 .net "sum_1", 2 0, L_000002f4681f6aa0;  1 drivers
v000002f468252710_0 .net "sum_2", 2 0, L_000002f4681f6950;  1 drivers
v000002f4682527b0_0 .net "sum_3", 1 0, L_000002f468251950;  1 drivers
L_000002f468251db0 .part v000002f468252350_0, 0, 3;
L_000002f468251a90 .part v000002f468252170_0, 0, 3;
L_000002f468252210 .part v000002f468252350_0, 3, 3;
L_000002f468251bd0 .part v000002f468252170_0, 3, 3;
L_000002f468251e50 .part L_000002f46829afb0, 2, 1;
L_000002f468251950 .part L_000002f46829afb0, 0, 2;
L_000002f468251f90 .part v000002f468252350_0, 6, 2;
L_000002f468252490 .concat [ 2 1 0 0], L_000002f468251f90, L_000002f468252878;
L_000002f468252030 .part v000002f468252170_0, 6, 2;
L_000002f46829b4b0 .concat [ 2 1 0 0], L_000002f468252030, L_000002f4682528c0;
L_000002f46829afb0 .arith/sum 3, L_000002f468252490, L_000002f46829b4b0;
L_000002f46829c1d0 .concat [ 3 3 2 1], L_000002f4681f6aa0, L_000002f4681f6950, L_000002f468251950, L_000002f468251e50;
    .scope S_000002f4681f8fd0;
T_0 ;
    %vpi_call 2 12 "$dumpfile", "esa3.vcd" {0 0 0};
    %vpi_call 2 13 "$dumpvars", 32'sb00000000000000000000000000000000, S_000002f4681f8fd0 {0 0 0};
    %vpi_call 2 15 "$monitor", "a: %08b || b: %08b || sum: %09b", v000002f468252350_0, v000002f468252170_0, v000002f468251d10_0 {0 0 0};
    %pushi/vec4 0, 0, 8;
    %store/vec4 v000002f468252350_0, 0, 8;
    %pushi/vec4 0, 0, 8;
    %store/vec4 v000002f468252170_0, 0, 8;
    %delay 10, 0;
    %pushi/vec4 1, 0, 8;
    %store/vec4 v000002f468252350_0, 0, 8;
    %pushi/vec4 4, 0, 8;
    %store/vec4 v000002f468252170_0, 0, 8;
    %delay 10, 0;
    %pushi/vec4 56, 0, 8;
    %store/vec4 v000002f468252350_0, 0, 8;
    %pushi/vec4 236, 0, 8;
    %store/vec4 v000002f468252170_0, 0, 8;
    %delay 10, 0;
    %pushi/vec4 204, 0, 8;
    %store/vec4 v000002f468252350_0, 0, 8;
    %pushi/vec4 179, 0, 8;
    %store/vec4 v000002f468252170_0, 0, 8;
    %delay 10, 0;
    %pushi/vec4 167, 0, 8;
    %store/vec4 v000002f468252350_0, 0, 8;
    %pushi/vec4 240, 0, 8;
    %store/vec4 v000002f468252170_0, 0, 8;
    %delay 10, 0;
    %vpi_call 2 23 "$finish" {0 0 0};
    %end;
    .thread T_0;
# The file index is used to find the file name in the following table.
:file_names 4;
    "N/A";
    "<interactive>";
    "esa3_tb.v";
    "./esa3.v";
