#! /c/Source/iverilog-install/bin/vvp
:ivl_version "12.0 (devel)" "(s20150603-1539-g2693dd32b)";
:ivl_delay_selection "TYPICAL";
:vpi_time_precision - 12;
:vpi_module "C:\iverilog\lib\ivl\system.vpi";
:vpi_module "C:\iverilog\lib\ivl\vhdl_sys.vpi";
:vpi_module "C:\iverilog\lib\ivl\vhdl_textio.vpi";
:vpi_module "C:\iverilog\lib\ivl\v2005_math.vpi";
:vpi_module "C:\iverilog\lib\ivl\va_math.vpi";
S_000001eb107ee260 .scope module, "vedic_two_tb" "vedic_two_tb" 2 4;
 .timescale -12 -12;
v000001eb108888a0_0 .var "a", 0 1;
v000001eb108898e0_0 .var "b", 0 1;
v000001eb108892a0_0 .net "out", 0 3, L_000001eb10889980;  1 drivers
S_000001eb107ee3f0 .scope module, "uut" "vedic_two" 2 9, 3 1 0, S_000001eb107ee260;
 .timescale -12 -12;
    .port_info 0 /INPUT 2 "a";
    .port_info 1 /INPUT 2 "b";
    .port_info 2 /OUTPUT 4 "out";
L_000001eb10828970 .functor AND 1, L_000001eb10889840, L_000001eb10888080, C4<1>, C4<1>;
L_000001eb10828b30 .functor AND 1, L_000001eb108893e0, L_000001eb10888120, C4<1>, C4<1>;
L_000001eb10828820 .functor AND 1, L_000001eb10888300, L_000001eb10889480, C4<1>, C4<1>;
L_000001eb10828660 .functor AND 1, L_000001eb10888760, L_000001eb10888620, C4<1>, C4<1>;
v000001eb10887a70_0 .net *"_ivl_12", 0 0, L_000001eb10888300;  1 drivers
v000001eb10887750_0 .net *"_ivl_14", 0 0, L_000001eb10889480;  1 drivers
v000001eb10887c50_0 .net *"_ivl_17", 0 0, L_000001eb10888760;  1 drivers
v000001eb10887b10_0 .net *"_ivl_19", 0 0, L_000001eb10888620;  1 drivers
v000001eb10887bb0_0 .net *"_ivl_2", 0 0, L_000001eb10889840;  1 drivers
v000001eb10887e30_0 .net *"_ivl_4", 0 0, L_000001eb10888080;  1 drivers
v000001eb10887390_0 .net *"_ivl_7", 0 0, L_000001eb108893e0;  1 drivers
v000001eb10887610_0 .net *"_ivl_9", 0 0, L_000001eb10888120;  1 drivers
v000001eb10887f70_0 .net "a", 1 0, v000001eb108888a0_0;  1 drivers
v000001eb10887570_0 .net "b", 1 0, v000001eb108898e0_0;  1 drivers
v000001eb10887d90_0 .net "cout1", 0 0, L_000001eb10828a50;  1 drivers
v000001eb10887cf0_0 .net "cout2", 0 0, L_000001eb108286d0;  1 drivers
v000001eb10887930_0 .net "out", 3 0, L_000001eb10889980;  alias, 1 drivers
v000001eb108879d0_0 .net "sum", 0 0, L_000001eb10828890;  1 drivers
v000001eb10887070_0 .net "sum2", 0 0, L_000001eb10828ac0;  1 drivers
v000001eb108872f0_0 .net "w1", 0 0, L_000001eb10828970;  1 drivers
v000001eb10887430_0 .net "w2", 0 0, L_000001eb10828b30;  1 drivers
v000001eb108874d0_0 .net "w3", 0 0, L_000001eb10828820;  1 drivers
v000001eb108886c0_0 .net "w4", 0 0, L_000001eb10828660;  1 drivers
L_000001eb10889840 .part v000001eb108888a0_0, 0, 1;
L_000001eb10888080 .part v000001eb108898e0_0, 0, 1;
L_000001eb108893e0 .part v000001eb108888a0_0, 1, 1;
L_000001eb10888120 .part v000001eb108898e0_0, 0, 1;
L_000001eb10888300 .part v000001eb108888a0_0, 0, 1;
L_000001eb10889480 .part v000001eb108898e0_0, 1, 1;
L_000001eb10888760 .part v000001eb108888a0_0, 1, 1;
L_000001eb10888620 .part v000001eb108898e0_0, 1, 1;
L_000001eb10889980 .concat [ 1 1 1 1], L_000001eb10828970, L_000001eb10828890, L_000001eb10828ac0, L_000001eb108286d0;
S_000001eb107ed0f0 .scope module, "h1" "half_adder" 3 12, 3 19 0, S_000001eb107ee3f0;
 .timescale -12 -12;
    .port_info 0 /INPUT 1 "x";
    .port_info 1 /INPUT 1 "y";
    .port_info 2 /OUTPUT 1 "sum";
    .port_info 3 /OUTPUT 1 "cout";
L_000001eb10828890 .functor XOR 1, L_000001eb10828b30, L_000001eb10828820, C4<0>, C4<0>;
L_000001eb10828a50 .functor AND 1, L_000001eb10828b30, L_000001eb10828820, C4<1>, C4<1>;
v000001eb10829e60_0 .net "cout", 0 0, L_000001eb10828a50;  alias, 1 drivers
v000001eb10887ed0_0 .net "sum", 0 0, L_000001eb10828890;  alias, 1 drivers
v000001eb10887110_0 .net "x", 0 0, L_000001eb10828b30;  alias, 1 drivers
v000001eb108877f0_0 .net "y", 0 0, L_000001eb10828820;  alias, 1 drivers
S_000001eb107ed280 .scope module, "h2" "half_adder" 3 13, 3 19 0, S_000001eb107ee3f0;
 .timescale -12 -12;
    .port_info 0 /INPUT 1 "x";
    .port_info 1 /INPUT 1 "y";
    .port_info 2 /OUTPUT 1 "sum";
    .port_info 3 /OUTPUT 1 "cout";
L_000001eb10828ac0 .functor XOR 1, L_000001eb10828660, L_000001eb10828a50, C4<0>, C4<0>;
L_000001eb108286d0 .functor AND 1, L_000001eb10828660, L_000001eb10828a50, C4<1>, C4<1>;
v000001eb108871b0_0 .net "cout", 0 0, L_000001eb108286d0;  alias, 1 drivers
v000001eb10887890_0 .net "sum", 0 0, L_000001eb10828ac0;  alias, 1 drivers
v000001eb10887250_0 .net "x", 0 0, L_000001eb10828660;  alias, 1 drivers
v000001eb108876b0_0 .net "y", 0 0, L_000001eb10828a50;  alias, 1 drivers
    .scope S_000001eb107ee260;
T_0 ;
    %vpi_call 2 12 "$dumpfile", "vedic_two.vcd" {0 0 0};
    %vpi_call 2 13 "$dumpvars", 32'sb00000000000000000000000000000000, S_000001eb107ee260 {0 0 0};
    %pushi/vec4 0, 0, 2;
    %store/vec4 v000001eb108888a0_0, 0, 2;
    %pushi/vec4 0, 0, 2;
    %store/vec4 v000001eb108898e0_0, 0, 2;
    %delay 10, 0;
    %pushi/vec4 1, 0, 2;
    %store/vec4 v000001eb108888a0_0, 0, 2;
    %pushi/vec4 1, 0, 2;
    %store/vec4 v000001eb108898e0_0, 0, 2;
    %delay 10, 0;
    %pushi/vec4 2, 0, 2;
    %store/vec4 v000001eb108888a0_0, 0, 2;
    %pushi/vec4 2, 0, 2;
    %store/vec4 v000001eb108898e0_0, 0, 2;
    %delay 10, 0;
    %pushi/vec4 3, 0, 2;
    %store/vec4 v000001eb108888a0_0, 0, 2;
    %pushi/vec4 3, 0, 2;
    %store/vec4 v000001eb108898e0_0, 0, 2;
    %delay 10, 0;
    %pushi/vec4 2, 0, 2;
    %store/vec4 v000001eb108888a0_0, 0, 2;
    %pushi/vec4 1, 0, 2;
    %store/vec4 v000001eb108898e0_0, 0, 2;
    %delay 10, 0;
    %pushi/vec4 3, 0, 2;
    %store/vec4 v000001eb108888a0_0, 0, 2;
    %pushi/vec4 1, 0, 2;
    %store/vec4 v000001eb108898e0_0, 0, 2;
    %delay 10, 0;
    %vpi_call 2 22 "$finish" {0 0 0};
    %end;
    .thread T_0;
    .scope S_000001eb107ee260;
T_1 ;
    %vpi_call 2 27 "$monitor", "At time %t || a = %b || b = %b || out = %b", $time, v000001eb108888a0_0, v000001eb108898e0_0, v000001eb108892a0_0 {0 0 0};
    %end;
    .thread T_1;
# The file index is used to find the file name in the following table.
:file_names 4;
    "N/A";
    "<interactive>";
    "vedic_two_tb.v";
    "./vedic_two.v";
