#! /c/Source/iverilog-install/bin/vvp
:ivl_version "12.0 (devel)" "(s20150603-1539-g2693dd32b)";
:ivl_delay_selection "TYPICAL";
:vpi_time_precision - 9;
:vpi_module "C:\iverilog\lib\ivl\system.vpi";
:vpi_module "C:\iverilog\lib\ivl\vhdl_sys.vpi";
:vpi_module "C:\iverilog\lib\ivl\vhdl_textio.vpi";
:vpi_module "C:\iverilog\lib\ivl\v2005_math.vpi";
:vpi_module "C:\iverilog\lib\ivl\va_math.vpi";
S_0000018bd788a380 .scope module, "mux_tb" "mux_tb" 2 4;
 .timescale -9 -9;
v0000018bd76f64b0_0 .var "a", 3 0;
v0000018bd76f6550_0 .net "out", 0 0, v0000018bd76f6370_0;  1 drivers
v0000018bd76c2d40_0 .var "sel", 1 0;
S_0000018bd76f61e0 .scope module, "uut" "mux" 2 10, 3 1 0, S_0000018bd788a380;
 .timescale -9 -9;
    .port_info 0 /INPUT 4 "a";
    .port_info 1 /INPUT 2 "sel";
    .port_info 2 /OUTPUT 1 "out";
v0000018bd788a510_0 .net "a", 3 0, v0000018bd76f64b0_0;  1 drivers
v0000018bd76f6370_0 .var "out", 0 0;
v0000018bd76f6410_0 .net "sel", 1 0, v0000018bd76c2d40_0;  1 drivers
E_0000018bd78891f0 .event anyedge, v0000018bd76f6410_0, v0000018bd788a510_0;
    .scope S_0000018bd76f61e0;
T_0 ;
    %wait E_0000018bd78891f0;
    %load/vec4 v0000018bd76f6410_0;
    %dup/vec4;
    %pushi/vec4 0, 0, 2;
    %cmp/u;
    %jmp/1 T_0.0, 6;
    %dup/vec4;
    %pushi/vec4 1, 0, 2;
    %cmp/u;
    %jmp/1 T_0.1, 6;
    %dup/vec4;
    %pushi/vec4 2, 0, 2;
    %cmp/u;
    %jmp/1 T_0.2, 6;
    %dup/vec4;
    %pushi/vec4 3, 0, 2;
    %cmp/u;
    %jmp/1 T_0.3, 6;
    %pushi/vec4 0, 0, 1;
    %store/vec4 v0000018bd76f6370_0, 0, 1;
    %jmp T_0.5;
T_0.0 ;
    %load/vec4 v0000018bd788a510_0;
    %parti/s 1, 0, 2;
    %store/vec4 v0000018bd76f6370_0, 0, 1;
    %jmp T_0.5;
T_0.1 ;
    %load/vec4 v0000018bd788a510_0;
    %parti/s 1, 1, 2;
    %store/vec4 v0000018bd76f6370_0, 0, 1;
    %jmp T_0.5;
T_0.2 ;
    %load/vec4 v0000018bd788a510_0;
    %parti/s 1, 2, 3;
    %store/vec4 v0000018bd76f6370_0, 0, 1;
    %jmp T_0.5;
T_0.3 ;
    %load/vec4 v0000018bd788a510_0;
    %parti/s 1, 3, 3;
    %store/vec4 v0000018bd76f6370_0, 0, 1;
    %jmp T_0.5;
T_0.5 ;
    %pop/vec4 1;
    %jmp T_0;
    .thread T_0, $push;
    .scope S_0000018bd788a380;
T_1 ;
    %vpi_call 2 13 "$monitor", "a: %0b || sel: %0d || out: %0b", v0000018bd76f64b0_0, v0000018bd76c2d40_0, v0000018bd76f6550_0 {0 0 0};
    %delay 3, 0;
    %pushi/vec4 10, 0, 4;
    %store/vec4 v0000018bd76f64b0_0, 0, 4;
    %pushi/vec4 0, 0, 2;
    %store/vec4 v0000018bd76c2d40_0, 0, 2;
    %delay 3, 0;
    %pushi/vec4 10, 0, 4;
    %store/vec4 v0000018bd76f64b0_0, 0, 4;
    %pushi/vec4 1, 0, 2;
    %store/vec4 v0000018bd76c2d40_0, 0, 2;
    %delay 3, 0;
    %pushi/vec4 10, 0, 4;
    %store/vec4 v0000018bd76f64b0_0, 0, 4;
    %pushi/vec4 2, 0, 2;
    %store/vec4 v0000018bd76c2d40_0, 0, 2;
    %delay 3, 0;
    %pushi/vec4 10, 0, 4;
    %store/vec4 v0000018bd76f64b0_0, 0, 4;
    %pushi/vec4 3, 0, 2;
    %store/vec4 v0000018bd76c2d40_0, 0, 2;
    %delay 1, 0;
    %vpi_call 2 20 "$display", "The program is successfully completed" {0 0 0};
    %delay 1, 0;
    %vpi_call 2 21 "$finish" {0 0 0};
    %end;
    .thread T_1;
    .scope S_0000018bd788a380;
T_2 ;
    %vpi_call 2 26 "$dumpfile", "mux_tb.vcd" {0 0 0};
    %vpi_call 2 27 "$dumpvars", 32'sb00000000000000000000000000000000, S_0000018bd788a380 {0 0 0};
    %end;
    .thread T_2;
# The file index is used to find the file name in the following table.
:file_names 4;
    "N/A";
    "<interactive>";
    "mux_tb.v";
    "./mux.v";
