#! /c/Source/iverilog-install/bin/vvp
:ivl_version "12.0 (devel)" "(s20150603-1539-g2693dd32b)";
:ivl_delay_selection "TYPICAL";
:vpi_time_precision + 0;
:vpi_module "C:\iverilog\lib\ivl\system.vpi";
:vpi_module "C:\iverilog\lib\ivl\vhdl_sys.vpi";
:vpi_module "C:\iverilog\lib\ivl\vhdl_textio.vpi";
:vpi_module "C:\iverilog\lib\ivl\v2005_math.vpi";
:vpi_module "C:\iverilog\lib\ivl\va_math.vpi";
S_000002c0c50e2df0 .scope module, "parity_generator" "parity_generator" 2 1;
 .timescale 0 0;
    .port_info 0 /INPUT 4 "in";
    .port_info 1 /OUTPUT 1 "out";
v000002c0c50e2f80_0 .var/i "count", 31 0;
v000002c0c50e3020_0 .var/i "i", 31 0;
o000002c0c5117038 .functor BUFZ 4, C4<zzzz>; HiZ drive
v000002c0c50e30c0_0 .net "in", 3 0, o000002c0c5117038;  0 drivers
v000002c0c525ed00_0 .var "out", 0 0;
E_000002c0c52581d0 .event anyedge, v000002c0c50e30c0_0, v000002c0c50e2f80_0;
    .scope S_000002c0c50e2df0;
T_0 ;
    %wait E_000002c0c52581d0;
    %pushi/vec4 0, 0, 32;
    %store/vec4 v000002c0c50e2f80_0, 0, 32;
    %pushi/vec4 0, 0, 32;
    %store/vec4 v000002c0c50e3020_0, 0, 32;
T_0.0 ;
    %load/vec4 v000002c0c50e3020_0;
    %cmpi/s 4, 0, 32;
    %jmp/0xz T_0.1, 5;
    %load/vec4 v000002c0c50e30c0_0;
    %load/vec4 v000002c0c50e3020_0;
    %part/s 1;
    %pad/u 32;
    %cmpi/e 1, 0, 32;
    %jmp/0xz  T_0.2, 4;
    %load/vec4 v000002c0c50e2f80_0;
    %addi 1, 0, 32;
    %store/vec4 v000002c0c50e2f80_0, 0, 32;
T_0.2 ;
    %load/vec4 v000002c0c50e3020_0;
    %addi 1, 0, 32;
    %store/vec4 v000002c0c50e3020_0, 0, 32;
    %jmp T_0.0;
T_0.1 ;
    %load/vec4 v000002c0c50e2f80_0;
    %pushi/vec4 2, 0, 32;
    %mod/s;
    %cmpi/e 0, 0, 32;
    %jmp/0xz  T_0.4, 4;
    %pushi/vec4 1, 0, 1;
    %store/vec4 v000002c0c525ed00_0, 0, 1;
    %jmp T_0.5;
T_0.4 ;
    %pushi/vec4 0, 0, 1;
    %store/vec4 v000002c0c525ed00_0, 0, 1;
T_0.5 ;
    %jmp T_0;
    .thread T_0, $push;
# The file index is used to find the file name in the following table.
:file_names 3;
    "N/A";
    "<interactive>";
    "parity.v";
