#! /c/Source/iverilog-install/bin/vvp
:ivl_version "12.0 (devel)" "(s20150603-1539-g2693dd32b)";
:ivl_delay_selection "TYPICAL";
:vpi_time_precision - 9;
:vpi_module "C:\iverilog\lib\ivl\system.vpi";
:vpi_module "C:\iverilog\lib\ivl\vhdl_sys.vpi";
:vpi_module "C:\iverilog\lib\ivl\vhdl_textio.vpi";
:vpi_module "C:\iverilog\lib\ivl\v2005_math.vpi";
:vpi_module "C:\iverilog\lib\ivl\va_math.vpi";
S_00000200beb99d10 .scope module, "priority_encoder_new_tb" "priority_encoder_new_tb" 2 4;
 .timescale -9 -9;
v00000200beb9a590_0 .var "d", 7 0;
v00000200bea44900_0 .net "out", 2 0, v00000200beb9a450_0;  1 drivers
v00000200bea449a0_0 .var "valid", 0 0;
S_00000200beb9a220 .scope module, "uut" "priority_encoder_new" 2 10, 3 1 0, S_00000200beb99d10;
 .timescale -9 -9;
    .port_info 0 /INPUT 8 "d";
    .port_info 1 /OUTPUT 3 "out";
    .port_info 2 /INPUT 1 "valid";
v00000200beb9a3b0_0 .net "d", 7 0, v00000200beb9a590_0;  1 drivers
v00000200bea13120_0 .var/i "i", 31 0;
v00000200beb9a450_0 .var "out", 2 0;
v00000200beb9a4f0_0 .net "valid", 0 0, v00000200bea449a0_0;  1 drivers
E_00000200bea49940 .event anyedge, v00000200beb9a4f0_0, v00000200beb9a3b0_0;
    .scope S_00000200beb9a220;
T_0 ;
    %wait E_00000200bea49940;
    %load/vec4 v00000200beb9a4f0_0;
    %flag_set/vec4 8;
    %jmp/0xz  T_0.0, 8;
    %pushi/vec4 0, 0, 32;
    %store/vec4 v00000200bea13120_0, 0, 32;
T_0.2 ;
    %load/vec4 v00000200bea13120_0;
    %cmpi/s 8, 0, 32;
    %jmp/0xz T_0.3, 5;
    %load/vec4 v00000200beb9a3b0_0;
    %load/vec4 v00000200bea13120_0;
    %part/s 1;
    %cmpi/e 1, 0, 1;
    %jmp/0xz  T_0.4, 4;
    %load/vec4 v00000200bea13120_0;
    %pad/s 3;
    %store/vec4 v00000200beb9a450_0, 0, 3;
T_0.4 ;
    %load/vec4 v00000200bea13120_0;
    %addi 1, 0, 32;
    %store/vec4 v00000200bea13120_0, 0, 32;
    %jmp T_0.2;
T_0.3 ;
T_0.0 ;
    %jmp T_0;
    .thread T_0, $push;
    .scope S_00000200beb99d10;
T_1 ;
    %vpi_call 2 14 "$dumpfile", "priority_encoder_new.vcd" {0 0 0};
    %vpi_call 2 15 "$dumpvars", 32'sb00000000000000000000000000000000, S_00000200beb99d10 {0 0 0};
    %vpi_call 2 17 "$monitor", "valid: %0b || d: %08b || out: %03b", v00000200bea449a0_0, v00000200beb9a590_0, v00000200bea44900_0 {0 0 0};
    %pushi/vec4 0, 0, 1;
    %store/vec4 v00000200bea449a0_0, 0, 1;
    %pushi/vec4 0, 0, 8;
    %store/vec4 v00000200beb9a590_0, 0, 8;
    %delay 3, 0;
    %pushi/vec4 1, 0, 1;
    %store/vec4 v00000200bea449a0_0, 0, 1;
    %pushi/vec4 1, 0, 8;
    %store/vec4 v00000200beb9a590_0, 0, 8;
    %delay 3, 0;
    %pushi/vec4 1, 0, 1;
    %store/vec4 v00000200bea449a0_0, 0, 1;
    %pushi/vec4 2, 0, 8;
    %store/vec4 v00000200beb9a590_0, 0, 8;
    %delay 3, 0;
    %pushi/vec4 1, 0, 1;
    %store/vec4 v00000200bea449a0_0, 0, 1;
    %pushi/vec4 4, 0, 8;
    %store/vec4 v00000200beb9a590_0, 0, 8;
    %delay 3, 0;
    %pushi/vec4 1, 0, 1;
    %store/vec4 v00000200bea449a0_0, 0, 1;
    %pushi/vec4 8, 0, 8;
    %store/vec4 v00000200beb9a590_0, 0, 8;
    %delay 3, 0;
    %pushi/vec4 1, 0, 1;
    %store/vec4 v00000200bea449a0_0, 0, 1;
    %pushi/vec4 16, 0, 8;
    %store/vec4 v00000200beb9a590_0, 0, 8;
    %delay 3, 0;
    %pushi/vec4 1, 0, 1;
    %store/vec4 v00000200bea449a0_0, 0, 1;
    %pushi/vec4 32, 0, 8;
    %store/vec4 v00000200beb9a590_0, 0, 8;
    %delay 3, 0;
    %pushi/vec4 1, 0, 1;
    %store/vec4 v00000200bea449a0_0, 0, 1;
    %pushi/vec4 64, 0, 8;
    %store/vec4 v00000200beb9a590_0, 0, 8;
    %delay 3, 0;
    %pushi/vec4 1, 0, 1;
    %store/vec4 v00000200bea449a0_0, 0, 1;
    %pushi/vec4 128, 0, 8;
    %store/vec4 v00000200beb9a590_0, 0, 8;
    %delay 10, 0;
    %vpi_call 2 31 "$finish" {0 0 0};
    %end;
    .thread T_1;
# The file index is used to find the file name in the following table.
:file_names 4;
    "N/A";
    "<interactive>";
    "priority_encoder_new_tb.v";
    "./priority_encoder_new.v";
