#! /c/Source/iverilog-install/bin/vvp
:ivl_version "12.0 (devel)" "(s20150603-1539-g2693dd32b)";
:ivl_delay_selection "TYPICAL";
:vpi_time_precision + 0;
:vpi_module "C:\iverilog\lib\ivl\system.vpi";
:vpi_module "C:\iverilog\lib\ivl\vhdl_sys.vpi";
:vpi_module "C:\iverilog\lib\ivl\vhdl_textio.vpi";
:vpi_module "C:\iverilog\lib\ivl\v2005_math.vpi";
:vpi_module "C:\iverilog\lib\ivl\va_math.vpi";
S_00000175be552df0 .scope module, "priority_encoder_new" "priority_encoder_new" 2 1;
 .timescale 0 0;
    .port_info 0 /INPUT 8 "d";
    .port_info 1 /OUTPUT 3 "out";
    .port_info 2 /INPUT 1 "valid";
o00000175be586fd8 .functor BUFZ 8, C4<zzzzzzzz>; HiZ drive
v00000175be552f80_0 .net "d", 7 0, o00000175be586fd8;  0 drivers
v00000175be553020_0 .var/i "i", 31 0;
v00000175be5530c0_0 .var "out", 2 0;
o00000175be587068 .functor BUFZ 1, C4<z>; HiZ drive
v00000175be53ed10_0 .net "valid", 0 0, o00000175be587068;  0 drivers
E_00000175be539270 .event anyedge, v00000175be53ed10_0, v00000175be552f80_0;
    .scope S_00000175be552df0;
T_0 ;
    %wait E_00000175be539270;
    %load/vec4 v00000175be53ed10_0;
    %flag_set/vec4 8;
    %jmp/0xz  T_0.0, 8;
    %pushi/vec4 0, 0, 32;
    %store/vec4 v00000175be553020_0, 0, 32;
T_0.2 ;
    %load/vec4 v00000175be553020_0;
    %cmpi/s 8, 0, 32;
    %jmp/0xz T_0.3, 5;
    %load/vec4 v00000175be552f80_0;
    %load/vec4 v00000175be553020_0;
    %part/s 1;
    %cmpi/e 1, 0, 1;
    %jmp/0xz  T_0.4, 4;
    %load/vec4 v00000175be553020_0;
    %pad/s 3;
    %store/vec4 v00000175be5530c0_0, 0, 3;
T_0.4 ;
    %load/vec4 v00000175be553020_0;
    %addi 1, 0, 32;
    %store/vec4 v00000175be553020_0, 0, 32;
    %jmp T_0.2;
T_0.3 ;
T_0.0 ;
    %jmp T_0;
    .thread T_0, $push;
# The file index is used to find the file name in the following table.
:file_names 3;
    "N/A";
    "<interactive>";
    "priority_encoder_new.v";
