#! /c/Source/iverilog-install/bin/vvp
:ivl_version "12.0 (devel)" "(s20150603-1539-g2693dd32b)";
:ivl_delay_selection "TYPICAL";
:vpi_time_precision + 0;
:vpi_module "C:\iverilog\lib\ivl\system.vpi";
:vpi_module "C:\iverilog\lib\ivl\vhdl_sys.vpi";
:vpi_module "C:\iverilog\lib\ivl\vhdl_textio.vpi";
:vpi_module "C:\iverilog\lib\ivl\v2005_math.vpi";
:vpi_module "C:\iverilog\lib\ivl\va_math.vpi";
S_000002b16c8a2df0 .scope module, "priority_encoder" "priority_encoder" 2 1;
 .timescale 0 0;
    .port_info 0 /OUTPUT 4 "out";
    .port_info 1 /INPUT 8 "a";
    .port_info 2 /INPUT 1 "valid";
o000002b16c8d6fb8 .functor BUFZ 8, C4<zzzzzzzz>; HiZ drive
v000002b16c88eed0_0 .net "a", 7 0, o000002b16c8d6fb8;  0 drivers
v000002b16c8a2f80_0 .var "out", 3 0;
o000002b16c8d7018 .functor BUFZ 1, C4<z>; HiZ drive
v000002b16c8a3020_0 .net "valid", 0 0, o000002b16c8d7018;  0 drivers
E_000002b16c88cdc0 .event anyedge, v000002b16c8a3020_0, v000002b16c88eed0_0;
    .scope S_000002b16c8a2df0;
T_0 ;
    %wait E_000002b16c88cdc0;
    %load/vec4 v000002b16c8a3020_0;
    %nor/r;
    %flag_set/vec4 8;
    %jmp/0xz  T_0.0, 8;
    %pushi/vec4 0, 7, 4;
    %store/vec4 v000002b16c8a2f80_0, 0, 4;
    %jmp T_0.1;
T_0.0 ;
    %load/vec4 v000002b16c88eed0_0;
    %dup/vec4;
    %pushi/vec4 1, 0, 8;
    %cmp/u;
    %jmp/1 T_0.2, 6;
    %dup/vec4;
    %pushi/vec4 2, 1, 8;
    %cmp/u;
    %jmp/1 T_0.3, 6;
    %dup/vec4;
    %pushi/vec4 4, 3, 8;
    %cmp/u;
    %jmp/1 T_0.4, 6;
    %dup/vec4;
    %pushi/vec4 8, 7, 8;
    %cmp/u;
    %jmp/1 T_0.5, 6;
    %dup/vec4;
    %pushi/vec4 16, 15, 8;
    %cmp/u;
    %jmp/1 T_0.6, 6;
    %dup/vec4;
    %pushi/vec4 32, 31, 8;
    %cmp/u;
    %jmp/1 T_0.7, 6;
    %dup/vec4;
    %pushi/vec4 64, 63, 8;
    %cmp/u;
    %jmp/1 T_0.8, 6;
    %dup/vec4;
    %pushi/vec4 128, 127, 8;
    %cmp/u;
    %jmp/1 T_0.9, 6;
    %pushi/vec4 0, 7, 4;
    %store/vec4 v000002b16c8a2f80_0, 0, 4;
    %jmp T_0.11;
T_0.2 ;
    %pushi/vec4 0, 0, 4;
    %store/vec4 v000002b16c8a2f80_0, 0, 4;
    %jmp T_0.11;
T_0.3 ;
    %pushi/vec4 1, 0, 4;
    %store/vec4 v000002b16c8a2f80_0, 0, 4;
    %jmp T_0.11;
T_0.4 ;
    %pushi/vec4 2, 0, 4;
    %store/vec4 v000002b16c8a2f80_0, 0, 4;
    %jmp T_0.11;
T_0.5 ;
    %pushi/vec4 3, 0, 4;
    %store/vec4 v000002b16c8a2f80_0, 0, 4;
    %jmp T_0.11;
T_0.6 ;
    %pushi/vec4 4, 0, 4;
    %store/vec4 v000002b16c8a2f80_0, 0, 4;
    %jmp T_0.11;
T_0.7 ;
    %pushi/vec4 5, 0, 4;
    %store/vec4 v000002b16c8a2f80_0, 0, 4;
    %jmp T_0.11;
T_0.8 ;
    %pushi/vec4 6, 0, 4;
    %store/vec4 v000002b16c8a2f80_0, 0, 4;
    %jmp T_0.11;
T_0.9 ;
    %pushi/vec4 7, 0, 4;
    %store/vec4 v000002b16c8a2f80_0, 0, 4;
    %jmp T_0.11;
T_0.11 ;
    %pop/vec4 1;
T_0.1 ;
    %jmp T_0;
    .thread T_0, $push;
# The file index is used to find the file name in the following table.
:file_names 3;
    "N/A";
    "<interactive>";
    "priority_encoder.v";
