#! /c/Source/iverilog-install/bin/vvp
:ivl_version "12.0 (devel)" "(s20150603-1539-g2693dd32b)";
:ivl_delay_selection "TYPICAL";
:vpi_time_precision - 9;
:vpi_module "C:\iverilog\lib\ivl\system.vpi";
:vpi_module "C:\iverilog\lib\ivl\vhdl_sys.vpi";
:vpi_module "C:\iverilog\lib\ivl\vhdl_textio.vpi";
:vpi_module "C:\iverilog\lib\ivl\v2005_math.vpi";
:vpi_module "C:\iverilog\lib\ivl\va_math.vpi";
S_0000018a0d2d9f20 .scope module, "priority_encoder_tb" "priority_encoder_tb" 2 4;
 .timescale -9 -9;
v0000018a0d2da0b0_0 .var "a", 7 0;
v0000018a0d2da150_0 .net "out", 2 0, v0000018a0d2f3140_0;  1 drivers
v0000018a0d2dd280_0 .var "valid", 0 0;
S_0000018a0d2dd0f0 .scope module, "uut" "priority_encoder" 2 10, 3 1 0, S_0000018a0d2d9f20;
 .timescale -9 -9;
    .port_info 0 /INPUT 8 "a";
    .port_info 1 /INPUT 1 "valid";
    .port_info 2 /OUTPUT 3 "out";
v0000018a0d2f3530_0 .net "a", 7 0, v0000018a0d2da0b0_0;  1 drivers
v0000018a0d2f3140_0 .var "out", 2 0;
v0000018a0d2f3750_0 .net "valid", 0 0, v0000018a0d2dd280_0;  1 drivers
E_0000018a0d328500 .event anyedge, v0000018a0d2f3750_0, v0000018a0d2f3530_0;
    .scope S_0000018a0d2dd0f0;
T_0 ;
    %wait E_0000018a0d328500;
    %load/vec4 v0000018a0d2f3750_0;
    %nor/r;
    %flag_set/vec4 8;
    %jmp/0xz  T_0.0, 8;
    %pushi/vec4 0, 0, 3;
    %store/vec4 v0000018a0d2f3140_0, 0, 3;
    %jmp T_0.1;
T_0.0 ;
    %load/vec4 v0000018a0d2f3530_0;
    %dup/vec4;
    %pushi/vec4 255, 127, 8;
    %cmp/x;
    %jmp/1 T_0.2, 4;
    %dup/vec4;
    %pushi/vec4 127, 63, 8;
    %cmp/x;
    %jmp/1 T_0.3, 4;
    %dup/vec4;
    %pushi/vec4 63, 31, 8;
    %cmp/x;
    %jmp/1 T_0.4, 4;
    %dup/vec4;
    %pushi/vec4 31, 15, 8;
    %cmp/x;
    %jmp/1 T_0.5, 4;
    %dup/vec4;
    %pushi/vec4 15, 7, 8;
    %cmp/x;
    %jmp/1 T_0.6, 4;
    %dup/vec4;
    %pushi/vec4 7, 3, 8;
    %cmp/x;
    %jmp/1 T_0.7, 4;
    %dup/vec4;
    %pushi/vec4 3, 1, 8;
    %cmp/x;
    %jmp/1 T_0.8, 4;
    %dup/vec4;
    %pushi/vec4 1, 0, 8;
    %cmp/x;
    %jmp/1 T_0.9, 4;
    %pushi/vec4 0, 0, 3;
    %store/vec4 v0000018a0d2f3140_0, 0, 3;
    %jmp T_0.11;
T_0.2 ;
    %pushi/vec4 7, 0, 3;
    %store/vec4 v0000018a0d2f3140_0, 0, 3;
    %jmp T_0.11;
T_0.3 ;
    %pushi/vec4 6, 0, 3;
    %store/vec4 v0000018a0d2f3140_0, 0, 3;
    %jmp T_0.11;
T_0.4 ;
    %pushi/vec4 5, 0, 3;
    %store/vec4 v0000018a0d2f3140_0, 0, 3;
    %jmp T_0.11;
T_0.5 ;
    %pushi/vec4 4, 0, 3;
    %store/vec4 v0000018a0d2f3140_0, 0, 3;
    %jmp T_0.11;
T_0.6 ;
    %pushi/vec4 3, 0, 3;
    %store/vec4 v0000018a0d2f3140_0, 0, 3;
    %jmp T_0.11;
T_0.7 ;
    %pushi/vec4 2, 0, 3;
    %store/vec4 v0000018a0d2f3140_0, 0, 3;
    %jmp T_0.11;
T_0.8 ;
    %pushi/vec4 1, 0, 3;
    %store/vec4 v0000018a0d2f3140_0, 0, 3;
    %jmp T_0.11;
T_0.9 ;
    %pushi/vec4 0, 0, 3;
    %store/vec4 v0000018a0d2f3140_0, 0, 3;
    %jmp T_0.11;
T_0.11 ;
    %pop/vec4 1;
T_0.1 ;
    %jmp T_0;
    .thread T_0, $push;
    .scope S_0000018a0d2d9f20;
T_1 ;
    %vpi_call 2 14 "$monitor", "a: %0b || valid: %0b || out: %0b", v0000018a0d2da0b0_0, v0000018a0d2dd280_0, v0000018a0d2da150_0 {0 0 0};
    %pushi/vec4 1, 0, 8;
    %store/vec4 v0000018a0d2da0b0_0, 0, 8;
    %pushi/vec4 1, 0, 1;
    %store/vec4 v0000018a0d2dd280_0, 0, 1;
    %delay 10, 0;
    %pushi/vec4 8, 0, 8;
    %store/vec4 v0000018a0d2da0b0_0, 0, 8;
    %pushi/vec4 1, 0, 1;
    %store/vec4 v0000018a0d2dd280_0, 0, 1;
    %delay 10, 0;
    %pushi/vec4 68, 0, 8;
    %store/vec4 v0000018a0d2da0b0_0, 0, 8;
    %pushi/vec4 1, 0, 1;
    %store/vec4 v0000018a0d2dd280_0, 0, 1;
    %delay 10, 0;
    %pushi/vec4 255, 0, 8;
    %store/vec4 v0000018a0d2da0b0_0, 0, 8;
    %pushi/vec4 1, 0, 1;
    %store/vec4 v0000018a0d2dd280_0, 0, 1;
    %delay 10, 0;
    %pushi/vec4 128, 0, 8;
    %store/vec4 v0000018a0d2da0b0_0, 0, 8;
    %pushi/vec4 0, 0, 1;
    %store/vec4 v0000018a0d2dd280_0, 0, 1;
    %delay 10, 0;
    %pushi/vec4 0, 0, 8;
    %store/vec4 v0000018a0d2da0b0_0, 0, 8;
    %pushi/vec4 1, 0, 1;
    %store/vec4 v0000018a0d2dd280_0, 0, 1;
    %delay 10, 0;
    %vpi_call 2 22 "$finish" {0 0 0};
    %end;
    .thread T_1;
    .scope S_0000018a0d2d9f20;
T_2 ;
    %vpi_call 2 27 "$dumpfile", "priority_encoder.vcd" {0 0 0};
    %vpi_call 2 28 "$dumpvars", 32'sb00000000000000000000000000000000, S_0000018a0d2d9f20 {0 0 0};
    %end;
    .thread T_2;
# The file index is used to find the file name in the following table.
:file_names 4;
    "N/A";
    "<interactive>";
    "priority_encoder_tb.v";
    "./priority_encoder.v";
