#! /c/Source/iverilog-install/bin/vvp
:ivl_version "12.0 (devel)" "(s20150603-1539-g2693dd32b)";
:ivl_delay_selection "TYPICAL";
:vpi_time_precision + 0;
:vpi_module "C:\iverilog\lib\ivl\system.vpi";
:vpi_module "C:\iverilog\lib\ivl\vhdl_sys.vpi";
:vpi_module "C:\iverilog\lib\ivl\vhdl_textio.vpi";
:vpi_module "C:\iverilog\lib\ivl\v2005_math.vpi";
:vpi_module "C:\iverilog\lib\ivl\va_math.vpi";
S_000002a43cfd2ce0 .scope module, "FSM_evod" "FSM_evod" 2 1;
 .timescale 0 0;
    .port_info 0 /INPUT 1 "x";
    .port_info 1 /INPUT 1 "clk";
    .port_info 2 /OUTPUT 1 "z";
P_000002a43cfd2e70 .param/l "EVEN" 0 2 6, +C4<00000000000000000000000000000000>;
P_000002a43cfd2ea8 .param/l "ODD" 0 2 6, +C4<00000000000000000000000000000001>;
P_000002a43cfd2ee0 .param/l "S0" 0 2 6, +C4<00000000000000000000000000000000>;
P_000002a43cfd2f18 .param/l "S1" 0 2 6, +C4<00000000000000000000000000000001>;
o000002a43d006fb8 .functor BUFZ 1, C4<z>; HiZ drive
v000002a43cfd2f60_0 .net "clk", 0 0, o000002a43d006fb8;  0 drivers
v000002a43cfd3000_0 .var "eve_odd", 0 0;
o000002a43d007018 .functor BUFZ 1, C4<z>; HiZ drive
v000002a43cfd30a0_0 .net "x", 0 0, o000002a43d007018;  0 drivers
v000002a43d04bc20_0 .var "z", 0 0;
E_000002a43d16ca20 .event posedge, v000002a43cfd2f60_0;
    .scope S_000002a43cfd2ce0;
T_0 ;
    %wait E_000002a43d16ca20;
    %load/vec4 v000002a43cfd3000_0;
    %dup/vec4;
    %pushi/vec4 0, 0, 1;
    %cmp/u;
    %jmp/1 T_0.0, 6;
    %dup/vec4;
    %pushi/vec4 1, 0, 1;
    %cmp/u;
    %jmp/1 T_0.1, 6;
    %pushi/vec4 0, 0, 1;
    %assign/vec4 v000002a43cfd3000_0, 0;
    %jmp T_0.3;
T_0.0 ;
    %load/vec4 v000002a43cfd30a0_0;
    %flag_set/vec4 8;
    %jmp/0 T_0.4, 8;
    %pushi/vec4 0, 0, 2;
    %jmp/1 T_0.5, 8;
T_0.4 ; End of true expr.
    %pushi/vec4 1, 0, 2;
    %jmp/0 T_0.5, 8;
 ; End of false expr.
    %blend;
T_0.5;
    %pad/s 1;
    %assign/vec4 v000002a43d04bc20_0, 0;
    %load/vec4 v000002a43cfd30a0_0;
    %flag_set/vec4 8;
    %jmp/0 T_0.6, 8;
    %pushi/vec4 0, 0, 32;
    %jmp/1 T_0.7, 8;
T_0.6 ; End of true expr.
    %pushi/vec4 1, 0, 32;
    %jmp/0 T_0.7, 8;
 ; End of false expr.
    %blend;
T_0.7;
    %pad/s 1;
    %assign/vec4 v000002a43cfd3000_0, 0;
    %jmp T_0.3;
T_0.1 ;
    %load/vec4 v000002a43cfd30a0_0;
    %flag_set/vec4 8;
    %jmp/0 T_0.8, 8;
    %pushi/vec4 1, 0, 2;
    %jmp/1 T_0.9, 8;
T_0.8 ; End of true expr.
    %pushi/vec4 0, 0, 2;
    %jmp/0 T_0.9, 8;
 ; End of false expr.
    %blend;
T_0.9;
    %pad/s 1;
    %assign/vec4 v000002a43d04bc20_0, 0;
    %load/vec4 v000002a43cfd30a0_0;
    %flag_set/vec4 8;
    %jmp/0 T_0.10, 8;
    %pushi/vec4 1, 0, 32;
    %jmp/1 T_0.11, 8;
T_0.10 ; End of true expr.
    %pushi/vec4 0, 0, 32;
    %jmp/0 T_0.11, 8;
 ; End of false expr.
    %blend;
T_0.11;
    %pad/s 1;
    %assign/vec4 v000002a43cfd3000_0, 0;
    %jmp T_0.3;
T_0.3 ;
    %pop/vec4 1;
    %jmp T_0;
    .thread T_0;
# The file index is used to find the file name in the following table.
:file_names 3;
    "N/A";
    "<interactive>";
    "FSM_evod.v";
