#! /c/Source/iverilog-install/bin/vvp
:ivl_version "12.0 (devel)" "(s20150603-1539-g2693dd32b)";
:ivl_delay_selection "TYPICAL";
:vpi_time_precision - 9;
:vpi_module "C:\iverilog\lib\ivl\system.vpi";
:vpi_module "C:\iverilog\lib\ivl\vhdl_sys.vpi";
:vpi_module "C:\iverilog\lib\ivl\vhdl_textio.vpi";
:vpi_module "C:\iverilog\lib\ivl\v2005_math.vpi";
:vpi_module "C:\iverilog\lib\ivl\va_math.vpi";
S_000001daaf4ebcc0 .scope module, "seven_segement_tb" "seven_segement_tb" 2 4;
 .timescale -9 -9;
v000001daaf424680_0 .var "bin_in", 3 0;
v000001daaf47ddc0_0 .var "blink_in", 0 0;
v000001daaf47dc80_0 .var "blink_rate", 23 0;
v000001daaf47de60_0 .var "clk", 0 0;
v000001daaf47d5a0_0 .net "dp", 0 0, v000001daaf419bd0_0;  1 drivers
v000001daaf47d820_0 .var "dp_en", 0 0;
v000001daaf47d140_0 .net "en", 0 0, v000001daaf4244a0_0;  1 drivers
v000001daaf47d1e0_0 .var "rst", 0 0;
v000001daaf47dbe0_0 .net "seg", 6 0, v000001daaf4245e0_0;  1 drivers
S_000001daaf42b270 .scope module, "uut" "seven_segement" 2 13, 3 1 0, S_000001daaf4ebcc0;
 .timescale -9 -9;
    .port_info 0 /INPUT 1 "clk";
    .port_info 1 /INPUT 1 "rst";
    .port_info 2 /INPUT 4 "bin_in";
    .port_info 3 /INPUT 1 "dp_en";
    .port_info 4 /INPUT 1 "blink_in";
    .port_info 5 /INPUT 24 "blink_rate";
    .port_info 6 /OUTPUT 7 "seg";
    .port_info 7 /OUTPUT 1 "dp";
    .port_info 8 /OUTPUT 1 "en";
v000001daaf42b4a0_0 .net "bin_in", 3 0, v000001daaf424680_0;  1 drivers
v000001daaf3f3140_0 .var "blink_counter", 23 0;
v000001daaf42b540_0 .net "blink_in", 0 0, v000001daaf47ddc0_0;  1 drivers
v000001daaf42b5e0_0 .net "blink_rate", 23 0, v000001daaf47dc80_0;  1 drivers
v000001daaf419a90_0 .var "blink_state", 0 0;
v000001daaf419b30_0 .net "clk", 0 0, v000001daaf47de60_0;  1 drivers
v000001daaf419bd0_0 .var "dp", 0 0;
v000001daaf424400_0 .net "dp_en", 0 0, v000001daaf47d820_0;  1 drivers
v000001daaf4244a0_0 .var "en", 0 0;
v000001daaf424540_0 .net "rst", 0 0, v000001daaf47d1e0_0;  1 drivers
v000001daaf4245e0_0 .var "seg", 6 0;
E_000001daaf416740 .event posedge, v000001daaf424540_0, v000001daaf419b30_0;
    .scope S_000001daaf42b270;
T_0 ;
    %pushi/vec4 0, 0, 24;
    %store/vec4 v000001daaf3f3140_0, 0, 24;
    %pushi/vec4 1, 0, 1;
    %store/vec4 v000001daaf419a90_0, 0, 1;
    %end;
    .thread T_0;
    .scope S_000001daaf42b270;
T_1 ;
    %wait E_000001daaf416740;
    %load/vec4 v000001daaf424540_0;
    %flag_set/vec4 8;
    %jmp/0xz  T_1.0, 8;
    %pushi/vec4 127, 0, 7;
    %assign/vec4 v000001daaf4245e0_0, 0;
    %pushi/vec4 1, 0, 1;
    %assign/vec4 v000001daaf419bd0_0, 0;
    %pushi/vec4 0, 0, 1;
    %assign/vec4 v000001daaf4244a0_0, 0;
T_1.0 ;
    %load/vec4 v000001daaf42b4a0_0;
    %dup/vec4;
    %pushi/vec4 0, 0, 4;
    %cmp/u;
    %jmp/1 T_1.2, 6;
    %dup/vec4;
    %pushi/vec4 1, 0, 4;
    %cmp/u;
    %jmp/1 T_1.3, 6;
    %dup/vec4;
    %pushi/vec4 2, 0, 4;
    %cmp/u;
    %jmp/1 T_1.4, 6;
    %dup/vec4;
    %pushi/vec4 3, 0, 4;
    %cmp/u;
    %jmp/1 T_1.5, 6;
    %dup/vec4;
    %pushi/vec4 4, 0, 4;
    %cmp/u;
    %jmp/1 T_1.6, 6;
    %dup/vec4;
    %pushi/vec4 5, 0, 4;
    %cmp/u;
    %jmp/1 T_1.7, 6;
    %dup/vec4;
    %pushi/vec4 6, 0, 4;
    %cmp/u;
    %jmp/1 T_1.8, 6;
    %dup/vec4;
    %pushi/vec4 7, 0, 4;
    %cmp/u;
    %jmp/1 T_1.9, 6;
    %dup/vec4;
    %pushi/vec4 8, 0, 4;
    %cmp/u;
    %jmp/1 T_1.10, 6;
    %dup/vec4;
    %pushi/vec4 9, 0, 4;
    %cmp/u;
    %jmp/1 T_1.11, 6;
    %jmp T_1.12;
T_1.2 ;
    %pushi/vec4 126, 0, 7;
    %assign/vec4 v000001daaf4245e0_0, 0;
    %jmp T_1.12;
T_1.3 ;
    %pushi/vec4 48, 0, 7;
    %assign/vec4 v000001daaf4245e0_0, 0;
    %jmp T_1.12;
T_1.4 ;
    %pushi/vec4 109, 0, 7;
    %assign/vec4 v000001daaf4245e0_0, 0;
    %jmp T_1.12;
T_1.5 ;
    %pushi/vec4 121, 0, 7;
    %assign/vec4 v000001daaf4245e0_0, 0;
    %jmp T_1.12;
T_1.6 ;
    %pushi/vec4 51, 0, 7;
    %assign/vec4 v000001daaf4245e0_0, 0;
    %jmp T_1.12;
T_1.7 ;
    %pushi/vec4 91, 0, 7;
    %assign/vec4 v000001daaf4245e0_0, 0;
    %jmp T_1.12;
T_1.8 ;
    %pushi/vec4 95, 0, 7;
    %assign/vec4 v000001daaf4245e0_0, 0;
    %jmp T_1.12;
T_1.9 ;
    %pushi/vec4 112, 0, 7;
    %assign/vec4 v000001daaf4245e0_0, 0;
    %jmp T_1.12;
T_1.10 ;
    %pushi/vec4 127, 0, 7;
    %assign/vec4 v000001daaf4245e0_0, 0;
    %jmp T_1.12;
T_1.11 ;
    %pushi/vec4 123, 0, 7;
    %assign/vec4 v000001daaf4245e0_0, 0;
    %jmp T_1.12;
T_1.12 ;
    %pop/vec4 1;
    %load/vec4 v000001daaf424400_0;
    %cmpi/e 1, 0, 1;
    %jmp/0xz  T_1.13, 4;
    %pushi/vec4 0, 0, 1;
    %store/vec4 v000001daaf419bd0_0, 0, 1;
T_1.13 ;
    %load/vec4 v000001daaf42b540_0;
    %cmpi/e 1, 0, 1;
    %jmp/0xz  T_1.15, 4;
    %load/vec4 v000001daaf42b5e0_0;
    %load/vec4 v000001daaf3f3140_0;
    %cmp/u;
    %flag_or 5, 4;
    %jmp/0xz  T_1.17, 5;
    %pushi/vec4 0, 0, 24;
    %assign/vec4 v000001daaf3f3140_0, 0;
    %load/vec4 v000001daaf419a90_0;
    %inv;
    %assign/vec4 v000001daaf419a90_0, 0;
    %jmp T_1.18;
T_1.17 ;
    %load/vec4 v000001daaf3f3140_0;
    %addi 1, 0, 24;
    %assign/vec4 v000001daaf3f3140_0, 0;
T_1.18 ;
    %load/vec4 v000001daaf419a90_0;
    %assign/vec4 v000001daaf4244a0_0, 0;
    %jmp T_1.16;
T_1.15 ;
    %pushi/vec4 1, 0, 1;
    %assign/vec4 v000001daaf4244a0_0, 0;
T_1.16 ;
    %jmp T_1;
    .thread T_1;
    .scope S_000001daaf4ebcc0;
T_2 ;
    %vpi_call 2 16 "$dumpfile", "seven_segement.vcd" {0 0 0};
    %vpi_call 2 17 "$dumpvars", 32'sb00000000000000000000000000000000, S_000001daaf4ebcc0 {0 0 0};
    %vpi_call 2 19 "$monitor", "Time: %0t || clk: %0b || rst: %0b || bin_in: %04b || dp_en: %0b || blink_in: %0b || seg: %07b || dp: %0b || en: %0b", $time, v000001daaf47de60_0, v000001daaf47d1e0_0, v000001daaf424680_0, v000001daaf47d820_0, v000001daaf47ddc0_0, v000001daaf47dbe0_0, v000001daaf47d5a0_0, v000001daaf47d140_0 {0 0 0};
    %pushi/vec4 0, 0, 1;
    %store/vec4 v000001daaf47de60_0, 0, 1;
    %pushi/vec4 1, 0, 1;
    %store/vec4 v000001daaf47d1e0_0, 0, 1;
    %pushi/vec4 0, 0, 1;
    %store/vec4 v000001daaf47d820_0, 0, 1;
    %pushi/vec4 0, 0, 1;
    %store/vec4 v000001daaf47ddc0_0, 0, 1;
    %pushi/vec4 0, 0, 4;
    %store/vec4 v000001daaf424680_0, 0, 4;
    %pushi/vec4 10, 0, 24;
    %store/vec4 v000001daaf47dc80_0, 0, 24;
    %delay 8, 0;
    %pushi/vec4 0, 0, 1;
    %store/vec4 v000001daaf47d1e0_0, 0, 1;
    %delay 3, 0;
    %pushi/vec4 2, 0, 4;
    %store/vec4 v000001daaf424680_0, 0, 4;
    %delay 10, 0;
    %pushi/vec4 1, 0, 1;
    %store/vec4 v000001daaf47d820_0, 0, 1;
    %delay 10, 0;
    %pushi/vec4 1, 0, 1;
    %store/vec4 v000001daaf47ddc0_0, 0, 1;
    %delay 30, 0;
    %pushi/vec4 5, 0, 4;
    %store/vec4 v000001daaf424680_0, 0, 4;
    %delay 50, 0;
    %pushi/vec4 6, 0, 24;
    %store/vec4 v000001daaf47dc80_0, 0, 24;
    %delay 50, 0;
    %pushi/vec4 0, 0, 1;
    %store/vec4 v000001daaf47ddc0_0, 0, 1;
    %pushi/vec4 0, 0, 1;
    %store/vec4 v000001daaf47d820_0, 0, 1;
    %delay 20, 0;
    %pushi/vec4 9, 0, 4;
    %store/vec4 v000001daaf424680_0, 0, 4;
    %delay 50, 0;
    %vpi_call 2 37 "$finish" {0 0 0};
    %end;
    .thread T_2;
    .scope S_000001daaf4ebcc0;
T_3 ;
    %delay 5, 0;
    %load/vec4 v000001daaf47de60_0;
    %inv;
    %store/vec4 v000001daaf47de60_0, 0, 1;
    %jmp T_3;
    .thread T_3;
# The file index is used to find the file name in the following table.
:file_names 4;
    "N/A";
    "<interactive>";
    "seven_segement_tb.v";
    "./seven_segement.v";
