#! /c/Source/iverilog-install/bin/vvp
:ivl_version "12.0 (devel)" "(s20150603-1539-g2693dd32b)";
:ivl_delay_selection "TYPICAL";
:vpi_time_precision - 12;
:vpi_module "C:\iverilog\lib\ivl\system.vpi";
:vpi_module "C:\iverilog\lib\ivl\vhdl_sys.vpi";
:vpi_module "C:\iverilog\lib\ivl\vhdl_textio.vpi";
:vpi_module "C:\iverilog\lib\ivl\v2005_math.vpi";
:vpi_module "C:\iverilog\lib\ivl\va_math.vpi";
S_000001ee3c4f8c00 .scope module, "ama2_tb" "ama2_tb" 2 4;
 .timescale -9 -12;
v000001ee3c4d3100_0 .var "a", 0 0;
v000001ee3c503d00_0 .var/i "approx_val", 31 0;
v000001ee3c503da0_0 .var "b", 0 0;
v000001ee3c503e40_0 .var "cin", 0 0;
v000001ee3c503ee0_0 .net "cout", 0 0, L_000001ee3c4f88a0;  1 drivers
v000001ee3c503f80_0 .var/i "err_dist", 31 0;
v000001ee3c504020_0 .var/i "error_count", 31 0;
v000001ee3c558dc0_0 .var/i "error_distance_sum", 31 0;
v000001ee3c558d20_0 .var "exact_cout", 0 0;
v000001ee3c558280_0 .var "exact_sum", 0 0;
v000001ee3c558780_0 .var/i "exact_val", 31 0;
v000001ee3c558be0_0 .net "sum", 0 0, L_000001ee3c4f8ad0;  1 drivers
v000001ee3c5586e0_0 .var/i "total_cases", 31 0;
S_000001ee3c4fad00 .scope begin, "$ivl_for_loop0" "$ivl_for_loop0" 2 28, 2 28 0, S_000001ee3c4f8c00;
 .timescale -9 -12;
v000001ee3c4f8d90_0 .var/i "i", 31 0;
S_000001ee3c4fae90 .scope module, "uut" "ama2" 2 10, 3 1 0, S_000001ee3c4f8c00;
 .timescale -9 -12;
    .port_info 0 /INPUT 1 "a";
    .port_info 1 /INPUT 1 "b";
    .port_info 2 /INPUT 1 "cin";
    .port_info 3 /OUTPUT 1 "sum";
    .port_info 4 /OUTPUT 1 "cout";
L_000001ee3c4f8830 .functor XOR 1, v000001ee3c4d3100_0, v000001ee3c503da0_0, C4<0>, C4<0>;
L_000001ee3c4f8ad0 .functor XOR 1, L_000001ee3c4f8830, v000001ee3c503e40_0, C4<0>, C4<0>;
L_000001ee3c4f88a0 .functor AND 1, v000001ee3c4d3100_0, v000001ee3c503da0_0, C4<1>, C4<1>;
v000001ee3c4d2d40_0 .net *"_ivl_0", 0 0, L_000001ee3c4f8830;  1 drivers
v000001ee3c4d2de0_0 .net "a", 0 0, v000001ee3c4d3100_0;  1 drivers
v000001ee3c4d2e80_0 .net "b", 0 0, v000001ee3c503da0_0;  1 drivers
v000001ee3c4d2f20_0 .net "cin", 0 0, v000001ee3c503e40_0;  1 drivers
v000001ee3c4d2fc0_0 .net "cout", 0 0, L_000001ee3c4f88a0;  alias, 1 drivers
v000001ee3c4d3060_0 .net "sum", 0 0, L_000001ee3c4f8ad0;  alias, 1 drivers
    .scope S_000001ee3c4f8c00;
T_0 ;
    %pushi/vec4 0, 0, 32;
    %store/vec4 v000001ee3c5586e0_0, 0, 32;
    %pushi/vec4 0, 0, 32;
    %store/vec4 v000001ee3c504020_0, 0, 32;
    %pushi/vec4 0, 0, 32;
    %store/vec4 v000001ee3c558dc0_0, 0, 32;
    %end;
    .thread T_0;
    .scope S_000001ee3c4f8c00;
T_1 ;
    %fork t_1, S_000001ee3c4fad00;
    %jmp t_0;
    .scope S_000001ee3c4fad00;
t_1 ;
    %pushi/vec4 0, 0, 32;
    %store/vec4 v000001ee3c4f8d90_0, 0, 32;
T_1.0 ;
    %load/vec4 v000001ee3c4f8d90_0;
    %cmpi/s 8, 0, 32;
    %jmp/0xz T_1.1, 5;
    %load/vec4 v000001ee3c4f8d90_0;
    %parti/s 3, 0, 2;
    %split/vec4 1;
    %store/vec4 v000001ee3c503e40_0, 0, 1;
    %split/vec4 1;
    %store/vec4 v000001ee3c503da0_0, 0, 1;
    %store/vec4 v000001ee3c4d3100_0, 0, 1;
    %delay 1000, 0;
    %load/vec4 v000001ee3c4d3100_0;
    %load/vec4 v000001ee3c503da0_0;
    %xor;
    %load/vec4 v000001ee3c503e40_0;
    %xor;
    %store/vec4 v000001ee3c558280_0, 0, 1;
    %load/vec4 v000001ee3c4d3100_0;
    %load/vec4 v000001ee3c503da0_0;
    %and;
    %load/vec4 v000001ee3c503da0_0;
    %load/vec4 v000001ee3c503e40_0;
    %and;
    %or;
    %load/vec4 v000001ee3c4d3100_0;
    %load/vec4 v000001ee3c503e40_0;
    %and;
    %or;
    %store/vec4 v000001ee3c558d20_0, 0, 1;
    %load/vec4 v000001ee3c558d20_0;
    %load/vec4 v000001ee3c558280_0;
    %concat/vec4; draw_concat_vec4
    %pad/u 32;
    %store/vec4 v000001ee3c558780_0, 0, 32;
    %load/vec4 v000001ee3c503ee0_0;
    %load/vec4 v000001ee3c558be0_0;
    %concat/vec4; draw_concat_vec4
    %pad/u 32;
    %store/vec4 v000001ee3c503d00_0, 0, 32;
    %load/vec4 v000001ee3c503d00_0;
    %load/vec4 v000001ee3c558780_0;
    %cmp/s;
    %flag_mov 8, 5;
    %jmp/0 T_1.2, 8;
    %load/vec4 v000001ee3c558780_0;
    %load/vec4 v000001ee3c503d00_0;
    %sub;
    %jmp/1 T_1.3, 8;
T_1.2 ; End of true expr.
    %load/vec4 v000001ee3c503d00_0;
    %load/vec4 v000001ee3c558780_0;
    %sub;
    %jmp/0 T_1.3, 8;
 ; End of false expr.
    %blend;
T_1.3;
    %store/vec4 v000001ee3c503f80_0, 0, 32;
    %load/vec4 v000001ee3c5586e0_0;
    %addi 1, 0, 32;
    %store/vec4 v000001ee3c5586e0_0, 0, 32;
    %load/vec4 v000001ee3c503f80_0;
    %cmpi/ne 0, 0, 32;
    %jmp/0xz  T_1.4, 4;
    %load/vec4 v000001ee3c504020_0;
    %addi 1, 0, 32;
    %store/vec4 v000001ee3c504020_0, 0, 32;
    %load/vec4 v000001ee3c558dc0_0;
    %load/vec4 v000001ee3c503f80_0;
    %add;
    %store/vec4 v000001ee3c558dc0_0, 0, 32;
T_1.4 ;
    %vpi_call 2 48 "$display", "a=%b b=%b cin=%b | Exact=%b%b Approx=%b%b | ErrorDist=%0d", v000001ee3c4d3100_0, v000001ee3c503da0_0, v000001ee3c503e40_0, v000001ee3c558d20_0, v000001ee3c558280_0, v000001ee3c503ee0_0, v000001ee3c558be0_0, v000001ee3c503f80_0 {0 0 0};
    %load/vec4 v000001ee3c4f8d90_0;
    %addi 1, 0, 32;
    %store/vec4 v000001ee3c4f8d90_0, 0, 32;
    %jmp T_1.0;
T_1.1 ;
    %end;
    .scope S_000001ee3c4f8c00;
t_0 %join;
    %vpi_call 2 52 "$display", "\012Total Cases: %0d", v000001ee3c5586e0_0 {0 0 0};
    %vpi_call 2 53 "$display", "Error Count: %0d", v000001ee3c504020_0 {0 0 0};
    %load/vec4 v000001ee3c504020_0;
    %cvt/rv/s;
    %pushi/real 1677721600, 4072; load=100.000
    %mul/wr;
    %load/vec4 v000001ee3c5586e0_0;
    %cvt/rv/s;
    %div/wr;
    %vpi_call 2 54 "$display", "Error Rate: %f%%", W<0,r> {0 1 0};
    %load/vec4 v000001ee3c558dc0_0;
    %cvt/rv/s;
    %pushi/real 1073741824, 4066; load=1.00000
    %mul/wr;
    %load/vec4 v000001ee3c5586e0_0;
    %cvt/rv/s;
    %div/wr;
    %vpi_call 2 55 "$display", "Mean Error Distance (MED): %f", W<0,r> {0 1 0};
    %vpi_call 2 57 "$finish" {0 0 0};
    %end;
    .thread T_1;
# The file index is used to find the file name in the following table.
:file_names 4;
    "N/A";
    "<interactive>";
    "ama2_tb.v";
    "./ama2.v";
