#! /c/Source/iverilog-install/bin/vvp
:ivl_version "12.0 (devel)" "(s20150603-1539-g2693dd32b)";
:ivl_delay_selection "TYPICAL";
:vpi_time_precision + 0;
:vpi_module "C:\iverilog\lib\ivl\system.vpi";
:vpi_module "C:\iverilog\lib\ivl\vhdl_sys.vpi";
:vpi_module "C:\iverilog\lib\ivl\vhdl_textio.vpi";
:vpi_module "C:\iverilog\lib\ivl\v2005_math.vpi";
:vpi_module "C:\iverilog\lib\ivl\va_math.vpi";
S_00000263f5832df0 .scope module, "sequence_dct" "sequence_dct" 2 3;
 .timescale 0 0;
    .port_info 0 /INPUT 1 "clk";
    .port_info 1 /INPUT 1 "rst";
    .port_info 2 /INPUT 1 "in";
    .port_info 3 /OUTPUT 1 "out";
P_00000263f5832f80 .param/l "S0" 0 2 9, C4<000>;
P_00000263f5832fb8 .param/l "S1" 0 2 9, C4<001>;
P_00000263f5832ff0 .param/l "S2" 0 2 9, C4<010>;
P_00000263f5833028 .param/l "S3" 0 2 9, C4<011>;
P_00000263f5833060 .param/l "S4" 0 2 9, C4<100>;
o00000263f5868f78 .functor BUFZ 1, C4<z>; HiZ drive
v00000263f58330a0_0 .net "clk", 0 0, o00000263f5868f78;  0 drivers
o00000263f5868fa8 .functor BUFZ 1, C4<z>; HiZ drive
v00000263f581bc80_0 .net "in", 0 0, o00000263f5868fa8;  0 drivers
v00000263f581bd20_0 .var "next_state", 2 0;
v00000263f581bdc0_0 .var "out", 0 0;
o00000263f5869038 .functor BUFZ 1, C4<z>; HiZ drive
v00000263f58630e0_0 .net "rst", 0 0, o00000263f5869038;  0 drivers
v00000263f5863180_0 .var "state", 2 0;
E_00000263f5866ae0 .event anyedge, v00000263f5863180_0, v00000263f581bc80_0;
E_00000263f5866b20 .event posedge, v00000263f58630e0_0, v00000263f58330a0_0;
    .scope S_00000263f5832df0;
T_0 ;
    %wait E_00000263f5866b20;
    %load/vec4 v00000263f58630e0_0;
    %flag_set/vec4 8;
    %jmp/0xz  T_0.0, 8;
    %pushi/vec4 0, 0, 3;
    %assign/vec4 v00000263f5863180_0, 0;
    %jmp T_0.1;
T_0.0 ;
    %load/vec4 v00000263f581bd20_0;
    %assign/vec4 v00000263f5863180_0, 0;
T_0.1 ;
    %jmp T_0;
    .thread T_0;
    .scope S_00000263f5832df0;
T_1 ;
    %wait E_00000263f5866ae0;
    %pushi/vec4 0, 0, 1;
    %store/vec4 v00000263f581bdc0_0, 0, 1;
    %load/vec4 v00000263f5863180_0;
    %dup/vec4;
    %pushi/vec4 0, 0, 3;
    %cmp/u;
    %jmp/1 T_1.0, 6;
    %dup/vec4;
    %pushi/vec4 1, 0, 3;
    %cmp/u;
    %jmp/1 T_1.1, 6;
    %dup/vec4;
    %pushi/vec4 2, 0, 3;
    %cmp/u;
    %jmp/1 T_1.2, 6;
    %dup/vec4;
    %pushi/vec4 3, 0, 3;
    %cmp/u;
    %jmp/1 T_1.3, 6;
    %dup/vec4;
    %pushi/vec4 4, 0, 3;
    %cmp/u;
    %jmp/1 T_1.4, 6;
    %pushi/vec4 0, 0, 3;
    %store/vec4 v00000263f581bd20_0, 0, 3;
    %pushi/vec4 0, 0, 1;
    %store/vec4 v00000263f581bdc0_0, 0, 1;
    %jmp T_1.6;
T_1.0 ;
    %load/vec4 v00000263f581bc80_0;
    %flag_set/vec4 8;
    %jmp/0 T_1.7, 8;
    %pushi/vec4 0, 0, 3;
    %jmp/1 T_1.8, 8;
T_1.7 ; End of true expr.
    %pushi/vec4 1, 0, 3;
    %jmp/0 T_1.8, 8;
 ; End of false expr.
    %blend;
T_1.8;
    %store/vec4 v00000263f581bd20_0, 0, 3;
    %jmp T_1.6;
T_1.1 ;
    %load/vec4 v00000263f581bc80_0;
    %flag_set/vec4 8;
    %jmp/0 T_1.9, 8;
    %pushi/vec4 2, 0, 3;
    %jmp/1 T_1.10, 8;
T_1.9 ; End of true expr.
    %pushi/vec4 1, 0, 3;
    %jmp/0 T_1.10, 8;
 ; End of false expr.
    %blend;
T_1.10;
    %store/vec4 v00000263f581bd20_0, 0, 3;
    %jmp T_1.6;
T_1.2 ;
    %load/vec4 v00000263f581bc80_0;
    %flag_set/vec4 8;
    %jmp/0 T_1.11, 8;
    %pushi/vec4 3, 0, 3;
    %jmp/1 T_1.12, 8;
T_1.11 ; End of true expr.
    %pushi/vec4 0, 0, 3;
    %jmp/0 T_1.12, 8;
 ; End of false expr.
    %blend;
T_1.12;
    %store/vec4 v00000263f581bd20_0, 0, 3;
    %jmp T_1.6;
T_1.3 ;
    %load/vec4 v00000263f581bc80_0;
    %flag_set/vec4 8;
    %jmp/0 T_1.13, 8;
    %pushi/vec4 4, 0, 3;
    %jmp/1 T_1.14, 8;
T_1.13 ; End of true expr.
    %pushi/vec4 0, 0, 3;
    %jmp/0 T_1.14, 8;
 ; End of false expr.
    %blend;
T_1.14;
    %store/vec4 v00000263f581bd20_0, 0, 3;
    %jmp T_1.6;
T_1.4 ;
    %load/vec4 v00000263f581bc80_0;
    %flag_set/vec4 8;
    %jmp/0 T_1.15, 8;
    %pushi/vec4 0, 0, 3;
    %jmp/1 T_1.16, 8;
T_1.15 ; End of true expr.
    %pushi/vec4 1, 0, 3;
    %jmp/0 T_1.16, 8;
 ; End of false expr.
    %blend;
T_1.16;
    %store/vec4 v00000263f581bd20_0, 0, 3;
    %pushi/vec4 1, 0, 1;
    %store/vec4 v00000263f581bdc0_0, 0, 1;
    %jmp T_1.6;
T_1.6 ;
    %pop/vec4 1;
    %jmp T_1;
    .thread T_1, $push;
# The file index is used to find the file name in the following table.
:file_names 3;
    "N/A";
    "<interactive>";
    "sequence_dct.v";
