#! /c/Source/iverilog-install/bin/vvp
:ivl_version "12.0 (devel)" "(s20150603-1539-g2693dd32b)";
:ivl_delay_selection "TYPICAL";
:vpi_time_precision + 0;
:vpi_module "C:\iverilog\lib\ivl\system.vpi";
:vpi_module "C:\iverilog\lib\ivl\vhdl_sys.vpi";
:vpi_module "C:\iverilog\lib\ivl\vhdl_textio.vpi";
:vpi_module "C:\iverilog\lib\ivl\v2005_math.vpi";
:vpi_module "C:\iverilog\lib\ivl\va_math.vpi";
S_00000174b1cebcf0 .scope module, "tri_state_buffer" "tri_state_buffer" 2 1;
 .timescale 0 0;
    .port_info 0 /INPUT 2 "sel";
    .port_info 1 /INPUT 1 "enable";
    .port_info 2 /INPUT 4 "a";
    .port_info 3 /OUTPUT 1 "bus_line";
o00000174b1d36fd8 .functor BUFZ 4, C4<zzzz>; HiZ drive
v00000174b1d02ce0_0 .net "a", 3 0, o00000174b1d36fd8;  0 drivers
v00000174b1d7b840_0 .var "bus_line", 0 0;
v00000174b1d7b8e0_0 .var "d", 3 0;
o00000174b1d37068 .functor BUFZ 1, C4<z>; HiZ drive
v00000174b1d7b980_0 .net "enable", 0 0, o00000174b1d37068;  0 drivers
o00000174b1d37098 .functor BUFZ 2, C4<zz>; HiZ drive
v00000174b1d7ba20_0 .net "sel", 1 0, o00000174b1d37098;  0 drivers
E_00000174b1cec010 .event anyedge, v00000174b1d7b980_0, v00000174b1d7ba20_0, v00000174b1d02ce0_0;
    .scope S_00000174b1cebcf0;
T_0 ;
    %wait E_00000174b1cec010;
    %load/vec4 v00000174b1d7b980_0;
    %flag_set/vec4 8;
    %jmp/0xz  T_0.0, 8;
    %load/vec4 v00000174b1d7ba20_0;
    %dup/vec4;
    %pushi/vec4 0, 0, 2;
    %cmp/u;
    %jmp/1 T_0.2, 6;
    %dup/vec4;
    %pushi/vec4 1, 0, 2;
    %cmp/u;
    %jmp/1 T_0.3, 6;
    %dup/vec4;
    %pushi/vec4 2, 0, 2;
    %cmp/u;
    %jmp/1 T_0.4, 6;
    %dup/vec4;
    %pushi/vec4 3, 0, 2;
    %cmp/u;
    %jmp/1 T_0.5, 6;
    %jmp T_0.6;
T_0.2 ;
    %pushi/vec4 1, 0, 1;
    %ix/load 4, 0, 0;
    %flag_set/imm 4, 0;
    %store/vec4 v00000174b1d7b8e0_0, 4, 1;
    %load/vec4 v00000174b1d02ce0_0;
    %parti/s 1, 0, 2;
    %store/vec4 v00000174b1d7b840_0, 0, 1;
    %jmp T_0.6;
T_0.3 ;
    %pushi/vec4 1, 0, 1;
    %ix/load 4, 1, 0;
    %flag_set/imm 4, 0;
    %store/vec4 v00000174b1d7b8e0_0, 4, 1;
    %load/vec4 v00000174b1d02ce0_0;
    %parti/s 1, 1, 2;
    %store/vec4 v00000174b1d7b840_0, 0, 1;
    %jmp T_0.6;
T_0.4 ;
    %pushi/vec4 1, 0, 1;
    %ix/load 4, 2, 0;
    %flag_set/imm 4, 0;
    %store/vec4 v00000174b1d7b8e0_0, 4, 1;
    %load/vec4 v00000174b1d02ce0_0;
    %parti/s 1, 2, 3;
    %store/vec4 v00000174b1d7b840_0, 0, 1;
    %jmp T_0.6;
T_0.5 ;
    %pushi/vec4 1, 0, 1;
    %ix/load 4, 3, 0;
    %flag_set/imm 4, 0;
    %store/vec4 v00000174b1d7b8e0_0, 4, 1;
    %load/vec4 v00000174b1d02ce0_0;
    %parti/s 1, 3, 3;
    %store/vec4 v00000174b1d7b840_0, 0, 1;
    %jmp T_0.6;
T_0.6 ;
    %pop/vec4 1;
T_0.0 ;
    %jmp T_0;
    .thread T_0, $push;
# The file index is used to find the file name in the following table.
:file_names 3;
    "N/A";
    "<interactive>";
    "tri_state_buffer.v";
