#! /c/Source/iverilog-install/bin/vvp
:ivl_version "12.0 (devel)" "(s20150603-1539-g2693dd32b)";
:ivl_delay_selection "TYPICAL";
:vpi_time_precision - 9;
:vpi_module "C:\iverilog\lib\ivl\system.vpi";
:vpi_module "C:\iverilog\lib\ivl\vhdl_sys.vpi";
:vpi_module "C:\iverilog\lib\ivl\vhdl_textio.vpi";
:vpi_module "C:\iverilog\lib\ivl\v2005_math.vpi";
:vpi_module "C:\iverilog\lib\ivl\va_math.vpi";
S_000001b0afb9ba30 .scope module, "tri_state_buffer_tb" "tri_state_buffer_tb" 2 4;
 .timescale -9 -9;
v000001b0af9f2e80_0 .var "a", 3 0;
v000001b0af9f2f20_0 .net "bus_line", 0 0, v000001b0afb9ae10_0;  1 drivers
v000001b0af9f2fc0_0 .var "enable", 0 0;
v000001b0af9f3060_0 .var "sel", 1 0;
S_000001b0afb9bbc0 .scope module, "uut" "tri_state_buffer" 2 11, 3 1 0, S_000001b0afb9ba30;
 .timescale -9 -9;
    .port_info 0 /INPUT 2 "sel";
    .port_info 1 /INPUT 1 "enable";
    .port_info 2 /INPUT 4 "a";
    .port_info 3 /OUTPUT 1 "bus_line";
v000001b0afb9bd50_0 .net "a", 3 0, v000001b0af9f2e80_0;  1 drivers
v000001b0afb9ae10_0 .var "bus_line", 0 0;
v000001b0afb9aeb0_0 .var "d", 3 0;
v000001b0af9f2d40_0 .net "enable", 0 0, v000001b0af9f2fc0_0;  1 drivers
v000001b0af9f2de0_0 .net "sel", 1 0, v000001b0af9f3060_0;  1 drivers
E_000001b0afa15e90 .event anyedge, v000001b0af9f2d40_0, v000001b0af9f2de0_0, v000001b0afb9bd50_0;
    .scope S_000001b0afb9bbc0;
T_0 ;
    %wait E_000001b0afa15e90;
    %pushi/vec4 0, 0, 4;
    %store/vec4 v000001b0afb9aeb0_0, 0, 4;
    %pushi/vec4 0, 1, 1;
    %store/vec4 v000001b0afb9ae10_0, 0, 1;
    %load/vec4 v000001b0af9f2d40_0;
    %flag_set/vec4 8;
    %jmp/0xz  T_0.0, 8;
    %load/vec4 v000001b0af9f2de0_0;
    %dup/vec4;
    %pushi/vec4 0, 0, 2;
    %cmp/u;
    %jmp/1 T_0.2, 6;
    %dup/vec4;
    %pushi/vec4 1, 0, 2;
    %cmp/u;
    %jmp/1 T_0.3, 6;
    %dup/vec4;
    %pushi/vec4 2, 0, 2;
    %cmp/u;
    %jmp/1 T_0.4, 6;
    %dup/vec4;
    %pushi/vec4 3, 0, 2;
    %cmp/u;
    %jmp/1 T_0.5, 6;
    %jmp T_0.6;
T_0.2 ;
    %pushi/vec4 1, 0, 1;
    %ix/load 4, 0, 0;
    %flag_set/imm 4, 0;
    %store/vec4 v000001b0afb9aeb0_0, 4, 1;
    %load/vec4 v000001b0afb9bd50_0;
    %parti/s 1, 0, 2;
    %store/vec4 v000001b0afb9ae10_0, 0, 1;
    %jmp T_0.6;
T_0.3 ;
    %pushi/vec4 1, 0, 1;
    %ix/load 4, 1, 0;
    %flag_set/imm 4, 0;
    %store/vec4 v000001b0afb9aeb0_0, 4, 1;
    %load/vec4 v000001b0afb9bd50_0;
    %parti/s 1, 1, 2;
    %store/vec4 v000001b0afb9ae10_0, 0, 1;
    %jmp T_0.6;
T_0.4 ;
    %pushi/vec4 1, 0, 1;
    %ix/load 4, 2, 0;
    %flag_set/imm 4, 0;
    %store/vec4 v000001b0afb9aeb0_0, 4, 1;
    %load/vec4 v000001b0afb9bd50_0;
    %parti/s 1, 2, 3;
    %store/vec4 v000001b0afb9ae10_0, 0, 1;
    %jmp T_0.6;
T_0.5 ;
    %pushi/vec4 1, 0, 1;
    %ix/load 4, 3, 0;
    %flag_set/imm 4, 0;
    %store/vec4 v000001b0afb9aeb0_0, 4, 1;
    %load/vec4 v000001b0afb9bd50_0;
    %parti/s 1, 3, 3;
    %store/vec4 v000001b0afb9ae10_0, 0, 1;
    %jmp T_0.6;
T_0.6 ;
    %pop/vec4 1;
T_0.0 ;
    %jmp T_0;
    .thread T_0, $push;
    .scope S_000001b0afb9ba30;
T_1 ;
    %vpi_call 2 15 "$dumpfile", "tri_state_buffer.vcd" {0 0 0};
    %vpi_call 2 16 "$dumpvars", 32'sb00000000000000000000000000000000, S_000001b0afb9ba30 {0 0 0};
    %vpi_call 2 18 "$monitor", "enable: %0b || sel: %0d || a: %04b || bus_line: %0b", v000001b0af9f2fc0_0, v000001b0af9f3060_0, v000001b0af9f2e80_0, v000001b0af9f2f20_0 {0 0 0};
    %pushi/vec4 1, 0, 1;
    %store/vec4 v000001b0af9f2fc0_0, 0, 1;
    %pushi/vec4 0, 0, 2;
    %store/vec4 v000001b0af9f3060_0, 0, 2;
    %pushi/vec4 0, 0, 4;
    %store/vec4 v000001b0af9f2e80_0, 0, 4;
    %delay 10, 0;
    %pushi/vec4 0, 0, 2;
    %store/vec4 v000001b0af9f3060_0, 0, 2;
    %pushi/vec4 10, 0, 4;
    %store/vec4 v000001b0af9f2e80_0, 0, 4;
    %delay 10, 0;
    %pushi/vec4 1, 0, 2;
    %store/vec4 v000001b0af9f3060_0, 0, 2;
    %pushi/vec4 10, 0, 4;
    %store/vec4 v000001b0af9f2e80_0, 0, 4;
    %delay 10, 0;
    %pushi/vec4 2, 0, 2;
    %store/vec4 v000001b0af9f3060_0, 0, 2;
    %pushi/vec4 10, 0, 4;
    %store/vec4 v000001b0af9f2e80_0, 0, 4;
    %delay 10, 0;
    %pushi/vec4 3, 0, 2;
    %store/vec4 v000001b0af9f3060_0, 0, 2;
    %pushi/vec4 10, 0, 4;
    %store/vec4 v000001b0af9f2e80_0, 0, 4;
    %delay 10, 0;
    %vpi_call 2 29 "$finish" {0 0 0};
    %end;
    .thread T_1;
# The file index is used to find the file name in the following table.
:file_names 4;
    "N/A";
    "<interactive>";
    "tri_state_buffer_tb.v";
    "./tri_state_buffer.v";
