#! /c/Source/iverilog-install/bin/vvp
:ivl_version "12.0 (devel)" "(s20150603-1539-g2693dd32b)";
:ivl_delay_selection "TYPICAL";
:vpi_time_precision - 9;
:vpi_module "C:\iverilog\lib\ivl\system.vpi";
:vpi_module "C:\iverilog\lib\ivl\vhdl_sys.vpi";
:vpi_module "C:\iverilog\lib\ivl\vhdl_textio.vpi";
:vpi_module "C:\iverilog\lib\ivl\v2005_math.vpi";
:vpi_module "C:\iverilog\lib\ivl\va_math.vpi";
S_0000022892d6ff80 .scope module, "scsa_tb" "scsa_tb" 2 4;
 .timescale -9 -9;
v0000022892e12520_0 .var/real "AE", 0 0;
v0000022892e12480_0 .var/real "MAE", 0 0;
v0000022892e13ce0_0 .var/real "MEP", 0 0;
v0000022892e12fc0_0 .var/real "MSE", 0 0;
v0000022892e13060_0 .var/real "RMSE", 0 0;
v0000022892e13100_0 .var "a", 7 0;
v0000022892e13b00_0 .var/i "abs_error", 31 0;
v0000022892e13240_0 .var/real "abs_error_sum", 0 0;
v0000022892e132e0_0 .net "approx_sum", 7 0, L_0000022892e71660;  1 drivers
v0000022892e13380_0 .var "b", 7 0;
v0000022892e136a0_0 .net "cout", 0 0, L_0000022892e71520;  1 drivers
v0000022892e13740_0 .var/i "error_count", 31 0;
v0000022892e13ba0_0 .var/real "error_sum", 0 0;
v0000022892e13d80_0 .var/i "error_val", 31 0;
v0000022892e13ec0_0 .var "exact_sum", 7 0;
v0000022892e140a0_0 .var/i "i", 31 0;
v0000022892e1c4a0_0 .var/i "j", 31 0;
v0000022892e1d800_0 .var/real "sq_error_sum", 0 0;
v0000022892e1cae0_0 .var/i "total_cases", 31 0;
S_0000022892d70110 .scope module, "uut" "scsa" 2 13, 3 4 0, S_0000022892d6ff80;
 .timescale -9 -9;
    .port_info 0 /INPUT 8 "a";
    .port_info 1 /INPUT 8 "b";
    .port_info 2 /OUTPUT 8 "sum";
    .port_info 3 /OUTPUT 1 "cout";
L_0000022892e20370 .functor AND 1, L_0000022892e1dda0, L_0000022892e1ccc0, C4<1>, C4<1>;
L_0000022892e696a0 .functor AND 1, L_0000022892e1d440, L_0000022892e1de40, C4<1>, C4<1>;
L_0000022892e6df20 .functor AND 1, L_0000022892e70da0, L_0000022892e713e0, C4<1>, C4<1>;
v0000022892e14140_0 .net *"_ivl_21", 0 0, L_0000022892e1dda0;  1 drivers
v0000022892e13c40_0 .net *"_ivl_23", 0 0, L_0000022892e1ccc0;  1 drivers
v0000022892e12b60_0 .net *"_ivl_28", 1 0, L_0000022892e1cd60;  1 drivers
v0000022892e12980_0 .net *"_ivl_45", 0 0, L_0000022892e1d440;  1 drivers
v0000022892e13420_0 .net *"_ivl_47", 0 0, L_0000022892e1de40;  1 drivers
v0000022892e12840_0 .net *"_ivl_52", 1 0, L_0000022892e1d940;  1 drivers
v0000022892e12a20_0 .net *"_ivl_69", 0 0, L_0000022892e70da0;  1 drivers
v0000022892e13e20_0 .net *"_ivl_71", 0 0, L_0000022892e713e0;  1 drivers
v0000022892e134c0_0 .net *"_ivl_77", 1 0, L_0000022892e70bc0;  1 drivers
v0000022892e137e0_0 .net "a", 7 0, v0000022892e13100_0;  1 drivers
v0000022892e12700_0 .net "b", 7 0, v0000022892e13380_0;  1 drivers
v0000022892e12ac0_0 .net "c0", 0 0, L_0000022892e20e60;  1 drivers
v0000022892e13920_0 .net "c1", 0 0, L_0000022892e1c5e0;  1 drivers
v0000022892e14000_0 .net "c1_0", 0 0, L_0000022892e203e0;  1 drivers
v0000022892e127a0_0 .net "c1_1", 0 0, L_0000022892e20300;  1 drivers
v0000022892e12e80_0 .net "c2", 0 0, L_0000022892e1d9e0;  1 drivers
v0000022892e139c0_0 .net "c2_0", 0 0, L_0000022892e69630;  1 drivers
v0000022892e123e0_0 .net "c2_1", 0 0, L_0000022892e69c50;  1 drivers
v0000022892e12c00_0 .net "c3_0", 0 0, L_0000022892e6dba0;  1 drivers
v0000022892e13f60_0 .net "c3_1", 0 0, L_0000022892e6d200;  1 drivers
v0000022892e12ca0_0 .net "cout", 0 0, L_0000022892e71520;  alias, 1 drivers
v0000022892e125c0_0 .net "predict_c0", 0 0, L_0000022892e20370;  1 drivers
v0000022892e13560_0 .net "predict_c1", 0 0, L_0000022892e696a0;  1 drivers
v0000022892e122a0_0 .net "predict_c2", 0 0, L_0000022892e6df20;  1 drivers
v0000022892e12340_0 .net "sum", 7 0, L_0000022892e71660;  alias, 1 drivers
v0000022892e131a0_0 .net "sum1_0", 1 0, L_0000022892e1d620;  1 drivers
v0000022892e12d40_0 .net "sum1_1", 1 0, L_0000022892e1c720;  1 drivers
v0000022892e12660_0 .net "sum2_0", 1 0, L_0000022892e1d760;  1 drivers
v0000022892e13600_0 .net "sum2_1", 1 0, L_0000022892e1d120;  1 drivers
v0000022892e13a60_0 .net "sum3_0", 1 0, L_0000022892e71e80;  1 drivers
v0000022892e12de0_0 .net "sum3_1", 1 0, L_0000022892e71a20;  1 drivers
L_0000022892e1c540 .part v0000022892e13100_0, 0, 2;
L_0000022892e1dd00 .part v0000022892e13380_0, 0, 2;
L_0000022892e1c7c0 .part v0000022892e13100_0, 2, 2;
L_0000022892e1e0c0 .part v0000022892e13380_0, 2, 2;
L_0000022892e1c9a0 .part v0000022892e13100_0, 2, 2;
L_0000022892e1cc20 .part v0000022892e13380_0, 2, 2;
L_0000022892e1dda0 .part v0000022892e13100_0, 1, 1;
L_0000022892e1ccc0 .part v0000022892e13380_0, 1, 1;
L_0000022892e1cd60 .functor MUXZ 2, L_0000022892e1d620, L_0000022892e1c720, L_0000022892e20370, C4<>;
L_0000022892e1c5e0 .functor MUXZ 1, L_0000022892e203e0, L_0000022892e20300, L_0000022892e20370, C4<>;
L_0000022892e1dbc0 .part v0000022892e13100_0, 4, 2;
L_0000022892e1d8a0 .part v0000022892e13380_0, 4, 2;
L_0000022892e1d300 .part v0000022892e13100_0, 4, 2;
L_0000022892e1da80 .part v0000022892e13380_0, 4, 2;
L_0000022892e1d440 .part v0000022892e13100_0, 3, 1;
L_0000022892e1de40 .part v0000022892e13380_0, 3, 1;
L_0000022892e1d940 .functor MUXZ 2, L_0000022892e1d760, L_0000022892e1d120, L_0000022892e696a0, C4<>;
L_0000022892e1d9e0 .functor MUXZ 1, L_0000022892e69630, L_0000022892e69c50, L_0000022892e696a0, C4<>;
L_0000022892e71340 .part v0000022892e13100_0, 6, 2;
L_0000022892e71f20 .part v0000022892e13380_0, 6, 2;
L_0000022892e71840 .part v0000022892e13100_0, 6, 2;
L_0000022892e71c00 .part v0000022892e13380_0, 6, 2;
L_0000022892e70da0 .part v0000022892e13100_0, 5, 1;
L_0000022892e713e0 .part v0000022892e13380_0, 5, 1;
L_0000022892e71660 .concat8 [ 2 2 2 2], L_0000022892e1dc60, L_0000022892e1cd60, L_0000022892e1d940, L_0000022892e70bc0;
L_0000022892e70bc0 .functor MUXZ 2, L_0000022892e71e80, L_0000022892e71a20, L_0000022892e6df20, C4<>;
L_0000022892e71520 .functor MUXZ 1, L_0000022892e6dba0, L_0000022892e6d200, L_0000022892e6df20, C4<>;
S_0000022892d1daa0 .scope module, "B0" "ripple_carry_two" 3 18, 4 1 0, S_0000022892d70110;
 .timescale -9 -9;
    .port_info 0 /INPUT 2 "a";
    .port_info 1 /INPUT 2 "b";
    .port_info 2 /INPUT 1 "cin";
    .port_info 3 /OUTPUT 2 "sum";
    .port_info 4 /OUTPUT 1 "cout";
v0000022892da9ba0_0 .net "a", 1 0, L_0000022892e1c540;  1 drivers
v0000022892dab680_0 .net "b", 1 0, L_0000022892e1dd00;  1 drivers
v0000022892dab400_0 .net "c1", 0 0, L_0000022892da8540;  1 drivers
L_0000022892e21098 .functor BUFT 1, C4<0>, C4<0>, C4<0>, C4<0>;
v0000022892dab720_0 .net "cin", 0 0, L_0000022892e21098;  1 drivers
v0000022892da9c40_0 .net "cout", 0 0, L_0000022892e20e60;  alias, 1 drivers
v0000022892daa280_0 .net "sum", 1 0, L_0000022892e1dc60;  1 drivers
L_0000022892e1cf40 .part L_0000022892e1c540, 0, 1;
L_0000022892e1d6c0 .part L_0000022892e1dd00, 0, 1;
L_0000022892e1e020 .part L_0000022892e1c540, 1, 1;
L_0000022892e1c2c0 .part L_0000022892e1dd00, 1, 1;
L_0000022892e1dc60 .concat8 [ 1 1 0 0], L_0000022892da8380, L_0000022892e20140;
S_0000022892d1dc30 .scope module, "f1" "full_adder" 4 9, 5 1 0, S_0000022892d1daa0;
 .timescale -9 -9;
    .port_info 0 /INPUT 1 "a";
    .port_info 1 /INPUT 1 "b";
    .port_info 2 /INPUT 1 "cin";
    .port_info 3 /OUTPUT 1 "sum";
    .port_info 4 /OUTPUT 1 "cout";
L_0000022892da87e0 .functor XOR 1, L_0000022892e1cf40, L_0000022892e1d6c0, C4<0>, C4<0>;
L_0000022892da8380 .functor XOR 1, L_0000022892da87e0, L_0000022892e21098, C4<0>, C4<0>;
L_0000022892da90a0 .functor AND 1, L_0000022892e1cf40, L_0000022892e1d6c0, C4<1>, C4<1>;
L_0000022892da8850 .functor AND 1, L_0000022892e1d6c0, L_0000022892e21098, C4<1>, C4<1>;
L_0000022892da88c0 .functor OR 1, L_0000022892da90a0, L_0000022892da8850, C4<0>, C4<0>;
L_0000022892da84d0 .functor AND 1, L_0000022892e21098, L_0000022892e1cf40, C4<1>, C4<1>;
L_0000022892da8540 .functor OR 1, L_0000022892da88c0, L_0000022892da84d0, C4<0>, C4<0>;
v0000022892daa960_0 .net *"_ivl_0", 0 0, L_0000022892da87e0;  1 drivers
v0000022892daa5a0_0 .net *"_ivl_10", 0 0, L_0000022892da84d0;  1 drivers
v0000022892dab540_0 .net *"_ivl_4", 0 0, L_0000022892da90a0;  1 drivers
v0000022892dab040_0 .net *"_ivl_6", 0 0, L_0000022892da8850;  1 drivers
v0000022892daa640_0 .net *"_ivl_8", 0 0, L_0000022892da88c0;  1 drivers
v0000022892da9d80_0 .net "a", 0 0, L_0000022892e1cf40;  1 drivers
v0000022892dab7c0_0 .net "b", 0 0, L_0000022892e1d6c0;  1 drivers
v0000022892da9e20_0 .net "cin", 0 0, L_0000022892e21098;  alias, 1 drivers
v0000022892daa3c0_0 .net "cout", 0 0, L_0000022892da8540;  alias, 1 drivers
v0000022892dab180_0 .net "sum", 0 0, L_0000022892da8380;  1 drivers
S_0000022892d66980 .scope module, "f2" "full_adder" 4 10, 5 1 0, S_0000022892d1daa0;
 .timescale -9 -9;
    .port_info 0 /INPUT 1 "a";
    .port_info 1 /INPUT 1 "b";
    .port_info 2 /INPUT 1 "cin";
    .port_info 3 /OUTPUT 1 "sum";
    .port_info 4 /OUTPUT 1 "cout";
L_0000022892da9030 .functor XOR 1, L_0000022892e1e020, L_0000022892e1c2c0, C4<0>, C4<0>;
L_0000022892e20140 .functor XOR 1, L_0000022892da9030, L_0000022892da8540, C4<0>, C4<0>;
L_0000022892e206f0 .functor AND 1, L_0000022892e1e020, L_0000022892e1c2c0, C4<1>, C4<1>;
L_0000022892e20610 .functor AND 1, L_0000022892e1c2c0, L_0000022892da8540, C4<1>, C4<1>;
L_0000022892e20d10 .functor OR 1, L_0000022892e206f0, L_0000022892e20610, C4<0>, C4<0>;
L_0000022892e20450 .functor AND 1, L_0000022892da8540, L_0000022892e1e020, C4<1>, C4<1>;
L_0000022892e20e60 .functor OR 1, L_0000022892e20d10, L_0000022892e20450, C4<0>, C4<0>;
v0000022892daa6e0_0 .net *"_ivl_0", 0 0, L_0000022892da9030;  1 drivers
v0000022892daa820_0 .net *"_ivl_10", 0 0, L_0000022892e20450;  1 drivers
v0000022892daa8c0_0 .net *"_ivl_4", 0 0, L_0000022892e206f0;  1 drivers
v0000022892daaa00_0 .net *"_ivl_6", 0 0, L_0000022892e20610;  1 drivers
v0000022892daa000_0 .net *"_ivl_8", 0 0, L_0000022892e20d10;  1 drivers
v0000022892dab5e0_0 .net "a", 0 0, L_0000022892e1e020;  1 drivers
v0000022892daa1e0_0 .net "b", 0 0, L_0000022892e1c2c0;  1 drivers
v0000022892dab220_0 .net "cin", 0 0, L_0000022892da8540;  alias, 1 drivers
v0000022892daba40_0 .net "cout", 0 0, L_0000022892e20e60;  alias, 1 drivers
v0000022892dab2c0_0 .net "sum", 0 0, L_0000022892e20140;  1 drivers
S_0000022892d66b10 .scope module, "B1_0" "ripple_carry_two" 3 21, 4 1 0, S_0000022892d70110;
 .timescale -9 -9;
    .port_info 0 /INPUT 2 "a";
    .port_info 1 /INPUT 2 "b";
    .port_info 2 /INPUT 1 "cin";
    .port_info 3 /OUTPUT 2 "sum";
    .port_info 4 /OUTPUT 1 "cout";
v0000022892e09670_0 .net "a", 1 0, L_0000022892e1c7c0;  1 drivers
v0000022892e0a6b0_0 .net "b", 1 0, L_0000022892e1e0c0;  1 drivers
v0000022892e09350_0 .net "c1", 0 0, L_0000022892e20ed0;  1 drivers
L_0000022892e210e0 .functor BUFT 1, C4<0>, C4<0>, C4<0>, C4<0>;
v0000022892e0a930_0 .net "cin", 0 0, L_0000022892e210e0;  1 drivers
v0000022892e09490_0 .net "cout", 0 0, L_0000022892e203e0;  alias, 1 drivers
v0000022892e09c10_0 .net "sum", 1 0, L_0000022892e1d620;  alias, 1 drivers
L_0000022892e1c900 .part L_0000022892e1c7c0, 0, 1;
L_0000022892e1db20 .part L_0000022892e1e0c0, 0, 1;
L_0000022892e1e160 .part L_0000022892e1c7c0, 1, 1;
L_0000022892e1c360 .part L_0000022892e1e0c0, 1, 1;
L_0000022892e1d620 .concat8 [ 1 1 0 0], L_0000022892e20760, L_0000022892e207d0;
S_0000022892db56c0 .scope module, "f1" "full_adder" 4 9, 5 1 0, S_0000022892d66b10;
 .timescale -9 -9;
    .port_info 0 /INPUT 1 "a";
    .port_info 1 /INPUT 1 "b";
    .port_info 2 /INPUT 1 "cin";
    .port_info 3 /OUTPUT 1 "sum";
    .port_info 4 /OUTPUT 1 "cout";
L_0000022892e204c0 .functor XOR 1, L_0000022892e1c900, L_0000022892e1db20, C4<0>, C4<0>;
L_0000022892e20760 .functor XOR 1, L_0000022892e204c0, L_0000022892e210e0, C4<0>, C4<0>;
L_0000022892e20530 .functor AND 1, L_0000022892e1c900, L_0000022892e1db20, C4<1>, C4<1>;
L_0000022892e205a0 .functor AND 1, L_0000022892e1db20, L_0000022892e210e0, C4<1>, C4<1>;
L_0000022892e20a70 .functor OR 1, L_0000022892e20530, L_0000022892e205a0, C4<0>, C4<0>;
L_0000022892e20d80 .functor AND 1, L_0000022892e210e0, L_0000022892e1c900, C4<1>, C4<1>;
L_0000022892e20ed0 .functor OR 1, L_0000022892e20a70, L_0000022892e20d80, C4<0>, C4<0>;
v0000022892d87720_0 .net *"_ivl_0", 0 0, L_0000022892e204c0;  1 drivers
v0000022892d8ff70_0 .net *"_ivl_10", 0 0, L_0000022892e20d80;  1 drivers
v0000022892d9d800_0 .net *"_ivl_4", 0 0, L_0000022892e20530;  1 drivers
v0000022892e09d50_0 .net *"_ivl_6", 0 0, L_0000022892e205a0;  1 drivers
v0000022892e0a750_0 .net *"_ivl_8", 0 0, L_0000022892e20a70;  1 drivers
v0000022892e08b30_0 .net "a", 0 0, L_0000022892e1c900;  1 drivers
v0000022892e09b70_0 .net "b", 0 0, L_0000022892e1db20;  1 drivers
v0000022892e092b0_0 .net "cin", 0 0, L_0000022892e210e0;  alias, 1 drivers
v0000022892e09e90_0 .net "cout", 0 0, L_0000022892e20ed0;  alias, 1 drivers
v0000022892e0a1b0_0 .net "sum", 0 0, L_0000022892e20760;  1 drivers
S_0000022892db5850 .scope module, "f2" "full_adder" 4 10, 5 1 0, S_0000022892d66b10;
 .timescale -9 -9;
    .port_info 0 /INPUT 1 "a";
    .port_info 1 /INPUT 1 "b";
    .port_info 2 /INPUT 1 "cin";
    .port_info 3 /OUTPUT 1 "sum";
    .port_info 4 /OUTPUT 1 "cout";
L_0000022892e20bc0 .functor XOR 1, L_0000022892e1e160, L_0000022892e1c360, C4<0>, C4<0>;
L_0000022892e207d0 .functor XOR 1, L_0000022892e20bc0, L_0000022892e20ed0, C4<0>, C4<0>;
L_0000022892e208b0 .functor AND 1, L_0000022892e1e160, L_0000022892e1c360, C4<1>, C4<1>;
L_0000022892e20680 .functor AND 1, L_0000022892e1c360, L_0000022892e20ed0, C4<1>, C4<1>;
L_0000022892e20840 .functor OR 1, L_0000022892e208b0, L_0000022892e20680, C4<0>, C4<0>;
L_0000022892e20920 .functor AND 1, L_0000022892e20ed0, L_0000022892e1e160, C4<1>, C4<1>;
L_0000022892e203e0 .functor OR 1, L_0000022892e20840, L_0000022892e20920, C4<0>, C4<0>;
v0000022892e0a250_0 .net *"_ivl_0", 0 0, L_0000022892e20bc0;  1 drivers
v0000022892e0a430_0 .net *"_ivl_10", 0 0, L_0000022892e20920;  1 drivers
v0000022892e08e50_0 .net *"_ivl_4", 0 0, L_0000022892e208b0;  1 drivers
v0000022892e08f90_0 .net *"_ivl_6", 0 0, L_0000022892e20680;  1 drivers
v0000022892e0a890_0 .net *"_ivl_8", 0 0, L_0000022892e20840;  1 drivers
v0000022892e08ef0_0 .net "a", 0 0, L_0000022892e1e160;  1 drivers
v0000022892e09df0_0 .net "b", 0 0, L_0000022892e1c360;  1 drivers
v0000022892e09030_0 .net "cin", 0 0, L_0000022892e20ed0;  alias, 1 drivers
v0000022892e0a7f0_0 .net "cout", 0 0, L_0000022892e203e0;  alias, 1 drivers
v0000022892e098f0_0 .net "sum", 0 0, L_0000022892e207d0;  1 drivers
S_0000022892db59e0 .scope module, "B1_1" "ripple_carry_two" 3 22, 4 1 0, S_0000022892d70110;
 .timescale -9 -9;
    .port_info 0 /INPUT 2 "a";
    .port_info 1 /INPUT 2 "b";
    .port_info 2 /INPUT 1 "cin";
    .port_info 3 /OUTPUT 2 "sum";
    .port_info 4 /OUTPUT 1 "cout";
v0000022892e09710_0 .net "a", 1 0, L_0000022892e1c9a0;  1 drivers
v0000022892e08c70_0 .net "b", 1 0, L_0000022892e1cc20;  1 drivers
v0000022892e0a610_0 .net "c1", 0 0, L_0000022892e20df0;  1 drivers
L_0000022892e21128 .functor BUFT 1, C4<1>, C4<0>, C4<0>, C4<0>;
v0000022892e08d10_0 .net "cin", 0 0, L_0000022892e21128;  1 drivers
v0000022892e08db0_0 .net "cout", 0 0, L_0000022892e20300;  alias, 1 drivers
v0000022892e09990_0 .net "sum", 1 0, L_0000022892e1c720;  alias, 1 drivers
L_0000022892e1c860 .part L_0000022892e1c9a0, 0, 1;
L_0000022892e1d4e0 .part L_0000022892e1cc20, 0, 1;
L_0000022892e1cb80 .part L_0000022892e1c9a0, 1, 1;
L_0000022892e1d580 .part L_0000022892e1cc20, 1, 1;
L_0000022892e1c720 .concat8 [ 1 1 0 0], L_0000022892e20a00, L_0000022892e201b0;
S_0000022892d32d80 .scope module, "f1" "full_adder" 4 9, 5 1 0, S_0000022892db59e0;
 .timescale -9 -9;
    .port_info 0 /INPUT 1 "a";
    .port_info 1 /INPUT 1 "b";
    .port_info 2 /INPUT 1 "cin";
    .port_info 3 /OUTPUT 1 "sum";
    .port_info 4 /OUTPUT 1 "cout";
L_0000022892e20990 .functor XOR 1, L_0000022892e1c860, L_0000022892e1d4e0, C4<0>, C4<0>;
L_0000022892e20a00 .functor XOR 1, L_0000022892e20990, L_0000022892e21128, C4<0>, C4<0>;
L_0000022892e20ae0 .functor AND 1, L_0000022892e1c860, L_0000022892e1d4e0, C4<1>, C4<1>;
L_0000022892e20290 .functor AND 1, L_0000022892e1d4e0, L_0000022892e21128, C4<1>, C4<1>;
L_0000022892e20fb0 .functor OR 1, L_0000022892e20ae0, L_0000022892e20290, C4<0>, C4<0>;
L_0000022892e20b50 .functor AND 1, L_0000022892e21128, L_0000022892e1c860, C4<1>, C4<1>;
L_0000022892e20df0 .functor OR 1, L_0000022892e20fb0, L_0000022892e20b50, C4<0>, C4<0>;
v0000022892e090d0_0 .net *"_ivl_0", 0 0, L_0000022892e20990;  1 drivers
v0000022892e093f0_0 .net *"_ivl_10", 0 0, L_0000022892e20b50;  1 drivers
v0000022892e09cb0_0 .net *"_ivl_4", 0 0, L_0000022892e20ae0;  1 drivers
v0000022892e0a9d0_0 .net *"_ivl_6", 0 0, L_0000022892e20290;  1 drivers
v0000022892e0a2f0_0 .net *"_ivl_8", 0 0, L_0000022892e20fb0;  1 drivers
v0000022892e09ad0_0 .net "a", 0 0, L_0000022892e1c860;  1 drivers
v0000022892e09170_0 .net "b", 0 0, L_0000022892e1d4e0;  1 drivers
v0000022892e08bd0_0 .net "cin", 0 0, L_0000022892e21128;  alias, 1 drivers
v0000022892e097b0_0 .net "cout", 0 0, L_0000022892e20df0;  alias, 1 drivers
v0000022892e0a110_0 .net "sum", 0 0, L_0000022892e20a00;  1 drivers
S_0000022892d32f10 .scope module, "f2" "full_adder" 4 10, 5 1 0, S_0000022892db59e0;
 .timescale -9 -9;
    .port_info 0 /INPUT 1 "a";
    .port_info 1 /INPUT 1 "b";
    .port_info 2 /INPUT 1 "cin";
    .port_info 3 /OUTPUT 1 "sum";
    .port_info 4 /OUTPUT 1 "cout";
L_0000022892e20c30 .functor XOR 1, L_0000022892e1cb80, L_0000022892e1d580, C4<0>, C4<0>;
L_0000022892e201b0 .functor XOR 1, L_0000022892e20c30, L_0000022892e20df0, C4<0>, C4<0>;
L_0000022892e20ca0 .functor AND 1, L_0000022892e1cb80, L_0000022892e1d580, C4<1>, C4<1>;
L_0000022892e20f40 .functor AND 1, L_0000022892e1d580, L_0000022892e20df0, C4<1>, C4<1>;
L_0000022892e200d0 .functor OR 1, L_0000022892e20ca0, L_0000022892e20f40, C4<0>, C4<0>;
L_0000022892e20220 .functor AND 1, L_0000022892e20df0, L_0000022892e1cb80, C4<1>, C4<1>;
L_0000022892e20300 .functor OR 1, L_0000022892e200d0, L_0000022892e20220, C4<0>, C4<0>;
v0000022892e09f30_0 .net *"_ivl_0", 0 0, L_0000022892e20c30;  1 drivers
v0000022892e09fd0_0 .net *"_ivl_10", 0 0, L_0000022892e20220;  1 drivers
v0000022892e09530_0 .net *"_ivl_4", 0 0, L_0000022892e20ca0;  1 drivers
v0000022892e0a390_0 .net *"_ivl_6", 0 0, L_0000022892e20f40;  1 drivers
v0000022892e095d0_0 .net *"_ivl_8", 0 0, L_0000022892e200d0;  1 drivers
v0000022892e0a070_0 .net "a", 0 0, L_0000022892e1cb80;  1 drivers
v0000022892e09210_0 .net "b", 0 0, L_0000022892e1d580;  1 drivers
v0000022892e0a4d0_0 .net "cin", 0 0, L_0000022892e20df0;  alias, 1 drivers
v0000022892e0a570_0 .net "cout", 0 0, L_0000022892e20300;  alias, 1 drivers
v0000022892e09850_0 .net "sum", 0 0, L_0000022892e201b0;  1 drivers
S_0000022892d330a0 .scope module, "B2_0" "ripple_carry_two" 3 29, 4 1 0, S_0000022892d70110;
 .timescale -9 -9;
    .port_info 0 /INPUT 2 "a";
    .port_info 1 /INPUT 2 "b";
    .port_info 2 /INPUT 1 "cin";
    .port_info 3 /OUTPUT 2 "sum";
    .port_info 4 /OUTPUT 1 "cout";
v0000022892e0d270_0 .net "a", 1 0, L_0000022892e1dbc0;  1 drivers
v0000022892e0edf0_0 .net "b", 1 0, L_0000022892e1d8a0;  1 drivers
v0000022892e0d810_0 .net "c1", 0 0, L_0000022892e698d0;  1 drivers
L_0000022892e21170 .functor BUFT 1, C4<0>, C4<0>, C4<0>, C4<0>;
v0000022892e0e530_0 .net "cin", 0 0, L_0000022892e21170;  1 drivers
v0000022892e0e8f0_0 .net "cout", 0 0, L_0000022892e69630;  alias, 1 drivers
v0000022892e0de50_0 .net "sum", 1 0, L_0000022892e1d760;  alias, 1 drivers
L_0000022892e1ca40 .part L_0000022892e1dbc0, 0, 1;
L_0000022892e1c400 .part L_0000022892e1d8a0, 0, 1;
L_0000022892e1d260 .part L_0000022892e1dbc0, 1, 1;
L_0000022892e1ce00 .part L_0000022892e1d8a0, 1, 1;
L_0000022892e1d760 .concat8 [ 1 1 0 0], L_0000022892e69860, L_0000022892e699b0;
S_0000022892db6020 .scope module, "f1" "full_adder" 4 9, 5 1 0, S_0000022892d330a0;
 .timescale -9 -9;
    .port_info 0 /INPUT 1 "a";
    .port_info 1 /INPUT 1 "b";
    .port_info 2 /INPUT 1 "cin";
    .port_info 3 /OUTPUT 1 "sum";
    .port_info 4 /OUTPUT 1 "cout";
L_0000022892e69470 .functor XOR 1, L_0000022892e1ca40, L_0000022892e1c400, C4<0>, C4<0>;
L_0000022892e69860 .functor XOR 1, L_0000022892e69470, L_0000022892e21170, C4<0>, C4<0>;
L_0000022892e69b70 .functor AND 1, L_0000022892e1ca40, L_0000022892e1c400, C4<1>, C4<1>;
L_0000022892e694e0 .functor AND 1, L_0000022892e1c400, L_0000022892e21170, C4<1>, C4<1>;
L_0000022892e69f60 .functor OR 1, L_0000022892e69b70, L_0000022892e694e0, C4<0>, C4<0>;
L_0000022892e69be0 .functor AND 1, L_0000022892e21170, L_0000022892e1ca40, C4<1>, C4<1>;
L_0000022892e698d0 .functor OR 1, L_0000022892e69f60, L_0000022892e69be0, C4<0>, C4<0>;
v0000022892e09a30_0 .net *"_ivl_0", 0 0, L_0000022892e69470;  1 drivers
v0000022892e0d310_0 .net *"_ivl_10", 0 0, L_0000022892e69be0;  1 drivers
v0000022892e0e850_0 .net *"_ivl_4", 0 0, L_0000022892e69b70;  1 drivers
v0000022892e0ec10_0 .net *"_ivl_6", 0 0, L_0000022892e694e0;  1 drivers
v0000022892e0e5d0_0 .net *"_ivl_8", 0 0, L_0000022892e69f60;  1 drivers
v0000022892e0e710_0 .net "a", 0 0, L_0000022892e1ca40;  1 drivers
v0000022892e0e350_0 .net "b", 0 0, L_0000022892e1c400;  1 drivers
v0000022892e0d450_0 .net "cin", 0 0, L_0000022892e21170;  alias, 1 drivers
v0000022892e0ddb0_0 .net "cout", 0 0, L_0000022892e698d0;  alias, 1 drivers
v0000022892e0d8b0_0 .net "sum", 0 0, L_0000022892e69860;  1 drivers
S_0000022892db61b0 .scope module, "f2" "full_adder" 4 10, 5 1 0, S_0000022892d330a0;
 .timescale -9 -9;
    .port_info 0 /INPUT 1 "a";
    .port_info 1 /INPUT 1 "b";
    .port_info 2 /INPUT 1 "cin";
    .port_info 3 /OUTPUT 1 "sum";
    .port_info 4 /OUTPUT 1 "cout";
L_0000022892e69550 .functor XOR 1, L_0000022892e1d260, L_0000022892e1ce00, C4<0>, C4<0>;
L_0000022892e699b0 .functor XOR 1, L_0000022892e69550, L_0000022892e698d0, C4<0>, C4<0>;
L_0000022892e692b0 .functor AND 1, L_0000022892e1d260, L_0000022892e1ce00, C4<1>, C4<1>;
L_0000022892e69e80 .functor AND 1, L_0000022892e1ce00, L_0000022892e698d0, C4<1>, C4<1>;
L_0000022892e695c0 .functor OR 1, L_0000022892e692b0, L_0000022892e69e80, C4<0>, C4<0>;
L_0000022892e69a90 .functor AND 1, L_0000022892e698d0, L_0000022892e1d260, C4<1>, C4<1>;
L_0000022892e69630 .functor OR 1, L_0000022892e695c0, L_0000022892e69a90, C4<0>, C4<0>;
v0000022892e0d630_0 .net *"_ivl_0", 0 0, L_0000022892e69550;  1 drivers
v0000022892e0def0_0 .net *"_ivl_10", 0 0, L_0000022892e69a90;  1 drivers
v0000022892e0d6d0_0 .net *"_ivl_4", 0 0, L_0000022892e692b0;  1 drivers
v0000022892e0ed50_0 .net *"_ivl_6", 0 0, L_0000022892e69e80;  1 drivers
v0000022892e0ea30_0 .net *"_ivl_8", 0 0, L_0000022892e695c0;  1 drivers
v0000022892e0e490_0 .net "a", 0 0, L_0000022892e1d260;  1 drivers
v0000022892e0e7b0_0 .net "b", 0 0, L_0000022892e1ce00;  1 drivers
v0000022892e0d950_0 .net "cin", 0 0, L_0000022892e698d0;  alias, 1 drivers
v0000022892e0d1d0_0 .net "cout", 0 0, L_0000022892e69630;  alias, 1 drivers
v0000022892e0d090_0 .net "sum", 0 0, L_0000022892e699b0;  1 drivers
S_0000022892db6340 .scope module, "B2_1" "ripple_carry_two" 3 30, 4 1 0, S_0000022892d70110;
 .timescale -9 -9;
    .port_info 0 /INPUT 2 "a";
    .port_info 1 /INPUT 2 "b";
    .port_info 2 /INPUT 1 "cin";
    .port_info 3 /OUTPUT 2 "sum";
    .port_info 4 /OUTPUT 1 "cout";
v0000022892e0e170_0 .net "a", 1 0, L_0000022892e1d300;  1 drivers
v0000022892e0e210_0 .net "b", 1 0, L_0000022892e1da80;  1 drivers
v0000022892e0e2b0_0 .net "c1", 0 0, L_0000022892e69b00;  1 drivers
L_0000022892e211b8 .functor BUFT 1, C4<1>, C4<0>, C4<0>, C4<0>;
v0000022892e0cf50_0 .net "cin", 0 0, L_0000022892e211b8;  1 drivers
v0000022892e0cff0_0 .net "cout", 0 0, L_0000022892e69c50;  alias, 1 drivers
v0000022892e10040_0 .net "sum", 1 0, L_0000022892e1d120;  alias, 1 drivers
L_0000022892e1cfe0 .part L_0000022892e1d300, 0, 1;
L_0000022892e1cea0 .part L_0000022892e1da80, 0, 1;
L_0000022892e1d080 .part L_0000022892e1d300, 1, 1;
L_0000022892e1c680 .part L_0000022892e1da80, 1, 1;
L_0000022892e1d120 .concat8 [ 1 1 0 0], L_0000022892e69390, L_0000022892e69ef0;
S_0000022892e0ef10 .scope module, "f1" "full_adder" 4 9, 5 1 0, S_0000022892db6340;
 .timescale -9 -9;
    .port_info 0 /INPUT 1 "a";
    .port_info 1 /INPUT 1 "b";
    .port_info 2 /INPUT 1 "cin";
    .port_info 3 /OUTPUT 1 "sum";
    .port_info 4 /OUTPUT 1 "cout";
L_0000022892e69320 .functor XOR 1, L_0000022892e1cfe0, L_0000022892e1cea0, C4<0>, C4<0>;
L_0000022892e69390 .functor XOR 1, L_0000022892e69320, L_0000022892e211b8, C4<0>, C4<0>;
L_0000022892e69a20 .functor AND 1, L_0000022892e1cfe0, L_0000022892e1cea0, C4<1>, C4<1>;
L_0000022892e69710 .functor AND 1, L_0000022892e1cea0, L_0000022892e211b8, C4<1>, C4<1>;
L_0000022892e69400 .functor OR 1, L_0000022892e69a20, L_0000022892e69710, C4<0>, C4<0>;
L_0000022892e69780 .functor AND 1, L_0000022892e211b8, L_0000022892e1cfe0, C4<1>, C4<1>;
L_0000022892e69b00 .functor OR 1, L_0000022892e69400, L_0000022892e69780, C4<0>, C4<0>;
v0000022892e0e670_0 .net *"_ivl_0", 0 0, L_0000022892e69320;  1 drivers
v0000022892e0df90_0 .net *"_ivl_10", 0 0, L_0000022892e69780;  1 drivers
v0000022892e0d770_0 .net *"_ivl_4", 0 0, L_0000022892e69a20;  1 drivers
v0000022892e0e990_0 .net *"_ivl_6", 0 0, L_0000022892e69710;  1 drivers
v0000022892e0ead0_0 .net *"_ivl_8", 0 0, L_0000022892e69400;  1 drivers
v0000022892e0d9f0_0 .net "a", 0 0, L_0000022892e1cfe0;  1 drivers
v0000022892e0e030_0 .net "b", 0 0, L_0000022892e1cea0;  1 drivers
v0000022892e0d130_0 .net "cin", 0 0, L_0000022892e211b8;  alias, 1 drivers
v0000022892e0da90_0 .net "cout", 0 0, L_0000022892e69b00;  alias, 1 drivers
v0000022892e0eb70_0 .net "sum", 0 0, L_0000022892e69390;  1 drivers
S_0000022892e0f0a0 .scope module, "f2" "full_adder" 4 10, 5 1 0, S_0000022892db6340;
 .timescale -9 -9;
    .port_info 0 /INPUT 1 "a";
    .port_info 1 /INPUT 1 "b";
    .port_info 2 /INPUT 1 "cin";
    .port_info 3 /OUTPUT 1 "sum";
    .port_info 4 /OUTPUT 1 "cout";
L_0000022892e691d0 .functor XOR 1, L_0000022892e1d080, L_0000022892e1c680, C4<0>, C4<0>;
L_0000022892e69ef0 .functor XOR 1, L_0000022892e691d0, L_0000022892e69b00, C4<0>, C4<0>;
L_0000022892e69160 .functor AND 1, L_0000022892e1d080, L_0000022892e1c680, C4<1>, C4<1>;
L_0000022892e69240 .functor AND 1, L_0000022892e1c680, L_0000022892e69b00, C4<1>, C4<1>;
L_0000022892e697f0 .functor OR 1, L_0000022892e69160, L_0000022892e69240, C4<0>, C4<0>;
L_0000022892e69940 .functor AND 1, L_0000022892e69b00, L_0000022892e1d080, C4<1>, C4<1>;
L_0000022892e69c50 .functor OR 1, L_0000022892e697f0, L_0000022892e69940, C4<0>, C4<0>;
v0000022892e0d4f0_0 .net *"_ivl_0", 0 0, L_0000022892e691d0;  1 drivers
v0000022892e0d3b0_0 .net *"_ivl_10", 0 0, L_0000022892e69940;  1 drivers
v0000022892e0e0d0_0 .net *"_ivl_4", 0 0, L_0000022892e69160;  1 drivers
v0000022892e0db30_0 .net *"_ivl_6", 0 0, L_0000022892e69240;  1 drivers
v0000022892e0dbd0_0 .net *"_ivl_8", 0 0, L_0000022892e697f0;  1 drivers
v0000022892e0dc70_0 .net "a", 0 0, L_0000022892e1d080;  1 drivers
v0000022892e0ecb0_0 .net "b", 0 0, L_0000022892e1c680;  1 drivers
v0000022892e0e3f0_0 .net "cin", 0 0, L_0000022892e69b00;  alias, 1 drivers
v0000022892e0d590_0 .net "cout", 0 0, L_0000022892e69c50;  alias, 1 drivers
v0000022892e0dd10_0 .net "sum", 0 0, L_0000022892e69ef0;  1 drivers
S_0000022892e11d80 .scope module, "B3_0" "ripple_carry_two" 3 37, 4 1 0, S_0000022892d70110;
 .timescale -9 -9;
    .port_info 0 /INPUT 2 "a";
    .port_info 1 /INPUT 2 "b";
    .port_info 2 /INPUT 1 "cin";
    .port_info 3 /OUTPUT 2 "sum";
    .port_info 4 /OUTPUT 1 "cout";
v0000022892e10180_0 .net "a", 1 0, L_0000022892e71340;  1 drivers
v0000022892e107c0_0 .net "b", 1 0, L_0000022892e71f20;  1 drivers
v0000022892e10680_0 .net "c1", 0 0, L_0000022892e6d190;  1 drivers
L_0000022892e21200 .functor BUFT 1, C4<0>, C4<0>, C4<0>, C4<0>;
v0000022892e0f640_0 .net "cin", 0 0, L_0000022892e21200;  1 drivers
v0000022892e109a0_0 .net "cout", 0 0, L_0000022892e6dba0;  alias, 1 drivers
v0000022892e0fbe0_0 .net "sum", 1 0, L_0000022892e71e80;  alias, 1 drivers
L_0000022892e1df80 .part L_0000022892e71340, 0, 1;
L_0000022892e1dee0 .part L_0000022892e71f20, 0, 1;
L_0000022892e1d1c0 .part L_0000022892e71340, 1, 1;
L_0000022892e1d3a0 .part L_0000022892e71f20, 1, 1;
L_0000022892e71e80 .concat8 [ 1 1 0 0], L_0000022892e69d30, L_0000022892e6ddd0;
S_0000022892e11420 .scope module, "f1" "full_adder" 4 9, 5 1 0, S_0000022892e11d80;
 .timescale -9 -9;
    .port_info 0 /INPUT 1 "a";
    .port_info 1 /INPUT 1 "b";
    .port_info 2 /INPUT 1 "cin";
    .port_info 3 /OUTPUT 1 "sum";
    .port_info 4 /OUTPUT 1 "cout";
L_0000022892e69cc0 .functor XOR 1, L_0000022892e1df80, L_0000022892e1dee0, C4<0>, C4<0>;
L_0000022892e69d30 .functor XOR 1, L_0000022892e69cc0, L_0000022892e21200, C4<0>, C4<0>;
L_0000022892e69da0 .functor AND 1, L_0000022892e1df80, L_0000022892e1dee0, C4<1>, C4<1>;
L_0000022892e69e10 .functor AND 1, L_0000022892e1dee0, L_0000022892e21200, C4<1>, C4<1>;
L_0000022892e69fd0 .functor OR 1, L_0000022892e69da0, L_0000022892e69e10, C4<0>, C4<0>;
L_0000022892e690f0 .functor AND 1, L_0000022892e21200, L_0000022892e1df80, C4<1>, C4<1>;
L_0000022892e6d190 .functor OR 1, L_0000022892e69fd0, L_0000022892e690f0, C4<0>, C4<0>;
v0000022892e0f960_0 .net *"_ivl_0", 0 0, L_0000022892e69cc0;  1 drivers
v0000022892e0fa00_0 .net *"_ivl_10", 0 0, L_0000022892e690f0;  1 drivers
v0000022892e104a0_0 .net *"_ivl_4", 0 0, L_0000022892e69da0;  1 drivers
v0000022892e11080_0 .net *"_ivl_6", 0 0, L_0000022892e69e10;  1 drivers
v0000022892e0ffa0_0 .net *"_ivl_8", 0 0, L_0000022892e69fd0;  1 drivers
v0000022892e10c20_0 .net "a", 0 0, L_0000022892e1df80;  1 drivers
v0000022892e0f3c0_0 .net "b", 0 0, L_0000022892e1dee0;  1 drivers
v0000022892e11120_0 .net "cin", 0 0, L_0000022892e21200;  alias, 1 drivers
v0000022892e0fdc0_0 .net "cout", 0 0, L_0000022892e6d190;  alias, 1 drivers
v0000022892e10ea0_0 .net "sum", 0 0, L_0000022892e69d30;  1 drivers
S_0000022892e115b0 .scope module, "f2" "full_adder" 4 10, 5 1 0, S_0000022892e11d80;
 .timescale -9 -9;
    .port_info 0 /INPUT 1 "a";
    .port_info 1 /INPUT 1 "b";
    .port_info 2 /INPUT 1 "cin";
    .port_info 3 /OUTPUT 1 "sum";
    .port_info 4 /OUTPUT 1 "cout";
L_0000022892e6d510 .functor XOR 1, L_0000022892e1d1c0, L_0000022892e1d3a0, C4<0>, C4<0>;
L_0000022892e6ddd0 .functor XOR 1, L_0000022892e6d510, L_0000022892e6d190, C4<0>, C4<0>;
L_0000022892e6d6d0 .functor AND 1, L_0000022892e1d1c0, L_0000022892e1d3a0, C4<1>, C4<1>;
L_0000022892e6deb0 .functor AND 1, L_0000022892e1d3a0, L_0000022892e6d190, C4<1>, C4<1>;
L_0000022892e6dd60 .functor OR 1, L_0000022892e6d6d0, L_0000022892e6deb0, C4<0>, C4<0>;
L_0000022892e6d970 .functor AND 1, L_0000022892e6d190, L_0000022892e1d1c0, C4<1>, C4<1>;
L_0000022892e6dba0 .functor OR 1, L_0000022892e6dd60, L_0000022892e6d970, C4<0>, C4<0>;
v0000022892e0f280_0 .net *"_ivl_0", 0 0, L_0000022892e6d510;  1 drivers
v0000022892e10f40_0 .net *"_ivl_10", 0 0, L_0000022892e6d970;  1 drivers
v0000022892e10fe0_0 .net *"_ivl_4", 0 0, L_0000022892e6d6d0;  1 drivers
v0000022892e0f320_0 .net *"_ivl_6", 0 0, L_0000022892e6deb0;  1 drivers
v0000022892e0fd20_0 .net *"_ivl_8", 0 0, L_0000022892e6dd60;  1 drivers
v0000022892e0f460_0 .net "a", 0 0, L_0000022892e1d1c0;  1 drivers
v0000022892e0f500_0 .net "b", 0 0, L_0000022892e1d3a0;  1 drivers
v0000022892e0f5a0_0 .net "cin", 0 0, L_0000022892e6d190;  alias, 1 drivers
v0000022892e10a40_0 .net "cout", 0 0, L_0000022892e6dba0;  alias, 1 drivers
v0000022892e0faa0_0 .net "sum", 0 0, L_0000022892e6ddd0;  1 drivers
S_0000022892e11bf0 .scope module, "B3_1" "ripple_carry_two" 3 38, 4 1 0, S_0000022892d70110;
 .timescale -9 -9;
    .port_info 0 /INPUT 2 "a";
    .port_info 1 /INPUT 2 "b";
    .port_info 2 /INPUT 1 "cin";
    .port_info 3 /OUTPUT 2 "sum";
    .port_info 4 /OUTPUT 1 "cout";
v0000022892e10d60_0 .net "a", 1 0, L_0000022892e71840;  1 drivers
v0000022892e10900_0 .net "b", 1 0, L_0000022892e71c00;  1 drivers
v0000022892e10e00_0 .net "c1", 0 0, L_0000022892e6db30;  1 drivers
L_0000022892e21248 .functor BUFT 1, C4<1>, C4<0>, C4<0>, C4<0>;
v0000022892e12f20_0 .net "cin", 0 0, L_0000022892e21248;  1 drivers
v0000022892e128e0_0 .net "cout", 0 0, L_0000022892e6d200;  alias, 1 drivers
v0000022892e13880_0 .net "sum", 1 0, L_0000022892e71a20;  alias, 1 drivers
L_0000022892e71480 .part L_0000022892e71840, 0, 1;
L_0000022892e70ee0 .part L_0000022892e71c00, 0, 1;
L_0000022892e70d00 .part L_0000022892e71840, 1, 1;
L_0000022892e71020 .part L_0000022892e71c00, 1, 1;
L_0000022892e71a20 .concat8 [ 1 1 0 0], L_0000022892e6da50, L_0000022892e6d4a0;
S_0000022892e11f10 .scope module, "f1" "full_adder" 4 9, 5 1 0, S_0000022892e11bf0;
 .timescale -9 -9;
    .port_info 0 /INPUT 1 "a";
    .port_info 1 /INPUT 1 "b";
    .port_info 2 /INPUT 1 "cin";
    .port_info 3 /OUTPUT 1 "sum";
    .port_info 4 /OUTPUT 1 "cout";
L_0000022892e6d9e0 .functor XOR 1, L_0000022892e71480, L_0000022892e70ee0, C4<0>, C4<0>;
L_0000022892e6da50 .functor XOR 1, L_0000022892e6d9e0, L_0000022892e21248, C4<0>, C4<0>;
L_0000022892e6dac0 .functor AND 1, L_0000022892e71480, L_0000022892e70ee0, C4<1>, C4<1>;
L_0000022892e6dc10 .functor AND 1, L_0000022892e70ee0, L_0000022892e21248, C4<1>, C4<1>;
L_0000022892e6dc80 .functor OR 1, L_0000022892e6dac0, L_0000022892e6dc10, C4<0>, C4<0>;
L_0000022892e6d5f0 .functor AND 1, L_0000022892e21248, L_0000022892e71480, C4<1>, C4<1>;
L_0000022892e6db30 .functor OR 1, L_0000022892e6dc80, L_0000022892e6d5f0, C4<0>, C4<0>;
v0000022892e0f8c0_0 .net *"_ivl_0", 0 0, L_0000022892e6d9e0;  1 drivers
v0000022892e0fb40_0 .net *"_ivl_10", 0 0, L_0000022892e6d5f0;  1 drivers
v0000022892e10ae0_0 .net *"_ivl_4", 0 0, L_0000022892e6dac0;  1 drivers
v0000022892e0fc80_0 .net *"_ivl_6", 0 0, L_0000022892e6dc10;  1 drivers
v0000022892e10400_0 .net *"_ivl_8", 0 0, L_0000022892e6dc80;  1 drivers
v0000022892e0fe60_0 .net "a", 0 0, L_0000022892e71480;  1 drivers
v0000022892e100e0_0 .net "b", 0 0, L_0000022892e70ee0;  1 drivers
v0000022892e10220_0 .net "cin", 0 0, L_0000022892e21248;  alias, 1 drivers
v0000022892e10540_0 .net "cout", 0 0, L_0000022892e6db30;  alias, 1 drivers
v0000022892e0f6e0_0 .net "sum", 0 0, L_0000022892e6da50;  1 drivers
S_0000022892e11290 .scope module, "f2" "full_adder" 4 10, 5 1 0, S_0000022892e11bf0;
 .timescale -9 -9;
    .port_info 0 /INPUT 1 "a";
    .port_info 1 /INPUT 1 "b";
    .port_info 2 /INPUT 1 "cin";
    .port_info 3 /OUTPUT 1 "sum";
    .port_info 4 /OUTPUT 1 "cout";
L_0000022892e6dcf0 .functor XOR 1, L_0000022892e70d00, L_0000022892e71020, C4<0>, C4<0>;
L_0000022892e6d4a0 .functor XOR 1, L_0000022892e6dcf0, L_0000022892e6db30, C4<0>, C4<0>;
L_0000022892e6d120 .functor AND 1, L_0000022892e70d00, L_0000022892e71020, C4<1>, C4<1>;
L_0000022892e6d660 .functor AND 1, L_0000022892e71020, L_0000022892e6db30, C4<1>, C4<1>;
L_0000022892e6d890 .functor OR 1, L_0000022892e6d120, L_0000022892e6d660, C4<0>, C4<0>;
L_0000022892e6d430 .functor AND 1, L_0000022892e6db30, L_0000022892e70d00, C4<1>, C4<1>;
L_0000022892e6d200 .functor OR 1, L_0000022892e6d890, L_0000022892e6d430, C4<0>, C4<0>;
v0000022892e10720_0 .net *"_ivl_0", 0 0, L_0000022892e6dcf0;  1 drivers
v0000022892e0f780_0 .net *"_ivl_10", 0 0, L_0000022892e6d430;  1 drivers
v0000022892e10b80_0 .net *"_ivl_4", 0 0, L_0000022892e6d120;  1 drivers
v0000022892e102c0_0 .net *"_ivl_6", 0 0, L_0000022892e6d660;  1 drivers
v0000022892e0f820_0 .net *"_ivl_8", 0 0, L_0000022892e6d890;  1 drivers
v0000022892e0ff00_0 .net "a", 0 0, L_0000022892e70d00;  1 drivers
v0000022892e10cc0_0 .net "b", 0 0, L_0000022892e71020;  1 drivers
v0000022892e10360_0 .net "cin", 0 0, L_0000022892e6db30;  alias, 1 drivers
v0000022892e10860_0 .net "cout", 0 0, L_0000022892e6d200;  alias, 1 drivers
v0000022892e105e0_0 .net "sum", 0 0, L_0000022892e6d4a0;  1 drivers
    .scope S_0000022892d6ff80;
T_0 ;
    %pushi/vec4 0, 0, 32;
    %store/vec4 v0000022892e13740_0, 0, 32;
    %pushi/real 0, 4065; load=0.00000
    %store/real v0000022892e13ba0_0;
    %pushi/real 0, 4065; load=0.00000
    %store/real v0000022892e13240_0;
    %pushi/real 0, 4065; load=0.00000
    %store/real v0000022892e1d800_0;
    %pushi/vec4 0, 0, 32;
    %store/vec4 v0000022892e1cae0_0, 0, 32;
    %pushi/vec4 0, 0, 32;
    %store/vec4 v0000022892e140a0_0, 0, 32;
T_0.0 ;
    %load/vec4 v0000022892e140a0_0;
    %cmpi/s 256, 0, 32;
    %jmp/0xz T_0.1, 5;
    %pushi/vec4 0, 0, 32;
    %store/vec4 v0000022892e1c4a0_0, 0, 32;
T_0.2 ;
    %load/vec4 v0000022892e1c4a0_0;
    %cmpi/s 256, 0, 32;
    %jmp/0xz T_0.3, 5;
    %load/vec4 v0000022892e140a0_0;
    %pad/s 8;
    %store/vec4 v0000022892e13100_0, 0, 8;
    %load/vec4 v0000022892e140a0_0;
    %pad/s 8;
    %store/vec4 v0000022892e13380_0, 0, 8;
    %delay 1, 0;
    %load/vec4 v0000022892e13100_0;
    %load/vec4 v0000022892e13380_0;
    %add;
    %store/vec4 v0000022892e13ec0_0, 0, 8;
    %load/vec4 v0000022892e132e0_0;
    %pad/u 32;
    %load/vec4 v0000022892e13ec0_0;
    %pad/u 32;
    %sub;
    %store/vec4 v0000022892e13d80_0, 0, 32;
    %load/vec4 v0000022892e13d80_0;
    %cmpi/s 0, 0, 32;
    %flag_mov 8, 5;
    %jmp/0 T_0.4, 8;
    %load/vec4 v0000022892e13d80_0;
    %inv;
    %pushi/vec4 1, 0, 32;
    %add;
    %jmp/1 T_0.5, 8;
T_0.4 ; End of true expr.
    %load/vec4 v0000022892e13d80_0;
    %jmp/0 T_0.5, 8;
 ; End of false expr.
    %blend;
T_0.5;
    %store/vec4 v0000022892e13b00_0, 0, 32;
    %load/vec4 v0000022892e13d80_0;
    %cmpi/ne 0, 0, 32;
    %jmp/0xz  T_0.6, 4;
    ; show_stmt_assign_vector: Get l-value for compressed += operand
    %load/vec4 v0000022892e13740_0;
    %pushi/vec4 1, 0, 32;
    %add;
    %store/vec4 v0000022892e13740_0, 0, 32;
T_0.6 ;
    %load/real v0000022892e13ba0_0;
    %load/vec4 v0000022892e13d80_0;
    %cvt/rv/s;
    %add/wr;
    %store/real v0000022892e13ba0_0;
    %load/real v0000022892e13240_0;
    %load/vec4 v0000022892e13b00_0;
    %cvt/rv/s;
    %add/wr;
    %store/real v0000022892e13240_0;
    %load/real v0000022892e1d800_0;
    %load/vec4 v0000022892e13d80_0;
    %load/vec4 v0000022892e13d80_0;
    %mul;
    %cvt/rv/s;
    %add/wr;
    %store/real v0000022892e1d800_0;
    ; show_stmt_assign_vector: Get l-value for compressed += operand
    %load/vec4 v0000022892e1cae0_0;
    %pushi/vec4 1, 0, 32;
    %add;
    %store/vec4 v0000022892e1cae0_0, 0, 32;
    %load/vec4 v0000022892e1c4a0_0;
    %addi 1, 0, 32;
    %store/vec4 v0000022892e1c4a0_0, 0, 32;
    %jmp T_0.2;
T_0.3 ;
    %load/vec4 v0000022892e140a0_0;
    %addi 1, 0, 32;
    %store/vec4 v0000022892e140a0_0, 0, 32;
    %jmp T_0.0;
T_0.1 ;
    %load/real v0000022892e13ba0_0;
    %load/vec4 v0000022892e1cae0_0;
    %cvt/rv/s;
    %div/wr;
    %store/real v0000022892e12520_0;
    %load/real v0000022892e13240_0;
    %load/vec4 v0000022892e1cae0_0;
    %cvt/rv/s;
    %div/wr;
    %store/real v0000022892e12480_0;
    %load/real v0000022892e1d800_0;
    %load/vec4 v0000022892e1cae0_0;
    %cvt/rv/s;
    %div/wr;
    %store/real v0000022892e12fc0_0;
    %vpi_func/r 2 55 "$sqrt", v0000022892e12fc0_0 {0 0 0};
    %store/real v0000022892e13060_0;
    %load/real v0000022892e12480_0;
    %pushi/real 2139095040, 4074; load=510.000
    %div/wr;
    %pushi/vec4 100, 0, 32;
    %cvt/rv/s;
    %mul/wr;
    %store/real v0000022892e13ce0_0;
    %vpi_call 2 58 "$display", "SCSA approximate adder error metrices" {0 0 0};
    %vpi_call 2 59 "$display", "Total test cases = %0d", v0000022892e1cae0_0 {0 0 0};
    %load/vec4 v0000022892e13740_0;
    %muli 100, 0, 32;
    %load/vec4 v0000022892e1cae0_0;
    %div/s;
    %vpi_call 2 60 "$display", "Error Rate (ER) = %0.4f %%", S<0,vec4,s32> {1 0 0};
    %vpi_call 2 61 "$display", "Average Error (AE) = %0.4f", v0000022892e12520_0 {0 0 0};
    %vpi_call 2 62 "$display", "Mean Abs Error (MAE) = %0.4f", v0000022892e12480_0 {0 0 0};
    %vpi_call 2 63 "$display", "Mean Square Error (MSE) = %0.4f", v0000022892e12fc0_0 {0 0 0};
    %vpi_call 2 64 "$display", "Root Mean Square Error (RMSE) = %0.4f", v0000022892e13060_0 {0 0 0};
    %vpi_call 2 65 "$display", "Mean Error Percentage (MEP) = %0.4f %%", v0000022892e12fc0_0 {0 0 0};
    %vpi_call 2 67 "$finish" {0 0 0};
    %end;
    .thread T_0;
# The file index is used to find the file name in the following table.
:file_names 6;
    "N/A";
    "<interactive>";
    "scsa_tb.v";
    "./scsa.v";
    "./ripple_carry_two.v";
    "./full_adder.v";
