#! /c/Source/iverilog-install/bin/vvp
:ivl_version "12.0 (devel)" "(s20150603-1539-g2693dd32b)";
:ivl_delay_selection "TYPICAL";
:vpi_time_precision + 0;
:vpi_module "C:\iverilog\lib\ivl\system.vpi";
:vpi_module "C:\iverilog\lib\ivl\vhdl_sys.vpi";
:vpi_module "C:\iverilog\lib\ivl\vhdl_textio.vpi";
:vpi_module "C:\iverilog\lib\ivl\v2005_math.vpi";
:vpi_module "C:\iverilog\lib\ivl\va_math.vpi";
S_000002860bc3db90 .scope module, "scsa" "scsa" 2 4;
 .timescale 0 0;
    .port_info 0 /INPUT 8 "a";
    .port_info 1 /INPUT 8 "b";
    .port_info 2 /OUTPUT 8 "sum";
    .port_info 3 /OUTPUT 1 "cout";
L_000002860bd26950 .functor AND 1, L_000002860bd272c0, L_000002860bd28800, C4<1>, C4<1>;
L_000002860bd2ced0 .functor AND 1, L_000002860bd28580, L_000002860bd27f40, C4<1>, C4<1>;
L_000002860bd882a0 .functor AND 1, L_000002860bd275e0, L_000002860bd27e00, C4<1>, C4<1>;
v000002860bd244b0_0 .net *"_ivl_21", 0 0, L_000002860bd272c0;  1 drivers
v000002860bd23a10_0 .net *"_ivl_23", 0 0, L_000002860bd28800;  1 drivers
v000002860bd24c30_0 .net *"_ivl_28", 1 0, L_000002860bd27400;  1 drivers
v000002860bd23f10_0 .net *"_ivl_45", 0 0, L_000002860bd28580;  1 drivers
v000002860bd23790_0 .net *"_ivl_47", 0 0, L_000002860bd27f40;  1 drivers
v000002860bd24550_0 .net *"_ivl_52", 1 0, L_000002860bd27360;  1 drivers
v000002860bd24230_0 .net *"_ivl_69", 0 0, L_000002860bd275e0;  1 drivers
v000002860bd24d70_0 .net *"_ivl_71", 0 0, L_000002860bd27e00;  1 drivers
v000002860bd23290_0 .net *"_ivl_77", 1 0, L_000002860bd27720;  1 drivers
o000002860bccb588 .functor BUFZ 8, C4<zzzzzzzz>; HiZ drive
v000002860bd23470_0 .net "a", 7 0, o000002860bccb588;  0 drivers
o000002860bccb5b8 .functor BUFZ 8, C4<zzzzzzzz>; HiZ drive
v000002860bd242d0_0 .net "b", 7 0, o000002860bccb5b8;  0 drivers
v000002860bd245f0_0 .net "c0", 0 0, L_000002860bcc28a0;  1 drivers
v000002860bd24730_0 .net "c1", 0 0, L_000002860bd279a0;  1 drivers
v000002860bd24ff0_0 .net "c1_0", 0 0, L_000002860bd26b80;  1 drivers
v000002860bd23330_0 .net "c1_1", 0 0, L_000002860bd26720;  1 drivers
v000002860bd240f0_0 .net "c2", 0 0, L_000002860bd289e0;  1 drivers
v000002860bd24e10_0 .net "c2_0", 0 0, L_000002860bd26c60;  1 drivers
v000002860bd24690_0 .net "c2_1", 0 0, L_000002860bd2c5a0;  1 drivers
v000002860bd24b90_0 .net "c3_0", 0 0, L_000002860bd2c290;  1 drivers
v000002860bd24370_0 .net "c3_1", 0 0, L_000002860bd889a0;  1 drivers
v000002860bd23150_0 .net "cout", 0 0, L_000002860bd27860;  1 drivers
v000002860bd231f0_0 .net "predict_c0", 0 0, L_000002860bd26950;  1 drivers
v000002860bd23650_0 .net "predict_c1", 0 0, L_000002860bd2ced0;  1 drivers
v000002860bd247d0_0 .net "predict_c2", 0 0, L_000002860bd882a0;  1 drivers
v000002860bd23ab0_0 .net "sum", 7 0, L_000002860bd27680;  1 drivers
v000002860bd23fb0_0 .net "sum1_0", 1 0, L_000002860bd23c90;  1 drivers
v000002860bd233d0_0 .net "sum1_1", 1 0, L_000002860bd27c20;  1 drivers
v000002860bd24870_0 .net "sum2_0", 1 0, L_000002860bd28260;  1 drivers
v000002860bd23b50_0 .net "sum2_1", 1 0, L_000002860bd28c60;  1 drivers
v000002860bd23510_0 .net "sum3_0", 1 0, L_000002860bd28d00;  1 drivers
v000002860bd24410_0 .net "sum3_1", 1 0, L_000002860bd274a0;  1 drivers
L_000002860bd24a50 .part o000002860bccb588, 0, 2;
L_000002860bd24eb0 .part o000002860bccb5b8, 0, 2;
L_000002860bd23d30 .part o000002860bccb588, 2, 2;
L_000002860bd23dd0 .part o000002860bccb5b8, 2, 2;
L_000002860bd28da0 .part o000002860bccb588, 2, 2;
L_000002860bd28440 .part o000002860bccb5b8, 2, 2;
L_000002860bd272c0 .part o000002860bccb588, 1, 1;
L_000002860bd28800 .part o000002860bccb5b8, 1, 1;
L_000002860bd27400 .functor MUXZ 2, L_000002860bd23c90, L_000002860bd27c20, L_000002860bd26950, C4<>;
L_000002860bd279a0 .functor MUXZ 1, L_000002860bd26b80, L_000002860bd26720, L_000002860bd26950, C4<>;
L_000002860bd28b20 .part o000002860bccb588, 4, 2;
L_000002860bd27cc0 .part o000002860bccb5b8, 4, 2;
L_000002860bd27220 .part o000002860bccb588, 4, 2;
L_000002860bd27d60 .part o000002860bccb5b8, 4, 2;
L_000002860bd28580 .part o000002860bccb588, 3, 1;
L_000002860bd27f40 .part o000002860bccb5b8, 3, 1;
L_000002860bd27360 .functor MUXZ 2, L_000002860bd28260, L_000002860bd28c60, L_000002860bd2ced0, C4<>;
L_000002860bd289e0 .functor MUXZ 1, L_000002860bd26c60, L_000002860bd2c5a0, L_000002860bd2ced0, C4<>;
L_000002860bd28760 .part o000002860bccb588, 6, 2;
L_000002860bd27a40 .part o000002860bccb5b8, 6, 2;
L_000002860bd28080 .part o000002860bccb588, 6, 2;
L_000002860bd27540 .part o000002860bccb5b8, 6, 2;
L_000002860bd275e0 .part o000002860bccb588, 5, 1;
L_000002860bd27e00 .part o000002860bccb5b8, 5, 1;
L_000002860bd27680 .concat8 [ 2 2 2 2], L_000002860bd24cd0, L_000002860bd27400, L_000002860bd27360, L_000002860bd27720;
L_000002860bd27720 .functor MUXZ 2, L_000002860bd28d00, L_000002860bd274a0, L_000002860bd882a0, C4<>;
L_000002860bd27860 .functor MUXZ 1, L_000002860bd2c290, L_000002860bd889a0, L_000002860bd882a0, C4<>;
S_000002860bc3dd20 .scope module, "B0" "ripple_carry_two" 2 18, 3 1 0, S_000002860bc3db90;
 .timescale 0 0;
    .port_info 0 /INPUT 2 "a";
    .port_info 1 /INPUT 2 "b";
    .port_info 2 /INPUT 1 "cin";
    .port_info 3 /OUTPUT 2 "sum";
    .port_info 4 /OUTPUT 1 "cout";
v000002860bcc1610_0 .net "a", 1 0, L_000002860bd24a50;  1 drivers
v000002860bcbfd10_0 .net "b", 1 0, L_000002860bd24eb0;  1 drivers
v000002860bcc1930_0 .net "c1", 0 0, L_000002860bcc21a0;  1 drivers
L_000002860bd40088 .functor BUFT 1, C4<0>, C4<0>, C4<0>, C4<0>;
v000002860bcc16b0_0 .net "cin", 0 0, L_000002860bd40088;  1 drivers
v000002860bcbfb30_0 .net "cout", 0 0, L_000002860bcc28a0;  alias, 1 drivers
v000002860bcbfef0_0 .net "sum", 1 0, L_000002860bd24cd0;  1 drivers
L_000002860bd238d0 .part L_000002860bd24a50, 0, 1;
L_000002860bd24910 .part L_000002860bd24eb0, 0, 1;
L_000002860bd23bf0 .part L_000002860bd24a50, 1, 1;
L_000002860bd24af0 .part L_000002860bd24eb0, 1, 1;
L_000002860bd24cd0 .concat8 [ 1 1 0 0], L_000002860bcc22f0, L_000002860bcc2600;
S_000002860bc86920 .scope module, "f1" "full_adder" 3 9, 4 1 0, S_000002860bc3dd20;
 .timescale 0 0;
    .port_info 0 /INPUT 1 "a";
    .port_info 1 /INPUT 1 "b";
    .port_info 2 /INPUT 1 "cin";
    .port_info 3 /OUTPUT 1 "sum";
    .port_info 4 /OUTPUT 1 "cout";
L_000002860bcc2210 .functor XOR 1, L_000002860bd238d0, L_000002860bd24910, C4<0>, C4<0>;
L_000002860bcc22f0 .functor XOR 1, L_000002860bcc2210, L_000002860bd40088, C4<0>, C4<0>;
L_000002860bcc2280 .functor AND 1, L_000002860bd238d0, L_000002860bd24910, C4<1>, C4<1>;
L_000002860bcc2130 .functor AND 1, L_000002860bd24910, L_000002860bd40088, C4<1>, C4<1>;
L_000002860bcc27c0 .functor OR 1, L_000002860bcc2280, L_000002860bcc2130, C4<0>, C4<0>;
L_000002860bcc2440 .functor AND 1, L_000002860bd40088, L_000002860bd238d0, C4<1>, C4<1>;
L_000002860bcc21a0 .functor OR 1, L_000002860bcc27c0, L_000002860bcc2440, C4<0>, C4<0>;
v000002860bcc1430_0 .net *"_ivl_0", 0 0, L_000002860bcc2210;  1 drivers
v000002860bcc08f0_0 .net *"_ivl_10", 0 0, L_000002860bcc2440;  1 drivers
v000002860bcc14d0_0 .net *"_ivl_4", 0 0, L_000002860bcc2280;  1 drivers
v000002860bcbfe50_0 .net *"_ivl_6", 0 0, L_000002860bcc2130;  1 drivers
v000002860bcc1570_0 .net *"_ivl_8", 0 0, L_000002860bcc27c0;  1 drivers
v000002860bcc05d0_0 .net "a", 0 0, L_000002860bd238d0;  1 drivers
v000002860bcc0cb0_0 .net "b", 0 0, L_000002860bd24910;  1 drivers
v000002860bcc0490_0 .net "cin", 0 0, L_000002860bd40088;  alias, 1 drivers
v000002860bcc17f0_0 .net "cout", 0 0, L_000002860bcc21a0;  alias, 1 drivers
v000002860bcc1890_0 .net "sum", 0 0, L_000002860bcc22f0;  1 drivers
S_000002860bc86ab0 .scope module, "f2" "full_adder" 3 10, 4 1 0, S_000002860bc3dd20;
 .timescale 0 0;
    .port_info 0 /INPUT 1 "a";
    .port_info 1 /INPUT 1 "b";
    .port_info 2 /INPUT 1 "cin";
    .port_info 3 /OUTPUT 1 "sum";
    .port_info 4 /OUTPUT 1 "cout";
L_000002860bcc2520 .functor XOR 1, L_000002860bd23bf0, L_000002860bd24af0, C4<0>, C4<0>;
L_000002860bcc2600 .functor XOR 1, L_000002860bcc2520, L_000002860bcc21a0, C4<0>, C4<0>;
L_000002860bcc2830 .functor AND 1, L_000002860bd23bf0, L_000002860bd24af0, C4<1>, C4<1>;
L_000002860bcc1fe0 .functor AND 1, L_000002860bd24af0, L_000002860bcc21a0, C4<1>, C4<1>;
L_000002860bcc1db0 .functor OR 1, L_000002860bcc2830, L_000002860bcc1fe0, C4<0>, C4<0>;
L_000002860bcc2050 .functor AND 1, L_000002860bcc21a0, L_000002860bd23bf0, C4<1>, C4<1>;
L_000002860bcc28a0 .functor OR 1, L_000002860bcc1db0, L_000002860bcc2050, C4<0>, C4<0>;
v000002860bcc1250_0 .net *"_ivl_0", 0 0, L_000002860bcc2520;  1 drivers
v000002860bcc07b0_0 .net *"_ivl_10", 0 0, L_000002860bcc2050;  1 drivers
v000002860bcc0f30_0 .net *"_ivl_4", 0 0, L_000002860bcc2830;  1 drivers
v000002860bcc0b70_0 .net *"_ivl_6", 0 0, L_000002860bcc1fe0;  1 drivers
v000002860bcc0990_0 .net *"_ivl_8", 0 0, L_000002860bcc1db0;  1 drivers
v000002860bcc0fd0_0 .net "a", 0 0, L_000002860bd23bf0;  1 drivers
v000002860bcc1110_0 .net "b", 0 0, L_000002860bd24af0;  1 drivers
v000002860bcc0df0_0 .net "cin", 0 0, L_000002860bcc21a0;  alias, 1 drivers
v000002860bcc0a30_0 .net "cout", 0 0, L_000002860bcc28a0;  alias, 1 drivers
v000002860bcc1070_0 .net "sum", 0 0, L_000002860bcc2600;  1 drivers
S_000002860bd1ac70 .scope module, "B1_0" "ripple_carry_two" 2 21, 3 1 0, S_000002860bc3db90;
 .timescale 0 0;
    .port_info 0 /INPUT 2 "a";
    .port_info 1 /INPUT 2 "b";
    .port_info 2 /INPUT 1 "cin";
    .port_info 3 /OUTPUT 2 "sum";
    .port_info 4 /OUTPUT 1 "cout";
v000002860bd1b6c0_0 .net "a", 1 0, L_000002860bd23d30;  1 drivers
v000002860bd1b940_0 .net "b", 1 0, L_000002860bd23dd0;  1 drivers
v000002860bd1c8e0_0 .net "c1", 0 0, L_000002860bcc1d40;  1 drivers
L_000002860bd400d0 .functor BUFT 1, C4<0>, C4<0>, C4<0>, C4<0>;
v000002860bd1c980_0 .net "cin", 0 0, L_000002860bd400d0;  1 drivers
v000002860bd1bd00_0 .net "cout", 0 0, L_000002860bd26b80;  alias, 1 drivers
v000002860bd1c3e0_0 .net "sum", 1 0, L_000002860bd23c90;  alias, 1 drivers
L_000002860bd24f50 .part L_000002860bd23d30, 0, 1;
L_000002860bd235b0 .part L_000002860bd23dd0, 0, 1;
L_000002860bd236f0 .part L_000002860bd23d30, 1, 1;
L_000002860bd23830 .part L_000002860bd23dd0, 1, 1;
L_000002860bd23c90 .concat8 [ 1 1 0 0], L_000002860bcc1aa0, L_000002860bcc1e90;
S_000002860bd1ae00 .scope module, "f1" "full_adder" 3 9, 4 1 0, S_000002860bd1ac70;
 .timescale 0 0;
    .port_info 0 /INPUT 1 "a";
    .port_info 1 /INPUT 1 "b";
    .port_info 2 /INPUT 1 "cin";
    .port_info 3 /OUTPUT 1 "sum";
    .port_info 4 /OUTPUT 1 "cout";
L_000002860bcc2980 .functor XOR 1, L_000002860bd24f50, L_000002860bd235b0, C4<0>, C4<0>;
L_000002860bcc1aa0 .functor XOR 1, L_000002860bcc2980, L_000002860bd400d0, C4<0>, C4<0>;
L_000002860bcc1b10 .functor AND 1, L_000002860bd24f50, L_000002860bd235b0, C4<1>, C4<1>;
L_000002860bcc1b80 .functor AND 1, L_000002860bd235b0, L_000002860bd400d0, C4<1>, C4<1>;
L_000002860bcc1c60 .functor OR 1, L_000002860bcc1b10, L_000002860bcc1b80, C4<0>, C4<0>;
L_000002860bcc1cd0 .functor AND 1, L_000002860bd400d0, L_000002860bd24f50, C4<1>, C4<1>;
L_000002860bcc1d40 .functor OR 1, L_000002860bcc1c60, L_000002860bcc1cd0, C4<0>, C4<0>;
v000002860bc99c70_0 .net *"_ivl_0", 0 0, L_000002860bcc2980;  1 drivers
v000002860bca2830_0 .net *"_ivl_10", 0 0, L_000002860bcc1cd0;  1 drivers
v000002860bcb0790_0 .net *"_ivl_4", 0 0, L_000002860bcc1b10;  1 drivers
v000002860bd1c0c0_0 .net *"_ivl_6", 0 0, L_000002860bcc1b80;  1 drivers
v000002860bd1b8a0_0 .net *"_ivl_8", 0 0, L_000002860bcc1c60;  1 drivers
v000002860bd1bf80_0 .net "a", 0 0, L_000002860bd24f50;  1 drivers
v000002860bd1c520_0 .net "b", 0 0, L_000002860bd235b0;  1 drivers
v000002860bd1ca20_0 .net "cin", 0 0, L_000002860bd400d0;  alias, 1 drivers
v000002860bd1be40_0 .net "cout", 0 0, L_000002860bcc1d40;  alias, 1 drivers
v000002860bd1cc00_0 .net "sum", 0 0, L_000002860bcc1aa0;  1 drivers
S_000002860bd1cfa0 .scope module, "f2" "full_adder" 3 10, 4 1 0, S_000002860bd1ac70;
 .timescale 0 0;
    .port_info 0 /INPUT 1 "a";
    .port_info 1 /INPUT 1 "b";
    .port_info 2 /INPUT 1 "cin";
    .port_info 3 /OUTPUT 1 "sum";
    .port_info 4 /OUTPUT 1 "cout";
L_000002860bcc1e20 .functor XOR 1, L_000002860bd236f0, L_000002860bd23830, C4<0>, C4<0>;
L_000002860bcc1e90 .functor XOR 1, L_000002860bcc1e20, L_000002860bcc1d40, C4<0>, C4<0>;
L_000002860bcc1f00 .functor AND 1, L_000002860bd236f0, L_000002860bd23830, C4<1>, C4<1>;
L_000002860bd26fe0 .functor AND 1, L_000002860bd23830, L_000002860bcc1d40, C4<1>, C4<1>;
L_000002860bd26560 .functor OR 1, L_000002860bcc1f00, L_000002860bd26fe0, C4<0>, C4<0>;
L_000002860bd266b0 .functor AND 1, L_000002860bcc1d40, L_000002860bd236f0, C4<1>, C4<1>;
L_000002860bd26b80 .functor OR 1, L_000002860bd26560, L_000002860bd266b0, C4<0>, C4<0>;
v000002860bd1bbc0_0 .net *"_ivl_0", 0 0, L_000002860bcc1e20;  1 drivers
v000002860bd1c660_0 .net *"_ivl_10", 0 0, L_000002860bd266b0;  1 drivers
v000002860bd1bb20_0 .net *"_ivl_4", 0 0, L_000002860bcc1f00;  1 drivers
v000002860bd1c2a0_0 .net *"_ivl_6", 0 0, L_000002860bd26fe0;  1 drivers
v000002860bd1c700_0 .net *"_ivl_8", 0 0, L_000002860bd26560;  1 drivers
v000002860bd1ce80_0 .net "a", 0 0, L_000002860bd236f0;  1 drivers
v000002860bd1c5c0_0 .net "b", 0 0, L_000002860bd23830;  1 drivers
v000002860bd1bc60_0 .net "cin", 0 0, L_000002860bcc1d40;  alias, 1 drivers
v000002860bd1c7a0_0 .net "cout", 0 0, L_000002860bd26b80;  alias, 1 drivers
v000002860bd1c840_0 .net "sum", 0 0, L_000002860bcc1e90;  1 drivers
S_000002860bd1d130 .scope module, "B1_1" "ripple_carry_two" 2 22, 3 1 0, S_000002860bc3db90;
 .timescale 0 0;
    .port_info 0 /INPUT 2 "a";
    .port_info 1 /INPUT 2 "b";
    .port_info 2 /INPUT 1 "cin";
    .port_info 3 /OUTPUT 2 "sum";
    .port_info 4 /OUTPUT 1 "cout";
v000002860bd1b3a0_0 .net "a", 1 0, L_000002860bd28da0;  1 drivers
v000002860bd1c160_0 .net "b", 1 0, L_000002860bd28440;  1 drivers
v000002860bd1b760_0 .net "c1", 0 0, L_000002860bd26b10;  1 drivers
L_000002860bd40118 .functor BUFT 1, C4<1>, C4<0>, C4<0>, C4<0>;
v000002860bd1b440_0 .net "cin", 0 0, L_000002860bd40118;  1 drivers
v000002860bd1c200_0 .net "cout", 0 0, L_000002860bd26720;  alias, 1 drivers
v000002860bd1b580_0 .net "sum", 1 0, L_000002860bd27c20;  alias, 1 drivers
L_000002860bd23e70 .part L_000002860bd28da0, 0, 1;
L_000002860bd24050 .part L_000002860bd28440, 0, 1;
L_000002860bd28f80 .part L_000002860bd28da0, 1, 1;
L_000002860bd28a80 .part L_000002860bd28440, 1, 1;
L_000002860bd27c20 .concat8 [ 1 1 0 0], L_000002860bd26640, L_000002860bd26250;
S_000002860bd1d2c0 .scope module, "f1" "full_adder" 3 9, 4 1 0, S_000002860bd1d130;
 .timescale 0 0;
    .port_info 0 /INPUT 1 "a";
    .port_info 1 /INPUT 1 "b";
    .port_info 2 /INPUT 1 "cin";
    .port_info 3 /OUTPUT 1 "sum";
    .port_info 4 /OUTPUT 1 "cout";
L_000002860bd265d0 .functor XOR 1, L_000002860bd23e70, L_000002860bd24050, C4<0>, C4<0>;
L_000002860bd26640 .functor XOR 1, L_000002860bd265d0, L_000002860bd40118, C4<0>, C4<0>;
L_000002860bd26790 .functor AND 1, L_000002860bd23e70, L_000002860bd24050, C4<1>, C4<1>;
L_000002860bd27050 .functor AND 1, L_000002860bd24050, L_000002860bd40118, C4<1>, C4<1>;
L_000002860bd261e0 .functor OR 1, L_000002860bd26790, L_000002860bd27050, C4<0>, C4<0>;
L_000002860bd26170 .functor AND 1, L_000002860bd40118, L_000002860bd23e70, C4<1>, C4<1>;
L_000002860bd26b10 .functor OR 1, L_000002860bd261e0, L_000002860bd26170, C4<0>, C4<0>;
v000002860bd1c340_0 .net *"_ivl_0", 0 0, L_000002860bd265d0;  1 drivers
v000002860bd1cac0_0 .net *"_ivl_10", 0 0, L_000002860bd26170;  1 drivers
v000002860bd1ba80_0 .net *"_ivl_4", 0 0, L_000002860bd26790;  1 drivers
v000002860bd1b800_0 .net *"_ivl_6", 0 0, L_000002860bd27050;  1 drivers
v000002860bd1cca0_0 .net *"_ivl_8", 0 0, L_000002860bd261e0;  1 drivers
v000002860bd1b120_0 .net "a", 0 0, L_000002860bd23e70;  1 drivers
v000002860bd1b4e0_0 .net "b", 0 0, L_000002860bd24050;  1 drivers
v000002860bd1cb60_0 .net "cin", 0 0, L_000002860bd40118;  alias, 1 drivers
v000002860bd1cd40_0 .net "cout", 0 0, L_000002860bd26b10;  alias, 1 drivers
v000002860bd1b1c0_0 .net "sum", 0 0, L_000002860bd26640;  1 drivers
S_000002860bd1d450 .scope module, "f2" "full_adder" 3 10, 4 1 0, S_000002860bd1d130;
 .timescale 0 0;
    .port_info 0 /INPUT 1 "a";
    .port_info 1 /INPUT 1 "b";
    .port_info 2 /INPUT 1 "cin";
    .port_info 3 /OUTPUT 1 "sum";
    .port_info 4 /OUTPUT 1 "cout";
L_000002860bd268e0 .functor XOR 1, L_000002860bd28f80, L_000002860bd28a80, C4<0>, C4<0>;
L_000002860bd26250 .functor XOR 1, L_000002860bd268e0, L_000002860bd26b10, C4<0>, C4<0>;
L_000002860bd262c0 .functor AND 1, L_000002860bd28f80, L_000002860bd28a80, C4<1>, C4<1>;
L_000002860bd269c0 .functor AND 1, L_000002860bd28a80, L_000002860bd26b10, C4<1>, C4<1>;
L_000002860bd26a30 .functor OR 1, L_000002860bd262c0, L_000002860bd269c0, C4<0>, C4<0>;
L_000002860bd263a0 .functor AND 1, L_000002860bd26b10, L_000002860bd28f80, C4<1>, C4<1>;
L_000002860bd26720 .functor OR 1, L_000002860bd26a30, L_000002860bd263a0, C4<0>, C4<0>;
v000002860bd1cde0_0 .net *"_ivl_0", 0 0, L_000002860bd268e0;  1 drivers
v000002860bd1bda0_0 .net *"_ivl_10", 0 0, L_000002860bd263a0;  1 drivers
v000002860bd1c480_0 .net *"_ivl_4", 0 0, L_000002860bd262c0;  1 drivers
v000002860bd1c020_0 .net *"_ivl_6", 0 0, L_000002860bd269c0;  1 drivers
v000002860bd1b9e0_0 .net *"_ivl_8", 0 0, L_000002860bd26a30;  1 drivers
v000002860bd1bee0_0 .net "a", 0 0, L_000002860bd28f80;  1 drivers
v000002860bd1afe0_0 .net "b", 0 0, L_000002860bd28a80;  1 drivers
v000002860bd1b080_0 .net "cin", 0 0, L_000002860bd26b10;  alias, 1 drivers
v000002860bd1b260_0 .net "cout", 0 0, L_000002860bd26720;  alias, 1 drivers
v000002860bd1b300_0 .net "sum", 0 0, L_000002860bd26250;  1 drivers
S_000002860bd1d5e0 .scope module, "B2_0" "ripple_carry_two" 2 29, 3 1 0, S_000002860bc3db90;
 .timescale 0 0;
    .port_info 0 /INPUT 2 "a";
    .port_info 1 /INPUT 2 "b";
    .port_info 2 /INPUT 1 "cin";
    .port_info 3 /OUTPUT 2 "sum";
    .port_info 4 /OUTPUT 1 "cout";
v000002860bd1f070_0 .net "a", 1 0, L_000002860bd28b20;  1 drivers
v000002860bd1e7b0_0 .net "b", 1 0, L_000002860bd27cc0;  1 drivers
v000002860bd1de50_0 .net "c1", 0 0, L_000002860bd26f00;  1 drivers
L_000002860bd40160 .functor BUFT 1, C4<0>, C4<0>, C4<0>, C4<0>;
v000002860bd1df90_0 .net "cin", 0 0, L_000002860bd40160;  1 drivers
v000002860bd1e850_0 .net "cout", 0 0, L_000002860bd26c60;  alias, 1 drivers
v000002860bd1f250_0 .net "sum", 1 0, L_000002860bd28260;  alias, 1 drivers
L_000002860bd28940 .part L_000002860bd28b20, 0, 1;
L_000002860bd284e0 .part L_000002860bd27cc0, 0, 1;
L_000002860bd286c0 .part L_000002860bd28b20, 1, 1;
L_000002860bd27ea0 .part L_000002860bd27cc0, 1, 1;
L_000002860bd28260 .concat8 [ 1 1 0 0], L_000002860bd26e20, L_000002860bd26db0;
S_000002860bd1d770 .scope module, "f1" "full_adder" 3 9, 4 1 0, S_000002860bd1d5e0;
 .timescale 0 0;
    .port_info 0 /INPUT 1 "a";
    .port_info 1 /INPUT 1 "b";
    .port_info 2 /INPUT 1 "cin";
    .port_info 3 /OUTPUT 1 "sum";
    .port_info 4 /OUTPUT 1 "cout";
L_000002860bd26870 .functor XOR 1, L_000002860bd28940, L_000002860bd284e0, C4<0>, C4<0>;
L_000002860bd26e20 .functor XOR 1, L_000002860bd26870, L_000002860bd40160, C4<0>, C4<0>;
L_000002860bd264f0 .functor AND 1, L_000002860bd28940, L_000002860bd284e0, C4<1>, C4<1>;
L_000002860bd26330 .functor AND 1, L_000002860bd284e0, L_000002860bd40160, C4<1>, C4<1>;
L_000002860bd26800 .functor OR 1, L_000002860bd264f0, L_000002860bd26330, C4<0>, C4<0>;
L_000002860bd26e90 .functor AND 1, L_000002860bd40160, L_000002860bd28940, C4<1>, C4<1>;
L_000002860bd26f00 .functor OR 1, L_000002860bd26800, L_000002860bd26e90, C4<0>, C4<0>;
v000002860bd1b620_0 .net *"_ivl_0", 0 0, L_000002860bd26870;  1 drivers
v000002860bd1e710_0 .net *"_ivl_10", 0 0, L_000002860bd26e90;  1 drivers
v000002860bd1e530_0 .net *"_ivl_4", 0 0, L_000002860bd264f0;  1 drivers
v000002860bd1dc70_0 .net *"_ivl_6", 0 0, L_000002860bd26330;  1 drivers
v000002860bd1e3f0_0 .net *"_ivl_8", 0 0, L_000002860bd26800;  1 drivers
v000002860bd1ee90_0 .net "a", 0 0, L_000002860bd28940;  1 drivers
v000002860bd1e2b0_0 .net "b", 0 0, L_000002860bd284e0;  1 drivers
v000002860bd1d950_0 .net "cin", 0 0, L_000002860bd40160;  alias, 1 drivers
v000002860bd1e990_0 .net "cout", 0 0, L_000002860bd26f00;  alias, 1 drivers
v000002860bd1ead0_0 .net "sum", 0 0, L_000002860bd26e20;  1 drivers
S_000002860bd1f910 .scope module, "f2" "full_adder" 3 10, 4 1 0, S_000002860bd1d5e0;
 .timescale 0 0;
    .port_info 0 /INPUT 1 "a";
    .port_info 1 /INPUT 1 "b";
    .port_info 2 /INPUT 1 "cin";
    .port_info 3 /OUTPUT 1 "sum";
    .port_info 4 /OUTPUT 1 "cout";
L_000002860bd26410 .functor XOR 1, L_000002860bd286c0, L_000002860bd27ea0, C4<0>, C4<0>;
L_000002860bd26db0 .functor XOR 1, L_000002860bd26410, L_000002860bd26f00, C4<0>, C4<0>;
L_000002860bd26f70 .functor AND 1, L_000002860bd286c0, L_000002860bd27ea0, C4<1>, C4<1>;
L_000002860bd26bf0 .functor AND 1, L_000002860bd27ea0, L_000002860bd26f00, C4<1>, C4<1>;
L_000002860bd26480 .functor OR 1, L_000002860bd26f70, L_000002860bd26bf0, C4<0>, C4<0>;
L_000002860bd26aa0 .functor AND 1, L_000002860bd26f00, L_000002860bd286c0, C4<1>, C4<1>;
L_000002860bd26c60 .functor OR 1, L_000002860bd26480, L_000002860bd26aa0, C4<0>, C4<0>;
v000002860bd1f6b0_0 .net *"_ivl_0", 0 0, L_000002860bd26410;  1 drivers
v000002860bd1f1b0_0 .net *"_ivl_10", 0 0, L_000002860bd26aa0;  1 drivers
v000002860bd1e490_0 .net *"_ivl_4", 0 0, L_000002860bd26f70;  1 drivers
v000002860bd1e350_0 .net *"_ivl_6", 0 0, L_000002860bd26bf0;  1 drivers
v000002860bd1e5d0_0 .net *"_ivl_8", 0 0, L_000002860bd26480;  1 drivers
v000002860bd1def0_0 .net "a", 0 0, L_000002860bd286c0;  1 drivers
v000002860bd1e670_0 .net "b", 0 0, L_000002860bd27ea0;  1 drivers
v000002860bd1eb70_0 .net "cin", 0 0, L_000002860bd26f00;  alias, 1 drivers
v000002860bd1e210_0 .net "cout", 0 0, L_000002860bd26c60;  alias, 1 drivers
v000002860bd1f750_0 .net "sum", 0 0, L_000002860bd26db0;  1 drivers
S_000002860bd1faa0 .scope module, "B2_1" "ripple_carry_two" 2 30, 3 1 0, S_000002860bc3db90;
 .timescale 0 0;
    .port_info 0 /INPUT 2 "a";
    .port_info 1 /INPUT 2 "b";
    .port_info 2 /INPUT 1 "cin";
    .port_info 3 /OUTPUT 2 "sum";
    .port_info 4 /OUTPUT 1 "cout";
v000002860bd1da90_0 .net "a", 1 0, L_000002860bd27220;  1 drivers
v000002860bd1f4d0_0 .net "b", 1 0, L_000002860bd27d60;  1 drivers
v000002860bd1f570_0 .net "c1", 0 0, L_000002860bd2c370;  1 drivers
L_000002860bd401a8 .functor BUFT 1, C4<1>, C4<0>, C4<0>, C4<0>;
v000002860bd1f610_0 .net "cin", 0 0, L_000002860bd401a8;  1 drivers
v000002860bd1f7f0_0 .net "cout", 0 0, L_000002860bd2c5a0;  alias, 1 drivers
v000002860bd21080_0 .net "sum", 1 0, L_000002860bd28c60;  alias, 1 drivers
L_000002860bd27180 .part L_000002860bd27220, 0, 1;
L_000002860bd28300 .part L_000002860bd27d60, 0, 1;
L_000002860bd28bc0 .part L_000002860bd27220, 1, 1;
L_000002860bd28e40 .part L_000002860bd27d60, 1, 1;
L_000002860bd28c60 .concat8 [ 1 1 0 0], L_000002860bd2d020, L_000002860bd2c530;
S_000002860bd1fc30 .scope module, "f1" "full_adder" 3 9, 4 1 0, S_000002860bd1faa0;
 .timescale 0 0;
    .port_info 0 /INPUT 1 "a";
    .port_info 1 /INPUT 1 "b";
    .port_info 2 /INPUT 1 "cin";
    .port_info 3 /OUTPUT 1 "sum";
    .port_info 4 /OUTPUT 1 "cout";
L_000002860bd26d40 .functor XOR 1, L_000002860bd27180, L_000002860bd28300, C4<0>, C4<0>;
L_000002860bd2d020 .functor XOR 1, L_000002860bd26d40, L_000002860bd401a8, C4<0>, C4<0>;
L_000002860bd2c220 .functor AND 1, L_000002860bd27180, L_000002860bd28300, C4<1>, C4<1>;
L_000002860bd2c990 .functor AND 1, L_000002860bd28300, L_000002860bd401a8, C4<1>, C4<1>;
L_000002860bd2ce60 .functor OR 1, L_000002860bd2c220, L_000002860bd2c990, C4<0>, C4<0>;
L_000002860bd2c4c0 .functor AND 1, L_000002860bd401a8, L_000002860bd27180, C4<1>, C4<1>;
L_000002860bd2c370 .functor OR 1, L_000002860bd2ce60, L_000002860bd2c4c0, C4<0>, C4<0>;
v000002860bd1e030_0 .net *"_ivl_0", 0 0, L_000002860bd26d40;  1 drivers
v000002860bd1ef30_0 .net *"_ivl_10", 0 0, L_000002860bd2c4c0;  1 drivers
v000002860bd1efd0_0 .net *"_ivl_4", 0 0, L_000002860bd2c220;  1 drivers
v000002860bd1ecb0_0 .net *"_ivl_6", 0 0, L_000002860bd2c990;  1 drivers
v000002860bd1f110_0 .net *"_ivl_8", 0 0, L_000002860bd2ce60;  1 drivers
v000002860bd1dd10_0 .net "a", 0 0, L_000002860bd27180;  1 drivers
v000002860bd1f2f0_0 .net "b", 0 0, L_000002860bd28300;  1 drivers
v000002860bd1f390_0 .net "cin", 0 0, L_000002860bd401a8;  alias, 1 drivers
v000002860bd1d9f0_0 .net "cout", 0 0, L_000002860bd2c370;  alias, 1 drivers
v000002860bd1ddb0_0 .net "sum", 0 0, L_000002860bd2d020;  1 drivers
S_000002860bd1fdc0 .scope module, "f2" "full_adder" 3 10, 4 1 0, S_000002860bd1faa0;
 .timescale 0 0;
    .port_info 0 /INPUT 1 "a";
    .port_info 1 /INPUT 1 "b";
    .port_info 2 /INPUT 1 "cin";
    .port_info 3 /OUTPUT 1 "sum";
    .port_info 4 /OUTPUT 1 "cout";
L_000002860bd2c3e0 .functor XOR 1, L_000002860bd28bc0, L_000002860bd28e40, C4<0>, C4<0>;
L_000002860bd2c530 .functor XOR 1, L_000002860bd2c3e0, L_000002860bd2c370, C4<0>, C4<0>;
L_000002860bd2d090 .functor AND 1, L_000002860bd28bc0, L_000002860bd28e40, C4<1>, C4<1>;
L_000002860bd2cca0 .functor AND 1, L_000002860bd28e40, L_000002860bd2c370, C4<1>, C4<1>;
L_000002860bd2cdf0 .functor OR 1, L_000002860bd2d090, L_000002860bd2cca0, C4<0>, C4<0>;
L_000002860bd2c1b0 .functor AND 1, L_000002860bd2c370, L_000002860bd28bc0, C4<1>, C4<1>;
L_000002860bd2c5a0 .functor OR 1, L_000002860bd2cdf0, L_000002860bd2c1b0, C4<0>, C4<0>;
v000002860bd1db30_0 .net *"_ivl_0", 0 0, L_000002860bd2c3e0;  1 drivers
v000002860bd1e0d0_0 .net *"_ivl_10", 0 0, L_000002860bd2c1b0;  1 drivers
v000002860bd1dbd0_0 .net *"_ivl_4", 0 0, L_000002860bd2d090;  1 drivers
v000002860bd1ea30_0 .net *"_ivl_6", 0 0, L_000002860bd2cca0;  1 drivers
v000002860bd1e170_0 .net *"_ivl_8", 0 0, L_000002860bd2cdf0;  1 drivers
v000002860bd1f430_0 .net "a", 0 0, L_000002860bd28bc0;  1 drivers
v000002860bd1e8f0_0 .net "b", 0 0, L_000002860bd28e40;  1 drivers
v000002860bd1ec10_0 .net "cin", 0 0, L_000002860bd2c370;  alias, 1 drivers
v000002860bd1ed50_0 .net "cout", 0 0, L_000002860bd2c5a0;  alias, 1 drivers
v000002860bd1edf0_0 .net "sum", 0 0, L_000002860bd2c530;  1 drivers
S_000002860bd21f60 .scope module, "B3_0" "ripple_carry_two" 2 37, 3 1 0, S_000002860bc3db90;
 .timescale 0 0;
    .port_info 0 /INPUT 2 "a";
    .port_info 1 /INPUT 2 "b";
    .port_info 2 /INPUT 1 "cin";
    .port_info 3 /OUTPUT 2 "sum";
    .port_info 4 /OUTPUT 1 "cout";
v000002860bd20180_0 .net "a", 1 0, L_000002860bd28760;  1 drivers
v000002860bd20720_0 .net "b", 1 0, L_000002860bd27a40;  1 drivers
v000002860bd21d00_0 .net "c1", 0 0, L_000002860bd2ca00;  1 drivers
L_000002860bd401f0 .functor BUFT 1, C4<0>, C4<0>, C4<0>, C4<0>;
v000002860bd202c0_0 .net "cin", 0 0, L_000002860bd401f0;  1 drivers
v000002860bd20c20_0 .net "cout", 0 0, L_000002860bd2c290;  alias, 1 drivers
v000002860bd204a0_0 .net "sum", 1 0, L_000002860bd28d00;  alias, 1 drivers
L_000002860bd29020 .part L_000002860bd28760, 0, 1;
L_000002860bd28620 .part L_000002860bd27a40, 0, 1;
L_000002860bd277c0 .part L_000002860bd28760, 1, 1;
L_000002860bd283a0 .part L_000002860bd27a40, 1, 1;
L_000002860bd28d00 .concat8 [ 1 1 0 0], L_000002860bd2cb50, L_000002860bd2c680;
S_000002860bd22910 .scope module, "f1" "full_adder" 3 9, 4 1 0, S_000002860bd21f60;
 .timescale 0 0;
    .port_info 0 /INPUT 1 "a";
    .port_info 1 /INPUT 1 "b";
    .port_info 2 /INPUT 1 "cin";
    .port_info 3 /OUTPUT 1 "sum";
    .port_info 4 /OUTPUT 1 "cout";
L_000002860bd2cfb0 .functor XOR 1, L_000002860bd29020, L_000002860bd28620, C4<0>, C4<0>;
L_000002860bd2cb50 .functor XOR 1, L_000002860bd2cfb0, L_000002860bd401f0, C4<0>, C4<0>;
L_000002860bd2c840 .functor AND 1, L_000002860bd29020, L_000002860bd28620, C4<1>, C4<1>;
L_000002860bd2c610 .functor AND 1, L_000002860bd28620, L_000002860bd401f0, C4<1>, C4<1>;
L_000002860bd2c920 .functor OR 1, L_000002860bd2c840, L_000002860bd2c610, C4<0>, C4<0>;
L_000002860bd2c300 .functor AND 1, L_000002860bd401f0, L_000002860bd29020, C4<1>, C4<1>;
L_000002860bd2ca00 .functor OR 1, L_000002860bd2c920, L_000002860bd2c300, C4<0>, C4<0>;
v000002860bd21580_0 .net *"_ivl_0", 0 0, L_000002860bd2cfb0;  1 drivers
v000002860bd200e0_0 .net *"_ivl_10", 0 0, L_000002860bd2c300;  1 drivers
v000002860bd21bc0_0 .net *"_ivl_4", 0 0, L_000002860bd2c840;  1 drivers
v000002860bd219e0_0 .net *"_ivl_6", 0 0, L_000002860bd2c610;  1 drivers
v000002860bd21da0_0 .net *"_ivl_8", 0 0, L_000002860bd2c920;  1 drivers
v000002860bd20ae0_0 .net "a", 0 0, L_000002860bd29020;  1 drivers
v000002860bd20220_0 .net "b", 0 0, L_000002860bd28620;  1 drivers
v000002860bd21120_0 .net "cin", 0 0, L_000002860bd401f0;  alias, 1 drivers
v000002860bd205e0_0 .net "cout", 0 0, L_000002860bd2ca00;  alias, 1 drivers
v000002860bd20b80_0 .net "sum", 0 0, L_000002860bd2cb50;  1 drivers
S_000002860bd22aa0 .scope module, "f2" "full_adder" 3 10, 4 1 0, S_000002860bd21f60;
 .timescale 0 0;
    .port_info 0 /INPUT 1 "a";
    .port_info 1 /INPUT 1 "b";
    .port_info 2 /INPUT 1 "cin";
    .port_info 3 /OUTPUT 1 "sum";
    .port_info 4 /OUTPUT 1 "cout";
L_000002860bd2cf40 .functor XOR 1, L_000002860bd277c0, L_000002860bd283a0, C4<0>, C4<0>;
L_000002860bd2c680 .functor XOR 1, L_000002860bd2cf40, L_000002860bd2ca00, C4<0>, C4<0>;
L_000002860bd2ca70 .functor AND 1, L_000002860bd277c0, L_000002860bd283a0, C4<1>, C4<1>;
L_000002860bd2cc30 .functor AND 1, L_000002860bd283a0, L_000002860bd2ca00, C4<1>, C4<1>;
L_000002860bd2c760 .functor OR 1, L_000002860bd2ca70, L_000002860bd2cc30, C4<0>, C4<0>;
L_000002860bd2c450 .functor AND 1, L_000002860bd2ca00, L_000002860bd277c0, C4<1>, C4<1>;
L_000002860bd2c290 .functor OR 1, L_000002860bd2c760, L_000002860bd2c450, C4<0>, C4<0>;
v000002860bd214e0_0 .net *"_ivl_0", 0 0, L_000002860bd2cf40;  1 drivers
v000002860bd21620_0 .net *"_ivl_10", 0 0, L_000002860bd2c450;  1 drivers
v000002860bd218a0_0 .net *"_ivl_4", 0 0, L_000002860bd2ca70;  1 drivers
v000002860bd21300_0 .net *"_ivl_6", 0 0, L_000002860bd2cc30;  1 drivers
v000002860bd20680_0 .net *"_ivl_8", 0 0, L_000002860bd2c760;  1 drivers
v000002860bd20900_0 .net "a", 0 0, L_000002860bd277c0;  1 drivers
v000002860bd20860_0 .net "b", 0 0, L_000002860bd283a0;  1 drivers
v000002860bd21940_0 .net "cin", 0 0, L_000002860bd2ca00;  alias, 1 drivers
v000002860bd209a0_0 .net "cout", 0 0, L_000002860bd2c290;  alias, 1 drivers
v000002860bd21440_0 .net "sum", 0 0, L_000002860bd2c680;  1 drivers
S_000002860bd22f50 .scope module, "B3_1" "ripple_carry_two" 2 38, 3 1 0, S_000002860bc3db90;
 .timescale 0 0;
    .port_info 0 /INPUT 2 "a";
    .port_info 1 /INPUT 2 "b";
    .port_info 2 /INPUT 1 "cin";
    .port_info 3 /OUTPUT 2 "sum";
    .port_info 4 /OUTPUT 1 "cout";
v000002860bd21e40_0 .net "a", 1 0, L_000002860bd28080;  1 drivers
v000002860bd1ffa0_0 .net "b", 1 0, L_000002860bd27540;  1 drivers
v000002860bd20040_0 .net "c1", 0 0, L_000002860bd2cd80;  1 drivers
L_000002860bd40238 .functor BUFT 1, C4<1>, C4<0>, C4<0>, C4<0>;
v000002860bd249b0_0 .net "cin", 0 0, L_000002860bd40238;  1 drivers
v000002860bd23970_0 .net "cout", 0 0, L_000002860bd889a0;  alias, 1 drivers
v000002860bd24190_0 .net "sum", 1 0, L_000002860bd274a0;  alias, 1 drivers
L_000002860bd281c0 .part L_000002860bd28080, 0, 1;
L_000002860bd288a0 .part L_000002860bd27540, 0, 1;
L_000002860bd28ee0 .part L_000002860bd28080, 1, 1;
L_000002860bd27fe0 .part L_000002860bd27540, 1, 1;
L_000002860bd274a0 .concat8 [ 1 1 0 0], L_000002860bd2cae0, L_000002860bd88fc0;
S_000002860bd22140 .scope module, "f1" "full_adder" 3 9, 4 1 0, S_000002860bd22f50;
 .timescale 0 0;
    .port_info 0 /INPUT 1 "a";
    .port_info 1 /INPUT 1 "b";
    .port_info 2 /INPUT 1 "cin";
    .port_info 3 /OUTPUT 1 "sum";
    .port_info 4 /OUTPUT 1 "cout";
L_000002860bd2c6f0 .functor XOR 1, L_000002860bd281c0, L_000002860bd288a0, C4<0>, C4<0>;
L_000002860bd2cae0 .functor XOR 1, L_000002860bd2c6f0, L_000002860bd40238, C4<0>, C4<0>;
L_000002860bd2cd10 .functor AND 1, L_000002860bd281c0, L_000002860bd288a0, C4<1>, C4<1>;
L_000002860bd2c8b0 .functor AND 1, L_000002860bd288a0, L_000002860bd40238, C4<1>, C4<1>;
L_000002860bd2cbc0 .functor OR 1, L_000002860bd2cd10, L_000002860bd2c8b0, C4<0>, C4<0>;
L_000002860bd2c7d0 .functor AND 1, L_000002860bd40238, L_000002860bd281c0, C4<1>, C4<1>;
L_000002860bd2cd80 .functor OR 1, L_000002860bd2cbc0, L_000002860bd2c7d0, C4<0>, C4<0>;
v000002860bd20360_0 .net *"_ivl_0", 0 0, L_000002860bd2c6f0;  1 drivers
v000002860bd20400_0 .net *"_ivl_10", 0 0, L_000002860bd2c7d0;  1 drivers
v000002860bd20f40_0 .net *"_ivl_4", 0 0, L_000002860bd2cd10;  1 drivers
v000002860bd20cc0_0 .net *"_ivl_6", 0 0, L_000002860bd2c8b0;  1 drivers
v000002860bd21760_0 .net *"_ivl_8", 0 0, L_000002860bd2cbc0;  1 drivers
v000002860bd216c0_0 .net "a", 0 0, L_000002860bd281c0;  1 drivers
v000002860bd20540_0 .net "b", 0 0, L_000002860bd288a0;  1 drivers
v000002860bd21800_0 .net "cin", 0 0, L_000002860bd40238;  alias, 1 drivers
v000002860bd21a80_0 .net "cout", 0 0, L_000002860bd2cd80;  alias, 1 drivers
v000002860bd20fe0_0 .net "sum", 0 0, L_000002860bd2cae0;  1 drivers
S_000002860bd22c30 .scope module, "f2" "full_adder" 3 10, 4 1 0, S_000002860bd22f50;
 .timescale 0 0;
    .port_info 0 /INPUT 1 "a";
    .port_info 1 /INPUT 1 "b";
    .port_info 2 /INPUT 1 "cin";
    .port_info 3 /OUTPUT 1 "sum";
    .port_info 4 /OUTPUT 1 "cout";
L_000002860bd26cd0 .functor XOR 1, L_000002860bd28ee0, L_000002860bd27fe0, C4<0>, C4<0>;
L_000002860bd88fc0 .functor XOR 1, L_000002860bd26cd0, L_000002860bd2cd80, C4<0>, C4<0>;
L_000002860bd881c0 .functor AND 1, L_000002860bd28ee0, L_000002860bd27fe0, C4<1>, C4<1>;
L_000002860bd887e0 .functor AND 1, L_000002860bd27fe0, L_000002860bd2cd80, C4<1>, C4<1>;
L_000002860bd88540 .functor OR 1, L_000002860bd881c0, L_000002860bd887e0, C4<0>, C4<0>;
L_000002860bd88460 .functor AND 1, L_000002860bd2cd80, L_000002860bd28ee0, C4<1>, C4<1>;
L_000002860bd889a0 .functor OR 1, L_000002860bd88540, L_000002860bd88460, C4<0>, C4<0>;
v000002860bd211c0_0 .net *"_ivl_0", 0 0, L_000002860bd26cd0;  1 drivers
v000002860bd207c0_0 .net *"_ivl_10", 0 0, L_000002860bd88460;  1 drivers
v000002860bd21c60_0 .net *"_ivl_4", 0 0, L_000002860bd881c0;  1 drivers
v000002860bd21b20_0 .net *"_ivl_6", 0 0, L_000002860bd887e0;  1 drivers
v000002860bd20a40_0 .net *"_ivl_8", 0 0, L_000002860bd88540;  1 drivers
v000002860bd20d60_0 .net "a", 0 0, L_000002860bd28ee0;  1 drivers
v000002860bd20e00_0 .net "b", 0 0, L_000002860bd27fe0;  1 drivers
v000002860bd20ea0_0 .net "cin", 0 0, L_000002860bd2cd80;  alias, 1 drivers
v000002860bd213a0_0 .net "cout", 0 0, L_000002860bd889a0;  alias, 1 drivers
v000002860bd21260_0 .net "sum", 0 0, L_000002860bd88fc0;  1 drivers
# The file index is used to find the file name in the following table.
:file_names 5;
    "N/A";
    "<interactive>";
    "scsa.v";
    "./ripple_carry_two.v";
    "./full_adder.v";
