#! /c/Source/iverilog-install/bin/vvp
:ivl_version "12.0 (devel)" "(s20150603-1539-g2693dd32b)";
:ivl_delay_selection "TYPICAL";
:vpi_time_precision - 9;
:vpi_module "C:\iverilog\lib\ivl\system.vpi";
:vpi_module "C:\iverilog\lib\ivl\vhdl_sys.vpi";
:vpi_module "C:\iverilog\lib\ivl\vhdl_textio.vpi";
:vpi_module "C:\iverilog\lib\ivl\v2005_math.vpi";
:vpi_module "C:\iverilog\lib\ivl\va_math.vpi";
S_000002c7e21fd320 .scope module, "encoder_tb" "encoder_tb" 2 4;
 .timescale -9 -9;
v000002c7e2244c80_0 .var "a", 2 0;
v000002c7e2244d20_0 .var "enable", 0 0;
v000002c7e2244dc0_0 .net "out", 7 0, v000002c7e2244be0_0;  1 drivers
S_000002c7e21fd4b0 .scope module, "uut" "encoder" 2 10, 3 1 0, S_000002c7e21fd320;
 .timescale -9 -9;
    .port_info 0 /INPUT 3 "a";
    .port_info 1 /INPUT 1 "enable";
    .port_info 2 /OUTPUT 8 "out";
v000002c7e21fa710_0 .net "a", 2 0, v000002c7e2244c80_0;  1 drivers
v000002c7e2213140_0 .net "enable", 0 0, v000002c7e2244d20_0;  1 drivers
v000002c7e2244be0_0 .var "out", 7 0;
E_000002c7e2236d60 .event anyedge, v000002c7e2213140_0, v000002c7e21fa710_0;
    .scope S_000002c7e21fd4b0;
T_0 ;
    %wait E_000002c7e2236d60;
    %load/vec4 v000002c7e2213140_0;
    %nor/r;
    %flag_set/vec4 8;
    %jmp/0xz  T_0.0, 8;
    %pushi/vec4 0, 0, 8;
    %store/vec4 v000002c7e2244be0_0, 0, 8;
    %jmp T_0.1;
T_0.0 ;
    %load/vec4 v000002c7e21fa710_0;
    %dup/vec4;
    %pushi/vec4 0, 0, 3;
    %cmp/u;
    %jmp/1 T_0.2, 6;
    %dup/vec4;
    %pushi/vec4 1, 0, 3;
    %cmp/u;
    %jmp/1 T_0.3, 6;
    %dup/vec4;
    %pushi/vec4 2, 0, 3;
    %cmp/u;
    %jmp/1 T_0.4, 6;
    %dup/vec4;
    %pushi/vec4 3, 0, 3;
    %cmp/u;
    %jmp/1 T_0.5, 6;
    %dup/vec4;
    %pushi/vec4 4, 0, 3;
    %cmp/u;
    %jmp/1 T_0.6, 6;
    %dup/vec4;
    %pushi/vec4 5, 0, 3;
    %cmp/u;
    %jmp/1 T_0.7, 6;
    %dup/vec4;
    %pushi/vec4 6, 0, 3;
    %cmp/u;
    %jmp/1 T_0.8, 6;
    %dup/vec4;
    %pushi/vec4 7, 0, 3;
    %cmp/u;
    %jmp/1 T_0.9, 6;
    %jmp T_0.10;
T_0.2 ;
    %pushi/vec4 1, 0, 8;
    %store/vec4 v000002c7e2244be0_0, 0, 8;
    %jmp T_0.10;
T_0.3 ;
    %pushi/vec4 2, 0, 8;
    %store/vec4 v000002c7e2244be0_0, 0, 8;
    %jmp T_0.10;
T_0.4 ;
    %pushi/vec4 4, 0, 8;
    %store/vec4 v000002c7e2244be0_0, 0, 8;
    %jmp T_0.10;
T_0.5 ;
    %pushi/vec4 8, 0, 8;
    %store/vec4 v000002c7e2244be0_0, 0, 8;
    %jmp T_0.10;
T_0.6 ;
    %pushi/vec4 16, 0, 8;
    %store/vec4 v000002c7e2244be0_0, 0, 8;
    %jmp T_0.10;
T_0.7 ;
    %pushi/vec4 32, 0, 8;
    %store/vec4 v000002c7e2244be0_0, 0, 8;
    %jmp T_0.10;
T_0.8 ;
    %pushi/vec4 64, 0, 8;
    %store/vec4 v000002c7e2244be0_0, 0, 8;
    %jmp T_0.10;
T_0.9 ;
    %pushi/vec4 128, 0, 8;
    %store/vec4 v000002c7e2244be0_0, 0, 8;
    %jmp T_0.10;
T_0.10 ;
    %pop/vec4 1;
T_0.1 ;
    %jmp T_0;
    .thread T_0, $push;
    .scope S_000002c7e21fd320;
T_1 ;
    %vpi_call 2 14 "$dumpfile", "encoder.vcd" {0 0 0};
    %vpi_call 2 15 "$dumpvars", 32'sb00000000000000000000000000000000, S_000002c7e21fd320 {0 0 0};
    %vpi_call 2 17 "$monitor", "Time: %0t || a: %b || enable: %b || out: %b", $time, v000002c7e2244c80_0, v000002c7e2244d20_0, v000002c7e2244dc0_0 {0 0 0};
    %delay 5, 0;
    %pushi/vec4 0, 0, 3;
    %store/vec4 v000002c7e2244c80_0, 0, 3;
    %pushi/vec4 0, 0, 1;
    %store/vec4 v000002c7e2244d20_0, 0, 1;
    %delay 5, 0;
    %pushi/vec4 2, 0, 3;
    %store/vec4 v000002c7e2244c80_0, 0, 3;
    %pushi/vec4 1, 0, 1;
    %store/vec4 v000002c7e2244d20_0, 0, 1;
    %delay 5, 0;
    %pushi/vec4 6, 0, 3;
    %store/vec4 v000002c7e2244c80_0, 0, 3;
    %pushi/vec4 1, 0, 1;
    %store/vec4 v000002c7e2244d20_0, 0, 1;
    %delay 5, 0;
    %pushi/vec4 3, 0, 3;
    %store/vec4 v000002c7e2244c80_0, 0, 3;
    %pushi/vec4 1, 0, 1;
    %store/vec4 v000002c7e2244d20_0, 0, 1;
    %delay 5, 0;
    %pushi/vec4 5, 0, 3;
    %store/vec4 v000002c7e2244c80_0, 0, 3;
    %pushi/vec4 1, 0, 1;
    %store/vec4 v000002c7e2244d20_0, 0, 1;
    %delay 10, 0;
    %vpi_call 2 25 "$finish" {0 0 0};
    %end;
    .thread T_1;
# The file index is used to find the file name in the following table.
:file_names 4;
    "N/A";
    "<interactive>";
    "encoder_tb.v";
    "./encoder.v";
