#! /c/Source/iverilog-install/bin/vvp
:ivl_version "12.0 (devel)" "(s20150603-1539-g2693dd32b)";
:ivl_delay_selection "TYPICAL";
:vpi_time_precision - 9;
:vpi_module "C:\iverilog\lib\ivl\system.vpi";
:vpi_module "C:\iverilog\lib\ivl\vhdl_sys.vpi";
:vpi_module "C:\iverilog\lib\ivl\vhdl_textio.vpi";
:vpi_module "C:\iverilog\lib\ivl\v2005_math.vpi";
:vpi_module "C:\iverilog\lib\ivl\va_math.vpi";
S_000002198717b3d0 .scope module, "decoder_tb" "decoder_tb" 2 4;
 .timescale -9 -9;
v000002198717d370_0 .var "enable", 0 0;
v000002198717d410_0 .net "out", 7 0, v0000021987003120_0;  1 drivers
v000002198717d4b0_0 .var "sel", 2 0;
S_000002198717d140 .scope module, "uut" "decoder" 2 10, 3 1 0, S_000002198717b3d0;
 .timescale -9 -9;
    .port_info 0 /OUTPUT 8 "out";
    .port_info 1 /INPUT 3 "sel";
    .port_info 2 /INPUT 1 "enable";
v000002198717bd30_0 .net "enable", 0 0, v000002198717d370_0;  1 drivers
v0000021987003120_0 .var "out", 7 0;
v000002198717d2d0_0 .net "sel", 2 0, v000002198717d4b0_0;  1 drivers
E_000002198703a3f0 .event anyedge, v000002198717bd30_0, v000002198717d2d0_0;
    .scope S_000002198717d140;
T_0 ;
    %wait E_000002198703a3f0;
    %load/vec4 v000002198717bd30_0;
    %nor/r;
    %flag_set/vec4 8;
    %jmp/0xz  T_0.0, 8;
    %pushi/vec4 0, 0, 8;
    %store/vec4 v0000021987003120_0, 0, 8;
    %jmp T_0.1;
T_0.0 ;
    %load/vec4 v000002198717d2d0_0;
    %dup/vec4;
    %pushi/vec4 0, 0, 3;
    %cmp/u;
    %jmp/1 T_0.2, 6;
    %dup/vec4;
    %pushi/vec4 1, 0, 3;
    %cmp/u;
    %jmp/1 T_0.3, 6;
    %dup/vec4;
    %pushi/vec4 2, 0, 3;
    %cmp/u;
    %jmp/1 T_0.4, 6;
    %dup/vec4;
    %pushi/vec4 3, 0, 3;
    %cmp/u;
    %jmp/1 T_0.5, 6;
    %dup/vec4;
    %pushi/vec4 4, 0, 3;
    %cmp/u;
    %jmp/1 T_0.6, 6;
    %dup/vec4;
    %pushi/vec4 5, 0, 3;
    %cmp/u;
    %jmp/1 T_0.7, 6;
    %dup/vec4;
    %pushi/vec4 6, 0, 3;
    %cmp/u;
    %jmp/1 T_0.8, 6;
    %dup/vec4;
    %pushi/vec4 7, 0, 3;
    %cmp/u;
    %jmp/1 T_0.9, 6;
    %pushi/vec4 0, 0, 8;
    %store/vec4 v0000021987003120_0, 0, 8;
    %jmp T_0.11;
T_0.2 ;
    %pushi/vec4 1, 0, 8;
    %store/vec4 v0000021987003120_0, 0, 8;
    %jmp T_0.11;
T_0.3 ;
    %pushi/vec4 2, 0, 8;
    %store/vec4 v0000021987003120_0, 0, 8;
    %jmp T_0.11;
T_0.4 ;
    %pushi/vec4 4, 0, 8;
    %store/vec4 v0000021987003120_0, 0, 8;
    %jmp T_0.11;
T_0.5 ;
    %pushi/vec4 8, 0, 8;
    %store/vec4 v0000021987003120_0, 0, 8;
    %jmp T_0.11;
T_0.6 ;
    %pushi/vec4 16, 0, 8;
    %store/vec4 v0000021987003120_0, 0, 8;
    %jmp T_0.11;
T_0.7 ;
    %pushi/vec4 32, 0, 8;
    %store/vec4 v0000021987003120_0, 0, 8;
    %jmp T_0.11;
T_0.8 ;
    %pushi/vec4 64, 0, 8;
    %store/vec4 v0000021987003120_0, 0, 8;
    %jmp T_0.11;
T_0.9 ;
    %pushi/vec4 128, 0, 8;
    %store/vec4 v0000021987003120_0, 0, 8;
    %jmp T_0.11;
T_0.11 ;
    %pop/vec4 1;
T_0.1 ;
    %jmp T_0;
    .thread T_0, $push;
    .scope S_000002198717b3d0;
T_1 ;
    %vpi_call 2 14 "$monitor", "Time = %0t || sel = %b || enable = %b || out = %b", $time, v000002198717d4b0_0, v000002198717d370_0, v000002198717d410_0 {0 0 0};
    %pushi/vec4 1, 0, 1;
    %store/vec4 v000002198717d370_0, 0, 1;
    %delay 5, 0;
    %pushi/vec4 0, 0, 3;
    %store/vec4 v000002198717d4b0_0, 0, 3;
    %delay 5, 0;
    %pushi/vec4 1, 0, 3;
    %store/vec4 v000002198717d4b0_0, 0, 3;
    %delay 5, 0;
    %pushi/vec4 2, 0, 3;
    %store/vec4 v000002198717d4b0_0, 0, 3;
    %delay 5, 0;
    %pushi/vec4 3, 0, 3;
    %store/vec4 v000002198717d4b0_0, 0, 3;
    %delay 5, 0;
    %pushi/vec4 4, 0, 3;
    %store/vec4 v000002198717d4b0_0, 0, 3;
    %delay 5, 0;
    %pushi/vec4 5, 0, 3;
    %store/vec4 v000002198717d4b0_0, 0, 3;
    %delay 5, 0;
    %pushi/vec4 6, 0, 3;
    %store/vec4 v000002198717d4b0_0, 0, 3;
    %delay 5, 0;
    %pushi/vec4 7, 0, 3;
    %store/vec4 v000002198717d4b0_0, 0, 3;
    %delay 5, 0;
    %vpi_call 2 27 "$display", "The program is successfully completed" {0 0 0};
    %delay 5, 0;
    %vpi_call 2 28 "$finish" {0 0 0};
    %end;
    .thread T_1;
    .scope S_000002198717b3d0;
T_2 ;
    %vpi_call 2 32 "$dumpfile", "decoder_tb.vcd" {0 0 0};
    %vpi_call 2 33 "$dumpvars", 32'sb00000000000000000000000000000000, S_000002198717b3d0 {0 0 0};
    %end;
    .thread T_2;
# The file index is used to find the file name in the following table.
:file_names 4;
    "N/A";
    "<interactive>";
    "decoder_tb.v";
    "./decoder.v";
