#! /c/Source/iverilog-install/bin/vvp
:ivl_version "12.0 (devel)" "(s20150603-1539-g2693dd32b)";
:ivl_delay_selection "TYPICAL";
:vpi_time_precision + 0;
:vpi_module "C:\iverilog\lib\ivl\system.vpi";
:vpi_module "C:\iverilog\lib\ivl\vhdl_sys.vpi";
:vpi_module "C:\iverilog\lib\ivl\vhdl_textio.vpi";
:vpi_module "C:\iverilog\lib\ivl\v2005_math.vpi";
:vpi_module "C:\iverilog\lib\ivl\va_math.vpi";
S_000001d61e9f5e80 .scope module, "carry_save_adder" "carry_save_adder" 2 3;
 .timescale 0 0;
    .port_info 0 /INPUT 4 "A";
    .port_info 1 /INPUT 4 "B";
    .port_info 2 /INPUT 4 "C";
    .port_info 3 /OUTPUT 5 "final_sum";
o000001d61e9fbb38 .functor BUFZ 4, C4<zzzz>; HiZ drive
v000001d61e9f2640_0 .net "A", 3 0, o000001d61e9fbb38;  0 drivers
o000001d61e9fbb68 .functor BUFZ 4, C4<zzzz>; HiZ drive
v000001d61e9f26e0_0 .net "B", 3 0, o000001d61e9fbb68;  0 drivers
o000001d61e9fbb98 .functor BUFZ 4, C4<zzzz>; HiZ drive
v000001d61e9ece50_0 .net "C", 3 0, o000001d61e9fbb98;  0 drivers
v000001d61e9ed490_0 .net "COUT", 3 0, L_000001d61ea4fde0;  1 drivers
v000001d61e9ecd10_0 .net "SUM", 3 0, L_000001d61ea50ce0;  1 drivers
L_000001d61ea53e28 .functor BUFT 1, C4<0>, C4<0>, C4<0>, C4<0>;
v000001d61e9ecf90_0 .net/2u *"_ivl_42", 0 0, L_000001d61ea53e28;  1 drivers
v000001d61ea50100_0 .net *"_ivl_44", 4 0, L_000001d61ea50880;  1 drivers
v000001d61ea4f980_0 .net *"_ivl_46", 4 0, L_000001d61ea4ee40;  1 drivers
L_000001d61ea53e70 .functor BUFT 1, C4<0>, C4<0>, C4<0>, C4<0>;
v000001d61ea50240_0 .net *"_ivl_49", 0 0, L_000001d61ea53e70;  1 drivers
v000001d61ea4f200_0 .net *"_ivl_50", 4 0, L_000001d61ea4f8e0;  1 drivers
v000001d61ea509c0_0 .net *"_ivl_52", 3 0, L_000001d61ea4f5c0;  1 drivers
L_000001d61ea53eb8 .functor BUFT 1, C4<0>, C4<0>, C4<0>, C4<0>;
v000001d61ea50380_0 .net *"_ivl_54", 0 0, L_000001d61ea53eb8;  1 drivers
v000001d61ea50b00_0 .net "final_sum", 4 0, L_000001d61ea50600;  1 drivers
L_000001d61ea50ba0 .part o000001d61e9fbb38, 0, 1;
L_000001d61ea4f480 .part o000001d61e9fbb68, 0, 1;
L_000001d61ea50740 .part o000001d61e9fbb98, 0, 1;
L_000001d61ea4f2a0 .part o000001d61e9fbb38, 1, 1;
L_000001d61ea4f7a0 .part o000001d61e9fbb68, 1, 1;
L_000001d61ea4ef80 .part o000001d61e9fbb98, 1, 1;
L_000001d61ea50a60 .part o000001d61e9fbb38, 2, 1;
L_000001d61ea50420 .part o000001d61e9fbb68, 2, 1;
L_000001d61ea50c40 .part o000001d61e9fbb98, 2, 1;
L_000001d61ea50560 .part o000001d61e9fbb38, 3, 1;
L_000001d61ea502e0 .part o000001d61e9fbb68, 3, 1;
L_000001d61ea504c0 .part o000001d61e9fbb98, 3, 1;
L_000001d61ea50ce0 .concat8 [ 1 1 1 1], L_000001d61e9fa490, L_000001d61e9fa6c0, L_000001d61e9fa180, L_000001d61e9fa420;
L_000001d61ea4fde0 .concat8 [ 1 1 1 1], L_000001d61e9fa880, L_000001d61e9fa570, L_000001d61e9face0, L_000001d61e9fa500;
L_000001d61ea50880 .concat [ 4 1 0 0], L_000001d61ea50ce0, L_000001d61ea53e28;
L_000001d61ea4ee40 .concat [ 4 1 0 0], L_000001d61ea4fde0, L_000001d61ea53e70;
L_000001d61ea4f5c0 .part L_000001d61ea4ee40, 0, 4;
L_000001d61ea4f8e0 .concat [ 1 4 0 0], L_000001d61ea53eb8, L_000001d61ea4f5c0;
L_000001d61ea50600 .arith/sum 5, L_000001d61ea50880, L_000001d61ea4f8e0;
S_000001d61e9f6010 .scope module, "F1" "full_adder" 2 9, 3 1 0, S_000001d61e9f5e80;
 .timescale 0 0;
    .port_info 0 /INPUT 1 "a";
    .port_info 1 /INPUT 1 "b";
    .port_info 2 /INPUT 1 "cin";
    .port_info 3 /OUTPUT 1 "sum";
    .port_info 4 /OUTPUT 1 "cout";
L_000001d61e9fac00 .functor XOR 1, L_000001d61ea50ba0, L_000001d61ea4f480, C4<0>, C4<0>;
L_000001d61e9fa490 .functor XOR 1, L_000001d61e9fac00, L_000001d61ea50740, C4<0>, C4<0>;
L_000001d61e9fab20 .functor AND 1, L_000001d61ea50ba0, L_000001d61ea4f480, C4<1>, C4<1>;
L_000001d61e9fa810 .functor AND 1, L_000001d61ea4f480, L_000001d61ea50740, C4<1>, C4<1>;
L_000001d61e9fa7a0 .functor OR 1, L_000001d61e9fab20, L_000001d61e9fa810, C4<0>, C4<0>;
L_000001d61e9fa5e0 .functor AND 1, L_000001d61ea50740, L_000001d61ea50ba0, C4<1>, C4<1>;
L_000001d61e9fa880 .functor OR 1, L_000001d61e9fa7a0, L_000001d61e9fa5e0, C4<0>, C4<0>;
v000001d61e9f1e20_0 .net *"_ivl_0", 0 0, L_000001d61e9fac00;  1 drivers
v000001d61e9f2960_0 .net *"_ivl_10", 0 0, L_000001d61e9fa5e0;  1 drivers
v000001d61e9f1ec0_0 .net *"_ivl_4", 0 0, L_000001d61e9fab20;  1 drivers
v000001d61e9f34a0_0 .net *"_ivl_6", 0 0, L_000001d61e9fa810;  1 drivers
v000001d61e9f3540_0 .net *"_ivl_8", 0 0, L_000001d61e9fa7a0;  1 drivers
v000001d61e9f30e0_0 .net "a", 0 0, L_000001d61ea50ba0;  1 drivers
v000001d61e9f3720_0 .net "b", 0 0, L_000001d61ea4f480;  1 drivers
v000001d61e9f3900_0 .net "cin", 0 0, L_000001d61ea50740;  1 drivers
v000001d61e9f2f00_0 .net "cout", 0 0, L_000001d61e9fa880;  1 drivers
v000001d61e9f3680_0 .net "sum", 0 0, L_000001d61e9fa490;  1 drivers
S_000001d61ea4e940 .scope module, "F2" "full_adder" 2 10, 3 1 0, S_000001d61e9f5e80;
 .timescale 0 0;
    .port_info 0 /INPUT 1 "a";
    .port_info 1 /INPUT 1 "b";
    .port_info 2 /INPUT 1 "cin";
    .port_info 3 /OUTPUT 1 "sum";
    .port_info 4 /OUTPUT 1 "cout";
L_000001d61e9fac70 .functor XOR 1, L_000001d61ea4f2a0, L_000001d61ea4f7a0, C4<0>, C4<0>;
L_000001d61e9fa6c0 .functor XOR 1, L_000001d61e9fac70, L_000001d61ea4ef80, C4<0>, C4<0>;
L_000001d61e9fa0a0 .functor AND 1, L_000001d61ea4f2a0, L_000001d61ea4f7a0, C4<1>, C4<1>;
L_000001d61e9fa650 .functor AND 1, L_000001d61ea4f7a0, L_000001d61ea4ef80, C4<1>, C4<1>;
L_000001d61e9fa110 .functor OR 1, L_000001d61e9fa0a0, L_000001d61e9fa650, C4<0>, C4<0>;
L_000001d61e9fab90 .functor AND 1, L_000001d61ea4ef80, L_000001d61ea4f2a0, C4<1>, C4<1>;
L_000001d61e9fa570 .functor OR 1, L_000001d61e9fa110, L_000001d61e9fab90, C4<0>, C4<0>;
v000001d61e9f2aa0_0 .net *"_ivl_0", 0 0, L_000001d61e9fac70;  1 drivers
v000001d61e9f3180_0 .net *"_ivl_10", 0 0, L_000001d61e9fab90;  1 drivers
v000001d61e9f2500_0 .net *"_ivl_4", 0 0, L_000001d61e9fa0a0;  1 drivers
v000001d61e9f3220_0 .net *"_ivl_6", 0 0, L_000001d61e9fa650;  1 drivers
v000001d61e9f35e0_0 .net *"_ivl_8", 0 0, L_000001d61e9fa110;  1 drivers
v000001d61e9f2be0_0 .net "a", 0 0, L_000001d61ea4f2a0;  1 drivers
v000001d61e9f37c0_0 .net "b", 0 0, L_000001d61ea4f7a0;  1 drivers
v000001d61e9f2c80_0 .net "cin", 0 0, L_000001d61ea4ef80;  1 drivers
v000001d61e9f1a60_0 .net "cout", 0 0, L_000001d61e9fa570;  1 drivers
v000001d61e9f32c0_0 .net "sum", 0 0, L_000001d61e9fa6c0;  1 drivers
S_000001d61ea4ead0 .scope module, "F3" "full_adder" 2 11, 3 1 0, S_000001d61e9f5e80;
 .timescale 0 0;
    .port_info 0 /INPUT 1 "a";
    .port_info 1 /INPUT 1 "b";
    .port_info 2 /INPUT 1 "cin";
    .port_info 3 /OUTPUT 1 "sum";
    .port_info 4 /OUTPUT 1 "cout";
L_000001d61e9fa730 .functor XOR 1, L_000001d61ea50a60, L_000001d61ea50420, C4<0>, C4<0>;
L_000001d61e9fa180 .functor XOR 1, L_000001d61e9fa730, L_000001d61ea50c40, C4<0>, C4<0>;
L_000001d61e9fa8f0 .functor AND 1, L_000001d61ea50a60, L_000001d61ea50420, C4<1>, C4<1>;
L_000001d61e9fa960 .functor AND 1, L_000001d61ea50420, L_000001d61ea50c40, C4<1>, C4<1>;
L_000001d61e9fa260 .functor OR 1, L_000001d61e9fa8f0, L_000001d61e9fa960, C4<0>, C4<0>;
L_000001d61e9fa9d0 .functor AND 1, L_000001d61ea50c40, L_000001d61ea50a60, C4<1>, C4<1>;
L_000001d61e9face0 .functor OR 1, L_000001d61e9fa260, L_000001d61e9fa9d0, C4<0>, C4<0>;
v000001d61e9f1b00_0 .net *"_ivl_0", 0 0, L_000001d61e9fa730;  1 drivers
v000001d61e9f3360_0 .net *"_ivl_10", 0 0, L_000001d61e9fa9d0;  1 drivers
v000001d61e9f1ba0_0 .net *"_ivl_4", 0 0, L_000001d61e9fa8f0;  1 drivers
v000001d61e9f2280_0 .net *"_ivl_6", 0 0, L_000001d61e9fa960;  1 drivers
v000001d61e9f2fa0_0 .net *"_ivl_8", 0 0, L_000001d61e9fa260;  1 drivers
v000001d61e9f1c40_0 .net "a", 0 0, L_000001d61ea50a60;  1 drivers
v000001d61e9f1ce0_0 .net "b", 0 0, L_000001d61ea50420;  1 drivers
v000001d61e9f3400_0 .net "cin", 0 0, L_000001d61ea50c40;  1 drivers
v000001d61e9f1d80_0 .net "cout", 0 0, L_000001d61e9face0;  1 drivers
v000001d61e9f2d20_0 .net "sum", 0 0, L_000001d61e9fa180;  1 drivers
S_000001d61ea4ec60 .scope module, "F4" "full_adder" 2 12, 3 1 0, S_000001d61e9f5e80;
 .timescale 0 0;
    .port_info 0 /INPUT 1 "a";
    .port_info 1 /INPUT 1 "b";
    .port_info 2 /INPUT 1 "cin";
    .port_info 3 /OUTPUT 1 "sum";
    .port_info 4 /OUTPUT 1 "cout";
L_000001d61e9fa2d0 .functor XOR 1, L_000001d61ea50560, L_000001d61ea502e0, C4<0>, C4<0>;
L_000001d61e9fa420 .functor XOR 1, L_000001d61e9fa2d0, L_000001d61ea504c0, C4<0>, C4<0>;
L_000001d61e9fad50 .functor AND 1, L_000001d61ea50560, L_000001d61ea502e0, C4<1>, C4<1>;
L_000001d61e9fae30 .functor AND 1, L_000001d61ea502e0, L_000001d61ea504c0, C4<1>, C4<1>;
L_000001d61e9fa340 .functor OR 1, L_000001d61e9fad50, L_000001d61e9fae30, C4<0>, C4<0>;
L_000001d61e9fa3b0 .functor AND 1, L_000001d61ea504c0, L_000001d61ea50560, C4<1>, C4<1>;
L_000001d61e9fa500 .functor OR 1, L_000001d61e9fa340, L_000001d61e9fa3b0, C4<0>, C4<0>;
v000001d61e9f2dc0_0 .net *"_ivl_0", 0 0, L_000001d61e9fa2d0;  1 drivers
v000001d61e9f1f60_0 .net *"_ivl_10", 0 0, L_000001d61e9fa3b0;  1 drivers
v000001d61e9f2000_0 .net *"_ivl_4", 0 0, L_000001d61e9fad50;  1 drivers
v000001d61e9f23c0_0 .net *"_ivl_6", 0 0, L_000001d61e9fae30;  1 drivers
v000001d61e9f3040_0 .net *"_ivl_8", 0 0, L_000001d61e9fa340;  1 drivers
v000001d61e9f20a0_0 .net "a", 0 0, L_000001d61ea50560;  1 drivers
v000001d61e9f25a0_0 .net "b", 0 0, L_000001d61ea502e0;  1 drivers
v000001d61e9f2140_0 .net "cin", 0 0, L_000001d61ea504c0;  1 drivers
v000001d61e9f2320_0 .net "cout", 0 0, L_000001d61e9fa500;  1 drivers
v000001d61e9f2460_0 .net "sum", 0 0, L_000001d61e9fa420;  1 drivers
# The file index is used to find the file name in the following table.
:file_names 4;
    "N/A";
    "<interactive>";
    "carry_save_adder.v";
    "./full_adder.v";
