#! /c/Source/iverilog-install/bin/vvp
:ivl_version "12.0 (devel)" "(s20150603-1539-g2693dd32b)";
:ivl_delay_selection "TYPICAL";
:vpi_time_precision - 9;
:vpi_module "C:\iverilog\lib\ivl\system.vpi";
:vpi_module "C:\iverilog\lib\ivl\vhdl_sys.vpi";
:vpi_module "C:\iverilog\lib\ivl\vhdl_textio.vpi";
:vpi_module "C:\iverilog\lib\ivl\v2005_math.vpi";
:vpi_module "C:\iverilog\lib\ivl\va_math.vpi";
S_00000272b100d590 .scope module, "barrel_shifter_tb" "barrel_shifter_tb" 2 4;
 .timescale -9 -9;
v00000272b100d950_0 .var "N", 1 0;
v00000272b100bce0_0 .var "a", 3 0;
v00000272b100bd80_0 .net "out", 3 0, v00000272b0f13140_0;  1 drivers
v00000272b100a6b0_0 .var "sel", 1 0;
S_00000272b100d720 .scope module, "uut" "barrel_shifter" 2 11, 3 1 0, S_00000272b100d590;
 .timescale -9 -9;
    .port_info 0 /INPUT 4 "a";
    .port_info 1 /INPUT 2 "sel";
    .port_info 2 /INPUT 2 "N";
    .port_info 3 /OUTPUT 4 "out";
v00000272b1009f10_0 .net "N", 1 0, v00000272b100d950_0;  1 drivers
v00000272b1009fb0_0 .net "a", 3 0, v00000272b100bce0_0;  1 drivers
v00000272b0f13140_0 .var "out", 3 0;
v00000272b100d8b0_0 .net "sel", 1 0, v00000272b100a6b0_0;  1 drivers
E_00000272b0f488c0 .event anyedge, v00000272b100d8b0_0, v00000272b1009fb0_0, v00000272b1009f10_0;
    .scope S_00000272b100d720;
T_0 ;
    %wait E_00000272b0f488c0;
    %load/vec4 v00000272b100d8b0_0;
    %dup/vec4;
    %pushi/vec4 0, 0, 2;
    %cmp/u;
    %jmp/1 T_0.0, 6;
    %dup/vec4;
    %pushi/vec4 1, 0, 2;
    %cmp/u;
    %jmp/1 T_0.1, 6;
    %dup/vec4;
    %pushi/vec4 2, 0, 2;
    %cmp/u;
    %jmp/1 T_0.2, 6;
    %dup/vec4;
    %pushi/vec4 3, 0, 2;
    %cmp/u;
    %jmp/1 T_0.3, 6;
    %jmp T_0.4;
T_0.0 ;
    %load/vec4 v00000272b1009fb0_0;
    %parti/s 1, 3, 3;
    %pad/u 4;
    %load/vec4 v00000272b1009fb0_0;
    %ix/getv 4, v00000272b1009f10_0;
    %shiftl 4;
    %or;
    %store/vec4 v00000272b0f13140_0, 0, 4;
    %jmp T_0.4;
T_0.1 ;
    %load/vec4 v00000272b1009fb0_0;
    %ix/getv 4, v00000272b1009f10_0;
    %shiftr 4;
    %load/vec4 v00000272b1009fb0_0;
    %parti/s 1, 0, 2;
    %pad/u 4;
    %ix/load 4, 3, 0;
    %flag_set/imm 4, 0;
    %shiftl 4;
    %or;
    %store/vec4 v00000272b0f13140_0, 0, 4;
    %jmp T_0.4;
T_0.2 ;
    %load/vec4 v00000272b1009fb0_0;
    %ix/getv 4, v00000272b1009f10_0;
    %shiftl 4;
    %store/vec4 v00000272b0f13140_0, 0, 4;
    %jmp T_0.4;
T_0.3 ;
    %load/vec4 v00000272b1009fb0_0;
    %ix/getv 4, v00000272b1009f10_0;
    %shiftr 4;
    %store/vec4 v00000272b0f13140_0, 0, 4;
    %jmp T_0.4;
T_0.4 ;
    %pop/vec4 1;
    %jmp T_0;
    .thread T_0, $push;
    .scope S_00000272b100d590;
T_1 ;
    %vpi_call 2 14 "$dumpfile", "barrel_shifter.vcd" {0 0 0};
    %vpi_call 2 15 "$dumpvars" {0 0 0};
    %vpi_call 2 17 "$monitor", "input: %04b || sel: %02b || output: %04b", v00000272b100bce0_0, v00000272b100a6b0_0, v00000272b100bd80_0 {0 0 0};
    %delay 2, 0;
    %pushi/vec4 11, 0, 4;
    %store/vec4 v00000272b100bce0_0, 0, 4;
    %pushi/vec4 0, 0, 2;
    %store/vec4 v00000272b100a6b0_0, 0, 2;
    %pushi/vec4 1, 0, 2;
    %store/vec4 v00000272b100d950_0, 0, 2;
    %delay 2, 0;
    %pushi/vec4 11, 0, 4;
    %store/vec4 v00000272b100bce0_0, 0, 4;
    %pushi/vec4 1, 0, 2;
    %store/vec4 v00000272b100a6b0_0, 0, 2;
    %pushi/vec4 1, 0, 2;
    %store/vec4 v00000272b100d950_0, 0, 2;
    %delay 2, 0;
    %pushi/vec4 11, 0, 4;
    %store/vec4 v00000272b100bce0_0, 0, 4;
    %pushi/vec4 2, 0, 2;
    %store/vec4 v00000272b100a6b0_0, 0, 2;
    %pushi/vec4 1, 0, 2;
    %store/vec4 v00000272b100d950_0, 0, 2;
    %delay 2, 0;
    %pushi/vec4 11, 0, 4;
    %store/vec4 v00000272b100bce0_0, 0, 4;
    %pushi/vec4 3, 0, 2;
    %store/vec4 v00000272b100a6b0_0, 0, 2;
    %pushi/vec4 1, 0, 2;
    %store/vec4 v00000272b100d950_0, 0, 2;
    %delay 2, 0;
    %vpi_call 2 24 "$finish" {0 0 0};
    %end;
    .thread T_1;
# The file index is used to find the file name in the following table.
:file_names 4;
    "N/A";
    "<interactive>";
    "barrel_shifter_tb.v";
    "./barrel_shifter.v";
