#! /c/Source/iverilog-install/bin/vvp
:ivl_version "12.0 (devel)" "(s20150603-1539-g2693dd32b)";
:ivl_delay_selection "TYPICAL";
:vpi_time_precision + 0;
:vpi_module "C:\iverilog\lib\ivl\system.vpi";
:vpi_module "C:\iverilog\lib\ivl\vhdl_sys.vpi";
:vpi_module "C:\iverilog\lib\ivl\vhdl_textio.vpi";
:vpi_module "C:\iverilog\lib\ivl\v2005_math.vpi";
:vpi_module "C:\iverilog\lib\ivl\va_math.vpi";
S_0000027d7d3b2df0 .scope module, "barrel_shifter" "barrel_shifter" 2 1;
 .timescale 0 0;
    .port_info 0 /INPUT 4 "a";
    .port_info 1 /INPUT 2 "sel";
    .port_info 2 /OUTPUT 4 "out";
o0000027d7d3e6f98 .functor BUFZ 4, C4<zzzz>; HiZ drive
v0000027d7d3b2f80_0 .net "a", 3 0, o0000027d7d3e6f98;  0 drivers
v0000027d7d3b3020_0 .var "out", 3 0;
o0000027d7d3e6ff8 .functor BUFZ 2, C4<zz>; HiZ drive
v0000027d7d3b30c0_0 .net "sel", 1 0, o0000027d7d3e6ff8;  0 drivers
E_0000027d7d39c9f0 .event anyedge, v0000027d7d3b30c0_0, v0000027d7d3b2f80_0;
    .scope S_0000027d7d3b2df0;
T_0 ;
    %wait E_0000027d7d39c9f0;
    %load/vec4 v0000027d7d3b30c0_0;
    %dup/vec4;
    %pushi/vec4 0, 0, 2;
    %cmp/u;
    %jmp/1 T_0.0, 6;
    %dup/vec4;
    %pushi/vec4 1, 0, 2;
    %cmp/u;
    %jmp/1 T_0.1, 6;
    %dup/vec4;
    %pushi/vec4 2, 0, 2;
    %cmp/u;
    %jmp/1 T_0.2, 6;
    %dup/vec4;
    %pushi/vec4 3, 0, 2;
    %cmp/u;
    %jmp/1 T_0.3, 6;
    %jmp T_0.4;
T_0.0 ;
    %load/vec4 v0000027d7d3b2f80_0;
    %parti/s 1, 3, 3;
    %pad/u 4;
    %load/vec4 v0000027d7d3b2f80_0;
    %ix/load 4, 1, 0;
    %flag_set/imm 4, 0;
    %shiftl 4;
    %or;
    %store/vec4 v0000027d7d3b3020_0, 0, 4;
    %jmp T_0.4;
T_0.1 ;
    %load/vec4 v0000027d7d3b2f80_0;
    %parti/s 1, 3, 3;
    %pad/u 4;
    %load/vec4 v0000027d7d3b2f80_0;
    %ix/load 4, 1, 0;
    %flag_set/imm 4, 0;
    %shiftr 4;
    %or;
    %store/vec4 v0000027d7d3b3020_0, 0, 4;
    %jmp T_0.4;
T_0.2 ;
    %load/vec4 v0000027d7d3b2f80_0;
    %ix/load 4, 1, 0;
    %flag_set/imm 4, 0;
    %shiftl 4;
    %store/vec4 v0000027d7d3b3020_0, 0, 4;
    %jmp T_0.4;
T_0.3 ;
    %load/vec4 v0000027d7d3b2f80_0;
    %ix/load 4, 1, 0;
    %flag_set/imm 4, 0;
    %shiftr 4;
    %store/vec4 v0000027d7d3b3020_0, 0, 4;
    %jmp T_0.4;
T_0.4 ;
    %pop/vec4 1;
    %jmp T_0;
    .thread T_0, $push;
# The file index is used to find the file name in the following table.
:file_names 3;
    "N/A";
    "<interactive>";
    "barrel_shifter.v";
