#! /c/Source/iverilog-install/bin/vvp
:ivl_version "12.0 (devel)" "(s20150603-1539-g2693dd32b)";
:ivl_delay_selection "TYPICAL";
:vpi_time_precision + 0;
:vpi_module "C:\iverilog\lib\ivl\system.vpi";
:vpi_module "C:\iverilog\lib\ivl\vhdl_sys.vpi";
:vpi_module "C:\iverilog\lib\ivl\vhdl_textio.vpi";
:vpi_module "C:\iverilog\lib\ivl\v2005_math.vpi";
:vpi_module "C:\iverilog\lib\ivl\va_math.vpi";
S_000001af44482df0 .scope module, "sr_ff" "sr_ff" 2 1;
 .timescale 0 0;
    .port_info 0 /INPUT 1 "s";
    .port_info 1 /INPUT 1 "r";
    .port_info 2 /INPUT 1 "clk";
    .port_info 3 /INPUT 1 "rst";
    .port_info 4 /OUTPUT 1 "q";
o000001af444b6fd8 .functor BUFZ 1, C4<z>; HiZ drive
v000001af44482f80_0 .net "clk", 0 0, o000001af444b6fd8;  0 drivers
v000001af44483020_0 .var "q", 0 0;
o000001af444b7038 .functor BUFZ 1, C4<z>; HiZ drive
v000001af444830c0_0 .net "r", 0 0, o000001af444b7038;  0 drivers
o000001af444b7068 .functor BUFZ 1, C4<z>; HiZ drive
v000001af444fbc40_0 .net "rst", 0 0, o000001af444b7068;  0 drivers
o000001af444b7098 .functor BUFZ 1, C4<z>; HiZ drive
v000001af444fbce0_0 .net "s", 0 0, o000001af444b7098;  0 drivers
E_000001af44469340 .event posedge, v000001af444fbc40_0, v000001af44482f80_0;
    .scope S_000001af44482df0;
T_0 ;
    %wait E_000001af44469340;
    %load/vec4 v000001af444fbc40_0;
    %flag_set/vec4 8;
    %jmp/0xz  T_0.0, 8;
    %pushi/vec4 0, 0, 1;
    %assign/vec4 v000001af44483020_0, 0;
    %jmp T_0.1;
T_0.0 ;
    %load/vec4 v000001af444fbce0_0;
    %load/vec4 v000001af444830c0_0;
    %concat/vec4; draw_concat_vec4
    %dup/vec4;
    %pushi/vec4 0, 0, 2;
    %cmp/x;
    %jmp/1 T_0.2, 4;
    %dup/vec4;
    %pushi/vec4 1, 0, 2;
    %cmp/x;
    %jmp/1 T_0.3, 4;
    %dup/vec4;
    %pushi/vec4 2, 0, 2;
    %cmp/x;
    %jmp/1 T_0.4, 4;
    %dup/vec4;
    %pushi/vec4 3, 0, 2;
    %cmp/x;
    %jmp/1 T_0.5, 4;
    %jmp T_0.6;
T_0.2 ;
    %load/vec4 v000001af44483020_0;
    %assign/vec4 v000001af44483020_0, 0;
    %jmp T_0.6;
T_0.3 ;
    %pushi/vec4 0, 0, 1;
    %assign/vec4 v000001af44483020_0, 0;
    %jmp T_0.6;
T_0.4 ;
    %pushi/vec4 1, 0, 1;
    %assign/vec4 v000001af44483020_0, 0;
    %jmp T_0.6;
T_0.5 ;
    %pushi/vec4 1, 1, 1;
    %assign/vec4 v000001af44483020_0, 0;
    %jmp T_0.6;
T_0.6 ;
    %pop/vec4 1;
T_0.1 ;
    %jmp T_0;
    .thread T_0;
# The file index is used to find the file name in the following table.
:file_names 3;
    "N/A";
    "<interactive>";
    "sr_ff.v";
