#! /c/Source/iverilog-install/bin/vvp
:ivl_version "12.0 (devel)" "(s20150603-1539-g2693dd32b)";
:ivl_delay_selection "TYPICAL";
:vpi_time_precision + 0;
:vpi_module "C:\iverilog\lib\ivl\system.vpi";
:vpi_module "C:\iverilog\lib\ivl\vhdl_sys.vpi";
:vpi_module "C:\iverilog\lib\ivl\vhdl_textio.vpi";
:vpi_module "C:\iverilog\lib\ivl\v2005_math.vpi";
:vpi_module "C:\iverilog\lib\ivl\va_math.vpi";
S_0000022c68402ce0 .scope module, "FSM" "FSM" 2 1;
 .timescale 0 0;
    .port_info 0 /INPUT 1 "clk";
    .port_info 1 /OUTPUT 3 "light";
P_0000022c683eee70 .param/l "GREEN" 0 2 5, C4<010>;
P_0000022c683eeea8 .param/l "RED" 0 2 5, C4<000>;
P_0000022c683eeee0 .param/l "S0" 0 2 6, +C4<00000000000000000000000000000000>;
P_0000022c683eef18 .param/l "S1" 0 2 6, +C4<00000000000000000000000000000001>;
P_0000022c683eef50 .param/l "S2" 0 2 6, +C4<00000000000000000000000000000010>;
P_0000022c683eef88 .param/l "YELLOW" 0 2 5, C4<001>;
o0000022c68436fd8 .functor BUFZ 1, C4<z>; HiZ drive
v0000022c68402e70_0 .net "clk", 0 0, o0000022c68436fd8;  0 drivers
v0000022c68402f10_0 .var "light", 0 2;
v0000022c68402fb0_0 .var "state", 1 0;
E_0000022c683ec0c0 .event posedge, v0000022c68402e70_0;
    .scope S_0000022c68402ce0;
T_0 ;
    %wait E_0000022c683ec0c0;
    %load/vec4 v0000022c68402fb0_0;
    %dup/vec4;
    %pushi/vec4 0, 0, 2;
    %cmp/u;
    %jmp/1 T_0.0, 6;
    %dup/vec4;
    %pushi/vec4 1, 0, 2;
    %cmp/u;
    %jmp/1 T_0.1, 6;
    %dup/vec4;
    %pushi/vec4 1, 0, 2;
    %cmp/u;
    %jmp/1 T_0.2, 6;
    %pushi/vec4 0, 0, 3;
    %assign/vec4 v0000022c68402f10_0, 0;
    %pushi/vec4 0, 0, 2;
    %assign/vec4 v0000022c68402fb0_0, 0;
    %jmp T_0.4;
T_0.0 ;
    %pushi/vec4 2, 0, 3;
    %assign/vec4 v0000022c68402f10_0, 0;
    %pushi/vec4 1, 0, 2;
    %assign/vec4 v0000022c68402fb0_0, 0;
    %jmp T_0.4;
T_0.1 ;
    %pushi/vec4 1, 0, 3;
    %assign/vec4 v0000022c68402f10_0, 0;
    %pushi/vec4 2, 0, 2;
    %assign/vec4 v0000022c68402fb0_0, 0;
    %jmp T_0.4;
T_0.2 ;
    %pushi/vec4 0, 0, 3;
    %assign/vec4 v0000022c68402f10_0, 0;
    %pushi/vec4 0, 0, 2;
    %assign/vec4 v0000022c68402fb0_0, 0;
    %jmp T_0.4;
T_0.4 ;
    %pop/vec4 1;
    %jmp T_0;
    .thread T_0;
# The file index is used to find the file name in the following table.
:file_names 3;
    "N/A";
    "<interactive>";
    "FSM.v";
