#! /c/Source/iverilog-install/bin/vvp
:ivl_version "12.0 (devel)" "(s20150603-1539-g2693dd32b)";
:ivl_delay_selection "TYPICAL";
:vpi_time_precision - 12;
:vpi_module "C:\iverilog\lib\ivl\system.vpi";
:vpi_module "C:\iverilog\lib\ivl\vhdl_sys.vpi";
:vpi_module "C:\iverilog\lib\ivl\vhdl_textio.vpi";
:vpi_module "C:\iverilog\lib\ivl\v2005_math.vpi";
:vpi_module "C:\iverilog\lib\ivl\va_math.vpi";
S_00000290a668bb70 .scope module, "FSM_tb" "FSM_tb" 2 4;
 .timescale -12 -12;
v00000290a668e2d0_0 .var "clk", 0 0;
v00000290a668e370_0 .net "light", 2 0, v00000290a66a3120_0;  1 drivers
S_00000290a668e0a0 .scope module, "uut" "FSM" 2 9, 3 1 0, S_00000290a668bb70;
 .timescale -12 -12;
    .port_info 0 /INPUT 1 "clk";
    .port_info 1 /OUTPUT 3 "light";
P_00000290a668bd00 .param/l "GREEN" 0 3 5, C4<010>;
P_00000290a668bd38 .param/l "RED" 0 3 5, C4<000>;
P_00000290a668bd70 .param/l "S0" 0 3 6, +C4<00000000000000000000000000000000>;
P_00000290a668bda8 .param/l "S1" 0 3 6, +C4<00000000000000000000000000000001>;
P_00000290a668bde0 .param/l "S2" 0 3 6, +C4<00000000000000000000000000000010>;
P_00000290a668be18 .param/l "YELLOW" 0 3 5, C4<001>;
v00000290a668b850_0 .net "clk", 0 0, v00000290a668e2d0_0;  1 drivers
v00000290a66a3120_0 .var "light", 0 2;
v00000290a668e230_0 .var "state", 1 0;
E_00000290a668c3b0 .event posedge, v00000290a668b850_0;
    .scope S_00000290a668e0a0;
T_0 ;
    %wait E_00000290a668c3b0;
    %load/vec4 v00000290a668e230_0;
    %dup/vec4;
    %pushi/vec4 0, 0, 2;
    %cmp/u;
    %jmp/1 T_0.0, 6;
    %dup/vec4;
    %pushi/vec4 1, 0, 2;
    %cmp/u;
    %jmp/1 T_0.1, 6;
    %dup/vec4;
    %pushi/vec4 1, 0, 2;
    %cmp/u;
    %jmp/1 T_0.2, 6;
    %pushi/vec4 0, 0, 3;
    %assign/vec4 v00000290a66a3120_0, 0;
    %pushi/vec4 0, 0, 2;
    %assign/vec4 v00000290a668e230_0, 0;
    %jmp T_0.4;
T_0.0 ;
    %pushi/vec4 2, 0, 3;
    %assign/vec4 v00000290a66a3120_0, 0;
    %pushi/vec4 1, 0, 2;
    %assign/vec4 v00000290a668e230_0, 0;
    %jmp T_0.4;
T_0.1 ;
    %pushi/vec4 1, 0, 3;
    %assign/vec4 v00000290a66a3120_0, 0;
    %pushi/vec4 2, 0, 2;
    %assign/vec4 v00000290a668e230_0, 0;
    %jmp T_0.4;
T_0.2 ;
    %pushi/vec4 0, 0, 3;
    %assign/vec4 v00000290a66a3120_0, 0;
    %pushi/vec4 0, 0, 2;
    %assign/vec4 v00000290a668e230_0, 0;
    %jmp T_0.4;
T_0.4 ;
    %pop/vec4 1;
    %jmp T_0;
    .thread T_0;
    .scope S_00000290a668bb70;
T_1 ;
    %delay 5, 0;
    %load/vec4 v00000290a668e2d0_0;
    %inv;
    %store/vec4 v00000290a668e2d0_0, 0, 1;
    %jmp T_1;
    .thread T_1;
    .scope S_00000290a668bb70;
T_2 ;
    %pushi/vec4 0, 0, 1;
    %store/vec4 v00000290a668e2d0_0, 0, 1;
    %delay 100, 0;
    %vpi_call 2 15 "$finish" {0 0 0};
    %end;
    .thread T_2;
    .scope S_00000290a668bb70;
T_3 ;
    %vpi_call 2 19 "$monitor", "Time: %t | RGY: %b", $time, v00000290a668e370_0 {0 0 0};
    %end;
    .thread T_3;
# The file index is used to find the file name in the following table.
:file_names 4;
    "N/A";
    "<interactive>";
    "FSM_tb.v";
    "./FSM.v";
