#! /c/Source/iverilog-install/bin/vvp
:ivl_version "12.0 (devel)" "(s20150603-1539-g2693dd32b)";
:ivl_delay_selection "TYPICAL";
:vpi_time_precision + 0;
:vpi_module "C:\iverilog\lib\ivl\system.vpi";
:vpi_module "C:\iverilog\lib\ivl\vhdl_sys.vpi";
:vpi_module "C:\iverilog\lib\ivl\vhdl_textio.vpi";
:vpi_module "C:\iverilog\lib\ivl\v2005_math.vpi";
:vpi_module "C:\iverilog\lib\ivl\va_math.vpi";
S_00000151b2a3ee40 .scope module, "jk_ff" "jk_ff" 2 1;
 .timescale 0 0;
    .port_info 0 /INPUT 1 "j";
    .port_info 1 /INPUT 1 "k";
    .port_info 2 /INPUT 1 "clk";
    .port_info 3 /INPUT 1 "rst";
    .port_info 4 /OUTPUT 1 "q";
o00000151b2ac6f98 .functor BUFZ 1, C4<z>; HiZ drive
v00000151b2a92ce0_0 .net "clk", 0 0, o00000151b2ac6f98;  0 drivers
o00000151b2ac6fc8 .functor BUFZ 1, C4<z>; HiZ drive
v00000151b2a92d80_0 .net "j", 0 0, o00000151b2ac6fc8;  0 drivers
o00000151b2ac6ff8 .functor BUFZ 1, C4<z>; HiZ drive
v00000151b2a92e20_0 .net "k", 0 0, o00000151b2ac6ff8;  0 drivers
v00000151b2a92ec0_0 .var "q", 0 0;
o00000151b2ac7058 .functor BUFZ 1, C4<z>; HiZ drive
v00000151b2a92f60_0 .net "rst", 0 0, o00000151b2ac7058;  0 drivers
E_00000151b2a3c270 .event posedge, v00000151b2a92f60_0, v00000151b2a92ce0_0;
    .scope S_00000151b2a3ee40;
T_0 ;
    %pushi/vec4 0, 0, 1;
    %store/vec4 v00000151b2a92ec0_0, 0, 1;
    %end;
    .thread T_0;
    .scope S_00000151b2a3ee40;
T_1 ;
    %wait E_00000151b2a3c270;
    %load/vec4 v00000151b2a92f60_0;
    %flag_set/vec4 8;
    %jmp/0xz  T_1.0, 8;
    %pushi/vec4 0, 0, 1;
    %assign/vec4 v00000151b2a92ec0_0, 0;
    %jmp T_1.1;
T_1.0 ;
    %load/vec4 v00000151b2a92d80_0;
    %load/vec4 v00000151b2a92e20_0;
    %concat/vec4; draw_concat_vec4
    %dup/vec4;
    %pushi/vec4 0, 0, 2;
    %cmp/u;
    %jmp/1 T_1.2, 6;
    %dup/vec4;
    %pushi/vec4 1, 0, 2;
    %cmp/u;
    %jmp/1 T_1.3, 6;
    %dup/vec4;
    %pushi/vec4 2, 0, 2;
    %cmp/u;
    %jmp/1 T_1.4, 6;
    %dup/vec4;
    %pushi/vec4 3, 0, 2;
    %cmp/u;
    %jmp/1 T_1.5, 6;
    %pushi/vec4 0, 0, 1;
    %assign/vec4 v00000151b2a92ec0_0, 0;
    %jmp T_1.7;
T_1.2 ;
    %load/vec4 v00000151b2a92ec0_0;
    %assign/vec4 v00000151b2a92ec0_0, 0;
    %jmp T_1.7;
T_1.3 ;
    %pushi/vec4 0, 0, 1;
    %assign/vec4 v00000151b2a92ec0_0, 0;
    %jmp T_1.7;
T_1.4 ;
    %pushi/vec4 1, 0, 1;
    %assign/vec4 v00000151b2a92ec0_0, 0;
    %jmp T_1.7;
T_1.5 ;
    %load/vec4 v00000151b2a92ec0_0;
    %inv;
    %assign/vec4 v00000151b2a92ec0_0, 0;
    %jmp T_1.7;
T_1.7 ;
    %pop/vec4 1;
T_1.1 ;
    %jmp T_1;
    .thread T_1;
# The file index is used to find the file name in the following table.
:file_names 3;
    "N/A";
    "<interactive>";
    "jk_ff.v";
