#! /c/Source/iverilog-install/bin/vvp
:ivl_version "12.0 (devel)" "(s20150603-1539-g2693dd32b)";
:ivl_delay_selection "TYPICAL";
:vpi_time_precision - 9;
:vpi_module "C:\iverilog\lib\ivl\system.vpi";
:vpi_module "C:\iverilog\lib\ivl\vhdl_sys.vpi";
:vpi_module "C:\iverilog\lib\ivl\vhdl_textio.vpi";
:vpi_module "C:\iverilog\lib\ivl\v2005_math.vpi";
:vpi_module "C:\iverilog\lib\ivl\va_math.vpi";
S_000001e2db91ba20 .scope module, "jk_ff_tb" "jk_ff_tb" 2 4;
 .timescale -9 -9;
v000001e2db812f00_0 .var "clk", 0 0;
v000001e2db812fa0_0 .var "j", 0 0;
v000001e2db813040_0 .var "k", 0 0;
v000001e2db8130e0_0 .net "q", 0 0, v000001e2db812dc0_0;  1 drivers
v000001e2db844900_0 .var "rst", 0 0;
S_000001e2db91bbb0 .scope module, "uut" "jk_ff" 2 9, 3 1 0, S_000001e2db91ba20;
 .timescale -9 -9;
    .port_info 0 /INPUT 1 "j";
    .port_info 1 /INPUT 1 "k";
    .port_info 2 /INPUT 1 "clk";
    .port_info 3 /INPUT 1 "rst";
    .port_info 4 /OUTPUT 1 "q";
v000001e2db91bd40_0 .net "clk", 0 0, v000001e2db812f00_0;  1 drivers
v000001e2db890ef0_0 .net "j", 0 0, v000001e2db812fa0_0;  1 drivers
v000001e2db812d20_0 .net "k", 0 0, v000001e2db813040_0;  1 drivers
v000001e2db812dc0_0 .var "q", 0 0;
v000001e2db812e60_0 .net "rst", 0 0, v000001e2db844900_0;  1 drivers
E_000001e2db8495d0 .event posedge, v000001e2db812e60_0, v000001e2db91bd40_0;
    .scope S_000001e2db91bbb0;
T_0 ;
    %pushi/vec4 0, 0, 1;
    %store/vec4 v000001e2db812dc0_0, 0, 1;
    %end;
    .thread T_0;
    .scope S_000001e2db91bbb0;
T_1 ;
    %wait E_000001e2db8495d0;
    %load/vec4 v000001e2db812e60_0;
    %flag_set/vec4 8;
    %jmp/0xz  T_1.0, 8;
    %pushi/vec4 0, 0, 1;
    %assign/vec4 v000001e2db812dc0_0, 0;
    %jmp T_1.1;
T_1.0 ;
    %load/vec4 v000001e2db890ef0_0;
    %load/vec4 v000001e2db812d20_0;
    %concat/vec4; draw_concat_vec4
    %dup/vec4;
    %pushi/vec4 0, 0, 2;
    %cmp/u;
    %jmp/1 T_1.2, 6;
    %dup/vec4;
    %pushi/vec4 1, 0, 2;
    %cmp/u;
    %jmp/1 T_1.3, 6;
    %dup/vec4;
    %pushi/vec4 2, 0, 2;
    %cmp/u;
    %jmp/1 T_1.4, 6;
    %dup/vec4;
    %pushi/vec4 3, 0, 2;
    %cmp/u;
    %jmp/1 T_1.5, 6;
    %pushi/vec4 0, 0, 1;
    %assign/vec4 v000001e2db812dc0_0, 0;
    %jmp T_1.7;
T_1.2 ;
    %load/vec4 v000001e2db812dc0_0;
    %assign/vec4 v000001e2db812dc0_0, 0;
    %jmp T_1.7;
T_1.3 ;
    %pushi/vec4 0, 0, 1;
    %assign/vec4 v000001e2db812dc0_0, 0;
    %jmp T_1.7;
T_1.4 ;
    %pushi/vec4 1, 0, 1;
    %assign/vec4 v000001e2db812dc0_0, 0;
    %jmp T_1.7;
T_1.5 ;
    %load/vec4 v000001e2db812dc0_0;
    %inv;
    %assign/vec4 v000001e2db812dc0_0, 0;
    %jmp T_1.7;
T_1.7 ;
    %pop/vec4 1;
T_1.1 ;
    %jmp T_1;
    .thread T_1;
    .scope S_000001e2db91ba20;
T_2 ;
    %vpi_call 2 12 "$dumpfile", "jk_ff.vcd" {0 0 0};
    %vpi_call 2 13 "$dumpvars", 32'sb00000000000000000000000000000000, S_000001e2db91ba20 {0 0 0};
    %vpi_call 2 15 "$monitor", "time: %0t || clk: %0b || rst: %0b || j: %0b || k: %0b || q: %0b", $time, v000001e2db812f00_0, v000001e2db844900_0, v000001e2db812fa0_0, v000001e2db813040_0, v000001e2db8130e0_0 {0 0 0};
    %pushi/vec4 0, 0, 1;
    %store/vec4 v000001e2db812f00_0, 0, 1;
    %pushi/vec4 1, 0, 1;
    %store/vec4 v000001e2db844900_0, 0, 1;
    %delay 10, 0;
    %pushi/vec4 0, 0, 1;
    %store/vec4 v000001e2db844900_0, 0, 1;
    %delay 10, 0;
    %pushi/vec4 0, 0, 1;
    %store/vec4 v000001e2db812fa0_0, 0, 1;
    %pushi/vec4 0, 0, 1;
    %store/vec4 v000001e2db813040_0, 0, 1;
    %delay 10, 0;
    %pushi/vec4 0, 0, 1;
    %store/vec4 v000001e2db812fa0_0, 0, 1;
    %pushi/vec4 1, 0, 1;
    %store/vec4 v000001e2db813040_0, 0, 1;
    %delay 10, 0;
    %pushi/vec4 1, 0, 1;
    %store/vec4 v000001e2db812fa0_0, 0, 1;
    %pushi/vec4 0, 0, 1;
    %store/vec4 v000001e2db813040_0, 0, 1;
    %delay 10, 0;
    %pushi/vec4 1, 0, 1;
    %store/vec4 v000001e2db812fa0_0, 0, 1;
    %pushi/vec4 1, 0, 1;
    %store/vec4 v000001e2db813040_0, 0, 1;
    %delay 10, 0;
    %vpi_call 2 25 "$finish" {0 0 0};
    %end;
    .thread T_2;
    .scope S_000001e2db91ba20;
T_3 ;
    %delay 5, 0;
    %load/vec4 v000001e2db812f00_0;
    %inv;
    %store/vec4 v000001e2db812f00_0, 0, 1;
    %jmp T_3;
    .thread T_3;
# The file index is used to find the file name in the following table.
:file_names 4;
    "N/A";
    "<interactive>";
    "jk_ff_tb.v";
    "./jk_ff.v";
