#! /c/Source/iverilog-install/bin/vvp
:ivl_version "12.0 (devel)" "(s20150603-1539-g2693dd32b)";
:ivl_delay_selection "TYPICAL";
:vpi_time_precision - 9;
:vpi_module "C:\iverilog\lib\ivl\system.vpi";
:vpi_module "C:\iverilog\lib\ivl\vhdl_sys.vpi";
:vpi_module "C:\iverilog\lib\ivl\vhdl_textio.vpi";
:vpi_module "C:\iverilog\lib\ivl\v2005_math.vpi";
:vpi_module "C:\iverilog\lib\ivl\va_math.vpi";
S_000001abcd3da210 .scope module, "johnson_counter_tb" "johnson_counter_tb" 2 4;
 .timescale -9 -9;
v000001abcd426480_0 .var "clk", 0 0;
v000001abcd426520_0 .net "q", 3 0, v000001abcd3f3120_0;  1 drivers
v000001abcd4265c0_0 .var "rst", 0 0;
S_000001abcd426250 .scope module, "uut" "johnson_counter" 2 9, 3 1 0, S_000001abcd3da210;
 .timescale -9 -9;
    .port_info 0 /INPUT 1 "clk";
    .port_info 1 /INPUT 1 "rst";
    .port_info 2 /OUTPUT 4 "q";
v000001abcd3da3a0_0 .net "clk", 0 0, v000001abcd426480_0;  1 drivers
v000001abcd3f3120_0 .var "q", 3 0;
v000001abcd4263e0_0 .net "rst", 0 0, v000001abcd4265c0_0;  1 drivers
E_000001abcd3dc270 .event posedge, v000001abcd4263e0_0, v000001abcd3da3a0_0;
    .scope S_000001abcd426250;
T_0 ;
    %wait E_000001abcd3dc270;
    %load/vec4 v000001abcd4263e0_0;
    %flag_set/vec4 8;
    %jmp/0xz  T_0.0, 8;
    %pushi/vec4 0, 0, 4;
    %assign/vec4 v000001abcd3f3120_0, 0;
    %jmp T_0.1;
T_0.0 ;
    %load/vec4 v000001abcd3f3120_0;
    %parti/s 3, 0, 2;
    %load/vec4 v000001abcd3f3120_0;
    %parti/s 1, 3, 3;
    %inv;
    %concat/vec4; draw_concat_vec4
    %assign/vec4 v000001abcd3f3120_0, 0;
T_0.1 ;
    %jmp T_0;
    .thread T_0;
    .scope S_000001abcd3da210;
T_1 ;
    %pushi/vec4 0, 0, 1;
    %store/vec4 v000001abcd426480_0, 0, 1;
    %pushi/vec4 1, 0, 1;
    %store/vec4 v000001abcd4265c0_0, 0, 1;
    %end;
    .thread T_1;
    .scope S_000001abcd3da210;
T_2 ;
    %delay 5, 0;
    %load/vec4 v000001abcd426480_0;
    %inv;
    %store/vec4 v000001abcd426480_0, 0, 1;
    %jmp T_2;
    .thread T_2;
    .scope S_000001abcd3da210;
T_3 ;
    %vpi_call 2 14 "$dumpfile", "johnson_counter.vcd" {0 0 0};
    %vpi_call 2 15 "$dumpvars", 32'sb00000000000000000000000000000000, S_000001abcd3da210 {0 0 0};
    %delay 10, 0;
    %pushi/vec4 0, 0, 1;
    %store/vec4 v000001abcd4265c0_0, 0, 1;
    %delay 85, 0;
    %vpi_call 2 18 "$finish" {0 0 0};
    %end;
    .thread T_3;
    .scope S_000001abcd3da210;
T_4 ;
    %vpi_call 2 22 "$monitor", "Time: %0t | q: %b", $time, v000001abcd426520_0 {0 0 0};
    %end;
    .thread T_4;
# The file index is used to find the file name in the following table.
:file_names 4;
    "N/A";
    "<interactive>";
    "johnson_counter_tb.v";
    "./johnson_counter.v";
