#! /c/Source/iverilog-install/bin/vvp
:ivl_version "12.0 (devel)" "(s20150603-1539-g2693dd32b)";
:ivl_delay_selection "TYPICAL";
:vpi_time_precision - 9;
:vpi_module "C:\iverilog\lib\ivl\system.vpi";
:vpi_module "C:\iverilog\lib\ivl\vhdl_sys.vpi";
:vpi_module "C:\iverilog\lib\ivl\vhdl_textio.vpi";
:vpi_module "C:\iverilog\lib\ivl\v2005_math.vpi";
:vpi_module "C:\iverilog\lib\ivl\va_math.vpi";
S_00000158f91c9ed0 .scope module, "majority_gate_tb" "majority_gate_tb" 2 4;
 .timescale -9 -9;
v00000158f92158e0_0 .var "a", 0 0;
v00000158f9215980_0 .var "b", 0 0;
v00000158f9215a20_0 .var "c", 0 0;
v00000158f9215ac0_0 .var/i "i", 31 0;
v00000158f9215b60_0 .net "out", 0 0, L_00000158f91ca1f0;  1 drivers
S_00000158f91ca060 .scope module, "uut" "majority_gate" 2 10, 3 1 0, S_00000158f91c9ed0;
 .timescale -9 -9;
    .port_info 0 /INPUT 1 "a";
    .port_info 1 /INPUT 1 "b";
    .port_info 2 /INPUT 1 "c";
    .port_info 3 /OUTPUT 1 "out";
L_00000158f91e35e0 .functor XOR 1, v00000158f92158e0_0, v00000158f9215980_0, C4<0>, C4<0>;
L_00000158f91e3740 .functor AND 1, v00000158f9215a20_0, L_00000158f91e35e0, C4<1>, C4<1>;
L_00000158f91c9b00 .functor AND 1, v00000158f92158e0_0, v00000158f9215980_0, C4<1>, C4<1>;
L_00000158f91ca1f0 .functor OR 1, L_00000158f91e3740, L_00000158f91c9b00, C4<0>, C4<0>;
v00000158f9215840_0 .net *"_ivl_0", 0 0, L_00000158f91e35e0;  1 drivers
v00000158f91e3140_0 .net *"_ivl_2", 0 0, L_00000158f91e3740;  1 drivers
v00000158f9214d10_0 .net *"_ivl_4", 0 0, L_00000158f91c9b00;  1 drivers
v00000158f9214db0_0 .net "a", 0 0, v00000158f92158e0_0;  1 drivers
v00000158f9214e50_0 .net "b", 0 0, v00000158f9215980_0;  1 drivers
v00000158f9214ef0_0 .net "c", 0 0, v00000158f9215a20_0;  1 drivers
v00000158f9214f90_0 .net "out", 0 0, L_00000158f91ca1f0;  alias, 1 drivers
    .scope S_00000158f91c9ed0;
T_0 ;
    %vpi_call 2 13 "$dumpfile", "majority_gate.vcd" {0 0 0};
    %vpi_call 2 14 "$dumpvars", 32'sb00000000000000000000000000000000, S_00000158f91c9ed0 {0 0 0};
    %vpi_call 2 16 "$monitor", "a: %0b || b: %0b || c: %0b || out: %0b", v00000158f92158e0_0, v00000158f9215980_0, v00000158f9215a20_0, v00000158f9215b60_0 {0 0 0};
    %pushi/vec4 0, 0, 32;
    %store/vec4 v00000158f9215ac0_0, 0, 32;
T_0.0 ;
    %load/vec4 v00000158f9215ac0_0;
    %cmpi/s 8, 0, 32;
    %jmp/0xz T_0.1, 5;
    %load/vec4 v00000158f9215ac0_0;
    %pad/s 3;
    %split/vec4 1;
    %store/vec4 v00000158f9215a20_0, 0, 1;
    %split/vec4 1;
    %store/vec4 v00000158f9215980_0, 0, 1;
    %store/vec4 v00000158f92158e0_0, 0, 1;
    %delay 10, 0;
    %load/vec4 v00000158f9215ac0_0;
    %addi 1, 0, 32;
    %store/vec4 v00000158f9215ac0_0, 0, 32;
    %jmp T_0.0;
T_0.1 ;
    %end;
    .thread T_0;
# The file index is used to find the file name in the following table.
:file_names 4;
    "N/A";
    "<interactive>";
    "majority_gate_tb.v";
    "./majority_gate.v";
