#! /c/Source/iverilog-install/bin/vvp
:ivl_version "12.0 (devel)" "(s20150603-1539-g2693dd32b)";
:ivl_delay_selection "TYPICAL";
:vpi_time_precision + 0;
:vpi_module "C:\iverilog\lib\ivl\system.vpi";
:vpi_module "C:\iverilog\lib\ivl\vhdl_sys.vpi";
:vpi_module "C:\iverilog\lib\ivl\vhdl_textio.vpi";
:vpi_module "C:\iverilog\lib\ivl\v2005_math.vpi";
:vpi_module "C:\iverilog\lib\ivl\va_math.vpi";
S_0000018fff4a2d00 .scope module, "majority_gate" "majority_gate" 2 1;
 .timescale 0 0;
    .port_info 0 /INPUT 1 "a";
    .port_info 1 /INPUT 1 "b";
    .port_info 2 /INPUT 1 "c";
    .port_info 3 /OUTPUT 1 "out";
o0000018fff4d6f88 .functor BUFZ 1, C4<z>; HiZ drive
o0000018fff4d6fb8 .functor BUFZ 1, C4<z>; HiZ drive
L_0000018fff4a3580 .functor XOR 1, o0000018fff4d6f88, o0000018fff4d6fb8, C4<0>, C4<0>;
o0000018fff4d6fe8 .functor BUFZ 1, C4<z>; HiZ drive
L_0000018fff4a36e0 .functor AND 1, o0000018fff4d6fe8, L_0000018fff4a3580, C4<1>, C4<1>;
L_0000018fff4a3840 .functor AND 1, o0000018fff4d6f88, o0000018fff4d6fb8, C4<1>, C4<1>;
L_0000018fff4a3110 .functor OR 1, L_0000018fff4a36e0, L_0000018fff4a3840, C4<0>, C4<0>;
v0000018fff4d6e50_0 .net *"_ivl_0", 0 0, L_0000018fff4a3580;  1 drivers
v0000018fff4a2e90_0 .net *"_ivl_2", 0 0, L_0000018fff4a36e0;  1 drivers
v0000018fff4a2f30_0 .net *"_ivl_4", 0 0, L_0000018fff4a3840;  1 drivers
v0000018fff4a2fd0_0 .net "a", 0 0, o0000018fff4d6f88;  0 drivers
v0000018fff4a3070_0 .net "b", 0 0, o0000018fff4d6fb8;  0 drivers
v0000018fff66eac0_0 .net "c", 0 0, o0000018fff4d6fe8;  0 drivers
v0000018fff66eb60_0 .net "out", 0 0, L_0000018fff4a3110;  1 drivers
# The file index is used to find the file name in the following table.
:file_names 3;
    "N/A";
    "<interactive>";
    "majority_gate.v";
