#! /c/Source/iverilog-install/bin/vvp
:ivl_version "12.0 (devel)" "(s20150603-1539-g2693dd32b)";
:ivl_delay_selection "TYPICAL";
:vpi_time_precision - 9;
:vpi_module "C:\iverilog\lib\ivl\system.vpi";
:vpi_module "C:\iverilog\lib\ivl\vhdl_sys.vpi";
:vpi_module "C:\iverilog\lib\ivl\vhdl_textio.vpi";
:vpi_module "C:\iverilog\lib\ivl\v2005_math.vpi";
:vpi_module "C:\iverilog\lib\ivl\va_math.vpi";
S_00000247ba2060b0 .scope module, "bcd_counter_tb" "bcd_counter_tb" 2 4;
 .timescale -9 -9;
v00000247ba2063d0_0 .var "clk", 0 0;
v00000247ba206470_0 .net "out", 3 0, v00000247ba1d3140_0;  1 drivers
v00000247ba37b770_0 .var "rst", 0 0;
S_00000247ba206240 .scope module, "uut" "bcd_counter" 2 9, 3 1 0, S_00000247ba2060b0;
 .timescale -9 -9;
    .port_info 0 /INPUT 1 "clk";
    .port_info 1 /INPUT 1 "rst";
    .port_info 2 /OUTPUT 4 "out";
v00000247ba379070_0 .net "clk", 0 0, v00000247ba2063d0_0;  1 drivers
v00000247ba1d3140_0 .var "out", 3 0;
v00000247ba37a050_0 .net "rst", 0 0, v00000247ba37b770_0;  1 drivers
E_00000247ba37c770 .event posedge, v00000247ba37a050_0, v00000247ba379070_0;
    .scope S_00000247ba206240;
T_0 ;
    %wait E_00000247ba37c770;
    %load/vec4 v00000247ba37a050_0;
    %flag_set/vec4 8;
    %jmp/0xz  T_0.0, 8;
    %pushi/vec4 0, 0, 4;
    %assign/vec4 v00000247ba1d3140_0, 0;
    %jmp T_0.1;
T_0.0 ;
    %load/vec4 v00000247ba1d3140_0;
    %cmpi/e 9, 0, 4;
    %jmp/0xz  T_0.2, 4;
    %pushi/vec4 0, 0, 4;
    %assign/vec4 v00000247ba1d3140_0, 0;
    %jmp T_0.3;
T_0.2 ;
    %load/vec4 v00000247ba1d3140_0;
    %addi 1, 0, 4;
    %assign/vec4 v00000247ba1d3140_0, 0;
T_0.3 ;
T_0.1 ;
    %jmp T_0;
    .thread T_0;
    .scope S_00000247ba2060b0;
T_1 ;
    %vpi_call 2 12 "$dumpfile", "bcd_counter.vcd" {0 0 0};
    %vpi_call 2 13 "$dumpvars", 32'sb00000000000000000000000000000000, S_00000247ba2060b0 {0 0 0};
    %pushi/vec4 0, 0, 1;
    %store/vec4 v00000247ba2063d0_0, 0, 1;
    %pushi/vec4 1, 0, 1;
    %store/vec4 v00000247ba37b770_0, 0, 1;
    %vpi_call 2 19 "$monitor", "Time: %0t || clk: %0b || rst: %0b || count: %04b", $time, v00000247ba2063d0_0, v00000247ba37b770_0, v00000247ba206470_0 {0 0 0};
    %delay 8, 0;
    %pushi/vec4 0, 0, 1;
    %store/vec4 v00000247ba37b770_0, 0, 1;
    %delay 100, 0;
    %vpi_call 2 23 "$finish" {0 0 0};
    %end;
    .thread T_1;
    .scope S_00000247ba2060b0;
T_2 ;
    %delay 5, 0;
    %load/vec4 v00000247ba2063d0_0;
    %inv;
    %store/vec4 v00000247ba2063d0_0, 0, 1;
    %jmp T_2;
    .thread T_2;
# The file index is used to find the file name in the following table.
:file_names 4;
    "N/A";
    "<interactive>";
    "bcd_counter_tb.v";
    "./bcd_counter.v";
