#! /c/Source/iverilog-install/bin/vvp
:ivl_version "12.0 (devel)" "(s20150603-1539-g2693dd32b)";
:ivl_delay_selection "TYPICAL";
:vpi_time_precision + 0;
:vpi_module "C:\iverilog\lib\ivl\system.vpi";
:vpi_module "C:\iverilog\lib\ivl\vhdl_sys.vpi";
:vpi_module "C:\iverilog\lib\ivl\vhdl_textio.vpi";
:vpi_module "C:\iverilog\lib\ivl\v2005_math.vpi";
:vpi_module "C:\iverilog\lib\ivl\va_math.vpi";
S_0000023cbde72df0 .scope module, "btog_converter" "btog_converter" 2 1;
 .timescale 0 0;
    .port_info 0 /INPUT 4 "binary_num";
    .port_info 1 /OUTPUT 4 "gray_code";
o0000023cbdea6fa8 .functor BUFZ 4, C4<zzzz>; HiZ drive
v0000023cbde72f80_0 .net "binary_num", 3 0, o0000023cbdea6fa8;  0 drivers
v0000023cbde73020_0 .var "gray_code", 3 0;
v0000023cbde730c0_0 .var/i "i", 31 0;
E_0000023cbde58bd0 .event anyedge, v0000023cbde72f80_0;
    .scope S_0000023cbde72df0;
T_0 ;
    %wait E_0000023cbde58bd0;
    %load/vec4 v0000023cbde72f80_0;
    %parti/s 1, 3, 3;
    %ix/load 4, 3, 0;
    %flag_set/imm 4, 0;
    %store/vec4 v0000023cbde73020_0, 4, 1;
    %pushi/vec4 2, 0, 32;
    %store/vec4 v0000023cbde730c0_0, 0, 32;
T_0.0 ;
    %load/vec4 v0000023cbde730c0_0;
    %cmpi/s 0, 0, 32;
    %flag_inv 5; GE is !LT
    %jmp/0xz T_0.1, 5;
    %load/vec4 v0000023cbde72f80_0;
    %load/vec4 v0000023cbde730c0_0;
    %addi 1, 0, 32;
    %part/s 1;
    %load/vec4 v0000023cbde72f80_0;
    %load/vec4 v0000023cbde730c0_0;
    %part/s 1;
    %xor;
    %ix/getv/s 4, v0000023cbde730c0_0;
    %store/vec4 v0000023cbde73020_0, 4, 1;
    %load/vec4 v0000023cbde730c0_0;
    %subi 1, 0, 32;
    %store/vec4 v0000023cbde730c0_0, 0, 32;
    %jmp T_0.0;
T_0.1 ;
    %jmp T_0;
    .thread T_0, $push;
# The file index is used to find the file name in the following table.
:file_names 3;
    "N/A";
    "<interactive>";
    "btog_converter.v";
