#! /c/Source/iverilog-install/bin/vvp
:ivl_version "12.0 (devel)" "(s20150603-1539-g2693dd32b)";
:ivl_delay_selection "TYPICAL";
:vpi_time_precision - 9;
:vpi_module "C:\iverilog\lib\ivl\system.vpi";
:vpi_module "C:\iverilog\lib\ivl\vhdl_sys.vpi";
:vpi_module "C:\iverilog\lib\ivl\vhdl_textio.vpi";
:vpi_module "C:\iverilog\lib\ivl\v2005_math.vpi";
:vpi_module "C:\iverilog\lib\ivl\va_math.vpi";
S_000001d98374aba0 .scope module, "btog_converter_tb" "btog_converter_tb" 2 4;
 .timescale -9 -9;
v000001d9837966a0_0 .var "binary_num", 3 0;
v000001d983796740_0 .net "gray_code", 3 0, v000001d983763120_0;  1 drivers
S_000001d983796470 .scope module, "uut" "btog_converter" 2 9, 3 1 0, S_000001d98374aba0;
 .timescale -9 -9;
    .port_info 0 /INPUT 4 "binary_num";
    .port_info 1 /OUTPUT 4 "gray_code";
v000001d98374ad30_0 .net "binary_num", 3 0, v000001d9837966a0_0;  1 drivers
v000001d983763120_0 .var "gray_code", 3 0;
v000001d983796600_0 .var/i "i", 31 0;
E_000001d9837857e0 .event anyedge, v000001d98374ad30_0;
    .scope S_000001d983796470;
T_0 ;
    %wait E_000001d9837857e0;
    %load/vec4 v000001d98374ad30_0;
    %parti/s 1, 3, 3;
    %ix/load 4, 3, 0;
    %flag_set/imm 4, 0;
    %store/vec4 v000001d983763120_0, 4, 1;
    %pushi/vec4 2, 0, 32;
    %store/vec4 v000001d983796600_0, 0, 32;
T_0.0 ;
    %load/vec4 v000001d983796600_0;
    %cmpi/s 0, 0, 32;
    %flag_inv 5; GE is !LT
    %jmp/0xz T_0.1, 5;
    %load/vec4 v000001d98374ad30_0;
    %load/vec4 v000001d983796600_0;
    %addi 1, 0, 32;
    %part/s 1;
    %load/vec4 v000001d98374ad30_0;
    %load/vec4 v000001d983796600_0;
    %part/s 1;
    %xor;
    %ix/getv/s 4, v000001d983796600_0;
    %store/vec4 v000001d983763120_0, 4, 1;
    %load/vec4 v000001d983796600_0;
    %subi 1, 0, 32;
    %store/vec4 v000001d983796600_0, 0, 32;
    %jmp T_0.0;
T_0.1 ;
    %jmp T_0;
    .thread T_0, $push;
    .scope S_000001d98374aba0;
T_1 ;
    %vpi_call 2 12 "$dumpfile", "btog_converter.vcd" {0 0 0};
    %vpi_call 2 13 "$dumpvars" {0 0 0};
    %vpi_call 2 15 "$monitor", "$Time: %0t || binary: %04b || gray_code: %04b", $time, v000001d9837966a0_0, v000001d983796740_0 {0 0 0};
    %pushi/vec4 0, 0, 4;
    %store/vec4 v000001d9837966a0_0, 0, 4;
    %delay 3, 0;
    %pushi/vec4 0, 0, 4;
    %store/vec4 v000001d9837966a0_0, 0, 4;
    %delay 10, 0;
    %pushi/vec4 1, 0, 4;
    %store/vec4 v000001d9837966a0_0, 0, 4;
    %delay 10, 0;
    %pushi/vec4 2, 0, 4;
    %store/vec4 v000001d9837966a0_0, 0, 4;
    %delay 10, 0;
    %pushi/vec4 3, 0, 4;
    %store/vec4 v000001d9837966a0_0, 0, 4;
    %delay 10, 0;
    %pushi/vec4 4, 0, 4;
    %store/vec4 v000001d9837966a0_0, 0, 4;
    %delay 10, 0;
    %pushi/vec4 15, 0, 4;
    %store/vec4 v000001d9837966a0_0, 0, 4;
    %delay 10, 0;
    %vpi_call 2 25 "$finish" {0 0 0};
    %end;
    .thread T_1;
# The file index is used to find the file name in the following table.
:file_names 4;
    "N/A";
    "<interactive>";
    "btog_converter_tb.v";
    "./btog_converter.v";
