#! /c/Source/iverilog-install/bin/vvp
:ivl_version "12.0 (devel)" "(s20150603-1539-g2693dd32b)";
:ivl_delay_selection "TYPICAL";
:vpi_time_precision - 9;
:vpi_module "C:\iverilog\lib\ivl\system.vpi";
:vpi_module "C:\iverilog\lib\ivl\vhdl_sys.vpi";
:vpi_module "C:\iverilog\lib\ivl\vhdl_textio.vpi";
:vpi_module "C:\iverilog\lib\ivl\v2005_math.vpi";
:vpi_module "C:\iverilog\lib\ivl\va_math.vpi";
S_00000229a2e45830 .scope module, "t_ff_tb" "t_ff_tb" 2 4;
 .timescale -9 -9;
v00000229a2e56a40_0 .var "clk", 0 0;
v00000229a2e56ae0_0 .net "q", 0 0, v00000229a2e23120_0;  1 drivers
v00000229a2e53f00_0 .var "rst", 0 0;
v00000229a2e53fa0_0 .var "t", 0 0;
S_00000229a2e56770 .scope module, "uut" "t_ff" 2 9, 3 1 0, S_00000229a2e45830;
 .timescale -9 -9;
    .port_info 0 /INPUT 1 "t";
    .port_info 1 /INPUT 1 "clk";
    .port_info 2 /INPUT 1 "rst";
    .port_info 3 /OUTPUT 1 "q";
v00000229a2e0ac60_0 .net "clk", 0 0, v00000229a2e56a40_0;  1 drivers
v00000229a2e23120_0 .var "q", 0 0;
v00000229a2e56900_0 .net "rst", 0 0, v00000229a2e53f00_0;  1 drivers
v00000229a2e569a0_0 .net "t", 0 0, v00000229a2e53fa0_0;  1 drivers
E_00000229a2e480b0 .event posedge, v00000229a2e56900_0, v00000229a2e0ac60_0;
    .scope S_00000229a2e56770;
T_0 ;
    %wait E_00000229a2e480b0;
    %load/vec4 v00000229a2e56900_0;
    %flag_set/vec4 8;
    %jmp/0xz  T_0.0, 8;
    %pushi/vec4 0, 0, 1;
    %assign/vec4 v00000229a2e23120_0, 0;
    %jmp T_0.1;
T_0.0 ;
    %load/vec4 v00000229a2e569a0_0;
    %dup/vec4;
    %pushi/vec4 0, 0, 1;
    %cmp/u;
    %jmp/1 T_0.2, 6;
    %dup/vec4;
    %pushi/vec4 1, 0, 1;
    %cmp/u;
    %jmp/1 T_0.3, 6;
    %jmp T_0.4;
T_0.2 ;
    %load/vec4 v00000229a2e23120_0;
    %assign/vec4 v00000229a2e23120_0, 0;
    %jmp T_0.4;
T_0.3 ;
    %load/vec4 v00000229a2e23120_0;
    %inv;
    %assign/vec4 v00000229a2e23120_0, 0;
    %jmp T_0.4;
T_0.4 ;
    %pop/vec4 1;
T_0.1 ;
    %jmp T_0;
    .thread T_0;
    .scope S_00000229a2e45830;
T_1 ;
    %vpi_call 2 12 "$dumpfile", "t_ff.vcd" {0 0 0};
    %vpi_call 2 13 "$dumpvars", 32'sb00000000000000000000000000000000, S_00000229a2e45830 {0 0 0};
    %vpi_call 2 15 "$monitor", "time: %0t || clk: %0b || rst: %0b || t: %0b || q: %0b", $time, v00000229a2e56a40_0, v00000229a2e53f00_0, v00000229a2e53fa0_0, v00000229a2e56ae0_0 {0 0 0};
    %pushi/vec4 0, 0, 1;
    %store/vec4 v00000229a2e56a40_0, 0, 1;
    %pushi/vec4 1, 0, 1;
    %store/vec4 v00000229a2e53f00_0, 0, 1;
    %pushi/vec4 0, 0, 1;
    %store/vec4 v00000229a2e53fa0_0, 0, 1;
    %delay 10, 0;
    %pushi/vec4 0, 0, 1;
    %store/vec4 v00000229a2e53f00_0, 0, 1;
    %delay 10, 0;
    %pushi/vec4 1, 0, 1;
    %store/vec4 v00000229a2e53fa0_0, 0, 1;
    %delay 10, 0;
    %pushi/vec4 1, 0, 1;
    %store/vec4 v00000229a2e53fa0_0, 0, 1;
    %delay 10, 0;
    %vpi_call 2 23 "$finish" {0 0 0};
    %end;
    .thread T_1;
    .scope S_00000229a2e45830;
T_2 ;
    %delay 5, 0;
    %load/vec4 v00000229a2e56a40_0;
    %inv;
    %store/vec4 v00000229a2e56a40_0, 0, 1;
    %jmp T_2;
    .thread T_2;
# The file index is used to find the file name in the following table.
:file_names 4;
    "N/A";
    "<interactive>";
    "t_ff_tb.v";
    "./t_ff.v";
