#! /c/Source/iverilog-install/bin/vvp
:ivl_version "12.0 (devel)" "(s20150603-1539-g2693dd32b)";
:ivl_delay_selection "TYPICAL";
:vpi_time_precision + 0;
:vpi_module "C:\iverilog\lib\ivl\system.vpi";
:vpi_module "C:\iverilog\lib\ivl\vhdl_sys.vpi";
:vpi_module "C:\iverilog\lib\ivl\vhdl_textio.vpi";
:vpi_module "C:\iverilog\lib\ivl\v2005_math.vpi";
:vpi_module "C:\iverilog\lib\ivl\va_math.vpi";
S_00000191520b2df0 .scope module, "shift_register" "shift_register" 2 1;
 .timescale 0 0;
    .port_info 0 /INPUT 1 "clk";
    .port_info 1 /INPUT 1 "rst";
    .port_info 2 /INPUT 2 "sel";
    .port_info 3 /INPUT 4 "d";
    .port_info 4 /OUTPUT 4 "q";
o00000191520e6fb8 .functor BUFZ 1, C4<z>; HiZ drive
v00000191520b2f80_0 .net "clk", 0 0, o00000191520e6fb8;  0 drivers
o00000191520e6fe8 .functor BUFZ 4, C4<zzzz>; HiZ drive
v00000191520b3020_0 .net "d", 3 0, o00000191520e6fe8;  0 drivers
v00000191520b30c0_0 .var "q", 3 0;
o00000191520e7048 .functor BUFZ 1, C4<z>; HiZ drive
v000001915205ee10_0 .net "rst", 0 0, o00000191520e7048;  0 drivers
o00000191520e7078 .functor BUFZ 2, C4<zz>; HiZ drive
v000001915205eeb0_0 .net "sel", 1 0, o00000191520e7078;  0 drivers
E_000001915205c3b0 .event posedge, v000001915205ee10_0, v00000191520b2f80_0;
    .scope S_00000191520b2df0;
T_0 ;
    %wait E_000001915205c3b0;
    %load/vec4 v000001915205ee10_0;
    %flag_set/vec4 8;
    %jmp/0xz  T_0.0, 8;
    %pushi/vec4 0, 0, 4;
    %assign/vec4 v00000191520b30c0_0, 0;
    %jmp T_0.1;
T_0.0 ;
    %load/vec4 v000001915205eeb0_0;
    %dup/vec4;
    %pushi/vec4 0, 0, 2;
    %cmp/u;
    %jmp/1 T_0.2, 6;
    %dup/vec4;
    %pushi/vec4 1, 0, 2;
    %cmp/u;
    %jmp/1 T_0.3, 6;
    %dup/vec4;
    %pushi/vec4 2, 0, 2;
    %cmp/u;
    %jmp/1 T_0.4, 6;
    %dup/vec4;
    %pushi/vec4 3, 0, 2;
    %cmp/u;
    %jmp/1 T_0.5, 6;
    %jmp T_0.6;
T_0.2 ;
    %load/vec4 v00000191520b30c0_0;
    %assign/vec4 v00000191520b30c0_0, 0;
    %jmp T_0.6;
T_0.3 ;
    %load/vec4 v00000191520b30c0_0;
    %ix/load 4, 1, 0;
    %flag_set/imm 4, 0;
    %shiftr 4;
    %assign/vec4 v00000191520b30c0_0, 0;
    %jmp T_0.6;
T_0.4 ;
    %load/vec4 v00000191520b30c0_0;
    %ix/load 4, 1, 0;
    %flag_set/imm 4, 0;
    %shiftl 4;
    %assign/vec4 v00000191520b30c0_0, 0;
    %jmp T_0.6;
T_0.5 ;
    %load/vec4 v00000191520b3020_0;
    %assign/vec4 v00000191520b30c0_0, 0;
    %jmp T_0.6;
T_0.6 ;
    %pop/vec4 1;
T_0.1 ;
    %jmp T_0;
    .thread T_0;
# The file index is used to find the file name in the following table.
:file_names 3;
    "N/A";
    "<interactive>";
    "shift_register.v";
