#! /c/Source/iverilog-install/bin/vvp
:ivl_version "12.0 (devel)" "(s20150603-1539-g2693dd32b)";
:ivl_delay_selection "TYPICAL";
:vpi_time_precision - 9;
:vpi_module "C:\iverilog\lib\ivl\system.vpi";
:vpi_module "C:\iverilog\lib\ivl\vhdl_sys.vpi";
:vpi_module "C:\iverilog\lib\ivl\vhdl_textio.vpi";
:vpi_module "C:\iverilog\lib\ivl\v2005_math.vpi";
:vpi_module "C:\iverilog\lib\ivl\va_math.vpi";
S_000001effe26ad60 .scope module, "shift_register_tb" "shift_register_tb" 2 4;
 .timescale -9 -9;
v000001effe26d240_0 .var "clk", 0 0;
v000001effe26b200_0 .var "d", 3 0;
v000001effe26b2a0_0 .net "q", 3 0, v000001effe26d060_0;  1 drivers
v000001effe104910_0 .var "rst", 0 0;
v000001effe1049b0_0 .var "sel", 1 0;
S_000001effe26ced0 .scope module, "uut" "shift_register" 2 11, 3 1 0, S_000001effe26ad60;
 .timescale -9 -9;
    .port_info 0 /INPUT 1 "clk";
    .port_info 1 /INPUT 1 "rst";
    .port_info 2 /INPUT 2 "sel";
    .port_info 3 /INPUT 4 "d";
    .port_info 4 /OUTPUT 4 "q";
v000001effe26aef0_0 .net "clk", 0 0, v000001effe26d240_0;  1 drivers
v000001effe0d3140_0 .net "d", 3 0, v000001effe26b200_0;  1 drivers
v000001effe26d060_0 .var "q", 3 0;
v000001effe26d100_0 .net "rst", 0 0, v000001effe104910_0;  1 drivers
v000001effe26d1a0_0 .net "sel", 1 0, v000001effe1049b0_0;  1 drivers
E_000001effe0f6e40 .event posedge, v000001effe26d100_0, v000001effe26aef0_0;
    .scope S_000001effe26ced0;
T_0 ;
    %wait E_000001effe0f6e40;
    %load/vec4 v000001effe26d100_0;
    %flag_set/vec4 8;
    %jmp/0xz  T_0.0, 8;
    %pushi/vec4 0, 0, 4;
    %assign/vec4 v000001effe26d060_0, 0;
    %jmp T_0.1;
T_0.0 ;
    %load/vec4 v000001effe26d1a0_0;
    %dup/vec4;
    %pushi/vec4 0, 0, 2;
    %cmp/u;
    %jmp/1 T_0.2, 6;
    %dup/vec4;
    %pushi/vec4 1, 0, 2;
    %cmp/u;
    %jmp/1 T_0.3, 6;
    %dup/vec4;
    %pushi/vec4 2, 0, 2;
    %cmp/u;
    %jmp/1 T_0.4, 6;
    %dup/vec4;
    %pushi/vec4 3, 0, 2;
    %cmp/u;
    %jmp/1 T_0.5, 6;
    %jmp T_0.6;
T_0.2 ;
    %load/vec4 v000001effe26d060_0;
    %assign/vec4 v000001effe26d060_0, 0;
    %jmp T_0.6;
T_0.3 ;
    %load/vec4 v000001effe26d060_0;
    %ix/load 4, 1, 0;
    %flag_set/imm 4, 0;
    %shiftr 4;
    %assign/vec4 v000001effe26d060_0, 0;
    %jmp T_0.6;
T_0.4 ;
    %load/vec4 v000001effe26d060_0;
    %ix/load 4, 1, 0;
    %flag_set/imm 4, 0;
    %shiftl 4;
    %assign/vec4 v000001effe26d060_0, 0;
    %jmp T_0.6;
T_0.5 ;
    %load/vec4 v000001effe0d3140_0;
    %assign/vec4 v000001effe26d060_0, 0;
    %jmp T_0.6;
T_0.6 ;
    %pop/vec4 1;
T_0.1 ;
    %jmp T_0;
    .thread T_0;
    .scope S_000001effe26ad60;
T_1 ;
    %delay 5, 0;
    %load/vec4 v000001effe26d240_0;
    %inv;
    %store/vec4 v000001effe26d240_0, 0, 1;
    %jmp T_1;
    .thread T_1;
    .scope S_000001effe26ad60;
T_2 ;
    %vpi_call 2 17 "$dumpfile", "shift_register.vcd" {0 0 0};
    %vpi_call 2 18 "$dumpvars", 32'sb00000000000000000000000000000000, S_000001effe26ad60 {0 0 0};
    %vpi_call 2 20 "$monitor", "time: %0t || sel: %02b || d: %04b || q: %04b", $time, v000001effe1049b0_0, v000001effe26b200_0, v000001effe26b2a0_0 {0 0 0};
    %pushi/vec4 0, 0, 1;
    %store/vec4 v000001effe26d240_0, 0, 1;
    %pushi/vec4 1, 0, 1;
    %store/vec4 v000001effe104910_0, 0, 1;
    %pushi/vec4 0, 0, 2;
    %store/vec4 v000001effe1049b0_0, 0, 2;
    %pushi/vec4 0, 0, 4;
    %store/vec4 v000001effe26b200_0, 0, 4;
    %delay 10, 0;
    %pushi/vec4 0, 0, 1;
    %store/vec4 v000001effe104910_0, 0, 1;
    %delay 10, 0;
    %pushi/vec4 3, 0, 2;
    %store/vec4 v000001effe1049b0_0, 0, 2;
    %pushi/vec4 10, 0, 4;
    %store/vec4 v000001effe26b200_0, 0, 4;
    %delay 10, 0;
    %pushi/vec4 0, 0, 2;
    %store/vec4 v000001effe1049b0_0, 0, 2;
    %delay 10, 0;
    %pushi/vec4 1, 0, 2;
    %store/vec4 v000001effe1049b0_0, 0, 2;
    %delay 10, 0;
    %pushi/vec4 2, 0, 2;
    %store/vec4 v000001effe1049b0_0, 0, 2;
    %delay 10, 0;
    %pushi/vec4 3, 0, 2;
    %store/vec4 v000001effe1049b0_0, 0, 2;
    %pushi/vec4 12, 0, 4;
    %store/vec4 v000001effe26b200_0, 0, 4;
    %delay 10, 0;
    %pushi/vec4 1, 0, 2;
    %store/vec4 v000001effe1049b0_0, 0, 2;
    %delay 10, 0;
    %pushi/vec4 1, 0, 2;
    %store/vec4 v000001effe1049b0_0, 0, 2;
    %delay 10, 0;
    %pushi/vec4 2, 0, 2;
    %store/vec4 v000001effe1049b0_0, 0, 2;
    %delay 10, 0;
    %pushi/vec4 2, 0, 2;
    %store/vec4 v000001effe1049b0_0, 0, 2;
    %delay 20, 0;
    %vpi_call 2 36 "$finish" {0 0 0};
    %end;
    .thread T_2;
# The file index is used to find the file name in the following table.
:file_names 4;
    "N/A";
    "<interactive>";
    "shift_register_tb.v";
    "./shift_register.v";
