#! /c/Source/iverilog-install/bin/vvp
:ivl_version "12.0 (devel)" "(s20150603-1539-g2693dd32b)";
:ivl_delay_selection "TYPICAL";
:vpi_time_precision - 9;
:vpi_module "C:\iverilog\lib\ivl\system.vpi";
:vpi_module "C:\iverilog\lib\ivl\vhdl_sys.vpi";
:vpi_module "C:\iverilog\lib\ivl\vhdl_textio.vpi";
:vpi_module "C:\iverilog\lib\ivl\v2005_math.vpi";
:vpi_module "C:\iverilog\lib\ivl\va_math.vpi";
S_0000016a706fdd90 .scope module, "comparator_tb" "comparator_tb" 2 4;
 .timescale -9 -9;
v0000016a706fa9c0_0 .net "EQ", 0 0, v0000016a706fa690_0;  1 drivers
v0000016a706faa60_0 .net "GT", 0 0, v0000016a70753140_0;  1 drivers
v0000016a706fab00_0 .net "LT", 0 0, v0000016a706fbd50_0;  1 drivers
v0000016a706faba0_0 .var "a", 3 0;
v0000016a706fac40_0 .var "b", 3 0;
S_0000016a706fdf20 .scope module, "uut" "comparator" 2 9, 3 1 0, S_0000016a706fdd90;
 .timescale -9 -9;
    .port_info 0 /INPUT 4 "a";
    .port_info 1 /INPUT 4 "b";
    .port_info 2 /OUTPUT 1 "LT";
    .port_info 3 /OUTPUT 1 "GT";
    .port_info 4 /OUTPUT 1 "EQ";
v0000016a706fa690_0 .var "EQ", 0 0;
v0000016a70753140_0 .var "GT", 0 0;
v0000016a706fbd50_0 .var "LT", 0 0;
v0000016a706fe0b0_0 .net "a", 3 0, v0000016a706faba0_0;  1 drivers
v0000016a706fe150_0 .net "b", 3 0, v0000016a706fac40_0;  1 drivers
v0000016a706fa920_0 .var/i "i", 31 0;
E_0000016a7078a690 .event anyedge, v0000016a706fe0b0_0, v0000016a706fe150_0;
    .scope S_0000016a706fdf20;
T_0 ;
    %wait E_0000016a7078a690;
    %pushi/vec4 0, 0, 32;
    %store/vec4 v0000016a706fa920_0, 0, 32;
T_0.0 ;
    %load/vec4 v0000016a706fa920_0;
    %cmpi/s 4, 0, 32;
    %jmp/0xz T_0.1, 5;
    %load/vec4 v0000016a706fe150_0;
    %load/vec4 v0000016a706fa920_0;
    %part/s 1;
    %load/vec4 v0000016a706fe0b0_0;
    %load/vec4 v0000016a706fa920_0;
    %part/s 1;
    %cmp/u;
    %jmp/0xz  T_0.2, 5;
    %pushi/vec4 1, 0, 1;
    %store/vec4 v0000016a70753140_0, 0, 1;
    %pushi/vec4 0, 0, 1;
    %store/vec4 v0000016a706fbd50_0, 0, 1;
    %pushi/vec4 0, 0, 1;
    %store/vec4 v0000016a706fa690_0, 0, 1;
    %jmp T_0.3;
T_0.2 ;
    %load/vec4 v0000016a706fe0b0_0;
    %load/vec4 v0000016a706fa920_0;
    %part/s 1;
    %load/vec4 v0000016a706fe150_0;
    %load/vec4 v0000016a706fa920_0;
    %part/s 1;
    %cmp/u;
    %jmp/0xz  T_0.4, 5;
    %pushi/vec4 0, 0, 1;
    %store/vec4 v0000016a70753140_0, 0, 1;
    %pushi/vec4 1, 0, 1;
    %store/vec4 v0000016a706fbd50_0, 0, 1;
    %pushi/vec4 0, 0, 1;
    %store/vec4 v0000016a706fa690_0, 0, 1;
T_0.4 ;
T_0.3 ;
    %load/vec4 v0000016a706fa920_0;
    %addi 1, 0, 32;
    %store/vec4 v0000016a706fa920_0, 0, 32;
    %jmp T_0.0;
T_0.1 ;
    %load/vec4 v0000016a706fe0b0_0;
    %load/vec4 v0000016a706fe150_0;
    %cmp/e;
    %jmp/0xz  T_0.6, 4;
    %pushi/vec4 0, 0, 1;
    %store/vec4 v0000016a70753140_0, 0, 1;
    %pushi/vec4 0, 0, 1;
    %store/vec4 v0000016a706fbd50_0, 0, 1;
    %pushi/vec4 1, 0, 1;
    %store/vec4 v0000016a706fa690_0, 0, 1;
T_0.6 ;
    %jmp T_0;
    .thread T_0, $push;
    .scope S_0000016a706fdd90;
T_1 ;
    %vpi_call 2 12 "$dumpfile", "comparator.vcd" {0 0 0};
    %vpi_call 2 13 "$dumpvars", 32'sb00000000000000000000000000000000, S_0000016a706fdd90 {0 0 0};
    %vpi_call 2 15 "$monitor", "a: %04b || b: %04b || LT: %01b GT: %01b EQ: %01b", v0000016a706faba0_0, v0000016a706fac40_0, v0000016a706fab00_0, v0000016a706faa60_0, v0000016a706fa9c0_0 {0 0 0};
    %delay 2, 0;
    %pushi/vec4 11, 0, 4;
    %store/vec4 v0000016a706faba0_0, 0, 4;
    %pushi/vec4 11, 0, 4;
    %store/vec4 v0000016a706fac40_0, 0, 4;
    %delay 2, 0;
    %pushi/vec4 15, 0, 4;
    %store/vec4 v0000016a706faba0_0, 0, 4;
    %pushi/vec4 11, 0, 4;
    %store/vec4 v0000016a706fac40_0, 0, 4;
    %delay 2, 0;
    %pushi/vec4 9, 0, 4;
    %store/vec4 v0000016a706faba0_0, 0, 4;
    %pushi/vec4 8, 0, 4;
    %store/vec4 v0000016a706fac40_0, 0, 4;
    %delay 2, 0;
    %pushi/vec4 1, 0, 4;
    %store/vec4 v0000016a706faba0_0, 0, 4;
    %pushi/vec4 3, 0, 4;
    %store/vec4 v0000016a706fac40_0, 0, 4;
    %delay 2, 0;
    %vpi_call 2 22 "$finish" {0 0 0};
    %end;
    .thread T_1;
# The file index is used to find the file name in the following table.
:file_names 4;
    "N/A";
    "<interactive>";
    "comparator_tb.v";
    "./comparator.v";
