#! /c/Source/iverilog-install/bin/vvp
:ivl_version "12.0 (devel)" "(s20150603-1539-g2693dd32b)";
:ivl_delay_selection "TYPICAL";
:vpi_time_precision + 0;
:vpi_module "C:\iverilog\lib\ivl\system.vpi";
:vpi_module "C:\iverilog\lib\ivl\vhdl_sys.vpi";
:vpi_module "C:\iverilog\lib\ivl\vhdl_textio.vpi";
:vpi_module "C:\iverilog\lib\ivl\v2005_math.vpi";
:vpi_module "C:\iverilog\lib\ivl\va_math.vpi";
S_0000020bc0c62df0 .scope module, "comparator" "comparator" 2 1;
 .timescale 0 0;
    .port_info 0 /INPUT 4 "a";
    .port_info 1 /INPUT 4 "b";
    .port_info 2 /OUTPUT 1 "LT";
    .port_info 3 /OUTPUT 1 "GT";
    .port_info 4 /OUTPUT 1 "EQ";
v0000020bc0c62f80_0 .var "EQ", 0 0;
v0000020bc0c63020_0 .var "GT", 0 0;
v0000020bc0c630c0_0 .var "LT", 0 0;
o0000020bc0c97028 .functor BUFZ 4, C4<zzzz>; HiZ drive
v0000020bc0d6bb90_0 .net "a", 3 0, o0000020bc0c97028;  0 drivers
o0000020bc0c97058 .functor BUFZ 4, C4<zzzz>; HiZ drive
v0000020bc0d6bc30_0 .net "b", 3 0, o0000020bc0c97058;  0 drivers
v0000020bc0d6bcd0_0 .var/i "i", 31 0;
E_0000020bc0d6cb70 .event anyedge, v0000020bc0d6bb90_0, v0000020bc0d6bc30_0;
    .scope S_0000020bc0c62df0;
T_0 ;
    %wait E_0000020bc0d6cb70;
    %pushi/vec4 0, 0, 32;
    %store/vec4 v0000020bc0d6bcd0_0, 0, 32;
T_0.0 ;
    %load/vec4 v0000020bc0d6bcd0_0;
    %cmpi/s 4, 0, 32;
    %jmp/0xz T_0.1, 5;
    %load/vec4 v0000020bc0d6bc30_0;
    %load/vec4 v0000020bc0d6bcd0_0;
    %part/s 1;
    %load/vec4 v0000020bc0d6bb90_0;
    %load/vec4 v0000020bc0d6bcd0_0;
    %part/s 1;
    %cmp/u;
    %jmp/0xz  T_0.2, 5;
    %pushi/vec4 1, 0, 1;
    %store/vec4 v0000020bc0c63020_0, 0, 1;
    %pushi/vec4 0, 0, 1;
    %store/vec4 v0000020bc0c630c0_0, 0, 1;
    %pushi/vec4 0, 0, 1;
    %store/vec4 v0000020bc0c62f80_0, 0, 1;
    %jmp T_0.3;
T_0.2 ;
    %load/vec4 v0000020bc0d6bb90_0;
    %load/vec4 v0000020bc0d6bcd0_0;
    %part/s 1;
    %load/vec4 v0000020bc0d6bc30_0;
    %load/vec4 v0000020bc0d6bcd0_0;
    %part/s 1;
    %cmp/u;
    %jmp/0xz  T_0.4, 5;
    %pushi/vec4 0, 0, 1;
    %store/vec4 v0000020bc0c63020_0, 0, 1;
    %pushi/vec4 1, 0, 1;
    %store/vec4 v0000020bc0c630c0_0, 0, 1;
    %pushi/vec4 0, 0, 1;
    %store/vec4 v0000020bc0c62f80_0, 0, 1;
T_0.4 ;
T_0.3 ;
    %load/vec4 v0000020bc0d6bcd0_0;
    %addi 1, 0, 32;
    %store/vec4 v0000020bc0d6bcd0_0, 0, 32;
    %jmp T_0.0;
T_0.1 ;
    %load/vec4 v0000020bc0d6bb90_0;
    %load/vec4 v0000020bc0d6bc30_0;
    %cmp/e;
    %jmp/0xz  T_0.6, 4;
    %pushi/vec4 0, 0, 1;
    %store/vec4 v0000020bc0c63020_0, 0, 1;
    %pushi/vec4 0, 0, 1;
    %store/vec4 v0000020bc0c630c0_0, 0, 1;
    %pushi/vec4 1, 0, 1;
    %store/vec4 v0000020bc0c62f80_0, 0, 1;
T_0.6 ;
    %jmp T_0;
    .thread T_0, $push;
# The file index is used to find the file name in the following table.
:file_names 3;
    "N/A";
    "<interactive>";
    "comparator.v";
