#! /c/Source/iverilog-install/bin/vvp
:ivl_version "12.0 (devel)" "(s20150603-1539-g2693dd32b)";
:ivl_delay_selection "TYPICAL";
:vpi_time_precision + 0;
:vpi_module "C:\iverilog\lib\ivl\system.vpi";
:vpi_module "C:\iverilog\lib\ivl\vhdl_sys.vpi";
:vpi_module "C:\iverilog\lib\ivl\vhdl_textio.vpi";
:vpi_module "C:\iverilog\lib\ivl\v2005_math.vpi";
:vpi_module "C:\iverilog\lib\ivl\va_math.vpi";
S_0000021143db6df0 .scope module, "axa3" "axa3" 2 1;
 .timescale 0 0;
    .port_info 0 /INPUT 1 "a";
    .port_info 1 /INPUT 1 "b";
    .port_info 2 /INPUT 1 "cin";
    .port_info 3 /OUTPUT 1 "sum";
    .port_info 4 /OUTPUT 1 "cout";
o0000021143db6fb8 .functor BUFZ 1, C4<z>; HiZ drive
o0000021143db6fe8 .functor BUFZ 1, C4<z>; HiZ drive
L_0000021143d830e0 .functor XOR 1, o0000021143db6fb8, o0000021143db6fe8, C4<0>, C4<0>;
L_0000021143db69d0 .functor NOT 1, L_0000021143d830e0, C4<0>, C4<0>, C4<0>;
v0000021143db6930_0 .net *"_ivl_0", 0 0, L_0000021143d830e0;  1 drivers
v0000021143d2e6a0_0 .net "a", 0 0, o0000021143db6fb8;  0 drivers
v0000021143d2e740_0 .net "b", 0 0, o0000021143db6fe8;  0 drivers
o0000021143db7018 .functor BUFZ 1, C4<z>; HiZ drive
v0000021143d2e7e0_0 .net "cin", 0 0, o0000021143db7018;  0 drivers
L_0000021143df7ff8 .functor BUFT 1, C4<0>, C4<0>, C4<0>, C4<0>;
v0000021143d2e880_0 .net "cout", 0 0, L_0000021143df7ff8;  1 drivers
v0000021143d2e920_0 .net "sum", 0 0, L_0000021143db69d0;  1 drivers
# The file index is used to find the file name in the following table.
:file_names 3;
    "N/A";
    "<interactive>";
    "axa3.v";
