#! /c/Source/iverilog-install/bin/vvp
:ivl_version "12.0 (devel)" "(s20150603-1539-g2693dd32b)";
:ivl_delay_selection "TYPICAL";
:vpi_time_precision - 9;
:vpi_module "C:\iverilog\lib\ivl\system.vpi";
:vpi_module "C:\iverilog\lib\ivl\vhdl_sys.vpi";
:vpi_module "C:\iverilog\lib\ivl\vhdl_textio.vpi";
:vpi_module "C:\iverilog\lib\ivl\v2005_math.vpi";
:vpi_module "C:\iverilog\lib\ivl\va_math.vpi";
S_000002737e84a8f0 .scope module, "axa3_tb" "axa3_tb" 2 4;
 .timescale -9 -9;
v000002737e6f2dc0_0 .var "a", 0 0;
v000002737e6f2e60_0 .var "b", 0 0;
v000002737e6f2f00_0 .var "cin", 0 0;
L_000002737e771038 .functor BUFT 1, C4<0>, C4<0>, C4<0>, C4<0>;
v000002737e6f2fa0_0 .net "cout", 0 0, L_000002737e771038;  1 drivers
v000002737e6f3040_0 .net "sum", 0 0, L_000002737e726050;  1 drivers
S_000002737e84aa80 .scope module, "uut" "axa3" 2 9, 3 1 0, S_000002737e84a8f0;
 .timescale -9 -9;
    .port_info 0 /INPUT 1 "a";
    .port_info 1 /INPUT 1 "b";
    .port_info 2 /INPUT 1 "cin";
    .port_info 3 /OUTPUT 1 "sum";
    .port_info 4 /OUTPUT 1 "cout";
L_000002737e726050 .functor XOR 1, v000002737e6f2dc0_0, v000002737e6f2e60_0, C4<0>, C4<0>;
v000002737e849b30_0 .net "a", 0 0, v000002737e6f2dc0_0;  1 drivers
v000002737e84bda0_0 .net "b", 0 0, v000002737e6f2e60_0;  1 drivers
v000002737e84ac10_0 .net "cin", 0 0, v000002737e6f2f00_0;  1 drivers
v000002737e849040_0 .net "cout", 0 0, L_000002737e771038;  alias, 1 drivers
v000002737e6f2d20_0 .net "sum", 0 0, L_000002737e726050;  alias, 1 drivers
    .scope S_000002737e84a8f0;
T_0 ;
    %vpi_call 2 12 "$dumpfile", "axa3.vcd" {0 0 0};
    %vpi_call 2 13 "$dumpvars", 32'sb00000000000000000000000000000000, S_000002737e84a8f0 {0 0 0};
    %vpi_call 2 15 "$monitor", "Time: %0t || a: %0b || b: %0b || cin: %0b || sum: %0b || cout: %0b", $time, v000002737e6f2dc0_0, v000002737e6f2e60_0, v000002737e6f2f00_0, v000002737e6f3040_0, v000002737e6f2fa0_0 {0 0 0};
    %pushi/vec4 0, 0, 1;
    %store/vec4 v000002737e6f2dc0_0, 0, 1;
    %pushi/vec4 0, 0, 1;
    %store/vec4 v000002737e6f2e60_0, 0, 1;
    %pushi/vec4 0, 0, 1;
    %store/vec4 v000002737e6f2f00_0, 0, 1;
    %delay 10, 0;
    %pushi/vec4 0, 0, 1;
    %store/vec4 v000002737e6f2dc0_0, 0, 1;
    %pushi/vec4 0, 0, 1;
    %store/vec4 v000002737e6f2e60_0, 0, 1;
    %pushi/vec4 0, 0, 1;
    %store/vec4 v000002737e6f2f00_0, 0, 1;
    %delay 10, 0;
    %pushi/vec4 0, 0, 1;
    %store/vec4 v000002737e6f2dc0_0, 0, 1;
    %pushi/vec4 0, 0, 1;
    %store/vec4 v000002737e6f2e60_0, 0, 1;
    %pushi/vec4 1, 0, 1;
    %store/vec4 v000002737e6f2f00_0, 0, 1;
    %delay 10, 0;
    %pushi/vec4 0, 0, 1;
    %store/vec4 v000002737e6f2dc0_0, 0, 1;
    %pushi/vec4 1, 0, 1;
    %store/vec4 v000002737e6f2e60_0, 0, 1;
    %pushi/vec4 0, 0, 1;
    %store/vec4 v000002737e6f2f00_0, 0, 1;
    %delay 10, 0;
    %pushi/vec4 1, 0, 1;
    %store/vec4 v000002737e6f2dc0_0, 0, 1;
    %pushi/vec4 1, 0, 1;
    %store/vec4 v000002737e6f2e60_0, 0, 1;
    %pushi/vec4 0, 0, 1;
    %store/vec4 v000002737e6f2f00_0, 0, 1;
    %delay 10, 0;
    %pushi/vec4 1, 0, 1;
    %store/vec4 v000002737e6f2dc0_0, 0, 1;
    %pushi/vec4 0, 0, 1;
    %store/vec4 v000002737e6f2e60_0, 0, 1;
    %pushi/vec4 0, 0, 1;
    %store/vec4 v000002737e6f2f00_0, 0, 1;
    %delay 10, 0;
    %vpi_call 2 27 "$finish" {0 0 0};
    %end;
    .thread T_0;
# The file index is used to find the file name in the following table.
:file_names 4;
    "N/A";
    "<interactive>";
    "axa3_tb.v";
    "./axa3.v";
