#! /c/Source/iverilog-install/bin/vvp
:ivl_version "12.0 (devel)" "(s20150603-1539-g2693dd32b)";
:ivl_delay_selection "TYPICAL";
:vpi_time_precision + 0;
:vpi_module "C:\iverilog\lib\ivl\system.vpi";
:vpi_module "C:\iverilog\lib\ivl\vhdl_sys.vpi";
:vpi_module "C:\iverilog\lib\ivl\vhdl_textio.vpi";
:vpi_module "C:\iverilog\lib\ivl\v2005_math.vpi";
:vpi_module "C:\iverilog\lib\ivl\va_math.vpi";
S_000002af307e2df0 .scope module, "sr_latch" "sr_latch" 2 1;
 .timescale 0 0;
    .port_info 0 /INPUT 1 "s";
    .port_info 1 /INPUT 1 "r";
    .port_info 2 /INPUT 1 "clk";
    .port_info 3 /INPUT 1 "rst";
    .port_info 4 /OUTPUT 1 "q";
o000002af30816fd8 .functor BUFZ 1, C4<z>; HiZ drive
v000002af307cef20_0 .net "clk", 0 0, o000002af30816fd8;  0 drivers
v000002af307e2f80_0 .var "q", 0 0;
o000002af30817038 .functor BUFZ 1, C4<z>; HiZ drive
v000002af307e3020_0 .net "r", 0 0, o000002af30817038;  0 drivers
o000002af30817068 .functor BUFZ 1, C4<z>; HiZ drive
v000002af307e30c0_0 .net "rst", 0 0, o000002af30817068;  0 drivers
o000002af30817098 .functor BUFZ 1, C4<z>; HiZ drive
v000002af3085bc40_0 .net "s", 0 0, o000002af30817098;  0 drivers
E_000002af307cc780 .event posedge, v000002af307e30c0_0, v000002af307cef20_0;
    .scope S_000002af307e2df0;
T_0 ;
    %wait E_000002af307cc780;
    %load/vec4 v000002af307e30c0_0;
    %flag_set/vec4 8;
    %jmp/0xz  T_0.0, 8;
    %pushi/vec4 0, 0, 1;
    %assign/vec4 v000002af307e2f80_0, 0;
    %jmp T_0.1;
T_0.0 ;
    %load/vec4 v000002af3085bc40_0;
    %inv;
    %load/vec4 v000002af307e3020_0;
    %inv;
    %concat/vec4; draw_concat_vec4
    %dup/vec4;
    %pushi/vec4 0, 0, 2;
    %cmp/x;
    %jmp/1 T_0.2, 4;
    %dup/vec4;
    %pushi/vec4 1, 0, 2;
    %cmp/x;
    %jmp/1 T_0.3, 4;
    %dup/vec4;
    %pushi/vec4 2, 0, 2;
    %cmp/x;
    %jmp/1 T_0.4, 4;
    %dup/vec4;
    %pushi/vec4 3, 0, 2;
    %cmp/x;
    %jmp/1 T_0.5, 4;
    %pushi/vec4 0, 0, 1;
    %assign/vec4 v000002af307e2f80_0, 0;
    %jmp T_0.7;
T_0.2 ;
    %load/vec4 v000002af307e2f80_0;
    %assign/vec4 v000002af307e2f80_0, 0;
    %jmp T_0.7;
T_0.3 ;
    %pushi/vec4 0, 0, 1;
    %assign/vec4 v000002af307e2f80_0, 0;
    %jmp T_0.7;
T_0.4 ;
    %pushi/vec4 1, 0, 1;
    %assign/vec4 v000002af307e2f80_0, 0;
    %jmp T_0.7;
T_0.5 ;
    %pushi/vec4 1, 1, 1;
    %assign/vec4 v000002af307e2f80_0, 0;
    %jmp T_0.7;
T_0.7 ;
    %pop/vec4 1;
T_0.1 ;
    %jmp T_0;
    .thread T_0;
# The file index is used to find the file name in the following table.
:file_names 3;
    "N/A";
    "<interactive>";
    "sr_latch.v";
