#! /c/Source/iverilog-install/bin/vvp
:ivl_version "12.0 (devel)" "(s20150603-1539-g2693dd32b)";
:ivl_delay_selection "TYPICAL";
:vpi_time_precision - 12;
:vpi_module "C:\iverilog\lib\ivl\system.vpi";
:vpi_module "C:\iverilog\lib\ivl\vhdl_sys.vpi";
:vpi_module "C:\iverilog\lib\ivl\vhdl_textio.vpi";
:vpi_module "C:\iverilog\lib\ivl\v2005_math.vpi";
:vpi_module "C:\iverilog\lib\ivl\va_math.vpi";
S_00000227a2937c30 .scope module, "pattern_detect_tb" "pattern_detect_tb" 2 33;
 .timescale -12 -12;
v00000227a2902ed0_0 .var "clk", 0 0;
v00000227a2902f70_0 .var "reset", 0 0;
v00000227a2903010_0 .var "x", 0 0;
v00000227a29030b0_0 .net "z", 0 0, v00000227a2934f20_0;  1 drivers
S_00000227a2937dc0 .scope module, "SEQ" "pattern_detect" 2 38, 3 39 0, S_00000227a2937c30;
 .timescale -12 -12;
    .port_info 0 /INPUT 1 "x";
    .port_info 1 /INPUT 1 "clk";
    .port_info 2 /INPUT 1 "reset";
    .port_info 3 /OUTPUT 1 "z";
P_00000227a2902d40 .param/l "S0" 0 3 43, +C4<00000000000000000000000000000000>;
P_00000227a2902d78 .param/l "S1" 0 3 43, +C4<00000000000000000000000000000001>;
P_00000227a2902db0 .param/l "S2" 0 3 43, +C4<00000000000000000000000000000010>;
P_00000227a2902de8 .param/l "S3" 0 3 43, +C4<00000000000000000000000000000011>;
v00000227a2902e30_0 .var "NS", 0 1;
v00000227a28abd20_0 .var "PS", 0 1;
v00000227a28abdc0_0 .net "clk", 0 0, v00000227a2902ed0_0;  1 drivers
v00000227a2934de0_0 .net "reset", 0 0, v00000227a2902f70_0;  1 drivers
v00000227a2934e80_0 .net "x", 0 0, v00000227a2903010_0;  1 drivers
v00000227a2934f20_0 .var "z", 0 0;
E_00000227a292a2f0 .event anyedge, v00000227a2934e80_0, v00000227a28abd20_0;
E_00000227a2929630 .event posedge, v00000227a2934de0_0, v00000227a28abdc0_0;
    .scope S_00000227a2937dc0;
T_0 ;
    %wait E_00000227a2929630;
    %load/vec4 v00000227a2934de0_0;
    %flag_set/vec4 8;
    %jmp/0xz  T_0.0, 8;
    %pushi/vec4 0, 0, 2;
    %assign/vec4 v00000227a28abd20_0, 0;
    %jmp T_0.1;
T_0.0 ;
    %load/vec4 v00000227a2902e30_0;
    %assign/vec4 v00000227a28abd20_0, 0;
T_0.1 ;
    %jmp T_0;
    .thread T_0;
    .scope S_00000227a2937dc0;
T_1 ;
    %wait E_00000227a292a2f0;
    %load/vec4 v00000227a28abd20_0;
    %dup/vec4;
    %pushi/vec4 0, 0, 2;
    %cmp/u;
    %jmp/1 T_1.0, 6;
    %dup/vec4;
    %pushi/vec4 1, 0, 2;
    %cmp/u;
    %jmp/1 T_1.1, 6;
    %dup/vec4;
    %pushi/vec4 2, 0, 2;
    %cmp/u;
    %jmp/1 T_1.2, 6;
    %dup/vec4;
    %pushi/vec4 3, 0, 2;
    %cmp/u;
    %jmp/1 T_1.3, 6;
    %jmp T_1.4;
T_1.0 ;
    %load/vec4 v00000227a2934e80_0;
    %flag_set/vec4 8;
    %jmp/0 T_1.5, 8;
    %pushi/vec4 0, 0, 1;
    %jmp/1 T_1.6, 8;
T_1.5 ; End of true expr.
    %pushi/vec4 0, 0, 1;
    %jmp/0 T_1.6, 8;
 ; End of false expr.
    %blend;
T_1.6;
    %store/vec4 v00000227a2934f20_0, 0, 1;
    %load/vec4 v00000227a2934e80_0;
    %flag_set/vec4 8;
    %jmp/0 T_1.7, 8;
    %pushi/vec4 0, 0, 32;
    %jmp/1 T_1.8, 8;
T_1.7 ; End of true expr.
    %pushi/vec4 1, 0, 32;
    %jmp/0 T_1.8, 8;
 ; End of false expr.
    %blend;
T_1.8;
    %pad/s 2;
    %store/vec4 v00000227a2902e30_0, 0, 2;
    %jmp T_1.4;
T_1.1 ;
    %load/vec4 v00000227a2934e80_0;
    %flag_set/vec4 8;
    %jmp/0 T_1.9, 8;
    %pushi/vec4 0, 0, 1;
    %jmp/1 T_1.10, 8;
T_1.9 ; End of true expr.
    %pushi/vec4 0, 0, 1;
    %jmp/0 T_1.10, 8;
 ; End of false expr.
    %blend;
T_1.10;
    %store/vec4 v00000227a2934f20_0, 0, 1;
    %load/vec4 v00000227a2934e80_0;
    %flag_set/vec4 8;
    %jmp/0 T_1.11, 8;
    %pushi/vec4 2, 0, 32;
    %jmp/1 T_1.12, 8;
T_1.11 ; End of true expr.
    %pushi/vec4 1, 0, 32;
    %jmp/0 T_1.12, 8;
 ; End of false expr.
    %blend;
T_1.12;
    %pad/s 2;
    %store/vec4 v00000227a2902e30_0, 0, 2;
    %jmp T_1.4;
T_1.2 ;
    %load/vec4 v00000227a2934e80_0;
    %flag_set/vec4 8;
    %jmp/0 T_1.13, 8;
    %pushi/vec4 0, 0, 1;
    %jmp/1 T_1.14, 8;
T_1.13 ; End of true expr.
    %pushi/vec4 0, 0, 1;
    %jmp/0 T_1.14, 8;
 ; End of false expr.
    %blend;
T_1.14;
    %store/vec4 v00000227a2934f20_0, 0, 1;
    %load/vec4 v00000227a2934e80_0;
    %flag_set/vec4 8;
    %jmp/0 T_1.15, 8;
    %pushi/vec4 3, 0, 32;
    %jmp/1 T_1.16, 8;
T_1.15 ; End of true expr.
    %pushi/vec4 1, 0, 32;
    %jmp/0 T_1.16, 8;
 ; End of false expr.
    %blend;
T_1.16;
    %pad/s 2;
    %store/vec4 v00000227a2902e30_0, 0, 2;
    %jmp T_1.4;
T_1.3 ;
    %load/vec4 v00000227a2934e80_0;
    %flag_set/vec4 8;
    %jmp/0 T_1.17, 8;
    %pushi/vec4 0, 0, 2;
    %jmp/1 T_1.18, 8;
T_1.17 ; End of true expr.
    %pushi/vec4 1, 0, 2;
    %jmp/0 T_1.18, 8;
 ; End of false expr.
    %blend;
T_1.18;
    %pad/s 1;
    %store/vec4 v00000227a2934f20_0, 0, 1;
    %load/vec4 v00000227a2934e80_0;
    %flag_set/vec4 8;
    %jmp/0 T_1.19, 8;
    %pushi/vec4 0, 0, 32;
    %jmp/1 T_1.20, 8;
T_1.19 ; End of true expr.
    %pushi/vec4 1, 0, 32;
    %jmp/0 T_1.20, 8;
 ; End of false expr.
    %blend;
T_1.20;
    %pad/s 2;
    %store/vec4 v00000227a2902e30_0, 0, 2;
    %jmp T_1.4;
T_1.4 ;
    %pop/vec4 1;
    %jmp T_1;
    .thread T_1, $push;
    .scope S_00000227a2937c30;
T_2 ;
    %pushi/vec4 0, 0, 1;
    %store/vec4 v00000227a2902ed0_0, 0, 1;
    %pushi/vec4 1, 0, 1;
    %store/vec4 v00000227a2902f70_0, 0, 1;
    %delay 15, 0;
    %pushi/vec4 0, 0, 1;
    %store/vec4 v00000227a2902f70_0, 0, 1;
    %end;
    .thread T_2;
    .scope S_00000227a2937c30;
T_3 ;
    %delay 5, 0;
    %load/vec4 v00000227a2902ed0_0;
    %inv;
    %store/vec4 v00000227a2902ed0_0, 0, 1;
    %jmp T_3;
    .thread T_3;
    .scope S_00000227a2937c30;
T_4 ;
    %vpi_call 2 52 "$monitor", "Time = %t | clk = %b | x = %b | z = %b", $time, v00000227a2902ed0_0, v00000227a2903010_0, v00000227a29030b0_0 {0 0 0};
    %delay 12, 0;
    %pushi/vec4 0, 0, 1;
    %store/vec4 v00000227a2903010_0, 0, 1;
    %delay 10, 0;
    %pushi/vec4 0, 0, 1;
    %store/vec4 v00000227a2903010_0, 0, 1;
    %delay 10, 0;
    %pushi/vec4 1, 0, 1;
    %store/vec4 v00000227a2903010_0, 0, 1;
    %delay 10, 0;
    %pushi/vec4 1, 0, 1;
    %store/vec4 v00000227a2903010_0, 0, 1;
    %delay 10, 0;
    %pushi/vec4 0, 0, 1;
    %store/vec4 v00000227a2903010_0, 0, 1;
    %delay 10, 0;
    %pushi/vec4 1, 0, 1;
    %store/vec4 v00000227a2903010_0, 0, 1;
    %delay 10, 0;
    %pushi/vec4 1, 0, 1;
    %store/vec4 v00000227a2903010_0, 0, 1;
    %delay 10, 0;
    %pushi/vec4 0, 0, 1;
    %store/vec4 v00000227a2903010_0, 0, 1;
    %delay 10, 0;
    %pushi/vec4 0, 0, 1;
    %store/vec4 v00000227a2903010_0, 0, 1;
    %delay 10, 0;
    %pushi/vec4 1, 0, 1;
    %store/vec4 v00000227a2903010_0, 0, 1;
    %delay 10, 0;
    %pushi/vec4 1, 0, 1;
    %store/vec4 v00000227a2903010_0, 0, 1;
    %delay 10, 0;
    %pushi/vec4 0, 0, 1;
    %store/vec4 v00000227a2903010_0, 0, 1;
    %delay 10, 0;
    %vpi_call 2 56 "$finish" {0 0 0};
    %end;
    .thread T_4;
# The file index is used to find the file name in the following table.
:file_names 4;
    "N/A";
    "<interactive>";
    "pattern_detect_tb.v";
    "./pattern_detect.v";
