#! /c/Source/iverilog-install/bin/vvp
:ivl_version "12.0 (devel)" "(s20150603-1539-g2693dd32b)";
:ivl_delay_selection "TYPICAL";
:vpi_time_precision + 0;
:vpi_module "C:\iverilog\lib\ivl\system.vpi";
:vpi_module "C:\iverilog\lib\ivl\vhdl_sys.vpi";
:vpi_module "C:\iverilog\lib\ivl\vhdl_textio.vpi";
:vpi_module "C:\iverilog\lib\ivl\v2005_math.vpi";
:vpi_module "C:\iverilog\lib\ivl\va_math.vpi";
S_00000236924f2ce0 .scope module, "pattern_detect" "pattern_detect" 2 39;
 .timescale 0 0;
    .port_info 0 /INPUT 1 "x";
    .port_info 1 /INPUT 1 "clk";
    .port_info 2 /INPUT 1 "reset";
    .port_info 3 /OUTPUT 1 "z";
P_000002369249bd60 .param/l "S0" 0 2 43, +C4<00000000000000000000000000000000>;
P_000002369249bd98 .param/l "S1" 0 2 43, +C4<00000000000000000000000000000001>;
P_000002369249bdd0 .param/l "S2" 0 2 43, +C4<00000000000000000000000000000010>;
P_000002369249be08 .param/l "S3" 0 2 43, +C4<00000000000000000000000000000011>;
v00000236924f2e70_0 .var "NS", 0 1;
v00000236924f2f10_0 .var "PS", 0 1;
o0000023692527fd8 .functor BUFZ 1, C4<z>; HiZ drive
v00000236924f2fb0_0 .net "clk", 0 0, o0000023692527fd8;  0 drivers
o0000023692528008 .functor BUFZ 1, C4<z>; HiZ drive
v00000236924f3050_0 .net "reset", 0 0, o0000023692528008;  0 drivers
o0000023692528038 .functor BUFZ 1, C4<z>; HiZ drive
v00000236924f30f0_0 .net "x", 0 0, o0000023692528038;  0 drivers
v0000023692524d00_0 .var "z", 0 0;
E_0000023692515630 .event anyedge, v00000236924f30f0_0, v00000236924f2f10_0;
E_0000023692515af0 .event posedge, v00000236924f3050_0, v00000236924f2fb0_0;
    .scope S_00000236924f2ce0;
T_0 ;
    %wait E_0000023692515af0;
    %load/vec4 v00000236924f3050_0;
    %flag_set/vec4 8;
    %jmp/0xz  T_0.0, 8;
    %pushi/vec4 0, 0, 2;
    %assign/vec4 v00000236924f2f10_0, 0;
    %jmp T_0.1;
T_0.0 ;
    %load/vec4 v00000236924f2e70_0;
    %assign/vec4 v00000236924f2f10_0, 0;
T_0.1 ;
    %jmp T_0;
    .thread T_0;
    .scope S_00000236924f2ce0;
T_1 ;
    %wait E_0000023692515630;
    %load/vec4 v00000236924f2f10_0;
    %dup/vec4;
    %pushi/vec4 0, 0, 2;
    %cmp/u;
    %jmp/1 T_1.0, 6;
    %dup/vec4;
    %pushi/vec4 1, 0, 2;
    %cmp/u;
    %jmp/1 T_1.1, 6;
    %dup/vec4;
    %pushi/vec4 2, 0, 2;
    %cmp/u;
    %jmp/1 T_1.2, 6;
    %dup/vec4;
    %pushi/vec4 3, 0, 2;
    %cmp/u;
    %jmp/1 T_1.3, 6;
    %jmp T_1.4;
T_1.0 ;
    %load/vec4 v00000236924f30f0_0;
    %flag_set/vec4 8;
    %jmp/0 T_1.5, 8;
    %pushi/vec4 0, 0, 1;
    %jmp/1 T_1.6, 8;
T_1.5 ; End of true expr.
    %pushi/vec4 0, 0, 1;
    %jmp/0 T_1.6, 8;
 ; End of false expr.
    %blend;
T_1.6;
    %store/vec4 v0000023692524d00_0, 0, 1;
    %load/vec4 v00000236924f30f0_0;
    %flag_set/vec4 8;
    %jmp/0 T_1.7, 8;
    %pushi/vec4 0, 0, 32;
    %jmp/1 T_1.8, 8;
T_1.7 ; End of true expr.
    %pushi/vec4 1, 0, 32;
    %jmp/0 T_1.8, 8;
 ; End of false expr.
    %blend;
T_1.8;
    %pad/s 2;
    %store/vec4 v00000236924f2e70_0, 0, 2;
    %jmp T_1.4;
T_1.1 ;
    %load/vec4 v00000236924f30f0_0;
    %flag_set/vec4 8;
    %jmp/0 T_1.9, 8;
    %pushi/vec4 0, 0, 1;
    %jmp/1 T_1.10, 8;
T_1.9 ; End of true expr.
    %pushi/vec4 0, 0, 1;
    %jmp/0 T_1.10, 8;
 ; End of false expr.
    %blend;
T_1.10;
    %store/vec4 v0000023692524d00_0, 0, 1;
    %load/vec4 v00000236924f30f0_0;
    %flag_set/vec4 8;
    %jmp/0 T_1.11, 8;
    %pushi/vec4 2, 0, 32;
    %jmp/1 T_1.12, 8;
T_1.11 ; End of true expr.
    %pushi/vec4 1, 0, 32;
    %jmp/0 T_1.12, 8;
 ; End of false expr.
    %blend;
T_1.12;
    %pad/s 2;
    %store/vec4 v00000236924f2e70_0, 0, 2;
    %jmp T_1.4;
T_1.2 ;
    %load/vec4 v00000236924f30f0_0;
    %flag_set/vec4 8;
    %jmp/0 T_1.13, 8;
    %pushi/vec4 0, 0, 1;
    %jmp/1 T_1.14, 8;
T_1.13 ; End of true expr.
    %pushi/vec4 0, 0, 1;
    %jmp/0 T_1.14, 8;
 ; End of false expr.
    %blend;
T_1.14;
    %store/vec4 v0000023692524d00_0, 0, 1;
    %load/vec4 v00000236924f30f0_0;
    %flag_set/vec4 8;
    %jmp/0 T_1.15, 8;
    %pushi/vec4 3, 0, 32;
    %jmp/1 T_1.16, 8;
T_1.15 ; End of true expr.
    %pushi/vec4 1, 0, 32;
    %jmp/0 T_1.16, 8;
 ; End of false expr.
    %blend;
T_1.16;
    %pad/s 2;
    %store/vec4 v00000236924f2e70_0, 0, 2;
    %jmp T_1.4;
T_1.3 ;
    %load/vec4 v00000236924f30f0_0;
    %flag_set/vec4 8;
    %jmp/0 T_1.17, 8;
    %pushi/vec4 0, 0, 2;
    %jmp/1 T_1.18, 8;
T_1.17 ; End of true expr.
    %pushi/vec4 1, 0, 2;
    %jmp/0 T_1.18, 8;
 ; End of false expr.
    %blend;
T_1.18;
    %pad/s 1;
    %store/vec4 v0000023692524d00_0, 0, 1;
    %load/vec4 v00000236924f30f0_0;
    %flag_set/vec4 8;
    %jmp/0 T_1.19, 8;
    %pushi/vec4 0, 0, 32;
    %jmp/1 T_1.20, 8;
T_1.19 ; End of true expr.
    %pushi/vec4 1, 0, 32;
    %jmp/0 T_1.20, 8;
 ; End of false expr.
    %blend;
T_1.20;
    %pad/s 2;
    %store/vec4 v00000236924f2e70_0, 0, 2;
    %jmp T_1.4;
T_1.4 ;
    %pop/vec4 1;
    %jmp T_1;
    .thread T_1, $push;
# The file index is used to find the file name in the following table.
:file_names 3;
    "N/A";
    "<interactive>";
    "pattern_detect.v";
