#! /c/Source/iverilog-install/bin/vvp
:ivl_version "12.0 (devel)" "(s20150603-1539-g2693dd32b)";
:ivl_delay_selection "TYPICAL";
:vpi_time_precision - 9;
:vpi_module "C:\iverilog\lib\ivl\system.vpi";
:vpi_module "C:\iverilog\lib\ivl\vhdl_sys.vpi";
:vpi_module "C:\iverilog\lib\ivl\vhdl_textio.vpi";
:vpi_module "C:\iverilog\lib\ivl\v2005_math.vpi";
:vpi_module "C:\iverilog\lib\ivl\va_math.vpi";
S_0000022c7f2c61c0 .scope module, "xor_using_nand" "xor_using_nand" 2 1;
 .timescale -9 -9;
    .port_info 0 /INPUT 1 "a";
    .port_info 1 /INPUT 1 "b";
    .port_info 2 /OUTPUT 1 "y";
o0000022c7f2c6fb8 .functor BUFZ 1, C4<z>; HiZ drive
o0000022c7f2c6fe8 .functor BUFZ 1, C4<z>; HiZ drive
L_0000022c7f293520 .functor NAND 1, o0000022c7f2c6fb8, o0000022c7f2c6fe8, C4<1>, C4<1>;
L_0000022c7f293680 .functor NAND 1, L_0000022c7f293520, o0000022c7f2c6fb8, C4<1>, C4<1>;
L_0000022c7f2937e0 .functor NAND 1, L_0000022c7f293520, o0000022c7f2c6fe8, C4<1>, C4<1>;
L_0000022c7f2c4f80 .functor NAND 1, L_0000022c7f2937e0, L_0000022c7f293680, C4<1>, C4<1>;
v0000022c7f2c64e0_0 .net "a", 0 0, o0000022c7f2c6fb8;  0 drivers
v0000022c7f293120_0 .net "b", 0 0, o0000022c7f2c6fe8;  0 drivers
v0000022c7f2c6580_0 .net "d", 0 0, L_0000022c7f293520;  1 drivers
v0000022c7f278df0_0 .net "e", 0 0, L_0000022c7f293680;  1 drivers
v0000022c7f278e90_0 .net "f", 0 0, L_0000022c7f2937e0;  1 drivers
v0000022c7f2c4d00_0 .net "y", 0 0, L_0000022c7f2c4f80;  1 drivers
S_0000022c7f2c6350 .scope module, "xor_using_nand_tb" "xor_using_nand_tb" 3 4;
 .timescale -9 -9;
v0000022c7f2c4da0_0 .var "a", 0 0;
v0000022c7f2c4e40_0 .var "b", 0 0;
o0000022c7f2c71c8 .functor BUFZ 1, C4<z>; HiZ drive
v0000022c7f2c4ee0_0 .net "y", 0 0, o0000022c7f2c71c8;  0 drivers
    .scope S_0000022c7f2c6350;
T_0 ;
    %vpi_call 3 11 "$dumpfile", "xor_using_nand.v" {0 0 0};
    %vpi_call 3 12 "$dumpvars", 32'sb00000000000000000000000000000000, S_0000022c7f2c6350 {0 0 0};
    %vpi_call 3 14 "$monitor", "a: %b || b: %b || out: %b", v0000022c7f2c4da0_0, v0000022c7f2c4e40_0, v0000022c7f2c4ee0_0 {0 0 0};
    %pushi/vec4 0, 0, 1;
    %store/vec4 v0000022c7f2c4da0_0, 0, 1;
    %pushi/vec4 0, 0, 1;
    %store/vec4 v0000022c7f2c4e40_0, 0, 1;
    %delay 10, 0;
    %pushi/vec4 0, 0, 1;
    %store/vec4 v0000022c7f2c4da0_0, 0, 1;
    %pushi/vec4 1, 0, 1;
    %store/vec4 v0000022c7f2c4e40_0, 0, 1;
    %delay 10, 0;
    %pushi/vec4 1, 0, 1;
    %store/vec4 v0000022c7f2c4da0_0, 0, 1;
    %pushi/vec4 0, 0, 1;
    %store/vec4 v0000022c7f2c4e40_0, 0, 1;
    %delay 10, 0;
    %pushi/vec4 1, 0, 1;
    %store/vec4 v0000022c7f2c4da0_0, 0, 1;
    %pushi/vec4 1, 0, 1;
    %store/vec4 v0000022c7f2c4e40_0, 0, 1;
    %delay 10, 0;
    %vpi_call 3 21 "$finish" {0 0 0};
    %end;
    .thread T_0;
# The file index is used to find the file name in the following table.
:file_names 4;
    "N/A";
    "<interactive>";
    "./xor_using_nand.v";
    "nor_using_nand_tb.v";
