#! /c/Source/iverilog-install/bin/vvp
:ivl_version "12.0 (devel)" "(s20150603-1539-g2693dd32b)";
:ivl_delay_selection "TYPICAL";
:vpi_time_precision + 0;
:vpi_module "C:\iverilog\lib\ivl\system.vpi";
:vpi_module "C:\iverilog\lib\ivl\vhdl_sys.vpi";
:vpi_module "C:\iverilog\lib\ivl\vhdl_textio.vpi";
:vpi_module "C:\iverilog\lib\ivl\v2005_math.vpi";
:vpi_module "C:\iverilog\lib\ivl\va_math.vpi";
S_0000018811502df0 .scope module, "xor_using_nand" "xor_using_nand" 2 1;
 .timescale 0 0;
    .port_info 0 /INPUT 1 "a";
    .port_info 1 /INPUT 1 "b";
    .port_info 2 /OUTPUT 1 "y";
o0000018811536fd8 .functor BUFZ 1, C4<z>; HiZ drive
o0000018811537008 .functor BUFZ 1, C4<z>; HiZ drive
L_00000188115034c0 .functor NAND 1, o0000018811536fd8, o0000018811537008, C4<1>, C4<1>;
L_0000018811503620 .functor NAND 1, L_00000188115034c0, o0000018811536fd8, C4<1>, C4<1>;
L_0000018811503780 .functor NAND 1, L_00000188115034c0, o0000018811537008, C4<1>, C4<1>;
L_00000188112ae320 .functor NAND 1, L_0000018811503780, L_0000018811503620, C4<1>, C4<1>;
v0000018811502f80_0 .net "a", 0 0, o0000018811536fd8;  0 drivers
v0000018811503020_0 .net "b", 0 0, o0000018811537008;  0 drivers
v00000188115030c0_0 .net "d", 0 0, L_00000188115034c0;  1 drivers
v00000188112ae140_0 .net "e", 0 0, L_0000018811503620;  1 drivers
v00000188112ae1e0_0 .net "f", 0 0, L_0000018811503780;  1 drivers
v00000188112ae280_0 .net "y", 0 0, L_00000188112ae320;  1 drivers
# The file index is used to find the file name in the following table.
:file_names 3;
    "N/A";
    "<interactive>";
    "xor_using_nand.v";
