#! /c/Source/iverilog-install/bin/vvp
:ivl_version "12.0 (devel)" "(s20150603-1539-g2693dd32b)";
:ivl_delay_selection "TYPICAL";
:vpi_time_precision + 0;
:vpi_module "C:\iverilog\lib\ivl\system.vpi";
:vpi_module "C:\iverilog\lib\ivl\vhdl_sys.vpi";
:vpi_module "C:\iverilog\lib\ivl\vhdl_textio.vpi";
:vpi_module "C:\iverilog\lib\ivl\v2005_math.vpi";
:vpi_module "C:\iverilog\lib\ivl\va_math.vpi";
S_00000295e5c82df0 .scope module, "elevator_fsm" "elevator_fsm" 2 1;
 .timescale 0 0;
    .port_info 0 /INPUT 1 "clk";
    .port_info 1 /INPUT 1 "rst";
    .port_info 2 /INPUT 1 "up_request";
    .port_info 3 /INPUT 2 "current_floor";
    .port_info 4 /OUTPUT 2 "direction";
P_00000295e5c82f80 .param/l "DOWN" 0 2 10, C4<10>;
P_00000295e5c82fb8 .param/l "IDLE" 0 2 10, C4<00>;
P_00000295e5c82ff0 .param/l "STAY" 0 2 10, C4<11>;
P_00000295e5c83028 .param/l "UP" 0 2 10, C4<01>;
o00000295e5cbbfd8 .functor BUFZ 1, C4<z>; HiZ drive
v00000295e5c83070_0 .net "clk", 0 0, o00000295e5cbbfd8;  0 drivers
o00000295e5cbc008 .functor BUFZ 2, C4<zz>; HiZ drive
v00000295e5c2bd10_0 .net "current_floor", 1 0, o00000295e5cbc008;  0 drivers
v00000295e5c2bdb0_0 .var "direction", 1 0;
v00000295e5d02850_0 .var "next_state", 1 0;
o00000295e5cbc098 .functor BUFZ 1, C4<z>; HiZ drive
v00000295e5d028f0_0 .net "rst", 0 0, o00000295e5cbc098;  0 drivers
v00000295e5d02990_0 .var "state", 1 0;
o00000295e5cbc0f8 .functor BUFZ 1, C4<z>; HiZ drive
v00000295e5d02a30_0 .net "up_request", 0 0, o00000295e5cbc0f8;  0 drivers
E_00000295e5cb80d0 .event anyedge, v00000295e5d02990_0;
E_00000295e5cb8f10 .event anyedge, v00000295e5d02990_0, v00000295e5c2bd10_0, v00000295e5d02a30_0;
E_00000295e5cb82d0 .event posedge, v00000295e5d028f0_0, v00000295e5c83070_0;
    .scope S_00000295e5c82df0;
T_0 ;
    %wait E_00000295e5cb82d0;
    %load/vec4 v00000295e5d028f0_0;
    %flag_set/vec4 8;
    %jmp/0xz  T_0.0, 8;
    %pushi/vec4 0, 0, 2;
    %assign/vec4 v00000295e5d02990_0, 0;
    %jmp T_0.1;
T_0.0 ;
    %load/vec4 v00000295e5d02850_0;
    %assign/vec4 v00000295e5d02990_0, 0;
T_0.1 ;
    %jmp T_0;
    .thread T_0;
    .scope S_00000295e5c82df0;
T_1 ;
    %wait E_00000295e5cb8f10;
    %load/vec4 v00000295e5d02990_0;
    %dup/vec4;
    %pushi/vec4 0, 0, 2;
    %cmp/u;
    %jmp/1 T_1.0, 6;
    %dup/vec4;
    %pushi/vec4 1, 0, 2;
    %cmp/u;
    %jmp/1 T_1.1, 6;
    %dup/vec4;
    %pushi/vec4 2, 0, 2;
    %cmp/u;
    %jmp/1 T_1.2, 6;
    %dup/vec4;
    %pushi/vec4 3, 0, 2;
    %cmp/u;
    %jmp/1 T_1.3, 6;
    %pushi/vec4 0, 0, 2;
    %store/vec4 v00000295e5d02850_0, 0, 2;
    %jmp T_1.5;
T_1.0 ;
    %load/vec4 v00000295e5c2bd10_0;
    %cmpi/e 3, 0, 2;
    %flag_get/vec4 4;
    %jmp/0 T_1.8, 4;
    %load/vec4 v00000295e5d02a30_0;
    %pushi/vec4 1, 0, 1;
    %cmp/e;
    %flag_get/vec4 4;
    %and;
T_1.8;
    %flag_set/vec4 8;
    %jmp/0xz  T_1.6, 8;
    %pushi/vec4 3, 0, 2;
    %store/vec4 v00000295e5d02850_0, 0, 2;
    %jmp T_1.7;
T_1.6 ;
    %load/vec4 v00000295e5c2bd10_0;
    %cmpi/e 0, 0, 2;
    %flag_get/vec4 4;
    %jmp/0 T_1.11, 4;
    %load/vec4 v00000295e5d02a30_0;
    %pushi/vec4 0, 0, 1;
    %cmp/e;
    %flag_get/vec4 4;
    %and;
T_1.11;
    %flag_set/vec4 8;
    %jmp/0xz  T_1.9, 8;
    %pushi/vec4 3, 0, 2;
    %store/vec4 v00000295e5d02850_0, 0, 2;
    %jmp T_1.10;
T_1.9 ;
    %load/vec4 v00000295e5d02a30_0;
    %flag_set/vec4 8;
    %jmp/0xz  T_1.12, 8;
    %pushi/vec4 1, 0, 2;
    %store/vec4 v00000295e5d02850_0, 0, 2;
    %jmp T_1.13;
T_1.12 ;
    %pushi/vec4 2, 0, 2;
    %store/vec4 v00000295e5d02850_0, 0, 2;
T_1.13 ;
T_1.10 ;
T_1.7 ;
    %jmp T_1.5;
T_1.1 ;
    %load/vec4 v00000295e5c2bd10_0;
    %cmpi/e 3, 0, 2;
    %jmp/0xz  T_1.14, 4;
    %pushi/vec4 3, 0, 2;
    %store/vec4 v00000295e5d02850_0, 0, 2;
    %jmp T_1.15;
T_1.14 ;
    %load/vec4 v00000295e5d02a30_0;
    %nor/r;
    %flag_set/vec4 8;
    %jmp/0xz  T_1.16, 8;
    %pushi/vec4 2, 0, 2;
    %store/vec4 v00000295e5d02850_0, 0, 2;
    %jmp T_1.17;
T_1.16 ;
    %pushi/vec4 1, 0, 2;
    %store/vec4 v00000295e5d02850_0, 0, 2;
T_1.17 ;
T_1.15 ;
    %jmp T_1.5;
T_1.2 ;
    %load/vec4 v00000295e5c2bd10_0;
    %cmpi/e 0, 0, 2;
    %jmp/0xz  T_1.18, 4;
    %pushi/vec4 3, 0, 2;
    %store/vec4 v00000295e5d02850_0, 0, 2;
    %jmp T_1.19;
T_1.18 ;
    %load/vec4 v00000295e5d02a30_0;
    %flag_set/vec4 8;
    %jmp/0xz  T_1.20, 8;
    %pushi/vec4 1, 0, 2;
    %store/vec4 v00000295e5d02850_0, 0, 2;
    %jmp T_1.21;
T_1.20 ;
    %pushi/vec4 2, 0, 2;
    %store/vec4 v00000295e5d02850_0, 0, 2;
T_1.21 ;
T_1.19 ;
    %jmp T_1.5;
T_1.3 ;
    %load/vec4 v00000295e5d02a30_0;
    %flag_set/vec4 9;
    %flag_get/vec4 9;
    %jmp/0 T_1.24, 9;
    %load/vec4 v00000295e5c2bd10_0;
    %pushi/vec4 3, 0, 2;
    %cmp/ne;
    %flag_get/vec4 4;
    %and;
T_1.24;
    %flag_set/vec4 8;
    %jmp/0xz  T_1.22, 8;
    %pushi/vec4 1, 0, 2;
    %store/vec4 v00000295e5d02850_0, 0, 2;
    %jmp T_1.23;
T_1.22 ;
    %load/vec4 v00000295e5d02a30_0;
    %nor/r;
    %flag_set/vec4 9;
    %flag_get/vec4 9;
    %jmp/0 T_1.27, 9;
    %load/vec4 v00000295e5c2bd10_0;
    %pushi/vec4 0, 0, 2;
    %cmp/ne;
    %flag_get/vec4 4;
    %and;
T_1.27;
    %flag_set/vec4 8;
    %jmp/0xz  T_1.25, 8;
    %pushi/vec4 2, 0, 2;
    %store/vec4 v00000295e5d02850_0, 0, 2;
    %jmp T_1.26;
T_1.25 ;
    %pushi/vec4 3, 0, 2;
    %store/vec4 v00000295e5d02850_0, 0, 2;
T_1.26 ;
T_1.23 ;
    %jmp T_1.5;
T_1.5 ;
    %pop/vec4 1;
    %jmp T_1;
    .thread T_1, $push;
    .scope S_00000295e5c82df0;
T_2 ;
    %wait E_00000295e5cb80d0;
    %load/vec4 v00000295e5d02990_0;
    %dup/vec4;
    %pushi/vec4 0, 0, 2;
    %cmp/u;
    %jmp/1 T_2.0, 6;
    %dup/vec4;
    %pushi/vec4 1, 0, 2;
    %cmp/u;
    %jmp/1 T_2.1, 6;
    %dup/vec4;
    %pushi/vec4 2, 0, 2;
    %cmp/u;
    %jmp/1 T_2.2, 6;
    %dup/vec4;
    %pushi/vec4 3, 0, 2;
    %cmp/u;
    %jmp/1 T_2.3, 6;
    %pushi/vec4 0, 0, 2;
    %store/vec4 v00000295e5c2bdb0_0, 0, 2;
    %jmp T_2.5;
T_2.0 ;
    %pushi/vec4 0, 0, 2;
    %store/vec4 v00000295e5c2bdb0_0, 0, 2;
    %jmp T_2.5;
T_2.1 ;
    %pushi/vec4 1, 0, 2;
    %store/vec4 v00000295e5c2bdb0_0, 0, 2;
    %jmp T_2.5;
T_2.2 ;
    %pushi/vec4 2, 0, 2;
    %store/vec4 v00000295e5c2bdb0_0, 0, 2;
    %jmp T_2.5;
T_2.3 ;
    %pushi/vec4 0, 0, 2;
    %store/vec4 v00000295e5c2bdb0_0, 0, 2;
    %jmp T_2.5;
T_2.5 ;
    %pop/vec4 1;
    %jmp T_2;
    .thread T_2, $push;
# The file index is used to find the file name in the following table.
:file_names 3;
    "N/A";
    "<interactive>";
    "elevator_fsm.v";
