#! /c/Source/iverilog-install/bin/vvp
:ivl_version "12.0 (devel)" "(s20150603-1539-g2693dd32b)";
:ivl_delay_selection "TYPICAL";
:vpi_time_precision - 9;
:vpi_module "C:\iverilog\lib\ivl\system.vpi";
:vpi_module "C:\iverilog\lib\ivl\vhdl_sys.vpi";
:vpi_module "C:\iverilog\lib\ivl\vhdl_textio.vpi";
:vpi_module "C:\iverilog\lib\ivl\v2005_math.vpi";
:vpi_module "C:\iverilog\lib\ivl\va_math.vpi";
S_000002a2479ae880 .scope module, "seq_detect_tb" "seq_detect_tb" 2 4;
 .timescale -9 -9;
v000002a2479abdb0_0 .var "clk", 0 0;
v000002a2479f4810_0 .var "in", 0 0;
v000002a2479f48b0_0 .net "out", 0 0, v000002a2479abbd0_0;  1 drivers
v000002a2479f4950_0 .var "rst", 0 0;
S_000002a2479aea10 .scope module, "uut" "seq_detect" 2 9, 3 3 0, S_000002a2479ae880;
 .timescale -9 -9;
    .port_info 0 /INPUT 1 "clk";
    .port_info 1 /INPUT 1 "rst";
    .port_info 2 /INPUT 1 "in";
    .port_info 3 /OUTPUT 1 "out";
P_000002a2479aeba0 .param/l "S0" 0 3 9, C4<00>;
P_000002a2479aebd8 .param/l "S1" 0 3 9, C4<01>;
P_000002a2479aec10 .param/l "S2" 0 3 9, C4<10>;
P_000002a2479aec48 .param/l "S3" 0 3 9, C4<11>;
v000002a2479ab090_0 .net "clk", 0 0, v000002a2479abdb0_0;  1 drivers
v000002a2479c3120_0 .net "in", 0 0, v000002a2479f4810_0;  1 drivers
v000002a2479abb30_0 .var "next_state", 1 0;
v000002a2479abbd0_0 .var "out", 0 0;
v000002a2479abc70_0 .net "rst", 0 0, v000002a2479f4950_0;  1 drivers
v000002a2479abd10_0 .var "state", 1 0;
E_000002a2479fd4c0 .event anyedge, v000002a2479abd10_0, v000002a2479c3120_0;
E_000002a2479fd200 .event posedge, v000002a2479abc70_0, v000002a2479ab090_0;
    .scope S_000002a2479aea10;
T_0 ;
    %wait E_000002a2479fd200;
    %load/vec4 v000002a2479abc70_0;
    %flag_set/vec4 8;
    %jmp/0xz  T_0.0, 8;
    %pushi/vec4 0, 0, 2;
    %assign/vec4 v000002a2479abd10_0, 0;
    %jmp T_0.1;
T_0.0 ;
    %load/vec4 v000002a2479abb30_0;
    %assign/vec4 v000002a2479abd10_0, 0;
T_0.1 ;
    %jmp T_0;
    .thread T_0;
    .scope S_000002a2479aea10;
T_1 ;
    %wait E_000002a2479fd4c0;
    %pushi/vec4 0, 0, 1;
    %store/vec4 v000002a2479abbd0_0, 0, 1;
    %load/vec4 v000002a2479abd10_0;
    %dup/vec4;
    %pushi/vec4 0, 0, 2;
    %cmp/u;
    %jmp/1 T_1.0, 6;
    %dup/vec4;
    %pushi/vec4 1, 0, 2;
    %cmp/u;
    %jmp/1 T_1.1, 6;
    %dup/vec4;
    %pushi/vec4 2, 0, 2;
    %cmp/u;
    %jmp/1 T_1.2, 6;
    %dup/vec4;
    %pushi/vec4 3, 0, 2;
    %cmp/u;
    %jmp/1 T_1.3, 6;
    %pushi/vec4 0, 0, 2;
    %store/vec4 v000002a2479abb30_0, 0, 2;
    %pushi/vec4 0, 0, 1;
    %store/vec4 v000002a2479abbd0_0, 0, 1;
    %jmp T_1.5;
T_1.0 ;
    %load/vec4 v000002a2479c3120_0;
    %flag_set/vec4 8;
    %jmp/0 T_1.6, 8;
    %pushi/vec4 1, 0, 2;
    %jmp/1 T_1.7, 8;
T_1.6 ; End of true expr.
    %pushi/vec4 0, 0, 2;
    %jmp/0 T_1.7, 8;
 ; End of false expr.
    %blend;
T_1.7;
    %store/vec4 v000002a2479abb30_0, 0, 2;
    %jmp T_1.5;
T_1.1 ;
    %load/vec4 v000002a2479c3120_0;
    %flag_set/vec4 8;
    %jmp/0 T_1.8, 8;
    %pushi/vec4 1, 0, 2;
    %jmp/1 T_1.9, 8;
T_1.8 ; End of true expr.
    %pushi/vec4 2, 0, 2;
    %jmp/0 T_1.9, 8;
 ; End of false expr.
    %blend;
T_1.9;
    %store/vec4 v000002a2479abb30_0, 0, 2;
    %jmp T_1.5;
T_1.2 ;
    %load/vec4 v000002a2479c3120_0;
    %flag_set/vec4 8;
    %jmp/0 T_1.10, 8;
    %pushi/vec4 3, 0, 2;
    %jmp/1 T_1.11, 8;
T_1.10 ; End of true expr.
    %pushi/vec4 0, 0, 2;
    %jmp/0 T_1.11, 8;
 ; End of false expr.
    %blend;
T_1.11;
    %store/vec4 v000002a2479abb30_0, 0, 2;
    %jmp T_1.5;
T_1.3 ;
    %load/vec4 v000002a2479c3120_0;
    %flag_set/vec4 8;
    %jmp/0 T_1.12, 8;
    %pushi/vec4 1, 0, 2;
    %jmp/1 T_1.13, 8;
T_1.12 ; End of true expr.
    %pushi/vec4 2, 0, 2;
    %jmp/0 T_1.13, 8;
 ; End of false expr.
    %blend;
T_1.13;
    %store/vec4 v000002a2479abb30_0, 0, 2;
    %pushi/vec4 1, 0, 1;
    %assign/vec4 v000002a2479abbd0_0, 0;
    %jmp T_1.5;
T_1.5 ;
    %pop/vec4 1;
    %jmp T_1;
    .thread T_1, $push;
    .scope S_000002a2479ae880;
T_2 ;
    %vpi_call 2 12 "$dumpfile", "seq_detect.vcd" {0 0 0};
    %vpi_call 2 13 "$dumpvars", 32'sb00000000000000000000000000000000, S_000002a2479ae880 {0 0 0};
    %vpi_call 2 15 "$monitor", "Time: %0t || clk: %0b || rst: %0b || in: %0b || out: %0b", $time, v000002a2479abdb0_0, v000002a2479f4950_0, v000002a2479f4810_0, v000002a2479f48b0_0 {0 0 0};
    %pushi/vec4 0, 0, 1;
    %store/vec4 v000002a2479abdb0_0, 0, 1;
    %pushi/vec4 1, 0, 1;
    %store/vec4 v000002a2479f4950_0, 0, 1;
    %pushi/vec4 0, 0, 1;
    %store/vec4 v000002a2479f4810_0, 0, 1;
    %delay 8, 0;
    %pushi/vec4 0, 0, 1;
    %store/vec4 v000002a2479f4950_0, 0, 1;
    %delay 4, 0;
    %pushi/vec4 1, 0, 1;
    %store/vec4 v000002a2479f4810_0, 0, 1;
    %delay 10, 0;
    %pushi/vec4 0, 0, 1;
    %store/vec4 v000002a2479f4810_0, 0, 1;
    %delay 10, 0;
    %pushi/vec4 1, 0, 1;
    %store/vec4 v000002a2479f4810_0, 0, 1;
    %delay 10, 0;
    %pushi/vec4 0, 0, 1;
    %store/vec4 v000002a2479f4810_0, 0, 1;
    %delay 10, 0;
    %pushi/vec4 0, 0, 1;
    %store/vec4 v000002a2479f4810_0, 0, 1;
    %delay 10, 0;
    %pushi/vec4 0, 0, 1;
    %store/vec4 v000002a2479f4810_0, 0, 1;
    %delay 10, 0;
    %pushi/vec4 1, 0, 1;
    %store/vec4 v000002a2479f4810_0, 0, 1;
    %delay 10, 0;
    %pushi/vec4 1, 0, 1;
    %store/vec4 v000002a2479f4810_0, 0, 1;
    %delay 10, 0;
    %pushi/vec4 0, 0, 1;
    %store/vec4 v000002a2479f4810_0, 0, 1;
    %delay 10, 0;
    %pushi/vec4 1, 0, 1;
    %store/vec4 v000002a2479f4810_0, 0, 1;
    %delay 10, 0;
    %pushi/vec4 1, 0, 1;
    %store/vec4 v000002a2479f4810_0, 0, 1;
    %delay 10, 0;
    %pushi/vec4 1, 0, 1;
    %store/vec4 v000002a2479f4810_0, 0, 1;
    %delay 10, 0;
    %pushi/vec4 1, 0, 1;
    %store/vec4 v000002a2479f4810_0, 0, 1;
    %delay 10, 0;
    %pushi/vec4 1, 0, 1;
    %store/vec4 v000002a2479f4810_0, 0, 1;
    %delay 10, 0;
    %pushi/vec4 1, 0, 1;
    %store/vec4 v000002a2479f4810_0, 0, 1;
    %delay 10, 0;
    %pushi/vec4 0, 0, 1;
    %store/vec4 v000002a2479f4810_0, 0, 1;
    %delay 10, 0;
    %pushi/vec4 1, 0, 1;
    %store/vec4 v000002a2479f4810_0, 0, 1;
    %delay 10, 0;
    %pushi/vec4 1, 0, 1;
    %store/vec4 v000002a2479f4810_0, 0, 1;
    %delay 10, 0;
    %pushi/vec4 0, 0, 1;
    %store/vec4 v000002a2479f4810_0, 0, 1;
    %delay 10, 0;
    %pushi/vec4 1, 0, 1;
    %store/vec4 v000002a2479f4810_0, 0, 1;
    %delay 10, 0;
    %vpi_call 2 52 "$finish" {0 0 0};
    %end;
    .thread T_2;
    .scope S_000002a2479ae880;
T_3 ;
    %delay 5, 0;
    %load/vec4 v000002a2479abdb0_0;
    %inv;
    %store/vec4 v000002a2479abdb0_0, 0, 1;
    %jmp T_3;
    .thread T_3;
# The file index is used to find the file name in the following table.
:file_names 4;
    "N/A";
    "<interactive>";
    "seq_detect_tb.v";
    "./seq_detect.v";
