#! /c/Source/iverilog-install/bin/vvp
:ivl_version "12.0 (devel)" "(s20150603-1539-g2693dd32b)";
:ivl_delay_selection "TYPICAL";
:vpi_time_precision + 0;
:vpi_module "C:\iverilog\lib\ivl\system.vpi";
:vpi_module "C:\iverilog\lib\ivl\vhdl_sys.vpi";
:vpi_module "C:\iverilog\lib\ivl\vhdl_textio.vpi";
:vpi_module "C:\iverilog\lib\ivl\v2005_math.vpi";
:vpi_module "C:\iverilog\lib\ivl\va_math.vpi";
S_000001712c3f2df0 .scope module, "seq_detect" "seq_detect" 2 3;
 .timescale 0 0;
    .port_info 0 /INPUT 1 "clk";
    .port_info 1 /INPUT 1 "rst";
    .port_info 2 /INPUT 1 "in";
    .port_info 3 /OUTPUT 1 "out";
P_000001712c3f2f80 .param/l "S0" 0 2 9, C4<00>;
P_000001712c3f2fb8 .param/l "S1" 0 2 9, C4<01>;
P_000001712c3f2ff0 .param/l "S2" 0 2 9, C4<10>;
P_000001712c3f3028 .param/l "S3" 0 2 9, C4<11>;
o000001712c428fd8 .functor BUFZ 1, C4<z>; HiZ drive
v000001712c3f3070_0 .net "clk", 0 0, o000001712c428fd8;  0 drivers
o000001712c429008 .functor BUFZ 1, C4<z>; HiZ drive
v000001712c46dc40_0 .net "in", 0 0, o000001712c429008;  0 drivers
v000001712c46dce0_0 .var "next_state", 1 0;
v000001712c46dd80_0 .var "out", 0 0;
o000001712c429098 .functor BUFZ 1, C4<z>; HiZ drive
v000001712c46de20_0 .net "rst", 0 0, o000001712c429098;  0 drivers
v000001712c46dec0_0 .var "state", 1 0;
E_000001712c39c1f0 .event anyedge, v000001712c46dec0_0, v000001712c46dc40_0;
E_000001712c39ccb0 .event posedge, v000001712c46de20_0, v000001712c3f3070_0;
    .scope S_000001712c3f2df0;
T_0 ;
    %wait E_000001712c39ccb0;
    %load/vec4 v000001712c46de20_0;
    %flag_set/vec4 8;
    %jmp/0xz  T_0.0, 8;
    %pushi/vec4 0, 0, 2;
    %assign/vec4 v000001712c46dec0_0, 0;
    %jmp T_0.1;
T_0.0 ;
    %load/vec4 v000001712c46dce0_0;
    %assign/vec4 v000001712c46dec0_0, 0;
T_0.1 ;
    %jmp T_0;
    .thread T_0;
    .scope S_000001712c3f2df0;
T_1 ;
    %wait E_000001712c39c1f0;
    %pushi/vec4 0, 0, 1;
    %store/vec4 v000001712c46dd80_0, 0, 1;
    %load/vec4 v000001712c46dec0_0;
    %dup/vec4;
    %pushi/vec4 0, 0, 2;
    %cmp/u;
    %jmp/1 T_1.0, 6;
    %dup/vec4;
    %pushi/vec4 1, 0, 2;
    %cmp/u;
    %jmp/1 T_1.1, 6;
    %dup/vec4;
    %pushi/vec4 2, 0, 2;
    %cmp/u;
    %jmp/1 T_1.2, 6;
    %dup/vec4;
    %pushi/vec4 3, 0, 2;
    %cmp/u;
    %jmp/1 T_1.3, 6;
    %pushi/vec4 0, 0, 2;
    %store/vec4 v000001712c46dce0_0, 0, 2;
    %pushi/vec4 0, 0, 1;
    %store/vec4 v000001712c46dd80_0, 0, 1;
    %jmp T_1.5;
T_1.0 ;
    %load/vec4 v000001712c46dc40_0;
    %flag_set/vec4 8;
    %jmp/0 T_1.6, 8;
    %pushi/vec4 1, 0, 2;
    %jmp/1 T_1.7, 8;
T_1.6 ; End of true expr.
    %pushi/vec4 0, 0, 2;
    %jmp/0 T_1.7, 8;
 ; End of false expr.
    %blend;
T_1.7;
    %store/vec4 v000001712c46dce0_0, 0, 2;
    %jmp T_1.5;
T_1.1 ;
    %load/vec4 v000001712c46dc40_0;
    %flag_set/vec4 8;
    %jmp/0 T_1.8, 8;
    %pushi/vec4 1, 0, 2;
    %jmp/1 T_1.9, 8;
T_1.8 ; End of true expr.
    %pushi/vec4 2, 0, 2;
    %jmp/0 T_1.9, 8;
 ; End of false expr.
    %blend;
T_1.9;
    %store/vec4 v000001712c46dce0_0, 0, 2;
    %jmp T_1.5;
T_1.2 ;
    %load/vec4 v000001712c46dc40_0;
    %flag_set/vec4 8;
    %jmp/0 T_1.10, 8;
    %pushi/vec4 3, 0, 2;
    %jmp/1 T_1.11, 8;
T_1.10 ; End of true expr.
    %pushi/vec4 0, 0, 2;
    %jmp/0 T_1.11, 8;
 ; End of false expr.
    %blend;
T_1.11;
    %store/vec4 v000001712c46dce0_0, 0, 2;
    %jmp T_1.5;
T_1.3 ;
    %load/vec4 v000001712c46dc40_0;
    %flag_set/vec4 8;
    %jmp/0 T_1.12, 8;
    %pushi/vec4 1, 0, 2;
    %jmp/1 T_1.13, 8;
T_1.12 ; End of true expr.
    %pushi/vec4 2, 0, 2;
    %jmp/0 T_1.13, 8;
 ; End of false expr.
    %blend;
T_1.13;
    %store/vec4 v000001712c46dce0_0, 0, 2;
    %pushi/vec4 1, 0, 1;
    %assign/vec4 v000001712c46dd80_0, 0;
    %jmp T_1.5;
T_1.5 ;
    %pop/vec4 1;
    %jmp T_1;
    .thread T_1, $push;
# The file index is used to find the file name in the following table.
:file_names 3;
    "N/A";
    "<interactive>";
    "seq_detect.v";
