#! /c/Source/iverilog-install/bin/vvp
:ivl_version "12.0 (devel)" "(s20150603-1539-g2693dd32b)";
:ivl_delay_selection "TYPICAL";
:vpi_time_precision + 0;
:vpi_module "C:\iverilog\lib\ivl\system.vpi";
:vpi_module "C:\iverilog\lib\ivl\vhdl_sys.vpi";
:vpi_module "C:\iverilog\lib\ivl\vhdl_textio.vpi";
:vpi_module "C:\iverilog\lib\ivl\v2005_math.vpi";
:vpi_module "C:\iverilog\lib\ivl\va_math.vpi";
S_00000198f7932ce0 .scope module, "RISC_32bit" "RISC_32bit" 2 195;
 .timescale 0 0;
    .port_info 0 /INPUT 1 "clk1";
    .port_info 1 /INPUT 1 "clk2";
P_00000198f795e1f0 .param/l "ADD" 0 2 209, C4<000000>;
P_00000198f795e228 .param/l "ADDI" 0 2 211, C4<001010>;
P_00000198f795e260 .param/l "AND" 0 2 209, C4<000010>;
P_00000198f795e298 .param/l "BEQZ" 0 2 212, C4<001110>;
P_00000198f795e2d0 .param/l "BNEQZ" 0 2 212, C4<001101>;
P_00000198f795e308 .param/l "BRANCH" 0 2 215, C4<100>;
P_00000198f795e340 .param/l "HALT" 0 2 215, C4<101>;
P_00000198f795e378 .param/l "HLT" 0 2 210, C4<111111>;
P_00000198f795e3b0 .param/l "LOAD" 0 2 214, C4<010>;
P_00000198f795e3e8 .param/l "LW" 0 2 210, C4<001000>;
P_00000198f795e420 .param/l "MUL" 0 2 210, C4<000101>;
P_00000198f795e458 .param/l "OR" 0 2 209, C4<000011>;
P_00000198f795e490 .param/l "RM_ALU" 0 2 214, C4<001>;
P_00000198f795e4c8 .param/l "RR_ALU" 0 2 214, C4<000>;
P_00000198f795e500 .param/l "SLT" 0 2 210, C4<000100>;
P_00000198f795e538 .param/l "SLTI" 0 2 211, C4<001100>;
P_00000198f795e570 .param/l "STORE" 0 2 214, C4<011>;
P_00000198f795e5a8 .param/l "SUB" 0 2 209, C4<000001>;
P_00000198f795e5e0 .param/l "SUBI" 0 2 211, C4<001011>;
P_00000198f795e618 .param/l "SW" 0 2 211, C4<001001>;
v00000198f791b350_0 .var "EX_MEM_ALUOut", 31 0;
v00000198f7933580_0 .var "EX_MEM_B", 31 0;
v00000198f7964ee0_0 .var "EX_MEM_IR", 31 0;
v00000198f7964f80_0 .var "EX_MEM_cond", 0 0;
v00000198f7932e70_0 .var "EX_MEM_type", 2 0;
v00000198f7932f10_0 .var "Halted", 0 0;
v00000198f7932fb0_0 .var "ID_EX_A", 31 0;
v00000198f7933050_0 .var "ID_EX_B", 31 0;
v00000198f79c8c10_0 .var "ID_EX_IR", 31 0;
v00000198f79c8cb0_0 .var "ID_EX_Imm", 31 0;
v00000198f79c8d50_0 .var "ID_EX_NPC", 31 0;
v00000198f79c8df0_0 .var "ID_EX_type", 2 0;
v00000198f79c8e90_0 .var "IF_ID_IR", 31 0;
v00000198f79c8f30_0 .var "IF_ID_NPC", 31 0;
v00000198f79c8fd0_0 .var "MEM_WB_ALUOut", 31 0;
v00000198f79c9f20_0 .var "MEM_WB_IR", 31 0;
v00000198f79c93e0_0 .var "MEM_WB_LMD", 31 0;
v00000198f79c9ac0_0 .var "MEM_WB_type", 2 0;
v00000198f79c9a20 .array "Mem", 1023 0, 31 0;
v00000198f79c9340_0 .var "PC", 31 0;
v00000198f79c9840 .array "Reg", 31 0, 31 0;
o00000198f797c2f8 .functor BUFZ 1, C4<z>; HiZ drive
v00000198f79c9700_0 .net "clk1", 0 0, o00000198f797c2f8;  0 drivers
o00000198f797c328 .functor BUFZ 1, C4<z>; HiZ drive
v00000198f79c9b60_0 .net "clk2", 0 0, o00000198f797c328;  0 drivers
v00000198f79c95c0_0 .var "taken_branch", 0 0;
E_00000198f795b990 .event posedge, v00000198f79c9700_0;
E_00000198f795b9d0 .event posedge, v00000198f79c9b60_0;
    .scope S_00000198f7932ce0;
T_0 ;
    %wait E_00000198f795b990;
    %load/vec4 v00000198f7932f10_0;
    %nor/r;
    %flag_set/vec4 8;
    %jmp/0xz  T_0.0, 8;
    %load/vec4 v00000198f7964ee0_0;
    %parti/s 6, 26, 6;
    %cmpi/e 14, 0, 6;
    %flag_get/vec4 4;
    %jmp/0 T_0.5, 4;
    %load/vec4 v00000198f7964f80_0;
    %and;
T_0.5;
    %flag_set/vec4 8;
    %jmp/1 T_0.4, 8;
    %load/vec4 v00000198f7964ee0_0;
    %parti/s 6, 26, 6;
    %cmpi/e 13, 0, 6;
    %flag_get/vec4 4;
    %jmp/0 T_0.6, 4;
    %load/vec4 v00000198f7964f80_0;
    %nor/r;
    %and;
T_0.6;
    %flag_set/vec4 9;
    %flag_or 8, 9;
T_0.4;
    %jmp/0xz  T_0.2, 8;
    %pushi/vec4 1, 0, 1;
    %assign/vec4 v00000198f79c95c0_0, 0;
    %ix/getv 4, v00000198f791b350_0;
    %load/vec4a v00000198f79c9a20, 4;
    %assign/vec4 v00000198f79c8e90_0, 0;
    %load/vec4 v00000198f791b350_0;
    %addi 1, 0, 32;
    %assign/vec4 v00000198f79c8f30_0, 0;
    %load/vec4 v00000198f791b350_0;
    %addi 1, 0, 32;
    %assign/vec4 v00000198f79c9340_0, 0;
    %jmp T_0.3;
T_0.2 ;
    %ix/getv 4, v00000198f79c9340_0;
    %load/vec4a v00000198f79c9a20, 4;
    %assign/vec4 v00000198f79c8e90_0, 0;
    %load/vec4 v00000198f79c9340_0;
    %addi 1, 0, 32;
    %assign/vec4 v00000198f79c8f30_0, 0;
    %load/vec4 v00000198f79c9340_0;
    %addi 1, 0, 32;
    %assign/vec4 v00000198f79c9340_0, 0;
T_0.3 ;
T_0.0 ;
    %jmp T_0;
    .thread T_0;
    .scope S_00000198f7932ce0;
T_1 ;
    %wait E_00000198f795b9d0;
    %load/vec4 v00000198f7932f10_0;
    %nor/r;
    %flag_set/vec4 8;
    %jmp/0xz  T_1.0, 8;
    %load/vec4 v00000198f79c8e90_0;
    %parti/s 5, 21, 6;
    %cmpi/e 0, 0, 5;
    %flag_mov 8, 4;
    %jmp/0 T_1.2, 8;
    %pushi/vec4 0, 0, 32;
    %jmp/1 T_1.3, 8;
T_1.2 ; End of true expr.
    %load/vec4 v00000198f79c8e90_0;
    %parti/s 5, 21, 6;
    %pad/u 7;
    %ix/vec4 4;
    %load/vec4a v00000198f79c9840, 4;
    %jmp/0 T_1.3, 8;
 ; End of false expr.
    %blend;
T_1.3;
    %assign/vec4 v00000198f7932fb0_0, 0;
    %load/vec4 v00000198f79c8e90_0;
    %parti/s 5, 16, 6;
    %cmpi/e 0, 0, 5;
    %flag_mov 8, 4;
    %jmp/0 T_1.4, 8;
    %pushi/vec4 0, 0, 32;
    %jmp/1 T_1.5, 8;
T_1.4 ; End of true expr.
    %load/vec4 v00000198f79c8e90_0;
    %parti/s 5, 16, 6;
    %pad/u 7;
    %ix/vec4 4;
    %load/vec4a v00000198f79c9840, 4;
    %jmp/0 T_1.5, 8;
 ; End of false expr.
    %blend;
T_1.5;
    %assign/vec4 v00000198f7933050_0, 0;
    %load/vec4 v00000198f79c8f30_0;
    %assign/vec4 v00000198f79c8d50_0, 0;
    %load/vec4 v00000198f79c8e90_0;
    %assign/vec4 v00000198f79c8c10_0, 0;
    %load/vec4 v00000198f79c8e90_0;
    %parti/s 1, 15, 5;
    %replicate 16;
    %load/vec4 v00000198f79c8e90_0;
    %parti/s 16, 0, 2;
    %concat/vec4; draw_concat_vec4
    %assign/vec4 v00000198f79c8cb0_0, 0;
    %load/vec4 v00000198f79c8e90_0;
    %parti/s 6, 26, 6;
    %dup/vec4;
    %pushi/vec4 0, 0, 6;
    %cmp/u;
    %jmp/1 T_1.6, 6;
    %dup/vec4;
    %pushi/vec4 1, 0, 6;
    %cmp/u;
    %jmp/1 T_1.7, 6;
    %dup/vec4;
    %pushi/vec4 2, 0, 6;
    %cmp/u;
    %jmp/1 T_1.8, 6;
    %dup/vec4;
    %pushi/vec4 3, 0, 6;
    %cmp/u;
    %jmp/1 T_1.9, 6;
    %dup/vec4;
    %pushi/vec4 4, 0, 6;
    %cmp/u;
    %jmp/1 T_1.10, 6;
    %dup/vec4;
    %pushi/vec4 5, 0, 6;
    %cmp/u;
    %jmp/1 T_1.11, 6;
    %dup/vec4;
    %pushi/vec4 10, 0, 6;
    %cmp/u;
    %jmp/1 T_1.12, 6;
    %dup/vec4;
    %pushi/vec4 11, 0, 6;
    %cmp/u;
    %jmp/1 T_1.13, 6;
    %dup/vec4;
    %pushi/vec4 12, 0, 6;
    %cmp/u;
    %jmp/1 T_1.14, 6;
    %dup/vec4;
    %pushi/vec4 8, 0, 6;
    %cmp/u;
    %jmp/1 T_1.15, 6;
    %dup/vec4;
    %pushi/vec4 9, 0, 6;
    %cmp/u;
    %jmp/1 T_1.16, 6;
    %dup/vec4;
    %pushi/vec4 13, 0, 6;
    %cmp/u;
    %jmp/1 T_1.17, 6;
    %dup/vec4;
    %pushi/vec4 14, 0, 6;
    %cmp/u;
    %jmp/1 T_1.18, 6;
    %dup/vec4;
    %pushi/vec4 63, 0, 6;
    %cmp/u;
    %jmp/1 T_1.19, 6;
    %pushi/vec4 5, 0, 3;
    %assign/vec4 v00000198f79c8df0_0, 0;
    %jmp T_1.21;
T_1.6 ;
    %pushi/vec4 0, 0, 3;
    %assign/vec4 v00000198f79c8df0_0, 0;
    %jmp T_1.21;
T_1.7 ;
    %pushi/vec4 0, 0, 3;
    %assign/vec4 v00000198f79c8df0_0, 0;
    %jmp T_1.21;
T_1.8 ;
    %pushi/vec4 0, 0, 3;
    %assign/vec4 v00000198f79c8df0_0, 0;
    %jmp T_1.21;
T_1.9 ;
    %pushi/vec4 0, 0, 3;
    %assign/vec4 v00000198f79c8df0_0, 0;
    %jmp T_1.21;
T_1.10 ;
    %pushi/vec4 0, 0, 3;
    %assign/vec4 v00000198f79c8df0_0, 0;
    %jmp T_1.21;
T_1.11 ;
    %pushi/vec4 0, 0, 3;
    %assign/vec4 v00000198f79c8df0_0, 0;
    %jmp T_1.21;
T_1.12 ;
    %pushi/vec4 1, 0, 3;
    %assign/vec4 v00000198f79c8df0_0, 0;
    %jmp T_1.21;
T_1.13 ;
    %pushi/vec4 1, 0, 3;
    %assign/vec4 v00000198f79c8df0_0, 0;
    %jmp T_1.21;
T_1.14 ;
    %pushi/vec4 1, 0, 3;
    %assign/vec4 v00000198f79c8df0_0, 0;
    %jmp T_1.21;
T_1.15 ;
    %pushi/vec4 2, 0, 3;
    %assign/vec4 v00000198f79c8df0_0, 0;
    %jmp T_1.21;
T_1.16 ;
    %pushi/vec4 3, 0, 3;
    %assign/vec4 v00000198f79c8df0_0, 0;
    %jmp T_1.21;
T_1.17 ;
    %pushi/vec4 4, 0, 3;
    %assign/vec4 v00000198f79c8df0_0, 0;
    %jmp T_1.21;
T_1.18 ;
    %pushi/vec4 4, 0, 3;
    %assign/vec4 v00000198f79c8df0_0, 0;
    %jmp T_1.21;
T_1.19 ;
    %pushi/vec4 5, 0, 3;
    %assign/vec4 v00000198f79c8df0_0, 0;
    %jmp T_1.21;
T_1.21 ;
    %pop/vec4 1;
T_1.0 ;
    %jmp T_1;
    .thread T_1;
    .scope S_00000198f7932ce0;
T_2 ;
    %wait E_00000198f795b990;
    %load/vec4 v00000198f7932f10_0;
    %nor/r;
    %flag_set/vec4 8;
    %jmp/0xz  T_2.0, 8;
    %load/vec4 v00000198f79c8df0_0;
    %assign/vec4 v00000198f7932e70_0, 0;
    %load/vec4 v00000198f79c8c10_0;
    %assign/vec4 v00000198f7964ee0_0, 0;
    %pushi/vec4 0, 0, 1;
    %assign/vec4 v00000198f79c95c0_0, 0;
    %load/vec4 v00000198f79c8df0_0;
    %dup/vec4;
    %pushi/vec4 0, 0, 3;
    %cmp/u;
    %jmp/1 T_2.2, 6;
    %dup/vec4;
    %pushi/vec4 1, 0, 3;
    %cmp/u;
    %jmp/1 T_2.3, 6;
    %dup/vec4;
    %pushi/vec4 2, 0, 3;
    %cmp/u;
    %jmp/1 T_2.4, 6;
    %dup/vec4;
    %pushi/vec4 3, 0, 3;
    %cmp/u;
    %jmp/1 T_2.5, 6;
    %dup/vec4;
    %pushi/vec4 4, 0, 3;
    %cmp/u;
    %jmp/1 T_2.6, 6;
    %jmp T_2.7;
T_2.2 ;
    %load/vec4 v00000198f79c8c10_0;
    %parti/s 6, 26, 6;
    %dup/vec4;
    %pushi/vec4 0, 0, 6;
    %cmp/u;
    %jmp/1 T_2.8, 6;
    %dup/vec4;
    %pushi/vec4 1, 0, 6;
    %cmp/u;
    %jmp/1 T_2.9, 6;
    %dup/vec4;
    %pushi/vec4 2, 0, 6;
    %cmp/u;
    %jmp/1 T_2.10, 6;
    %dup/vec4;
    %pushi/vec4 3, 0, 6;
    %cmp/u;
    %jmp/1 T_2.11, 6;
    %dup/vec4;
    %pushi/vec4 4, 0, 6;
    %cmp/u;
    %jmp/1 T_2.12, 6;
    %dup/vec4;
    %pushi/vec4 5, 0, 6;
    %cmp/u;
    %jmp/1 T_2.13, 6;
    %pushi/vec4 0, 0, 32;
    %assign/vec4 v00000198f791b350_0, 0;
    %jmp T_2.15;
T_2.8 ;
    %load/vec4 v00000198f7932fb0_0;
    %load/vec4 v00000198f7933050_0;
    %add;
    %assign/vec4 v00000198f791b350_0, 0;
    %jmp T_2.15;
T_2.9 ;
    %load/vec4 v00000198f7932fb0_0;
    %load/vec4 v00000198f7933050_0;
    %sub;
    %assign/vec4 v00000198f791b350_0, 0;
    %jmp T_2.15;
T_2.10 ;
    %load/vec4 v00000198f7932fb0_0;
    %load/vec4 v00000198f7933050_0;
    %and;
    %assign/vec4 v00000198f791b350_0, 0;
    %jmp T_2.15;
T_2.11 ;
    %load/vec4 v00000198f7932fb0_0;
    %load/vec4 v00000198f7933050_0;
    %or;
    %assign/vec4 v00000198f791b350_0, 0;
    %jmp T_2.15;
T_2.12 ;
    %load/vec4 v00000198f7932fb0_0;
    %load/vec4 v00000198f7933050_0;
    %cmp/u;
    %flag_mov 8, 5;
    %jmp/0 T_2.16, 8;
    %pushi/vec4 1, 0, 32;
    %jmp/1 T_2.17, 8;
T_2.16 ; End of true expr.
    %pushi/vec4 0, 0, 32;
    %jmp/0 T_2.17, 8;
 ; End of false expr.
    %blend;
T_2.17;
    %assign/vec4 v00000198f791b350_0, 0;
    %jmp T_2.15;
T_2.13 ;
    %load/vec4 v00000198f7932fb0_0;
    %load/vec4 v00000198f7933050_0;
    %mul;
    %assign/vec4 v00000198f791b350_0, 0;
    %jmp T_2.15;
T_2.15 ;
    %pop/vec4 1;
    %jmp T_2.7;
T_2.3 ;
    %load/vec4 v00000198f79c8c10_0;
    %parti/s 6, 26, 6;
    %dup/vec4;
    %pushi/vec4 10, 0, 6;
    %cmp/u;
    %jmp/1 T_2.18, 6;
    %dup/vec4;
    %pushi/vec4 11, 0, 6;
    %cmp/u;
    %jmp/1 T_2.19, 6;
    %dup/vec4;
    %pushi/vec4 12, 0, 6;
    %cmp/u;
    %jmp/1 T_2.20, 6;
    %pushi/vec4 0, 0, 32;
    %assign/vec4 v00000198f791b350_0, 0;
    %jmp T_2.22;
T_2.18 ;
    %load/vec4 v00000198f7932fb0_0;
    %load/vec4 v00000198f79c8cb0_0;
    %add;
    %assign/vec4 v00000198f791b350_0, 0;
    %jmp T_2.22;
T_2.19 ;
    %load/vec4 v00000198f7932fb0_0;
    %load/vec4 v00000198f79c8cb0_0;
    %sub;
    %assign/vec4 v00000198f791b350_0, 0;
    %jmp T_2.22;
T_2.20 ;
    %load/vec4 v00000198f7932fb0_0;
    %load/vec4 v00000198f79c8cb0_0;
    %cmp/u;
    %flag_mov 8, 5;
    %jmp/0 T_2.23, 8;
    %pushi/vec4 1, 0, 32;
    %jmp/1 T_2.24, 8;
T_2.23 ; End of true expr.
    %pushi/vec4 0, 0, 32;
    %jmp/0 T_2.24, 8;
 ; End of false expr.
    %blend;
T_2.24;
    %assign/vec4 v00000198f791b350_0, 0;
    %jmp T_2.22;
T_2.22 ;
    %pop/vec4 1;
    %jmp T_2.7;
T_2.4 ;
    %load/vec4 v00000198f7932fb0_0;
    %load/vec4 v00000198f79c8cb0_0;
    %add;
    %assign/vec4 v00000198f791b350_0, 0;
    %load/vec4 v00000198f7933050_0;
    %assign/vec4 v00000198f7933580_0, 0;
    %jmp T_2.7;
T_2.5 ;
    %load/vec4 v00000198f7932fb0_0;
    %load/vec4 v00000198f79c8cb0_0;
    %add;
    %assign/vec4 v00000198f791b350_0, 0;
    %load/vec4 v00000198f7933050_0;
    %assign/vec4 v00000198f7933580_0, 0;
    %jmp T_2.7;
T_2.6 ;
    %load/vec4 v00000198f79c8d50_0;
    %load/vec4 v00000198f79c8cb0_0;
    %add;
    %assign/vec4 v00000198f791b350_0, 0;
    %load/vec4 v00000198f7932fb0_0;
    %pushi/vec4 0, 0, 32;
    %cmp/e;
    %flag_get/vec4 4;
    %assign/vec4 v00000198f7964f80_0, 0;
    %jmp T_2.7;
T_2.7 ;
    %pop/vec4 1;
T_2.0 ;
    %jmp T_2;
    .thread T_2;
    .scope S_00000198f7932ce0;
T_3 ;
    %wait E_00000198f795b9d0;
    %load/vec4 v00000198f7932f10_0;
    %nor/r;
    %flag_set/vec4 8;
    %jmp/0xz  T_3.0, 8;
    %load/vec4 v00000198f7932e70_0;
    %assign/vec4 v00000198f79c9ac0_0, 0;
    %load/vec4 v00000198f7964ee0_0;
    %assign/vec4 v00000198f79c9f20_0, 0;
    %load/vec4 v00000198f7932e70_0;
    %dup/vec4;
    %pushi/vec4 0, 0, 3;
    %cmp/u;
    %jmp/1 T_3.2, 6;
    %dup/vec4;
    %pushi/vec4 1, 0, 3;
    %cmp/u;
    %jmp/1 T_3.3, 6;
    %dup/vec4;
    %pushi/vec4 2, 0, 3;
    %cmp/u;
    %jmp/1 T_3.4, 6;
    %dup/vec4;
    %pushi/vec4 3, 0, 3;
    %cmp/u;
    %jmp/1 T_3.5, 6;
    %jmp T_3.6;
T_3.2 ;
    %load/vec4 v00000198f791b350_0;
    %assign/vec4 v00000198f79c8fd0_0, 0;
    %jmp T_3.6;
T_3.3 ;
    %load/vec4 v00000198f791b350_0;
    %assign/vec4 v00000198f79c8fd0_0, 0;
    %jmp T_3.6;
T_3.4 ;
    %ix/getv 4, v00000198f791b350_0;
    %load/vec4a v00000198f79c9a20, 4;
    %assign/vec4 v00000198f79c93e0_0, 0;
    %jmp T_3.6;
T_3.5 ;
    %load/vec4 v00000198f79c95c0_0;
    %nor/r;
    %flag_set/vec4 8;
    %jmp/0xz  T_3.7, 8;
    %load/vec4 v00000198f7933580_0;
    %ix/getv 3, v00000198f791b350_0;
    %ix/load 4, 0, 0; Constant delay
    %assign/vec4/a/d v00000198f79c9a20, 0, 4;
T_3.7 ;
    %jmp T_3.6;
T_3.6 ;
    %pop/vec4 1;
T_3.0 ;
    %jmp T_3;
    .thread T_3;
    .scope S_00000198f7932ce0;
T_4 ;
    %wait E_00000198f795b990;
    %load/vec4 v00000198f79c9ac0_0;
    %dup/vec4;
    %pushi/vec4 0, 0, 3;
    %cmp/u;
    %jmp/1 T_4.0, 6;
    %dup/vec4;
    %pushi/vec4 1, 0, 3;
    %cmp/u;
    %jmp/1 T_4.1, 6;
    %dup/vec4;
    %pushi/vec4 2, 0, 3;
    %cmp/u;
    %jmp/1 T_4.2, 6;
    %dup/vec4;
    %pushi/vec4 5, 0, 3;
    %cmp/u;
    %jmp/1 T_4.3, 6;
    %jmp T_4.4;
T_4.0 ;
    %load/vec4 v00000198f79c8fd0_0;
    %load/vec4 v00000198f79c9f20_0;
    %parti/s 5, 11, 5;
    %pad/u 7;
    %ix/vec4 3;
    %ix/load 4, 0, 0; Constant delay
    %assign/vec4/a/d v00000198f79c9840, 0, 4;
    %jmp T_4.4;
T_4.1 ;
    %load/vec4 v00000198f79c8fd0_0;
    %load/vec4 v00000198f79c9f20_0;
    %parti/s 5, 16, 6;
    %pad/u 7;
    %ix/vec4 3;
    %ix/load 4, 0, 0; Constant delay
    %assign/vec4/a/d v00000198f79c9840, 0, 4;
    %jmp T_4.4;
T_4.2 ;
    %load/vec4 v00000198f79c93e0_0;
    %load/vec4 v00000198f79c9f20_0;
    %parti/s 5, 16, 6;
    %pad/u 7;
    %ix/vec4 3;
    %ix/load 4, 0, 0; Constant delay
    %assign/vec4/a/d v00000198f79c9840, 0, 4;
    %jmp T_4.4;
T_4.3 ;
    %pushi/vec4 1, 0, 1;
    %assign/vec4 v00000198f7932f10_0, 0;
    %jmp T_4.4;
T_4.4 ;
    %pop/vec4 1;
    %jmp T_4;
    .thread T_4;
# The file index is used to find the file name in the following table.
:file_names 3;
    "N/A";
    "<interactive>";
    "RISC_32bit.v";
